<?xml version="1.0" encoding="utf-8"?>
<TestRun id="ece1b530-752b-4d45-b4b8-24f8eb791a68" name="bhask@BHASBENZ 2025-05-10 15:46:17" runUser="BHASBENZ\bhask" xmlns="http://microsoft.com/schemas/VisualStudio/TeamTest/2010">
  <Times creation="2025-05-10T15:46:17.4916992+02:00" queuing="2025-05-10T15:46:17.4916995+02:00" start="2025-05-10T15:46:16.8319469+02:00" finish="2025-05-10T15:46:18.5370143+02:00" />
  <TestSettings name="default" id="af9a8fe4-39f8-4742-8af5-eb504281e2dd">
    <Deployment runDeploymentRoot="bhask_BHASBENZ_2025-05-10_15_46_17" />
  </TestSettings>
  <Results>
    <UnitTestResult executionId="5df16e29-4810-449c-928b-7638e12d822e" testId="08b63b6a-b269-f035-9089-63c09d6ba363" testName="StudyJet.API.Tests.RepositoryTests.CartRepoTest.InsertCourseToCartAsync_Success" computerName="BHASBENZ" duration="00:00:00.6733154" startTime="2025-05-10T15:46:18.0726564+02:00" endTime="2025-05-10T15:46:18.0726565+02:00" testType="13cdc9d9-ddb5-4fa4-a97d-d965ccfc6d4b" outcome="Passed" testListId="8c84fa94-04c1-424b-9868-57a2d4851a1d" relativeResultsDirectory="5df16e29-4810-449c-928b-7638e12d822e" />
    <UnitTestResult executionId="6bdfbe1e-1ccc-4a5d-aa6b-1c9114b94e82" testId="9a732e6c-a9a4-411f-f581-1e37dbe98c9d" testName="StudyJet.API.Tests.ServiceTests.UserServiceTest.CountInstructorAsync_ReturnsCorrectCount_WhenInstructorsExist" computerName="BHASBENZ" duration="00:00:00.0006240" startTime="2025-05-10T15:46:17.6618887+02:00" endTime="2025-05-10T15:46:17.6618888+02:00" testType="13cdc9d9-ddb5-4fa4-a97d-d965ccfc6d4b" outcome="Passed" testListId="8c84fa94-04c1-424b-9868-57a2d4851a1d" relativeResultsDirectory="6bdfbe1e-1ccc-4a5d-aa6b-1c9114b94e82" />
    <UnitTestResult executionId="e0d9b75b-c929-46fa-ad7c-48ed06bfaec7" testId="aa3e1bca-4b4e-df30-4e0c-eb2b3f35650d" testName="StudyJet.API.Tests.ControllerTests.AuthControllerTests.ChangePassword_ShouldReturnBadRequest_WhenUserIdNotFoundInToken" computerName="BHASBENZ" duration="00:00:00.0006062" startTime="2025-05-10T15:46:17.6995281+02:00" endTime="2025-05-10T15:46:17.6995282+02:00" testType="13cdc9d9-ddb5-4fa4-a97d-d965ccfc6d4b" outcome="Passed" testListId="8c84fa94-04c1-424b-9868-57a2d4851a1d" relativeResultsDirectory="e0d9b75b-c929-46fa-ad7c-48ed06bfaec7" />
    <UnitTestResult executionId="f7f8e670-b8f7-446d-9905-4a97789075c9" testId="817d1c97-34cc-19ec-1202-abfdf9d74be3" testName="StudyJet.API.Tests.ServiceTests.UserServiceTest.GetUserByEmailAsync_EmailDoesNotExist_ReturnsNull" computerName="BHASBENZ" duration="00:00:00.0012823" startTime="2025-05-10T15:46:17.6440830+02:00" endTime="2025-05-10T15:46:17.6440831+02:00" testType="13cdc9d9-ddb5-4fa4-a97d-d965ccfc6d4b" outcome="Passed" testListId="8c84fa94-04c1-424b-9868-57a2d4851a1d" relativeResultsDirectory="f7f8e670-b8f7-446d-9905-4a97789075c9" />
    <UnitTestResult executionId="b6a186bc-af73-4ef7-b34d-b367f9d24477" testId="7a53ad05-53e3-6cd7-4e69-82738707ec19" testName="StudyJet.API.Tests.RepositoryTests.UserRepoTest.UsernameExistsAsync_ReturnsTrue_WhenUsernameExists" computerName="BHASBENZ" duration="00:00:00.6553227" startTime="2025-05-10T15:46:18.0545143+02:00" endTime="2025-05-10T15:46:18.0545145+02:00" testType="13cdc9d9-ddb5-4fa4-a97d-d965ccfc6d4b" outcome="Passed" testListId="8c84fa94-04c1-424b-9868-57a2d4851a1d" relativeResultsDirectory="b6a186bc-af73-4ef7-b34d-b367f9d24477" />
    <UnitTestResult executionId="2dcf48c7-c3c9-40a5-8677-ca0f9910c260" testId="b6d073d1-3f0a-66d1-5f09-58acf19eda37" testName="StudyJet.API.Tests.ServiceTests.AuthServiceTest.Verify2FACodeAsync_ValidCode_ReturnsTrue" computerName="BHASBENZ" duration="00:00:00.0015123" startTime="2025-05-10T15:46:17.7263067+02:00" endTime="2025-05-10T15:46:17.7263067+02:00" testType="13cdc9d9-ddb5-4fa4-a97d-d965ccfc6d4b" outcome="Passed" testListId="8c84fa94-04c1-424b-9868-57a2d4851a1d" relativeResultsDirectory="2dcf48c7-c3c9-40a5-8677-ca0f9910c260" />
    <UnitTestResult executionId="af69fa5e-27de-4de8-9763-714ef83a7203" testId="85f8173d-e567-a7b6-7ec5-984bfe168c93" testName="StudyJet.API.Tests.ServiceTests.EmailServiceTest.SendConfirmationEmailAsync_ReturnsFailure_WhenInputIsInvalid(email: &quot;user@example.com&quot;, link: null)" computerName="BHASBENZ" duration="00:00:00.0001787" startTime="2025-05-10T15:46:17.5042490+02:00" endTime="2025-05-10T15:46:17.5042490+02:00" testType="13cdc9d9-ddb5-4fa4-a97d-d965ccfc6d4b" outcome="Passed" testListId="8c84fa94-04c1-424b-9868-57a2d4851a1d" relativeResultsDirectory="af69fa5e-27de-4de8-9763-714ef83a7203" />
    <UnitTestResult executionId="8a373cdf-5ab6-41d5-8ddd-1ace117f276a" testId="40e62659-7cf5-8b92-3e98-4128021d509a" testName="StudyJet.API.Tests.ControllerTests.AuthControllerTests.Disable2FA_ShouldReturnUnauthorized_WhenUserIdNotFoundInClaims" computerName="BHASBENZ" duration="00:00:00.0055862" startTime="2025-05-10T15:46:17.6690739+02:00" endTime="2025-05-10T15:46:17.6690742+02:00" testType="13cdc9d9-ddb5-4fa4-a97d-d965ccfc6d4b" outcome="Passed" testListId="8c84fa94-04c1-424b-9868-57a2d4851a1d" relativeResultsDirectory="8a373cdf-5ab6-41d5-8ddd-1ace117f276a" />
    <UnitTestResult executionId="99f547db-2406-4390-9490-33ef74951eb9" testId="fad155c6-f10c-386f-97d6-2c466de7c23c" testName="StudyJet.API.Tests.ServiceTests.UserServiceTest.CountStudentAsync_ReturnsZero_WhenNoStudentsFound" computerName="BHASBENZ" duration="00:00:00.0006489" startTime="2025-05-10T15:46:17.6612012+02:00" endTime="2025-05-10T15:46:17.6612013+02:00" testType="13cdc9d9-ddb5-4fa4-a97d-d965ccfc6d4b" outcome="Passed" testListId="8c84fa94-04c1-424b-9868-57a2d4851a1d" relativeResultsDirectory="99f547db-2406-4390-9490-33ef74951eb9" />
    <UnitTestResult executionId="45e10012-feab-4f4f-8593-b97468056226" testId="8ed6db83-21cd-2e7c-0b9b-61e0ebd7140d" testName="StudyJet.API.Tests.ServiceTests.AuthServiceTest.RegisterUserAsync_PasswordsDoNotMatch_ReturnsPasswordMismatchError" computerName="BHASBENZ" duration="00:00:00.0005731" startTime="2025-05-10T15:46:17.7224788+02:00" endTime="2025-05-10T15:46:17.7224788+02:00" testType="13cdc9d9-ddb5-4fa4-a97d-d965ccfc6d4b" outcome="Passed" testListId="8c84fa94-04c1-424b-9868-57a2d4851a1d" relativeResultsDirectory="45e10012-feab-4f4f-8593-b97468056226" />
    <UnitTestResult executionId="83c316ee-b209-4bb6-aabf-8fc0adcfac0b" testId="2dc6eba9-eed8-7d8f-86bc-f6ade9eb6fe1" testName="StudyJet.API.Tests.ServiceTests.CourseServiceTest.UpdateAsync_UpdatesCourse_WhenCourseExists" computerName="BHASBENZ" duration="00:00:00.0028241" startTime="2025-05-10T15:46:17.5620313+02:00" endTime="2025-05-10T15:46:17.5620314+02:00" testType="13cdc9d9-ddb5-4fa4-a97d-d965ccfc6d4b" outcome="Passed" testListId="8c84fa94-04c1-424b-9868-57a2d4851a1d" relativeResultsDirectory="83c316ee-b209-4bb6-aabf-8fc0adcfac0b" />
    <UnitTestResult executionId="5f03aaae-2b52-40a0-a770-7ffefd2c47f5" testId="10d3f586-0863-9a84-848d-4ab224e0b9df" testName="StudyJet.API.Tests.ServiceTests.CategoryServiceTest.DeleteAsync_ReturnsTrue_WhenCategoryExistsAndIsDeleted" computerName="BHASBENZ" duration="00:00:00.0024071" startTime="2025-05-10T15:46:17.4926704+02:00" endTime="2025-05-10T15:46:17.4926705+02:00" testType="13cdc9d9-ddb5-4fa4-a97d-d965ccfc6d4b" outcome="Passed" testListId="8c84fa94-04c1-424b-9868-57a2d4851a1d" relativeResultsDirectory="5f03aaae-2b52-40a0-a770-7ffefd2c47f5" />
    <UnitTestResult executionId="30d9eac7-32aa-49e0-a670-7653fdef6a7b" testId="11c2de4d-20aa-4e77-b53b-72a1c8165a12" testName="StudyJet.API.Tests.ControllerTests.UserPurchaseCourseControllerTest.StripeWebhook_ShouldReturnUnauthorized_WhenStripeSignatureHeaderMissing" computerName="BHASBENZ" duration="00:00:00.0066793" startTime="2025-05-10T15:46:17.5980975+02:00" endTime="2025-05-10T15:46:17.5980976+02:00" testType="13cdc9d9-ddb5-4fa4-a97d-d965ccfc6d4b" outcome="Passed" testListId="8c84fa94-04c1-424b-9868-57a2d4851a1d" relativeResultsDirectory="30d9eac7-32aa-49e0-a670-7653fdef6a7b" />
    <UnitTestResult executionId="8bfd297e-0487-485e-9159-7a15b64e61ba" testId="22925fc5-125b-7a2d-4e4d-f06fcb41c624" testName="StudyJet.API.Tests.ServiceTests.AuthServiceTest.Disable2faAsync_ReturnsFalse_WhenUpdateFails" computerName="BHASBENZ" duration="00:00:00.0012368" startTime="2025-05-10T15:46:17.8399939+02:00" endTime="2025-05-10T15:46:17.8399940+02:00" testType="13cdc9d9-ddb5-4fa4-a97d-d965ccfc6d4b" outcome="Passed" testListId="8c84fa94-04c1-424b-9868-57a2d4851a1d" relativeResultsDirectory="8bfd297e-0487-485e-9159-7a15b64e61ba" />
    <UnitTestResult executionId="9ea3c257-506f-47bf-8b82-b3b1c9d4a137" testId="c9ac6b04-0202-9feb-9e97-278f01806034" testName="StudyJet.API.Tests.ControllerTests.CartControllerTest.GetCourseDetails_UserNotAuthenticated_ReturnsUnauthorized" computerName="BHASBENZ" duration="00:00:00.0008101" startTime="2025-05-10T15:46:17.5883441+02:00" endTime="2025-05-10T15:46:17.5883442+02:00" testType="13cdc9d9-ddb5-4fa4-a97d-d965ccfc6d4b" outcome="Passed" testListId="8c84fa94-04c1-424b-9868-57a2d4851a1d" relativeResultsDirectory="9ea3c257-506f-47bf-8b82-b3b1c9d4a137" />
    <UnitTestResult executionId="4c0abdcb-9cfc-40fe-b202-92639d479340" testId="24c51b4b-2c4e-f0d4-334e-4fe3e22f2e07" testName="StudyJet.API.Tests.ControllerTests.CourseControllerTest.ApproveCourse_ShouldReturnNotFound_WhenCourseApprovalFails" computerName="BHASBENZ" duration="00:00:00.0018800" startTime="2025-05-10T15:46:17.5703817+02:00" endTime="2025-05-10T15:46:17.5703818+02:00" testType="13cdc9d9-ddb5-4fa4-a97d-d965ccfc6d4b" outcome="Passed" testListId="8c84fa94-04c1-424b-9868-57a2d4851a1d" relativeResultsDirectory="4c0abdcb-9cfc-40fe-b202-92639d479340" />
    <UnitTestResult executionId="1a893a7f-7bee-4ddc-8278-00afe2b0d4ae" testId="4d7f6dee-61a4-3347-a5f7-9a3379549a66" testName="StudyJet.API.Tests.RepositoryTests.CourseRepoTest.SubmitCourseUpdateAsync_WithValidData_SavesPendingUpdate" computerName="BHASBENZ" duration="00:00:00.0052625" startTime="2025-05-10T15:46:18.2966813+02:00" endTime="2025-05-10T15:46:18.2966816+02:00" testType="13cdc9d9-ddb5-4fa4-a97d-d965ccfc6d4b" outcome="Passed" testListId="8c84fa94-04c1-424b-9868-57a2d4851a1d" relativeResultsDirectory="1a893a7f-7bee-4ddc-8278-00afe2b0d4ae" />
    <UnitTestResult executionId="97dc403a-b273-48f9-98eb-a7c4bf71c61a" testId="29a98b3c-bab7-8b31-6040-19f6b34064ba" testName="StudyJet.API.Tests.ControllerTests.UploadCVControllerTest.UploadCV_ShouldReturnOk_WhenFileIsUploadedSuccessfully" computerName="BHASBENZ" duration="00:00:00.0019753" startTime="2025-05-10T15:46:17.5771742+02:00" endTime="2025-05-10T15:46:17.5771743+02:00" testType="13cdc9d9-ddb5-4fa4-a97d-d965ccfc6d4b" outcome="Passed" testListId="8c84fa94-04c1-424b-9868-57a2d4851a1d" relativeResultsDirectory="97dc403a-b273-48f9-98eb-a7c4bf71c61a" />
    <UnitTestResult executionId="b4526d65-b555-416c-b160-309580a1904e" testId="006ebe12-2d25-2d12-9667-66c2d05b84ba" testName="StudyJet.API.Tests.RepositoryTests.CourseRepoTest.SelectByInstructorIdAsync_WithValidInstructorId_ReturnsCourses" computerName="BHASBENZ" duration="00:00:00.0021926" startTime="2025-05-10T15:46:18.1940124+02:00" endTime="2025-05-10T15:46:18.1940127+02:00" testType="13cdc9d9-ddb5-4fa4-a97d-d965ccfc6d4b" outcome="Passed" testListId="8c84fa94-04c1-424b-9868-57a2d4851a1d" relativeResultsDirectory="b4526d65-b555-416c-b160-309580a1904e" />
    <UnitTestResult executionId="c9e87046-268a-4326-b2fa-962faf7770fd" testId="da2f7f09-8850-15a1-0f32-d0c2aefcf52c" testName="StudyJet.API.Tests.RepositoryTests.CartRepoTest.SelectCartItemsAsync_Success" computerName="BHASBENZ" duration="00:00:00.0449022" startTime="2025-05-10T15:46:18.1845111+02:00" endTime="2025-05-10T15:46:18.1845112+02:00" testType="13cdc9d9-ddb5-4fa4-a97d-d965ccfc6d4b" outcome="Passed" testListId="8c84fa94-04c1-424b-9868-57a2d4851a1d" relativeResultsDirectory="c9e87046-268a-4326-b2fa-962faf7770fd" />
    <UnitTestResult executionId="bdcdb50b-6e78-4a05-a20b-557ce459e02c" testId="cf1660dd-1fb1-7844-6801-7724f01b4e98" testName="StudyJet.API.Tests.RepositoryTests.CourseRepoTest.ApprovePendingUpdatesAsync_WithValidPendingUpdate_ApprovesUpdateAndCourse" computerName="BHASBENZ" duration="00:00:00.0078945" startTime="2025-05-10T15:46:18.3318848+02:00" endTime="2025-05-10T15:46:18.3318850+02:00" testType="13cdc9d9-ddb5-4fa4-a97d-d965ccfc6d4b" outcome="Passed" testListId="8c84fa94-04c1-424b-9868-57a2d4851a1d" relativeResultsDirectory="bdcdb50b-6e78-4a05-a20b-557ce459e02c" />
    <UnitTestResult executionId="ffc2051f-5668-4f10-96c6-76c528d76b2a" testId="4d80f38b-00d6-0f4d-8172-b94efd69b24d" testName="StudyJet.API.Tests.ServiceTests.AuthServiceTest.GenerateJwtTokenAsync_ReturnsValidJwtToken" computerName="BHASBENZ" duration="00:00:00.0261583" startTime="2025-05-10T15:46:17.8387599+02:00" endTime="2025-05-10T15:46:17.8387602+02:00" testType="13cdc9d9-ddb5-4fa4-a97d-d965ccfc6d4b" outcome="Passed" testListId="8c84fa94-04c1-424b-9868-57a2d4851a1d" relativeResultsDirectory="ffc2051f-5668-4f10-96c6-76c528d76b2a" />
    <UnitTestResult executionId="380ff162-284a-4527-99ad-c196a3d243ef" testId="8841d056-ab9d-82e3-ef58-0690f837500f" testName="StudyJet.API.Tests.ControllerTests.CourseControllerTest.ApprovePendingUpdate_ShouldReturnOk_WhenUpdateIsApprovedSuccessfully" computerName="BHASBENZ" duration="00:00:00.0017370" startTime="2025-05-10T15:46:17.5524100+02:00" endTime="2025-05-10T15:46:17.5524101+02:00" testType="13cdc9d9-ddb5-4fa4-a97d-d965ccfc6d4b" outcome="Passed" testListId="8c84fa94-04c1-424b-9868-57a2d4851a1d" relativeResultsDirectory="380ff162-284a-4527-99ad-c196a3d243ef" />
    <UnitTestResult executionId="ab62f78d-b430-4cce-836f-b388c6b30c86" testId="8d82d987-86ff-3aa3-6c9f-7545154f39bc" testName="StudyJet.API.Tests.ServiceTests.UserServiceTest.UpdateUserAsync_UpdateFails_ThrowsExceptionWithErrorMessage" computerName="BHASBENZ" duration="00:00:00.0021390" startTime="2025-05-10T15:46:17.6568405+02:00" endTime="2025-05-10T15:46:17.6568406+02:00" testType="13cdc9d9-ddb5-4fa4-a97d-d965ccfc6d4b" outcome="Passed" testListId="8c84fa94-04c1-424b-9868-57a2d4851a1d" relativeResultsDirectory="ab62f78d-b430-4cce-836f-b388c6b30c86" />
    <UnitTestResult executionId="6f47a28d-ff3a-46c2-b175-9451436d592d" testId="3cde2198-077e-ca91-64ae-5341709aef6e" testName="StudyJet.API.Tests.ControllerTests.AuthControllerTests.ResetPassword_ShouldReturnBadRequest_WhenPasswordResetFails" computerName="BHASBENZ" duration="00:00:00.0023205" startTime="2025-05-10T15:46:17.6904633+02:00" endTime="2025-05-10T15:46:17.6904634+02:00" testType="13cdc9d9-ddb5-4fa4-a97d-d965ccfc6d4b" outcome="Passed" testListId="8c84fa94-04c1-424b-9868-57a2d4851a1d" relativeResultsDirectory="6f47a28d-ff3a-46c2-b175-9451436d592d" />
    <UnitTestResult executionId="cdffb39e-e449-4d6d-aeac-1409a287d8f8" testId="26243b88-5763-f0b7-110c-cadd29f55768" testName="StudyJet.API.Tests.ServiceTests.UserServiceTest.RegisterInstructorAsync_ReturnsFailure_WhenEmailAlreadyExists" computerName="BHASBENZ" duration="00:00:00.0019375" startTime="2025-05-10T15:46:17.6589497+02:00" endTime="2025-05-10T15:46:17.6589498+02:00" testType="13cdc9d9-ddb5-4fa4-a97d-d965ccfc6d4b" outcome="Passed" testListId="8c84fa94-04c1-424b-9868-57a2d4851a1d" relativeResultsDirectory="cdffb39e-e449-4d6d-aeac-1409a287d8f8" />
    <UnitTestResult executionId="a9ee6876-ba3e-417b-95ed-ee5d69d890b7" testId="8686fcda-b82f-4f90-3802-2825e0e0f898" testName="StudyJet.API.Tests.RepositoryTests.CourseRepoTest.SelectByIdsAsync_WhenValidCourseIds_ReturnsCorrectCourses" computerName="BHASBENZ" duration="00:00:00.0013863" startTime="2025-05-10T15:46:18.4364278+02:00" endTime="2025-05-10T15:46:18.4364281+02:00" testType="13cdc9d9-ddb5-4fa4-a97d-d965ccfc6d4b" outcome="Passed" testListId="8c84fa94-04c1-424b-9868-57a2d4851a1d" relativeResultsDirectory="a9ee6876-ba3e-417b-95ed-ee5d69d890b7" />
    <UnitTestResult executionId="77240ef0-a83a-479c-b716-7f5a7438a640" testId="a5418571-537e-d773-41af-a342cc8d1966" testName="StudyJet.API.Tests.ServiceTests.CourseServiceTest.ApprovePendingUpdatesAsync_ReturnsTrue_WhenPendingUpdateExists" computerName="BHASBENZ" duration="00:00:00.0019864" startTime="2025-05-10T15:46:17.5929320+02:00" endTime="2025-05-10T15:46:17.5929321+02:00" testType="13cdc9d9-ddb5-4fa4-a97d-d965ccfc6d4b" outcome="Passed" testListId="8c84fa94-04c1-424b-9868-57a2d4851a1d" relativeResultsDirectory="77240ef0-a83a-479c-b716-7f5a7438a640" />
    <UnitTestResult executionId="b8fb1a2c-cdb0-44ea-993f-e820443c0834" testId="73c3e722-2418-4237-29b4-4bd6cb743542" testName="StudyJet.API.Tests.ServiceTests.FileStorageServiceTest.SaveProfilePictureAsync_ShouldReturnDefaultProfilePicture_WhenNoFileUploaded" computerName="BHASBENZ" duration="00:00:00.0022751" startTime="2025-05-10T15:46:17.5496222+02:00" endTime="2025-05-10T15:46:17.5496223+02:00" testType="13cdc9d9-ddb5-4fa4-a97d-d965ccfc6d4b" outcome="Passed" testListId="8c84fa94-04c1-424b-9868-57a2d4851a1d" relativeResultsDirectory="b8fb1a2c-cdb0-44ea-993f-e820443c0834" />
    <UnitTestResult executionId="8a980730-5ea6-456b-b586-3e8a9c739f60" testId="e357a813-ac10-6570-b297-676dbc6e88f8" testName="StudyJet.API.Tests.ControllerTests.UserControllerTest.CountInstructors_ShouldReturnOk_WithInstructorCount" computerName="BHASBENZ" duration="00:00:00.0012960" startTime="2025-05-10T15:46:17.5312625+02:00" endTime="2025-05-10T15:46:17.5312627+02:00" testType="13cdc9d9-ddb5-4fa4-a97d-d965ccfc6d4b" outcome="Passed" testListId="8c84fa94-04c1-424b-9868-57a2d4851a1d" relativeResultsDirectory="8a980730-5ea6-456b-b586-3e8a9c739f60" />
    <UnitTestResult executionId="b1a13ba3-a549-4f5a-9cd5-44b4d945f316" testId="c5273e4e-1ac7-28dd-def2-0f6e28bef8d4" testName="StudyJet.API.Tests.RepositoryTests.CourseRepoTest.SelectLatestCourseUpdateByCourseIdAsync_WhenUpdatesExist_ReturnsLatestUpdate" computerName="BHASBENZ" duration="00:00:00.0101443" startTime="2025-05-10T15:46:18.1358533+02:00" endTime="2025-05-10T15:46:18.1358534+02:00" testType="13cdc9d9-ddb5-4fa4-a97d-d965ccfc6d4b" outcome="Passed" testListId="8c84fa94-04c1-424b-9868-57a2d4851a1d" relativeResultsDirectory="b1a13ba3-a549-4f5a-9cd5-44b4d945f316" />
    <UnitTestResult executionId="6df9c5c6-95d1-422f-82eb-fcad31a8ccff" testId="f3905a30-df7b-b36b-c7a4-41c6b678fca0" testName="StudyJet.API.Tests.ControllerTests.CourseControllerTest.ApproveCourse_ShouldReturnOk_WhenCourseIsApprovedSuccessfully" computerName="BHASBENZ" duration="00:00:00.0017224" startTime="2025-05-10T15:46:17.5766684+02:00" endTime="2025-05-10T15:46:17.5766685+02:00" testType="13cdc9d9-ddb5-4fa4-a97d-d965ccfc6d4b" outcome="Passed" testListId="8c84fa94-04c1-424b-9868-57a2d4851a1d" relativeResultsDirectory="6df9c5c6-95d1-422f-82eb-fcad31a8ccff" />
    <UnitTestResult executionId="86591cb9-1386-4ae2-ad05-0fe26767d4bd" testId="2084e446-fc0c-cde2-b26b-222885074932" testName="StudyJet.API.Tests.ServiceTests.CartServiceTest.GetCourseDetailsAsync_WithValidCourseId_ReturnsCourse" computerName="BHASBENZ" duration="00:00:00.0035604" startTime="2025-05-10T15:46:17.4752692+02:00" endTime="2025-05-10T15:46:17.4752693+02:00" testType="13cdc9d9-ddb5-4fa4-a97d-d965ccfc6d4b" outcome="Passed" testListId="8c84fa94-04c1-424b-9868-57a2d4851a1d" relativeResultsDirectory="86591cb9-1386-4ae2-ad05-0fe26767d4bd" />
    <UnitTestResult executionId="6577037c-5e3a-41af-9a76-27cc1bc6db29" testId="39ee311f-91df-f8ba-ecd7-5d9e30b55567" testName="StudyJet.API.Tests.RepositoryTests.NotificationRepoTest.SelectByIdAsync_ReturnsNotificationWithRelationships_WhenExists" computerName="BHASBENZ" duration="00:00:00.0029600" startTime="2025-05-10T15:46:18.1194099+02:00" endTime="2025-05-10T15:46:18.1194101+02:00" testType="13cdc9d9-ddb5-4fa4-a97d-d965ccfc6d4b" outcome="Passed" testListId="8c84fa94-04c1-424b-9868-57a2d4851a1d" relativeResultsDirectory="6577037c-5e3a-41af-9a76-27cc1bc6db29" />
    <UnitTestResult executionId="e390bdf2-f0a9-45c4-9cd1-0d9fbf01605e" testId="e4132d7b-5391-2df8-560a-77a923b20704" testName="StudyJet.API.Tests.ServiceTests.AuthServiceTest.ForgotPasswordAsync_ReturnsTrue_WhenEmailExistsAndEmailIsSent" computerName="BHASBENZ" duration="00:00:00.0023657" startTime="2025-05-10T15:46:17.7247665+02:00" endTime="2025-05-10T15:46:17.7247666+02:00" testType="13cdc9d9-ddb5-4fa4-a97d-d965ccfc6d4b" outcome="Passed" testListId="8c84fa94-04c1-424b-9868-57a2d4851a1d" relativeResultsDirectory="e390bdf2-f0a9-45c4-9cd1-0d9fbf01605e" />
    <UnitTestResult executionId="a3f17bbe-352b-4145-ad37-59c634b460af" testId="a19051bb-4d4c-9694-910b-84fddff9ba39" testName="StudyJet.API.Tests.ServiceTests.AuthServiceTest.ChangePasswordAsync_ReturnsTrue_WhenPasswordChangeIsSuccessful" computerName="BHASBENZ" duration="00:00:00.0016246" startTime="2025-05-10T15:46:17.8076705+02:00" endTime="2025-05-10T15:46:17.8076708+02:00" testType="13cdc9d9-ddb5-4fa4-a97d-d965ccfc6d4b" outcome="Passed" testListId="8c84fa94-04c1-424b-9868-57a2d4851a1d" relativeResultsDirectory="a3f17bbe-352b-4145-ad37-59c634b460af" />
    <UnitTestResult executionId="25b1a64a-67de-4fad-b551-485137ef1903" testId="d766e4a5-f485-1dc7-fc0f-f91d6f19b234" testName="StudyJet.API.Tests.ControllerTests.CourseControllerTest.SubmitUpdate_ShouldReturnOk_WhenCourseUpdateIsSuccessful" computerName="BHASBENZ" duration="00:00:00.0043528" startTime="2025-05-10T15:46:17.5623436+02:00" endTime="2025-05-10T15:46:17.5623437+02:00" testType="13cdc9d9-ddb5-4fa4-a97d-d965ccfc6d4b" outcome="Passed" testListId="8c84fa94-04c1-424b-9868-57a2d4851a1d" relativeResultsDirectory="25b1a64a-67de-4fad-b551-485137ef1903" />
    <UnitTestResult executionId="02847ee7-bce5-4e2f-9a56-6b4cf22f8634" testId="f3ecd214-b3a6-6437-5c15-8fcf3a6edae7" testName="StudyJet.API.Tests.ServiceTests.CourseServiceTest.AddAsync_SavesImage_WhenImageFileIsProvided" computerName="BHASBENZ" duration="00:00:00.0043030" startTime="2025-05-10T15:46:17.5584989+02:00" endTime="2025-05-10T15:46:17.5584990+02:00" testType="13cdc9d9-ddb5-4fa4-a97d-d965ccfc6d4b" outcome="Passed" testListId="8c84fa94-04c1-424b-9868-57a2d4851a1d" relativeResultsDirectory="02847ee7-bce5-4e2f-9a56-6b4cf22f8634" />
    <UnitTestResult executionId="7bbaeb27-0fcc-4c2c-aab2-5ec1687950f0" testId="4b07bb4b-6b47-09f8-f13a-9425cdfdcfe1" testName="StudyJet.API.Tests.ServiceTests.AuthServiceTest.Confirm2faSetupAsync_ReturnsSuccess_WhenValidCodeIsProvided" computerName="BHASBENZ" duration="00:00:00.0021966" startTime="2025-05-10T15:46:17.7982982+02:00" endTime="2025-05-10T15:46:17.7982985+02:00" testType="13cdc9d9-ddb5-4fa4-a97d-d965ccfc6d4b" outcome="Passed" testListId="8c84fa94-04c1-424b-9868-57a2d4851a1d" relativeResultsDirectory="7bbaeb27-0fcc-4c2c-aab2-5ec1687950f0" />
    <UnitTestResult executionId="9a3ff0bf-904d-4687-9511-b45210c16164" testId="78ba5ad9-2b4d-1a30-5fde-34494e322f27" testName="StudyJet.API.Tests.ControllerTests.CategoryControllerTest.GetCategoryById_ReturnsNotFoundResult_WhenCategoryDoesNotExist" computerName="BHASBENZ" duration="00:00:00.0020776" startTime="2025-05-10T15:46:17.4745402+02:00" endTime="2025-05-10T15:46:17.4745404+02:00" testType="13cdc9d9-ddb5-4fa4-a97d-d965ccfc6d4b" outcome="Passed" testListId="8c84fa94-04c1-424b-9868-57a2d4851a1d" relativeResultsDirectory="9a3ff0bf-904d-4687-9511-b45210c16164" />
    <UnitTestResult executionId="74c5562b-c5d3-4787-ac78-943a9e6f3721" testId="a20f2ffc-0443-ebf8-281a-2fd2da114f93" testName="StudyJet.API.Tests.ControllerTests.UserPurchaseCourseControllerTest.GetPurchasedCourse_ShouldReturnOkWithCourses_WhenCoursesExist" computerName="BHASBENZ" duration="00:00:00.0022905" startTime="2025-05-10T15:46:17.5913333+02:00" endTime="2025-05-10T15:46:17.5913333+02:00" testType="13cdc9d9-ddb5-4fa4-a97d-d965ccfc6d4b" outcome="Passed" testListId="8c84fa94-04c1-424b-9868-57a2d4851a1d" relativeResultsDirectory="74c5562b-c5d3-4787-ac78-943a9e6f3721" />
    <UnitTestResult executionId="87abac20-13bc-4276-8c70-8e5f5ec4fee6" testId="037511dc-6f84-fc0c-25c5-84cb5d247143" testName="StudyJet.API.Tests.ServiceTests.FileStorageServiceTest.SaveImageAsync_ShouldThrowArgumentException_WhenInvalidFileType" computerName="BHASBENZ" duration="00:00:00.0010116" startTime="2025-05-10T15:46:17.5502348+02:00" endTime="2025-05-10T15:46:17.5502350+02:00" testType="13cdc9d9-ddb5-4fa4-a97d-d965ccfc6d4b" outcome="Passed" testListId="8c84fa94-04c1-424b-9868-57a2d4851a1d" relativeResultsDirectory="87abac20-13bc-4276-8c70-8e5f5ec4fee6" />
    <UnitTestResult executionId="1cebd4c2-bde8-4c2c-b837-d00173fc50ae" testId="aec98bd5-178f-6157-6378-071cb0ba5a0b" testName="StudyJet.API.Tests.RepositoryTests.UserPurchaseCourseRepoTest.SelectSuggestedCoursesAsync_ReturnsSuggestedCourses_WhenUserHasNotPurchasedAnyCourses" computerName="BHASBENZ" duration="00:00:00.0026625" startTime="2025-05-10T15:46:18.1130351+02:00" endTime="2025-05-10T15:46:18.1130352+02:00" testType="13cdc9d9-ddb5-4fa4-a97d-d965ccfc6d4b" outcome="Passed" testListId="8c84fa94-04c1-424b-9868-57a2d4851a1d" relativeResultsDirectory="1cebd4c2-bde8-4c2c-b837-d00173fc50ae" />
    <UnitTestResult executionId="f8637030-2f43-48da-95b7-6a33bc385928" testId="37e453a4-c28b-5319-c87d-094ff8079edc" testName="StudyJet.API.Tests.RepositoryTests.UserPurchaseCourseRepoTest.InsertPurchaseAsync_Fails_WhenRequiredFieldsAreMissing" computerName="BHASBENZ" duration="00:00:00.0023701" startTime="2025-05-10T15:46:18.1474727+02:00" endTime="2025-05-10T15:46:18.1474728+02:00" testType="13cdc9d9-ddb5-4fa4-a97d-d965ccfc6d4b" outcome="Passed" testListId="8c84fa94-04c1-424b-9868-57a2d4851a1d" relativeResultsDirectory="f8637030-2f43-48da-95b7-6a33bc385928" />
    <UnitTestResult executionId="3352d25e-6c7b-48f7-a543-60c5b001d4f5" testId="6c2c7d5e-fb79-375c-9738-62361a016a9a" testName="StudyJet.API.Tests.RepositoryTests.CartRepoTest.InsertCourseToCartAsync_UserNotFound_Failure" computerName="BHASBENZ" duration="00:00:00.0012479" startTime="2025-05-10T15:46:18.0817543+02:00" endTime="2025-05-10T15:46:18.0817544+02:00" testType="13cdc9d9-ddb5-4fa4-a97d-d965ccfc6d4b" outcome="Passed" testListId="8c84fa94-04c1-424b-9868-57a2d4851a1d" relativeResultsDirectory="3352d25e-6c7b-48f7-a543-60c5b001d4f5" />
    <UnitTestResult executionId="2cf00ad4-6a36-46b8-a3d1-80be9867df19" testId="0587d6b5-c8b7-e8cd-b0b2-d85c4eb95adb" testName="StudyJet.API.Tests.ControllerTests.CourseControllerTest.GetPendingCourses_ShouldReturnOkWithPendingCourses" computerName="BHASBENZ" duration="00:00:00.0014002" startTime="2025-05-10T15:46:17.6517497+02:00" endTime="2025-05-10T15:46:17.6517498+02:00" testType="13cdc9d9-ddb5-4fa4-a97d-d965ccfc6d4b" outcome="Passed" testListId="8c84fa94-04c1-424b-9868-57a2d4851a1d" relativeResultsDirectory="2cf00ad4-6a36-46b8-a3d1-80be9867df19" />
    <UnitTestResult executionId="25ecb699-7610-4f9a-8ba0-db7450f0be51" testId="352195bd-0f1a-5fe2-4b84-7735e670122f" testName="StudyJet.API.Tests.ControllerTests.AuthControllerTests.VerifyTwoFactorLogin_ShouldReturnBadRequest_WhenTempTokenInvalid" computerName="BHASBENZ" duration="00:00:00.0135009" startTime="2025-05-10T15:46:17.6207355+02:00" endTime="2025-05-10T15:46:17.6207356+02:00" testType="13cdc9d9-ddb5-4fa4-a97d-d965ccfc6d4b" outcome="Passed" testListId="8c84fa94-04c1-424b-9868-57a2d4851a1d" relativeResultsDirectory="25ecb699-7610-4f9a-8ba0-db7450f0be51" />
    <UnitTestResult executionId="e9acc31f-9144-45cd-8b92-8b6054a44dcc" testId="1cf9e394-5c39-ea65-7308-cf74797b3447" testName="StudyJet.API.Tests.ServiceTests.UserServiceTest.CheckUsernameExistsAsync_UsernameExists_ReturnsTrue" computerName="BHASBENZ" duration="00:00:00.0014736" startTime="2025-05-10T15:46:17.6605265+02:00" endTime="2025-05-10T15:46:17.6605265+02:00" testType="13cdc9d9-ddb5-4fa4-a97d-d965ccfc6d4b" outcome="Passed" testListId="8c84fa94-04c1-424b-9868-57a2d4851a1d" relativeResultsDirectory="e9acc31f-9144-45cd-8b92-8b6054a44dcc" />
    <UnitTestResult executionId="c59fb0d4-f395-4705-b104-d8fb34378bf1" testId="ee06f83f-edeb-44c6-f3e2-01f66d482cee" testName="StudyJet.API.Tests.ControllerTests.CourseControllerTest.ApprovePendingUpdate_ShouldReturnNotFound_WhenNoPendingUpdateFound" computerName="BHASBENZ" duration="00:00:00.1424348" startTime="2025-05-10T15:46:17.5416816+02:00" endTime="2025-05-10T15:46:17.5416817+02:00" testType="13cdc9d9-ddb5-4fa4-a97d-d965ccfc6d4b" outcome="Passed" testListId="8c84fa94-04c1-424b-9868-57a2d4851a1d" relativeResultsDirectory="c59fb0d4-f395-4705-b104-d8fb34378bf1" />
    <UnitTestResult executionId="92a1588b-8316-4b7e-b667-31f26cd6215e" testId="9e029bb4-c79a-1d31-78bf-b3ef93113574" testName="StudyJet.API.Tests.RepositoryTests.CartRepoTest.SelectCourseDetailsAsync_Success" computerName="BHASBENZ" duration="00:00:00.0078233" startTime="2025-05-10T15:46:18.1382995+02:00" endTime="2025-05-10T15:46:18.1382996+02:00" testType="13cdc9d9-ddb5-4fa4-a97d-d965ccfc6d4b" outcome="Passed" testListId="8c84fa94-04c1-424b-9868-57a2d4851a1d" relativeResultsDirectory="92a1588b-8316-4b7e-b667-31f26cd6215e" />
    <UnitTestResult executionId="ee3ace9f-cdab-46d4-bb9a-a47122fea743" testId="8698395f-d51c-d5ec-eb2e-745b32950005" testName="StudyJet.API.Tests.ServiceTests.FileStorageServiceTest.SaveCVAsync_ShouldThrowArgumentException_WhenInvalidFileType" computerName="BHASBENZ" duration="00:00:00.0017096" startTime="2025-05-10T15:46:17.5444553+02:00" endTime="2025-05-10T15:46:17.5444554+02:00" testType="13cdc9d9-ddb5-4fa4-a97d-d965ccfc6d4b" outcome="Passed" testListId="8c84fa94-04c1-424b-9868-57a2d4851a1d" relativeResultsDirectory="ee3ace9f-cdab-46d4-bb9a-a47122fea743" />
    <UnitTestResult executionId="d26f6c2c-ddee-4fe4-b605-762b3d714167" testId="230565f3-14ad-f21a-b4bb-8e26e8acbeaa" testName="StudyJet.API.Tests.ServiceTests.AuthServiceTest.RegisterUserAsync_RoleAssignmentFails_ReturnsRoleAssignmentError" computerName="BHASBENZ" duration="00:00:00.0049312" startTime="2025-05-10T15:46:17.6215306+02:00" endTime="2025-05-10T15:46:17.6215307+02:00" testType="13cdc9d9-ddb5-4fa4-a97d-d965ccfc6d4b" outcome="Passed" testListId="8c84fa94-04c1-424b-9868-57a2d4851a1d" relativeResultsDirectory="d26f6c2c-ddee-4fe4-b605-762b3d714167" />
    <UnitTestResult executionId="4e96e3f0-1824-40d0-bab9-c42187183242" testId="64bd9bc7-9310-1e4d-effd-79a94bf1fdfd" testName="StudyJet.API.Tests.RepositoryTests.NotificationRepoTest.SelectByUserIdAsync_ShouldThrowArgumentException_WhenUserIdIsInvalid(invalidUserId: &quot;&quot;)" computerName="BHASBENZ" duration="00:00:00.0014517" startTime="2025-05-10T15:46:18.0556692+02:00" endTime="2025-05-10T15:46:18.0556693+02:00" testType="13cdc9d9-ddb5-4fa4-a97d-d965ccfc6d4b" outcome="Passed" testListId="8c84fa94-04c1-424b-9868-57a2d4851a1d" relativeResultsDirectory="4e96e3f0-1824-40d0-bab9-c42187183242" />
    <UnitTestResult executionId="dcf3b54e-d815-4a98-ad0a-ad5187171ca8" testId="6ba6ef1e-da04-91cf-ed92-d8ceb3fce604" testName="StudyJet.API.Tests.RepositoryTests.CourseRepoTest.SelectPendingCoursesAsync_WhenPendingCoursesExist_ReturnsOnlyPendingCourses" computerName="BHASBENZ" duration="00:00:00.0010726" startTime="2025-05-10T15:46:18.4028882+02:00" endTime="2025-05-10T15:46:18.4028884+02:00" testType="13cdc9d9-ddb5-4fa4-a97d-d965ccfc6d4b" outcome="Passed" testListId="8c84fa94-04c1-424b-9868-57a2d4851a1d" relativeResultsDirectory="dcf3b54e-d815-4a98-ad0a-ad5187171ca8" />
    <UnitTestResult executionId="9f6a9539-c3df-4937-a0ca-1478d7102151" testId="f4a276c0-c59e-21e6-b1f7-b5e310737831" testName="StudyJet.API.Tests.ServiceTests.AuthServiceTest.ResetPasswordAsync_ReturnsSuccess_WhenPasswordResetIsSuccessful" computerName="BHASBENZ" duration="00:00:00.0027020" startTime="2025-05-10T15:46:17.7897468+02:00" endTime="2025-05-10T15:46:17.7897469+02:00" testType="13cdc9d9-ddb5-4fa4-a97d-d965ccfc6d4b" outcome="Passed" testListId="8c84fa94-04c1-424b-9868-57a2d4851a1d" relativeResultsDirectory="9f6a9539-c3df-4937-a0ca-1478d7102151" />
    <UnitTestResult executionId="101b7821-7d9d-4530-9f7e-1078a8aeeb50" testId="9a208262-bbef-c2a7-ec67-8f36eb7bac06" testName="StudyJet.API.Tests.ServiceTests.AuthServiceTest.GenerateQRCodeImage_SpecialCharactersInURI_ReturnsQRCodeImage" computerName="BHASBENZ" duration="00:00:00.0906526" startTime="2025-05-10T15:46:17.7217385+02:00" endTime="2025-05-10T15:46:17.7217389+02:00" testType="13cdc9d9-ddb5-4fa4-a97d-d965ccfc6d4b" outcome="Passed" testListId="8c84fa94-04c1-424b-9868-57a2d4851a1d" relativeResultsDirectory="101b7821-7d9d-4530-9f7e-1078a8aeeb50" />
    <UnitTestResult executionId="421a1b9b-3aa2-4ac7-86ce-4ee8eff948ea" testId="1759184b-2998-5320-8cb6-c202082fc836" testName="StudyJet.API.Tests.ControllerTests.UserPurchaseCourseControllerTest.CreateCheckoutSession_ShouldReturnOk_WhenValidRequest" computerName="BHASBENZ" duration="00:00:00.0023071" startTime="2025-05-10T15:46:17.5889224+02:00" endTime="2025-05-10T15:46:17.5889225+02:00" testType="13cdc9d9-ddb5-4fa4-a97d-d965ccfc6d4b" outcome="Passed" testListId="8c84fa94-04c1-424b-9868-57a2d4851a1d" relativeResultsDirectory="421a1b9b-3aa2-4ac7-86ce-4ee8eff948ea" />
    <UnitTestResult executionId="81676867-1bca-4511-8b55-c77639f3c0fc" testId="4bf81e9d-d5c6-5377-c3c3-69dc0a9c23bc" testName="StudyJet.API.Tests.RepositoryTests.CourseRepoTest.RejectCourseAsync_WithValidCourseId_UpdatesStatusAndReturnsTrue" computerName="BHASBENZ" duration="00:00:00.0013684" startTime="2025-05-10T15:46:18.2158719+02:00" endTime="2025-05-10T15:46:18.2158723+02:00" testType="13cdc9d9-ddb5-4fa4-a97d-d965ccfc6d4b" outcome="Passed" testListId="8c84fa94-04c1-424b-9868-57a2d4851a1d" relativeResultsDirectory="81676867-1bca-4511-8b55-c77639f3c0fc" />
    <UnitTestResult executionId="810d6dfa-e9a1-4415-92b0-dedd58bf445d" testId="47c49f1b-c1aa-5338-e34c-f51ade6a7211" testName="StudyJet.API.Tests.ControllerTests.UploadCVControllerTest.UploadCV_ShouldReturnBadRequest_WhenUploadFails" computerName="BHASBENZ" duration="00:00:00.0023225" startTime="2025-05-10T15:46:17.5751620+02:00" endTime="2025-05-10T15:46:17.5751621+02:00" testType="13cdc9d9-ddb5-4fa4-a97d-d965ccfc6d4b" outcome="Passed" testListId="8c84fa94-04c1-424b-9868-57a2d4851a1d" relativeResultsDirectory="810d6dfa-e9a1-4415-92b0-dedd58bf445d" />
    <UnitTestResult executionId="d479e247-13e9-4956-9d49-0c3d0abee931" testId="dde78b97-7a32-0743-6672-9324e69bbf10" testName="StudyJet.API.Tests.ServiceTests.CourseServiceTest.ExistsAsync_ReturnsTrue_WhenCourseExists" computerName="BHASBENZ" duration="00:00:00.0009522" startTime="2025-05-10T15:46:17.6030764+02:00" endTime="2025-05-10T15:46:17.6030766+02:00" testType="13cdc9d9-ddb5-4fa4-a97d-d965ccfc6d4b" outcome="Passed" testListId="8c84fa94-04c1-424b-9868-57a2d4851a1d" relativeResultsDirectory="d479e247-13e9-4956-9d49-0c3d0abee931" />
    <UnitTestResult executionId="39537584-b13a-42e4-81ff-ba6957c98118" testId="2fe16215-8724-4af9-4abe-b19c1f106c39" testName="StudyJet.API.Tests.RepositoryTests.CourseRepoTest.SelectTotalCoursesByInstructorIdAsync_WithNullOrEmptyInstructorId_ThrowsArgumentException(instructorId: null)" computerName="BHASBENZ" duration="00:00:00.0001953" startTime="2025-05-10T15:46:18.2981459+02:00" endTime="2025-05-10T15:46:18.2981461+02:00" testType="13cdc9d9-ddb5-4fa4-a97d-d965ccfc6d4b" outcome="Passed" testListId="8c84fa94-04c1-424b-9868-57a2d4851a1d" relativeResultsDirectory="39537584-b13a-42e4-81ff-ba6957c98118" />
    <UnitTestResult executionId="46929c3e-da3b-4499-9c7e-2ff7968f058b" testId="065d0e2c-ebff-a26a-edb7-3d12f81bec08" testName="StudyJet.API.Tests.ControllerTests.UserPurchaseCourseControllerTest.GetSuggestedCourses_ShouldReturnUnauthorized_WhenUserIsNotAuthenticated" computerName="BHASBENZ" duration="00:00:00.0007053" startTime="2025-05-10T15:46:17.5853160+02:00" endTime="2025-05-10T15:46:17.5853160+02:00" testType="13cdc9d9-ddb5-4fa4-a97d-d965ccfc6d4b" outcome="Passed" testListId="8c84fa94-04c1-424b-9868-57a2d4851a1d" relativeResultsDirectory="46929c3e-da3b-4499-9c7e-2ff7968f058b" />
    <UnitTestResult executionId="6a3a3d61-80ad-4a1a-8f82-386dca3693de" testId="b9882e9a-e84f-9558-38a6-aa947057f709" testName="StudyJet.API.Tests.ServiceTests.CourseServiceTest.GetAllAsync_ReturnsEmptyList_WhenNoCoursesExist" computerName="BHASBENZ" duration="00:00:00.0009338" startTime="2025-05-10T15:46:17.6283156+02:00" endTime="2025-05-10T15:46:17.6283157+02:00" testType="13cdc9d9-ddb5-4fa4-a97d-d965ccfc6d4b" outcome="Passed" testListId="8c84fa94-04c1-424b-9868-57a2d4851a1d" relativeResultsDirectory="6a3a3d61-80ad-4a1a-8f82-386dca3693de" />
    <UnitTestResult executionId="f658f2fd-2dcd-4705-b4fb-7e893e23c3d8" testId="f71e3d66-56fa-bda9-ddc8-466c98b060e3" testName="StudyJet.API.Tests.ServiceTests.CourseServiceTest.GetByIdAsync_ReturnsUpdatedCourse_WhenUpdateExists" computerName="BHASBENZ" duration="00:00:00.0049009" startTime="2025-05-10T15:46:17.5708104+02:00" endTime="2025-05-10T15:46:17.5708105+02:00" testType="13cdc9d9-ddb5-4fa4-a97d-d965ccfc6d4b" outcome="Passed" testListId="8c84fa94-04c1-424b-9868-57a2d4851a1d" relativeResultsDirectory="f658f2fd-2dcd-4705-b4fb-7e893e23c3d8" />
    <UnitTestResult executionId="81bd6935-a14f-46e5-9b8f-331e305f8e71" testId="b3e640f4-fd3b-4b3f-fef5-5d361c675e6d" testName="StudyJet.API.Tests.ServiceTests.CategoryServiceTest.AddAsync_ThrowsException_WhenInsertFails" computerName="BHASBENZ" duration="00:00:00.0032713" startTime="2025-05-10T15:46:17.4821627+02:00" endTime="2025-05-10T15:46:17.4821628+02:00" testType="13cdc9d9-ddb5-4fa4-a97d-d965ccfc6d4b" outcome="Passed" testListId="8c84fa94-04c1-424b-9868-57a2d4851a1d" relativeResultsDirectory="81bd6935-a14f-46e5-9b8f-331e305f8e71" />
    <UnitTestResult executionId="49213d5c-5f26-4ec5-83d6-a1346304fa21" testId="de13656f-5f16-52cb-da97-3ffc5fa93774" testName="StudyJet.API.Tests.ServiceTests.CategoryServiceTest.UpdateAsync_UpdatesCategory_WhenCategoryExists" computerName="BHASBENZ" duration="00:00:00.0056927" startTime="2025-05-10T15:46:17.4878926+02:00" endTime="2025-05-10T15:46:17.4878928+02:00" testType="13cdc9d9-ddb5-4fa4-a97d-d965ccfc6d4b" outcome="Passed" testListId="8c84fa94-04c1-424b-9868-57a2d4851a1d" relativeResultsDirectory="49213d5c-5f26-4ec5-83d6-a1346304fa21" />
    <UnitTestResult executionId="997692ed-7980-484f-8f32-745c4aade62b" testId="258e4244-8686-b06e-f707-26e52cd3d460" testName="StudyJet.API.Tests.ServiceTests.CategoryServiceTest.GetByIdAsync_ReturnsCategoryResponseDTO_WhenCategoryExists" computerName="BHASBENZ" duration="00:00:00.0047198" startTime="2025-05-10T15:46:17.4764905+02:00" endTime="2025-05-10T15:46:17.4764907+02:00" testType="13cdc9d9-ddb5-4fa4-a97d-d965ccfc6d4b" outcome="Passed" testListId="8c84fa94-04c1-424b-9868-57a2d4851a1d" relativeResultsDirectory="997692ed-7980-484f-8f32-745c4aade62b" />
    <UnitTestResult executionId="74e4169f-53a7-446d-ad65-cbab911affa0" testId="12110751-cec5-829a-8231-c1d0ad71aab4" testName="StudyJet.API.Tests.RepositoryTests.CourseRepoTest.DeleteAsync_WithValidCourseId_DeletesCourseAndReturnsTrue" computerName="BHASBENZ" duration="00:00:00.0188403" startTime="2025-05-10T15:46:18.3738474+02:00" endTime="2025-05-10T15:46:18.3738477+02:00" testType="13cdc9d9-ddb5-4fa4-a97d-d965ccfc6d4b" outcome="Passed" testListId="8c84fa94-04c1-424b-9868-57a2d4851a1d" relativeResultsDirectory="74e4169f-53a7-446d-ad65-cbab911affa0" />
    <UnitTestResult executionId="05e5aee2-7246-4623-83c5-0c9d36e9c93c" testId="96b63aca-f9eb-a171-f439-a4dbc33ce580" testName="StudyJet.API.Tests.RepositoryTests.CourseRepoTest.SearchCoursesAsync_WithNonMatchingQuery_ReturnsEmptyList" computerName="BHASBENZ" duration="00:00:00.0189257" startTime="2025-05-10T15:46:18.2348210+02:00" endTime="2025-05-10T15:46:18.2348212+02:00" testType="13cdc9d9-ddb5-4fa4-a97d-d965ccfc6d4b" outcome="Passed" testListId="8c84fa94-04c1-424b-9868-57a2d4851a1d" relativeResultsDirectory="05e5aee2-7246-4623-83c5-0c9d36e9c93c" />
    <UnitTestResult executionId="92ffd874-0714-4c39-85cc-fb12779b3886" testId="9be9f8e0-74c9-35e7-9b5a-a7e08e98223e" testName="StudyJet.API.Tests.ServiceTests.CourseServiceTest.GetCourseForUpdateAsync_ReturnsNull_WhenCourseDoesNotExistOrInstructorDoesNotOwnIt" computerName="BHASBENZ" duration="00:00:00.0024546" startTime="2025-05-10T15:46:17.5541401+02:00" endTime="2025-05-10T15:46:17.5541402+02:00" testType="13cdc9d9-ddb5-4fa4-a97d-d965ccfc6d4b" outcome="Passed" testListId="8c84fa94-04c1-424b-9868-57a2d4851a1d" relativeResultsDirectory="92ffd874-0714-4c39-85cc-fb12779b3886" />
    <UnitTestResult executionId="e00960ae-fa2c-4daa-a65c-57c07cab5d3a" testId="bc8b2ba6-7560-66da-18de-6bf7310d2a19" testName="StudyJet.API.Tests.ControllerTests.AuthControllerTests.RegisterInstructor_ReturnsBadRequest_WhenFailed" computerName="BHASBENZ" duration="00:00:00.0025969" startTime="2025-05-10T15:46:17.6850326+02:00" endTime="2025-05-10T15:46:17.6850326+02:00" testType="13cdc9d9-ddb5-4fa4-a97d-d965ccfc6d4b" outcome="Passed" testListId="8c84fa94-04c1-424b-9868-57a2d4851a1d" relativeResultsDirectory="e00960ae-fa2c-4daa-a65c-57c07cab5d3a" />
    <UnitTestResult executionId="7df730ac-2342-4bbf-a119-8e28b0852257" testId="446cbc81-927a-2b07-7683-15dc5deab96f" testName="StudyJet.API.Tests.ServiceTests.FileStorageServiceTest.SaveImageAsync_ShouldThrowArgumentException_WhenFileIsNullOrEmpty" computerName="BHASBENZ" duration="00:00:00.0022476" startTime="2025-05-10T15:46:17.5468212+02:00" endTime="2025-05-10T15:46:17.5468213+02:00" testType="13cdc9d9-ddb5-4fa4-a97d-d965ccfc6d4b" outcome="Passed" testListId="8c84fa94-04c1-424b-9868-57a2d4851a1d" relativeResultsDirectory="7df730ac-2342-4bbf-a119-8e28b0852257" />
    <UnitTestResult executionId="5a384130-d533-4d46-a7fd-8f156e8c0d32" testId="1eb9fc06-23e2-b42c-07f7-98108527f980" testName="StudyJet.API.Tests.ServiceTests.UserServiceTest.RegisterInstructorAsync_ReturnsFailure_WhenUsernameAlreadyExists" computerName="BHASBENZ" duration="00:00:00.0018618" startTime="2025-05-10T15:46:17.6637178+02:00" endTime="2025-05-10T15:46:17.6637179+02:00" testType="13cdc9d9-ddb5-4fa4-a97d-d965ccfc6d4b" outcome="Passed" testListId="8c84fa94-04c1-424b-9868-57a2d4851a1d" relativeResultsDirectory="5a384130-d533-4d46-a7fd-8f156e8c0d32" />
    <UnitTestResult executionId="9a714dc5-6fda-48fa-8420-43eb3a1806a2" testId="d3b487e5-9478-917b-7f98-f69aa1a02076" testName="StudyJet.API.Tests.RepositoryTests.UserRepoTest.SelectByEmailAsync_ReturnsNull_WhenEmailDoesNotExist" computerName="BHASBENZ" duration="00:00:00.0272572" startTime="2025-05-10T15:46:18.0817934+02:00" endTime="2025-05-10T15:46:18.0817934+02:00" testType="13cdc9d9-ddb5-4fa4-a97d-d965ccfc6d4b" outcome="Passed" testListId="8c84fa94-04c1-424b-9868-57a2d4851a1d" relativeResultsDirectory="9a714dc5-6fda-48fa-8420-43eb3a1806a2" />
    <UnitTestResult executionId="96b65dbb-c429-423b-ab18-c813cf13240e" testId="d3dda3bf-5671-5cc1-9af1-ec633b69861e" testName="StudyJet.API.Tests.RepositoryTests.CourseRepoTest.SelectTotalCoursesByInstructorIdAsync_WithValidInstructorId_ReturnsCorrectCount" computerName="BHASBENZ" duration="00:00:00.0033825" startTime="2025-05-10T15:46:18.2912986+02:00" endTime="2025-05-10T15:46:18.2912989+02:00" testType="13cdc9d9-ddb5-4fa4-a97d-d965ccfc6d4b" outcome="Passed" testListId="8c84fa94-04c1-424b-9868-57a2d4851a1d" relativeResultsDirectory="96b65dbb-c429-423b-ab18-c813cf13240e" />
    <UnitTestResult executionId="fc0fe4e9-8cd5-4573-88c3-90412a071930" testId="82865ef5-223e-e172-081c-0d2e4554cac5" testName="StudyJet.API.Tests.ServiceTests.NotificationServiceTest.NotifyAdminForCourseAdditionOrUpdateAsync_ShouldThrowException_WhenInstructorNotFound" computerName="BHASBENZ" duration="00:00:00.0013165" startTime="2025-05-10T15:46:17.5788296+02:00" endTime="2025-05-10T15:46:17.5788297+02:00" testType="13cdc9d9-ddb5-4fa4-a97d-d965ccfc6d4b" outcome="Passed" testListId="8c84fa94-04c1-424b-9868-57a2d4851a1d" relativeResultsDirectory="fc0fe4e9-8cd5-4573-88c3-90412a071930" />
    <UnitTestResult executionId="226939af-42d5-48e9-bc54-21180354b8ec" testId="72f95707-286d-1651-07a7-6294cb1e50d2" testName="StudyJet.API.Tests.RepositoryTests.CourseRepoTest.SelectPendingCourseUpdateAsync_WithNoPendingUpdate_ReturnsNull" computerName="BHASBENZ" duration="00:00:00.0043872" startTime="2025-05-10T15:46:18.2611061+02:00" endTime="2025-05-10T15:46:18.2611064+02:00" testType="13cdc9d9-ddb5-4fa4-a97d-d965ccfc6d4b" outcome="Passed" testListId="8c84fa94-04c1-424b-9868-57a2d4851a1d" relativeResultsDirectory="226939af-42d5-48e9-bc54-21180354b8ec" />
    <UnitTestResult executionId="e4b4195d-915d-415e-a8de-1ca526497557" testId="ba911d44-58f8-b81c-1f82-a0621d6354da" testName="StudyJet.API.Tests.RepositoryTests.CategoryRepoTest.SelectByIdAsync_ReturnsCategoryWithApprovedCourses_WhenExists" computerName="BHASBENZ" duration="00:00:00.6851884" startTime="2025-05-10T15:46:18.0845198+02:00" endTime="2025-05-10T15:46:18.0845200+02:00" testType="13cdc9d9-ddb5-4fa4-a97d-d965ccfc6d4b" outcome="Passed" testListId="8c84fa94-04c1-424b-9868-57a2d4851a1d" relativeResultsDirectory="e4b4195d-915d-415e-a8de-1ca526497557" />
    <UnitTestResult executionId="1340eb23-1deb-462b-8ed8-cf80d3b63a02" testId="ab0a7420-3b35-0e07-03f2-f3d9e4837503" testName="StudyJet.API.Tests.ControllerTests.CategoryControllerTest.AddCategory_ReturnsCreatedAtAction_WhenCategoryIsCreatedSuccessfully" computerName="BHASBENZ" duration="00:00:00.0031619" startTime="2025-05-10T15:46:17.4775029+02:00" endTime="2025-05-10T15:46:17.4775030+02:00" testType="13cdc9d9-ddb5-4fa4-a97d-d965ccfc6d4b" outcome="Passed" testListId="8c84fa94-04c1-424b-9868-57a2d4851a1d" relativeResultsDirectory="1340eb23-1deb-462b-8ed8-cf80d3b63a02" />
    <UnitTestResult executionId="e28f4311-9521-48ca-9a4a-2bcf746c6055" testId="fc37987b-cfa8-dd10-eeeb-e0bf079ab3c5" testName="StudyJet.API.Tests.ControllerTests.CourseControllerTest.Search_ShouldReturnBadRequest_WhenQueryIsInvalid(query: &quot;a&quot;)" computerName="BHASBENZ" duration="00:00:00.0004988" startTime="2025-05-10T15:46:17.5575692+02:00" endTime="2025-05-10T15:46:17.5575693+02:00" testType="13cdc9d9-ddb5-4fa4-a97d-d965ccfc6d4b" outcome="Passed" testListId="8c84fa94-04c1-424b-9868-57a2d4851a1d" relativeResultsDirectory="e28f4311-9521-48ca-9a4a-2bcf746c6055" />
    <UnitTestResult executionId="aeb2a31d-ed62-4a34-955d-f3a6a24d7e1a" testId="0dcb01c4-adfb-f2fd-713e-b999188cf5eb" testName="StudyJet.API.Tests.ServiceTests.AuthServiceTest.ForgotPasswordAsync_ReturnsFalse_WhenUserDoesNotExist" computerName="BHASBENZ" duration="00:00:00.0007718" startTime="2025-05-10T15:46:17.8036978+02:00" endTime="2025-05-10T15:46:17.8036979+02:00" testType="13cdc9d9-ddb5-4fa4-a97d-d965ccfc6d4b" outcome="Passed" testListId="8c84fa94-04c1-424b-9868-57a2d4851a1d" relativeResultsDirectory="aeb2a31d-ed62-4a34-955d-f3a6a24d7e1a" />
    <UnitTestResult executionId="280ae239-3041-4d5c-b691-b07a721bf583" testId="b5498d8b-977f-6b54-2e67-e71a9801fae1" testName="StudyJet.API.Tests.ControllerTests.WishlistControllerTest.RemoveFromWishlist_ShouldReturnUnauthorized_WhenUserIsNotAuthenticated" computerName="BHASBENZ" duration="00:00:00.0007246" startTime="2025-05-10T15:46:17.5674618+02:00" endTime="2025-05-10T15:46:17.5674619+02:00" testType="13cdc9d9-ddb5-4fa4-a97d-d965ccfc6d4b" outcome="Passed" testListId="8c84fa94-04c1-424b-9868-57a2d4851a1d" relativeResultsDirectory="280ae239-3041-4d5c-b691-b07a721bf583" />
    <UnitTestResult executionId="766f2ec1-f96a-4155-9c87-cf2e994ee9dd" testId="7b5adca5-1b16-0707-cc98-b3bf014ce63f" testName="StudyJet.API.Tests.ControllerTests.NotificationControllerTest.MarkNotificationAsRead_ShouldReturnOk_WhenNotificationIsMarkedAsReadSuccessfully" computerName="BHASBENZ" duration="00:00:00.0056329" startTime="2025-05-10T15:46:17.5499274+02:00" endTime="2025-05-10T15:46:17.5499276+02:00" testType="13cdc9d9-ddb5-4fa4-a97d-d965ccfc6d4b" outcome="Passed" testListId="8c84fa94-04c1-424b-9868-57a2d4851a1d" relativeResultsDirectory="766f2ec1-f96a-4155-9c87-cf2e994ee9dd" />
    <UnitTestResult executionId="35fc5ef0-9885-4316-83b9-55d7b7f05c02" testId="520cea6c-f5db-1385-93fa-5c415173d0f0" testName="StudyJet.API.Tests.RepositoryTests.CourseRepoTest.SelectTotalCoursesAsync_ReturnsCorrectCount_WhenCoursesExist" computerName="BHASBENZ" duration="00:00:00.0010514" startTime="2025-05-10T15:46:18.2133629+02:00" endTime="2025-05-10T15:46:18.2133630+02:00" testType="13cdc9d9-ddb5-4fa4-a97d-d965ccfc6d4b" outcome="Passed" testListId="8c84fa94-04c1-424b-9868-57a2d4851a1d" relativeResultsDirectory="35fc5ef0-9885-4316-83b9-55d7b7f05c02" />
    <UnitTestResult executionId="79c476e9-a185-45d5-8341-5227a9c3fb46" testId="a6b88e73-ac03-48e1-4c3c-2524f496de18" testName="StudyJet.API.Tests.ControllerTests.CartControllerTest.MoveToWishlist_CourseAlreadyInWishlist_ReturnsBadRequest" computerName="BHASBENZ" duration="00:00:00.0693237" startTime="2025-05-10T15:46:17.5511803+02:00" endTime="2025-05-10T15:46:17.5511804+02:00" testType="13cdc9d9-ddb5-4fa4-a97d-d965ccfc6d4b" outcome="Passed" testListId="8c84fa94-04c1-424b-9868-57a2d4851a1d" relativeResultsDirectory="79c476e9-a185-45d5-8341-5227a9c3fb46" />
    <UnitTestResult executionId="747eb2c2-88da-406b-82c3-8dd61aa2d1d6" testId="278243ea-6dce-a81f-0891-0bb9a03f8a52" testName="StudyJet.API.Tests.ControllerTests.UserPurchaseCourseControllerTest.GetSuggestedCourses_ShouldReturnOkWithSuggestedCourses_WhenCoursesExist" computerName="BHASBENZ" duration="00:00:00.1836327" startTime="2025-05-10T15:46:17.5828586+02:00" endTime="2025-05-10T15:46:17.5828587+02:00" testType="13cdc9d9-ddb5-4fa4-a97d-d965ccfc6d4b" outcome="Passed" testListId="8c84fa94-04c1-424b-9868-57a2d4851a1d" relativeResultsDirectory="747eb2c2-88da-406b-82c3-8dd61aa2d1d6" />
    <UnitTestResult executionId="720de0d6-9947-4226-9083-dfa10810d135" testId="bffa3255-5e9a-0774-4fe8-a20e6519e0ca" testName="StudyJet.API.Tests.ServiceTests.CourseServiceTest.GetPendingCoursesAsync_ReturnsCourses_WhenRepositoryReturnsCourses" computerName="BHASBENZ" duration="00:00:00.0007862" startTime="2025-05-10T15:46:17.6178348+02:00" endTime="2025-05-10T15:46:17.6178349+02:00" testType="13cdc9d9-ddb5-4fa4-a97d-d965ccfc6d4b" outcome="Passed" testListId="8c84fa94-04c1-424b-9868-57a2d4851a1d" relativeResultsDirectory="720de0d6-9947-4226-9083-dfa10810d135" />
    <UnitTestResult executionId="6d2e3d3a-d140-4a0b-9dc3-8b0253c5b3da" testId="30e8ba7b-f65e-648f-5c4a-a11d6f38943c" testName="StudyJet.API.Tests.ControllerTests.NotificationControllerTest.MarkNotificationAsRead_ShouldReturnUnauthorized_WhenUserIsNotAuthenticated" computerName="BHASBENZ" duration="00:00:00.0005354" startTime="2025-05-10T15:46:17.5538839+02:00" endTime="2025-05-10T15:46:17.5538841+02:00" testType="13cdc9d9-ddb5-4fa4-a97d-d965ccfc6d4b" outcome="Passed" testListId="8c84fa94-04c1-424b-9868-57a2d4851a1d" relativeResultsDirectory="6d2e3d3a-d140-4a0b-9dc3-8b0253c5b3da" />
    <UnitTestResult executionId="fe5acdeb-8fb5-4a7c-8ff9-a5c7b75ec5c2" testId="751acf85-be50-97cc-4c26-6ba611e1dfe3" testName="StudyJet.API.Tests.RepositoryTests.CourseRepoTest.SelectPendingCoursesAsync_WhenNoPendingCoursesExist_ReturnsEmptyList" computerName="BHASBENZ" duration="00:00:00.0045159" startTime="2025-05-10T15:46:18.3498221+02:00" endTime="2025-05-10T15:46:18.3498224+02:00" testType="13cdc9d9-ddb5-4fa4-a97d-d965ccfc6d4b" outcome="Passed" testListId="8c84fa94-04c1-424b-9868-57a2d4851a1d" relativeResultsDirectory="fe5acdeb-8fb5-4a7c-8ff9-a5c7b75ec5c2" />
    <UnitTestResult executionId="3a8a7f63-8ede-4c5b-8bf6-2c7f0c8611bc" testId="0a6da548-6b15-1307-3cfa-e16e5e9fe386" testName="StudyJet.API.Tests.ControllerTests.AuthControllerTests.ChangePassword_ShouldReturnBadRequest_WhenCurrentPasswordIsIncorrect" computerName="BHASBENZ" duration="00:00:00.0035279" startTime="2025-05-10T15:46:17.6243374+02:00" endTime="2025-05-10T15:46:17.6243375+02:00" testType="13cdc9d9-ddb5-4fa4-a97d-d965ccfc6d4b" outcome="Passed" testListId="8c84fa94-04c1-424b-9868-57a2d4851a1d" relativeResultsDirectory="3a8a7f63-8ede-4c5b-8bf6-2c7f0c8611bc" />
    <UnitTestResult executionId="358752be-10b2-47fb-a243-1ed3d127494a" testId="d1263ada-1330-3ab1-121a-1307509e8dbe" testName="StudyJet.API.Tests.ServiceTests.EmailServiceTest.SendConfirmationEmailAsync_ReturnsFailure_WhenConfigValuesMissing" computerName="BHASBENZ" duration="00:00:00.0006211" startTime="2025-05-10T15:46:17.5050327+02:00" endTime="2025-05-10T15:46:17.5050328+02:00" testType="13cdc9d9-ddb5-4fa4-a97d-d965ccfc6d4b" outcome="Passed" testListId="8c84fa94-04c1-424b-9868-57a2d4851a1d" relativeResultsDirectory="358752be-10b2-47fb-a243-1ed3d127494a" />
    <UnitTestResult executionId="e57819c0-307f-4d05-b243-a681348cbd4b" testId="ab06cc7d-d3d6-e64b-24ea-edefcf65a512" testName="StudyJet.API.Tests.ServiceTests.CourseServiceTest.GetEnrolledStudentsByCourseIdAsync_ReturnsEnrolledStudents_WhenCourseHasStudents" computerName="BHASBENZ" duration="00:00:00.0015314" startTime="2025-05-10T15:46:17.5887391+02:00" endTime="2025-05-10T15:46:17.5887392+02:00" testType="13cdc9d9-ddb5-4fa4-a97d-d965ccfc6d4b" outcome="Passed" testListId="8c84fa94-04c1-424b-9868-57a2d4851a1d" relativeResultsDirectory="e57819c0-307f-4d05-b243-a681348cbd4b" />
    <UnitTestResult executionId="ca80db47-5cb8-4d59-aefb-3c86d2a7982e" testId="c4465975-30f6-b1a6-7660-7c450743394f" testName="StudyJet.API.Tests.ServiceTests.CourseServiceTest.SearchCoursesAsync_ReturnsEmptyList_WhenRepositoryReturnsEmpty" computerName="BHASBENZ" duration="00:00:00.0020762" startTime="2025-05-10T15:46:17.5908584+02:00" endTime="2025-05-10T15:46:17.5908586+02:00" testType="13cdc9d9-ddb5-4fa4-a97d-d965ccfc6d4b" outcome="Passed" testListId="8c84fa94-04c1-424b-9868-57a2d4851a1d" relativeResultsDirectory="ca80db47-5cb8-4d59-aefb-3c86d2a7982e" />
    <UnitTestResult executionId="76508cfa-7f34-41df-a725-f621a49a30a3" testId="bda718a8-11c3-0223-8818-c26577e6bd3c" testName="StudyJet.API.Tests.RepositoryTests.CourseRepoTest.RejectPendingUpdatesAsync_WhenNoPendingUpdateExists_ReturnsFalse" computerName="BHASBENZ" duration="00:00:00.0008244" startTime="2025-05-10T15:46:18.3452630+02:00" endTime="2025-05-10T15:46:18.3452631+02:00" testType="13cdc9d9-ddb5-4fa4-a97d-d965ccfc6d4b" outcome="Passed" testListId="8c84fa94-04c1-424b-9868-57a2d4851a1d" relativeResultsDirectory="76508cfa-7f34-41df-a725-f621a49a30a3" />
    <UnitTestResult executionId="f99c4a41-57cd-4b92-a7c7-090ad2d81f14" testId="c8d67a1a-0bfb-23b6-47a6-117589e1e205" testName="StudyJet.API.Tests.RepositoryTests.WishlistRepoTest.InsertCourseToWishlistAsync_ReturnsFalse_WhenCourseAlreadyInWishlist" computerName="BHASBENZ" duration="00:00:00.0067365" startTime="2025-05-10T15:46:18.1386953+02:00" endTime="2025-05-10T15:46:18.1386954+02:00" testType="13cdc9d9-ddb5-4fa4-a97d-d965ccfc6d4b" outcome="Passed" testListId="8c84fa94-04c1-424b-9868-57a2d4851a1d" relativeResultsDirectory="f99c4a41-57cd-4b92-a7c7-090ad2d81f14" />
    <UnitTestResult executionId="68acbc1a-6aca-4868-9e18-0a95e7f13dae" testId="0351110a-2003-fbfb-72e1-9a197fc89eb8" testName="StudyJet.API.Tests.ControllerTests.NotificationControllerTest.NotifyInstructorOnCourseStatus_ShouldReturnBadRequest_WhenFieldsAreMissing" computerName="BHASBENZ" duration="00:00:00.0008185" startTime="2025-05-10T15:46:17.5442729+02:00" endTime="2025-05-10T15:46:17.5442730+02:00" testType="13cdc9d9-ddb5-4fa4-a97d-d965ccfc6d4b" outcome="Passed" testListId="8c84fa94-04c1-424b-9868-57a2d4851a1d" relativeResultsDirectory="68acbc1a-6aca-4868-9e18-0a95e7f13dae" />
    <UnitTestResult executionId="f97b2331-8174-4363-af0c-2145c43d936a" testId="6c9445b0-d167-6baf-5c36-da12aa3a3446" testName="StudyJet.API.Tests.ServiceTests.WishlistServiceTest.IsCourseInWishlistAsync_CourseInWishlist_ReturnsTrue" computerName="BHASBENZ" duration="00:00:00.0011564" startTime="2025-05-10T15:46:17.4780588+02:00" endTime="2025-05-10T15:46:17.4780589+02:00" testType="13cdc9d9-ddb5-4fa4-a97d-d965ccfc6d4b" outcome="Passed" testListId="8c84fa94-04c1-424b-9868-57a2d4851a1d" relativeResultsDirectory="f97b2331-8174-4363-af0c-2145c43d936a" />
    <UnitTestResult executionId="16b058a6-06f9-4c22-ba82-79a4b4467388" testId="fce0fa63-c667-0584-bc3c-e609a5b13271" testName="StudyJet.API.Tests.ServiceTests.AuthServiceTest.RegisterUserAsync_EmailAlreadyExists_ReturnsEmailInUserError" computerName="BHASBENZ" duration="00:00:00.0007515" startTime="2025-05-10T15:46:17.8845693+02:00" endTime="2025-05-10T15:46:17.8845694+02:00" testType="13cdc9d9-ddb5-4fa4-a97d-d965ccfc6d4b" outcome="Passed" testListId="8c84fa94-04c1-424b-9868-57a2d4851a1d" relativeResultsDirectory="16b058a6-06f9-4c22-ba82-79a4b4467388" />
    <UnitTestResult executionId="5b95f8e6-d282-4429-b74b-9a4a0907cd13" testId="230130f7-297c-e0f1-b879-99e4da61fa09" testName="StudyJet.API.Tests.ServiceTests.CourseServiceTest.GetApprovedCoursesAsync_ReturnsEmptyList_WhenRepositoryReturnsEmptyList" computerName="BHASBENZ" duration="00:00:00.0004583" startTime="2025-05-10T15:46:17.6020871+02:00" endTime="2025-05-10T15:46:17.6020872+02:00" testType="13cdc9d9-ddb5-4fa4-a97d-d965ccfc6d4b" outcome="Passed" testListId="8c84fa94-04c1-424b-9868-57a2d4851a1d" relativeResultsDirectory="5b95f8e6-d282-4429-b74b-9a4a0907cd13" />
    <UnitTestResult executionId="b9442070-d51c-48f2-9041-a929186561e6" testId="15fadd33-0f83-c93f-26af-da0eea83e7c0" testName="StudyJet.API.Tests.ServiceTests.CourseServiceTest.ExistsAsync_ReturnsFalse_WhenCourseDoesNotExist" computerName="BHASBENZ" duration="00:00:00.0020583" startTime="2025-05-10T15:46:17.5746749+02:00" endTime="2025-05-10T15:46:17.5746751+02:00" testType="13cdc9d9-ddb5-4fa4-a97d-d965ccfc6d4b" outcome="Passed" testListId="8c84fa94-04c1-424b-9868-57a2d4851a1d" relativeResultsDirectory="b9442070-d51c-48f2-9041-a929186561e6" />
    <UnitTestResult executionId="6aed2ca0-7a95-4c5a-a9f7-e190d9c89280" testId="023e9876-b001-6fba-aa90-f5f0c64fd03b" testName="StudyJet.API.Tests.RepositoryTests.UserRepoTest.CountUsersByRoleAsync_ShouldReturnZero_WhenRoleDoesNotExist" computerName="BHASBENZ" duration="00:00:00.0384415" startTime="2025-05-10T15:46:18.1253505+02:00" endTime="2025-05-10T15:46:18.1253506+02:00" testType="13cdc9d9-ddb5-4fa4-a97d-d965ccfc6d4b" outcome="Passed" testListId="8c84fa94-04c1-424b-9868-57a2d4851a1d" relativeResultsDirectory="6aed2ca0-7a95-4c5a-a9f7-e190d9c89280" />
    <UnitTestResult executionId="2bf1a4be-bce8-41dc-adc9-775bb905f9fc" testId="e3954466-ac55-f282-6c66-a95f1d617adc" testName="StudyJet.API.Tests.ControllerTests.AuthControllerTests.ResetPassword_ShouldReturnOk_WhenPasswordResetSucceeds" computerName="BHASBENZ" duration="00:00:00.0019248" startTime="2025-05-10T15:46:17.6963010+02:00" endTime="2025-05-10T15:46:17.6963011+02:00" testType="13cdc9d9-ddb5-4fa4-a97d-d965ccfc6d4b" outcome="Passed" testListId="8c84fa94-04c1-424b-9868-57a2d4851a1d" relativeResultsDirectory="2bf1a4be-bce8-41dc-adc9-775bb905f9fc" />
    <UnitTestResult executionId="bacd4562-d49e-4057-96ac-c30826a0dcf5" testId="30b7fa7d-6f47-b42c-1715-c193d687c948" testName="StudyJet.API.Tests.ServiceTests.UserServiceTest.GetUserRolesAsync_UserHasNoRoles_ReturnsEmptyList" computerName="BHASBENZ" duration="00:00:00.0023287" startTime="2025-05-10T15:46:17.6427421+02:00" endTime="2025-05-10T15:46:17.6427422+02:00" testType="13cdc9d9-ddb5-4fa4-a97d-d965ccfc6d4b" outcome="Passed" testListId="8c84fa94-04c1-424b-9868-57a2d4851a1d" relativeResultsDirectory="bacd4562-d49e-4057-96ac-c30826a0dcf5" />
    <UnitTestResult executionId="72abe7b7-c05a-4ace-9178-622bc0c72b82" testId="a1f8f5b1-8367-a3ae-5feb-8d3b8583ab9f" testName="StudyJet.API.Tests.ServiceTests.UserServiceTest.GetUserByRolesAsync_ReturnsUserAdminDTOList" computerName="BHASBENZ" duration="00:00:00.0013651" startTime="2025-05-10T15:46:17.6312978+02:00" endTime="2025-05-10T15:46:17.6312978+02:00" testType="13cdc9d9-ddb5-4fa4-a97d-d965ccfc6d4b" outcome="Passed" testListId="8c84fa94-04c1-424b-9868-57a2d4851a1d" relativeResultsDirectory="72abe7b7-c05a-4ace-9178-622bc0c72b82" />
    <UnitTestResult executionId="8106cd14-afba-4c4f-ba0a-8609e2aac05a" testId="15afc427-565c-ddd1-318c-2eeea5a1bba6" testName="StudyJet.API.Tests.ControllerTests.CategoryControllerTest.UpdateCategory_ReturnsBadRequest_WhenUpdateIsNotAllowed" computerName="BHASBENZ" duration="00:00:00.0567053" startTime="2025-05-10T15:46:17.4616762+02:00" endTime="2025-05-10T15:46:17.4616995+02:00" testType="13cdc9d9-ddb5-4fa4-a97d-d965ccfc6d4b" outcome="Passed" testListId="8c84fa94-04c1-424b-9868-57a2d4851a1d" relativeResultsDirectory="8106cd14-afba-4c4f-ba0a-8609e2aac05a" />
    <UnitTestResult executionId="cff6fbc7-3aa0-4103-b194-384cfa3bcdd9" testId="5e9a3480-2ebd-e735-a466-7810ed1aef77" testName="StudyJet.API.Tests.ServiceTests.CourseServiceTest.GetCourseForUpdateAsync_ReturnsCourse_WhenCourseExistsAndInstructorOwnsIt" computerName="BHASBENZ" duration="00:00:00.0039260" startTime="2025-05-10T15:46:17.5812544+02:00" endTime="2025-05-10T15:46:17.5812546+02:00" testType="13cdc9d9-ddb5-4fa4-a97d-d965ccfc6d4b" outcome="Passed" testListId="8c84fa94-04c1-424b-9868-57a2d4851a1d" relativeResultsDirectory="cff6fbc7-3aa0-4103-b194-384cfa3bcdd9" />
    <UnitTestResult executionId="352e2cf7-169d-4eff-a56d-15a00da56409" testId="0a4717ee-74d8-b47a-942e-85402ebb7c56" testName="StudyJet.API.Tests.ServiceTests.EmailServiceTest.SendConfirmationEmailAsync_ReturnsFailure_WhenInputIsInvalid(email: null, link: &quot;http://example.com&quot;)" computerName="BHASBENZ" duration="00:00:00.0000163" startTime="2025-05-10T15:46:17.5043456+02:00" endTime="2025-05-10T15:46:17.5043457+02:00" testType="13cdc9d9-ddb5-4fa4-a97d-d965ccfc6d4b" outcome="Passed" testListId="8c84fa94-04c1-424b-9868-57a2d4851a1d" relativeResultsDirectory="352e2cf7-169d-4eff-a56d-15a00da56409" />
    <UnitTestResult executionId="c566e41b-72b7-4634-a6dc-20ff5093f2f1" testId="9180ce6b-77d3-22dd-c74d-ff78aa0e8f9e" testName="StudyJet.API.Tests.ServiceTests.CourseServiceTest.GetEnrolledStudentsByCourseIdAsync_ReturnsEmptyList_WhenNoStudentsAreEnrolled" computerName="BHASBENZ" duration="00:00:00.0025025" startTime="2025-05-10T15:46:17.5772296+02:00" endTime="2025-05-10T15:46:17.5772296+02:00" testType="13cdc9d9-ddb5-4fa4-a97d-d965ccfc6d4b" outcome="Passed" testListId="8c84fa94-04c1-424b-9868-57a2d4851a1d" relativeResultsDirectory="c566e41b-72b7-4634-a6dc-20ff5093f2f1" />
    <UnitTestResult executionId="029ca751-99b1-41bf-923a-fa4762d06fd2" testId="1e8ce3de-7334-3a9a-37d6-7ffab1030452" testName="StudyJet.API.Tests.ServiceTests.WishlistServiceTest.IsCourseInWishlistAsync_CourseNotInWishlist_ReturnsFalse" computerName="BHASBENZ" duration="00:00:00.0016082" startTime="2025-05-10T15:46:17.4746305+02:00" endTime="2025-05-10T15:46:17.4746305+02:00" testType="13cdc9d9-ddb5-4fa4-a97d-d965ccfc6d4b" outcome="Passed" testListId="8c84fa94-04c1-424b-9868-57a2d4851a1d" relativeResultsDirectory="029ca751-99b1-41bf-923a-fa4762d06fd2" />
    <UnitTestResult executionId="a8ab5d3e-a634-4d2e-887e-7ca784259d44" testId="9e45d5de-b6d7-885c-0c1a-786635c3ac2f" testName="StudyJet.API.Tests.RepositoryTests.CourseRepoTest.SelectCourseUpdatesByStatusAsync_WhenStatusIsValid_ReturnsCorrectCourseUpdates" computerName="BHASBENZ" duration="00:00:00.0171777" startTime="2025-05-10T15:46:18.3919218+02:00" endTime="2025-05-10T15:46:18.3919221+02:00" testType="13cdc9d9-ddb5-4fa4-a97d-d965ccfc6d4b" outcome="Passed" testListId="8c84fa94-04c1-424b-9868-57a2d4851a1d" relativeResultsDirectory="a8ab5d3e-a634-4d2e-887e-7ca784259d44" />
    <UnitTestResult executionId="3b4de50e-00ba-4a53-a979-5cb598c47c83" testId="2fb63336-32da-131f-62ce-aa6a957662b3" testName="StudyJet.API.Tests.RepositoryTests.CourseRepoTest.SelectByIdsAsync_WhenNoMatchingCourseIds_ReturnsEmptyList" computerName="BHASBENZ" duration="00:00:00.0178440" startTime="2025-05-10T15:46:18.4207972+02:00" endTime="2025-05-10T15:46:18.4207976+02:00" testType="13cdc9d9-ddb5-4fa4-a97d-d965ccfc6d4b" outcome="Passed" testListId="8c84fa94-04c1-424b-9868-57a2d4851a1d" relativeResultsDirectory="3b4de50e-00ba-4a53-a979-5cb598c47c83" />
    <UnitTestResult executionId="6f8c7b7a-2b04-45c6-8be3-c11a8bba0e12" testId="79f79b3b-0c7f-5341-bec3-147e8a8c8f9f" testName="StudyJet.API.Tests.ControllerTests.AuthControllerTests.VerifyTwoFactorLogin_ReturnsBadRequest_WhenUserNotFound" computerName="BHASBENZ" duration="00:00:00.0011122" startTime="2025-05-10T15:46:17.6942564+02:00" endTime="2025-05-10T15:46:17.6942565+02:00" testType="13cdc9d9-ddb5-4fa4-a97d-d965ccfc6d4b" outcome="Passed" testListId="8c84fa94-04c1-424b-9868-57a2d4851a1d" relativeResultsDirectory="6f8c7b7a-2b04-45c6-8be3-c11a8bba0e12" />
    <UnitTestResult executionId="f230cff1-9b59-4999-8cda-80e70b086eb2" testId="7f808aa3-1a3e-9a79-c0bd-086a5a2579d2" testName="StudyJet.API.Tests.ServiceTests.AuthServiceTest.Disable2faAsync_ReturnsFalse_WhenUserDoesNotExist" computerName="BHASBENZ" duration="00:00:00.0007548" startTime="2025-05-10T15:46:17.7942452+02:00" endTime="2025-05-10T15:46:17.7942453+02:00" testType="13cdc9d9-ddb5-4fa4-a97d-d965ccfc6d4b" outcome="Passed" testListId="8c84fa94-04c1-424b-9868-57a2d4851a1d" relativeResultsDirectory="f230cff1-9b59-4999-8cda-80e70b086eb2" />
    <UnitTestResult executionId="31da1a03-38cd-4404-b48a-012508eba591" testId="04b32f80-74af-52cd-9ab5-3ff823b15218" testName="StudyJet.API.Tests.ControllerTests.AuthControllerTests.ChangePassword_ShouldReturnOk_WhenPasswordChangedSuccessfully" computerName="BHASBENZ" duration="00:00:00.0024711" startTime="2025-05-10T15:46:17.6395625+02:00" endTime="2025-05-10T15:46:17.6395627+02:00" testType="13cdc9d9-ddb5-4fa4-a97d-d965ccfc6d4b" outcome="Passed" testListId="8c84fa94-04c1-424b-9868-57a2d4851a1d" relativeResultsDirectory="31da1a03-38cd-4404-b48a-012508eba591" />
    <UnitTestResult executionId="7776cf09-9621-4b77-a126-1bb48ae7de2b" testId="2e0463dd-b0a7-93b5-aed4-e92283f288fa" testName="StudyJet.API.Tests.ServiceTests.UserServiceTest.GetUserByRolesAsync_ReturnsNull_WhenRepoReturnsNull" computerName="BHASBENZ" duration="00:00:00.0012548" startTime="2025-05-10T15:46:17.6324743+02:00" endTime="2025-05-10T15:46:17.6324744+02:00" testType="13cdc9d9-ddb5-4fa4-a97d-d965ccfc6d4b" outcome="Passed" testListId="8c84fa94-04c1-424b-9868-57a2d4851a1d" relativeResultsDirectory="7776cf09-9621-4b77-a126-1bb48ae7de2b" />
    <UnitTestResult executionId="ba94d8b1-8e30-4356-8975-d36362bea40c" testId="281d1394-1bd5-084f-32d8-e3920aed3b26" testName="StudyJet.API.Tests.ServiceTests.AuthServiceTest.RegisterUserAsync_UserCreationFails_ReturnsUserCreationError" computerName="BHASBENZ" duration="00:00:00.0019466" startTime="2025-05-10T15:46:17.8809962+02:00" endTime="2025-05-10T15:46:17.8809963+02:00" testType="13cdc9d9-ddb5-4fa4-a97d-d965ccfc6d4b" outcome="Passed" testListId="8c84fa94-04c1-424b-9868-57a2d4851a1d" relativeResultsDirectory="ba94d8b1-8e30-4356-8975-d36362bea40c" />
    <UnitTestResult executionId="d447557c-91bd-4fe5-861a-c824ea25a6be" testId="bb7f8eb5-9450-ab37-0f74-7123290f5cf5" testName="StudyJet.API.Tests.ControllerTests.UserControllerTest.CountStudents_ShouldReturnOk_WithStudentCount" computerName="BHASBENZ" duration="00:00:00.0014589" startTime="2025-05-10T15:46:17.5292910+02:00" endTime="2025-05-10T15:46:17.5292911+02:00" testType="13cdc9d9-ddb5-4fa4-a97d-d965ccfc6d4b" outcome="Passed" testListId="8c84fa94-04c1-424b-9868-57a2d4851a1d" relativeResultsDirectory="d447557c-91bd-4fe5-861a-c824ea25a6be" />
    <UnitTestResult executionId="9a837ec9-d910-4977-9e84-8b04d407b884" testId="30a407cc-63a6-0ebd-f86d-9b2fc6be9479" testName="StudyJet.API.Tests.ServiceTests.AuthServiceTest.Disable2faAsync_ReturnsTrue_WhenUserExistsAndUpdateSucceeds" computerName="BHASBENZ" duration="00:00:00.0024459" startTime="2025-05-10T15:46:17.7921765+02:00" endTime="2025-05-10T15:46:17.7921766+02:00" testType="13cdc9d9-ddb5-4fa4-a97d-d965ccfc6d4b" outcome="Passed" testListId="8c84fa94-04c1-424b-9868-57a2d4851a1d" relativeResultsDirectory="9a837ec9-d910-4977-9e84-8b04d407b884" />
    <UnitTestResult executionId="9f18c410-9b91-46fb-a703-f18844a2b49d" testId="072b6a97-f9b5-78c5-0985-e38a0dde712b" testName="StudyJet.API.Tests.ControllerTests.CourseControllerTest.SubmitUpdate_ShouldReturnForbid_WhenInstructorIsNotOwner" computerName="BHASBENZ" duration="00:00:00.0012816" startTime="2025-05-10T15:46:17.6366984+02:00" endTime="2025-05-10T15:46:17.6366985+02:00" testType="13cdc9d9-ddb5-4fa4-a97d-d965ccfc6d4b" outcome="Passed" testListId="8c84fa94-04c1-424b-9868-57a2d4851a1d" relativeResultsDirectory="9f18c410-9b91-46fb-a703-f18844a2b49d" />
    <UnitTestResult executionId="942983c9-ee16-4c82-aa66-49a20f07100d" testId="7003e643-6399-c3da-ad64-984ffffa52db" testName="StudyJet.API.Tests.RepositoryTests.CategoryRepoTest.ExistsAsync_ShouldReturnTrue_WhenCategoryExists" computerName="BHASBENZ" duration="00:00:00.0041256" startTime="2025-05-10T15:46:18.1194424+02:00" endTime="2025-05-10T15:46:18.1194424+02:00" testType="13cdc9d9-ddb5-4fa4-a97d-d965ccfc6d4b" outcome="Passed" testListId="8c84fa94-04c1-424b-9868-57a2d4851a1d" relativeResultsDirectory="942983c9-ee16-4c82-aa66-49a20f07100d" />
    <UnitTestResult executionId="6d5ca895-9b23-4667-bef1-43ffc6edaf8e" testId="b862715e-e6c1-ac5b-5ade-0430feee07d5" testName="StudyJet.API.Tests.ServiceTests.NotificationServiceTest.GetNotificationByIdAsync_ShouldThrowArgumentException_WhenIdIsInvalid" computerName="BHASBENZ" duration="00:00:00.0010654" startTime="2025-05-10T15:46:17.5774402+02:00" endTime="2025-05-10T15:46:17.5774403+02:00" testType="13cdc9d9-ddb5-4fa4-a97d-d965ccfc6d4b" outcome="Passed" testListId="8c84fa94-04c1-424b-9868-57a2d4851a1d" relativeResultsDirectory="6d5ca895-9b23-4667-bef1-43ffc6edaf8e" />
    <UnitTestResult executionId="8a7e609c-d0ea-4d06-ab31-376032168014" testId="d6732e16-b27f-cd87-8fc0-ff6458bc6420" testName="StudyJet.API.Tests.ServiceTests.UserServiceTest.CountStudentAsync_ReturnsCorrectCount_WhenStudentsExist" computerName="BHASBENZ" duration="00:00:00.0013464" startTime="2025-05-10T15:46:17.6466541+02:00" endTime="2025-05-10T15:46:17.6466542+02:00" testType="13cdc9d9-ddb5-4fa4-a97d-d965ccfc6d4b" outcome="Passed" testListId="8c84fa94-04c1-424b-9868-57a2d4851a1d" relativeResultsDirectory="8a7e609c-d0ea-4d06-ab31-376032168014" />
    <UnitTestResult executionId="c21d6afb-5375-489a-a617-fea56b4affce" testId="4d6d8f76-175f-98f7-1287-f19a3491106b" testName="StudyJet.API.Tests.ControllerTests.CourseControllerTest.RejectPendingUpdates_ShouldReturnNotFound_WhenNoPendingUpdateFound" computerName="BHASBENZ" duration="00:00:00.0013846" startTime="2025-05-10T15:46:17.6401252+02:00" endTime="2025-05-10T15:46:17.6401253+02:00" testType="13cdc9d9-ddb5-4fa4-a97d-d965ccfc6d4b" outcome="Passed" testListId="8c84fa94-04c1-424b-9868-57a2d4851a1d" relativeResultsDirectory="c21d6afb-5375-489a-a617-fea56b4affce" />
    <UnitTestResult executionId="62e25812-902c-45b2-be51-8ace82fb9bc1" testId="8e2fd792-5f07-b6b3-2935-52aac04b7ca4" testName="StudyJet.API.Tests.RepositoryTests.UserPurchaseCourseRepoTest.HasUserPurchasedCourseAsync_ReturnsFalse_WhenUserHasNotPurchasedCourse" computerName="BHASBENZ" duration="00:00:00.0008150" startTime="2025-05-10T15:46:18.1597708+02:00" endTime="2025-05-10T15:46:18.1597709+02:00" testType="13cdc9d9-ddb5-4fa4-a97d-d965ccfc6d4b" outcome="Passed" testListId="8c84fa94-04c1-424b-9868-57a2d4851a1d" relativeResultsDirectory="62e25812-902c-45b2-be51-8ace82fb9bc1" />
    <UnitTestResult executionId="c2b9fd38-65d9-4235-adca-756c32749c8a" testId="48d6cf19-0e38-b25e-a0ea-cef3a4e4f8c8" testName="StudyJet.API.Tests.ControllerTests.AuthControllerTests.Register_ReturnsBadRequest_WhenUsernameExists" computerName="BHASBENZ" duration="00:00:00.0012110" startTime="2025-05-10T15:46:17.7018765+02:00" endTime="2025-05-10T15:46:17.7018767+02:00" testType="13cdc9d9-ddb5-4fa4-a97d-d965ccfc6d4b" outcome="Passed" testListId="8c84fa94-04c1-424b-9868-57a2d4851a1d" relativeResultsDirectory="c2b9fd38-65d9-4235-adca-756c32749c8a" />
    <UnitTestResult executionId="ec3ea774-7e20-435d-8baa-cc961f3fdbfc" testId="971903ac-7423-e640-def9-6b6fc606e378" testName="StudyJet.API.Tests.RepositoryTests.CourseRepoTest.ApproveCourseAsync_WithValidCourseId_UpdatesStatusAndReturnsTrue" computerName="BHASBENZ" duration="00:00:00.0015796" startTime="2025-05-10T15:46:18.3239759+02:00" endTime="2025-05-10T15:46:18.3239796+02:00" testType="13cdc9d9-ddb5-4fa4-a97d-d965ccfc6d4b" outcome="Passed" testListId="8c84fa94-04c1-424b-9868-57a2d4851a1d" relativeResultsDirectory="ec3ea774-7e20-435d-8baa-cc961f3fdbfc" />
    <UnitTestResult executionId="fdf7eeb1-4aec-4b16-8028-a602b61b097e" testId="2007156b-6be7-b348-5c65-0dee274af9a7" testName="StudyJet.API.Tests.ServiceTests.CourseServiceTest.RejectCourseAsync_ReturnsTrue_WhenCourseExists" computerName="BHASBENZ" duration="00:00:00.0016358" startTime="2025-05-10T15:46:17.6160207+02:00" endTime="2025-05-10T15:46:17.6160208+02:00" testType="13cdc9d9-ddb5-4fa4-a97d-d965ccfc6d4b" outcome="Passed" testListId="8c84fa94-04c1-424b-9868-57a2d4851a1d" relativeResultsDirectory="fdf7eeb1-4aec-4b16-8028-a602b61b097e" />
    <UnitTestResult executionId="59312215-0b40-44e1-8d2e-fb00c3efe76e" testId="64f4e058-dee0-89fa-cca3-8feb3393055f" testName="StudyJet.API.Tests.RepositoryTests.CategoryRepoTest.DeleteAsync_ReturnsTrueAndDeletesCategory_WhenCategoryExists" computerName="BHASBENZ" duration="00:00:00.0039270" startTime="2025-05-10T15:46:18.1411084+02:00" endTime="2025-05-10T15:46:18.1411085+02:00" testType="13cdc9d9-ddb5-4fa4-a97d-d965ccfc6d4b" outcome="Passed" testListId="8c84fa94-04c1-424b-9868-57a2d4851a1d" relativeResultsDirectory="59312215-0b40-44e1-8d2e-fb00c3efe76e" />
    <UnitTestResult executionId="e89da38f-c67c-4fb9-a180-1e59b7a85818" testId="2fd0cf46-4811-f628-c5c7-39f8e21e3a61" testName="StudyJet.API.Tests.ServiceTests.CourseServiceTest.GetByInstructorIdAsync_ReturnsCourseWithPendingUpdate_WhenUpdateHasNullFields" computerName="BHASBENZ" duration="00:00:00.0215998" startTime="2025-05-10T15:46:17.5516283+02:00" endTime="2025-05-10T15:46:17.5516285+02:00" testType="13cdc9d9-ddb5-4fa4-a97d-d965ccfc6d4b" outcome="Passed" testListId="8c84fa94-04c1-424b-9868-57a2d4851a1d" relativeResultsDirectory="e89da38f-c67c-4fb9-a180-1e59b7a85818" />
    <UnitTestResult executionId="fb0fa3cb-4593-4b9c-ab9b-aa86bb2930a7" testId="d0174b57-c799-1293-8b40-1ce39b2aabe9" testName="StudyJet.API.Tests.RepositoryTests.CourseRepoTest.SelectByIdAsync_ThrowsKeyNotFoundException_WhenNotExists" computerName="BHASBENZ" duration="00:00:00.0007854" startTime="2025-05-10T15:46:18.4234024+02:00" endTime="2025-05-10T15:46:18.4234025+02:00" testType="13cdc9d9-ddb5-4fa4-a97d-d965ccfc6d4b" outcome="Passed" testListId="8c84fa94-04c1-424b-9868-57a2d4851a1d" relativeResultsDirectory="fb0fa3cb-4593-4b9c-ab9b-aa86bb2930a7" />
    <UnitTestResult executionId="a91bee84-c9ec-460a-9b45-d373a7661e04" testId="cdb3b28d-aafc-0ea8-3b3d-caff163541ca" testName="StudyJet.API.Tests.ControllerTests.CourseControllerTest.GetCoursesWithStudents_ReturnsCourses_WhenInstructorHasCourses" computerName="BHASBENZ" duration="00:00:00.0022153" startTime="2025-05-10T15:46:17.6482973+02:00" endTime="2025-05-10T15:46:17.6482975+02:00" testType="13cdc9d9-ddb5-4fa4-a97d-d965ccfc6d4b" outcome="Passed" testListId="8c84fa94-04c1-424b-9868-57a2d4851a1d" relativeResultsDirectory="a91bee84-c9ec-460a-9b45-d373a7661e04" />
    <UnitTestResult executionId="bc15b2fb-e67b-4db3-a44c-177517dcd0e4" testId="73b8caf1-b3b9-837c-2285-f7d77bdc82cf" testName="StudyJet.API.Tests.RepositoryTests.NotificationRepoTest.SelectByIdAsync_ThrowsArgumentException_WhenIdIsInvalid" computerName="BHASBENZ" duration="00:00:00.0006142" startTime="2025-05-10T15:46:18.1207912+02:00" endTime="2025-05-10T15:46:18.1207912+02:00" testType="13cdc9d9-ddb5-4fa4-a97d-d965ccfc6d4b" outcome="Passed" testListId="8c84fa94-04c1-424b-9868-57a2d4851a1d" relativeResultsDirectory="bc15b2fb-e67b-4db3-a44c-177517dcd0e4" />
    <UnitTestResult executionId="b4f06b6f-c379-4e1a-95b1-1e56538e55ac" testId="8b892458-533a-8bb3-f0c1-8b554fa308b9" testName="StudyJet.API.Tests.RepositoryTests.CategoryRepoTest.DeleteAsync_ReturnsFalse_WhenCategoryDoesNotExist" computerName="BHASBENZ" duration="00:00:00.0055158" startTime="2025-05-10T15:46:18.0999353+02:00" endTime="2025-05-10T15:46:18.0999355+02:00" testType="13cdc9d9-ddb5-4fa4-a97d-d965ccfc6d4b" outcome="Passed" testListId="8c84fa94-04c1-424b-9868-57a2d4851a1d" relativeResultsDirectory="b4f06b6f-c379-4e1a-95b1-1e56538e55ac" />
    <UnitTestResult executionId="ece5cd3d-7229-494b-a524-814de88b1d3b" testId="0c4a3f4f-b47e-6441-273e-c4813cb22e9b" testName="StudyJet.API.Tests.RepositoryTests.UserPurchaseCourseRepoTest.SelectPurchasedCourseIdsAsync_ReturnsCorrectPurchasedCourseIds" computerName="BHASBENZ" duration="00:00:00.0113873" startTime="2025-05-10T15:46:18.1589693+02:00" endTime="2025-05-10T15:46:18.1589695+02:00" testType="13cdc9d9-ddb5-4fa4-a97d-d965ccfc6d4b" outcome="Passed" testListId="8c84fa94-04c1-424b-9868-57a2d4851a1d" relativeResultsDirectory="ece5cd3d-7229-494b-a524-814de88b1d3b" />
    <UnitTestResult executionId="ef6b5eb2-fc72-4297-a6bf-124eba494f6f" testId="815d5a84-9c7d-fc91-705f-885e4e4c5065" testName="StudyJet.API.Tests.ControllerTests.CategoryControllerTest.DeleteCategory_ReturnsBadRequest_WhenDeletionIsNotAllowed" computerName="BHASBENZ" duration="00:00:00.0008519" startTime="2025-05-10T15:46:17.4745941+02:00" endTime="2025-05-10T15:46:17.4745941+02:00" testType="13cdc9d9-ddb5-4fa4-a97d-d965ccfc6d4b" outcome="Passed" testListId="8c84fa94-04c1-424b-9868-57a2d4851a1d" relativeResultsDirectory="ef6b5eb2-fc72-4297-a6bf-124eba494f6f" />
    <UnitTestResult executionId="5b7b3665-b44b-4c35-b82b-5c5f5c988d21" testId="05d5e07f-5407-18ba-1042-b1c88b9045e3" testName="StudyJet.API.Tests.ServiceTests.UserServiceTest.GetUserRolesAsync_UserHasRoles_ReturnsRolesList" computerName="BHASBENZ" duration="00:00:00.0013296" startTime="2025-05-10T15:46:17.6518045+02:00" endTime="2025-05-10T15:46:17.6518045+02:00" testType="13cdc9d9-ddb5-4fa4-a97d-d965ccfc6d4b" outcome="Passed" testListId="8c84fa94-04c1-424b-9868-57a2d4851a1d" relativeResultsDirectory="5b7b3665-b44b-4c35-b82b-5c5f5c988d21" />
    <UnitTestResult executionId="0211a557-33d3-4180-bf75-bb16ec6e6ea3" testId="2ce8a734-6590-6f0f-d189-c86d39bb5e7d" testName="StudyJet.API.Tests.ControllerTests.CourseControllerTest.GetTotalCourses_ShouldReturnOk_WhenUserIsNotAdmin_ButAuthorizationIsNotEnforcedInUnitTest" computerName="BHASBENZ" duration="00:00:00.0008709" startTime="2025-05-10T15:46:17.6555745+02:00" endTime="2025-05-10T15:46:17.6555746+02:00" testType="13cdc9d9-ddb5-4fa4-a97d-d965ccfc6d4b" outcome="Passed" testListId="8c84fa94-04c1-424b-9868-57a2d4851a1d" relativeResultsDirectory="0211a557-33d3-4180-bf75-bb16ec6e6ea3" />
    <UnitTestResult executionId="f5b5ca58-5396-479d-8513-0e880c0143cd" testId="516d88f3-8ff2-f889-8f14-ea9bdead51f7" testName="StudyJet.API.Tests.ServiceTests.UserPurchaseCourseServiceTest.PurchaseCourseAsync_ReturnsTrue_WhenNewCoursesPurchased" computerName="BHASBENZ" duration="00:00:00.0063733" startTime="2025-05-10T15:46:17.5473859+02:00" endTime="2025-05-10T15:46:17.5473861+02:00" testType="13cdc9d9-ddb5-4fa4-a97d-d965ccfc6d4b" outcome="Passed" testListId="8c84fa94-04c1-424b-9868-57a2d4851a1d" relativeResultsDirectory="f5b5ca58-5396-479d-8513-0e880c0143cd" />
    <UnitTestResult executionId="3063bba2-ba4a-478e-8543-402b655c6a9f" testId="87b671fd-b5ba-66a0-3da0-8f9e608fd160" testName="StudyJet.API.Tests.ControllerTests.CourseControllerTest.GetById_ShouldReturnOk_WhenCourseExists" computerName="BHASBENZ" duration="00:00:00.0011124" startTime="2025-05-10T15:46:17.6529039+02:00" endTime="2025-05-10T15:46:17.6529040+02:00" testType="13cdc9d9-ddb5-4fa4-a97d-d965ccfc6d4b" outcome="Passed" testListId="8c84fa94-04c1-424b-9868-57a2d4851a1d" relativeResultsDirectory="3063bba2-ba4a-478e-8543-402b655c6a9f" />
    <UnitTestResult executionId="b3335fe6-5359-4f46-aa98-cf32abb707b7" testId="3fd9654e-91fd-0616-25b8-b818e61d42b4" testName="StudyJet.API.Tests.ServiceTests.CategoryServiceTest.AddAsync_ReturnsCategoryId_WhenCategoryIsAddedSuccessfully" computerName="BHASBENZ" duration="00:00:00.0007157" startTime="2025-05-10T15:46:17.4942842+02:00" endTime="2025-05-10T15:46:17.4942843+02:00" testType="13cdc9d9-ddb5-4fa4-a97d-d965ccfc6d4b" outcome="Passed" testListId="8c84fa94-04c1-424b-9868-57a2d4851a1d" relativeResultsDirectory="b3335fe6-5359-4f46-aa98-cf32abb707b7" />
    <UnitTestResult executionId="f1f6249f-3105-4193-918c-f86e60ae50cb" testId="6afebca4-7c68-b68f-60ea-257b1293b45b" testName="StudyJet.API.Tests.ControllerTests.CourseControllerTest.GetTotalCourses_ShouldReturnOkWithTotal_WhenUserIsAdmin" computerName="BHASBENZ" duration="00:00:00.0016168" startTime="2025-05-10T15:46:17.5826924+02:00" endTime="2025-05-10T15:46:17.5826925+02:00" testType="13cdc9d9-ddb5-4fa4-a97d-d965ccfc6d4b" outcome="Passed" testListId="8c84fa94-04c1-424b-9868-57a2d4851a1d" relativeResultsDirectory="f1f6249f-3105-4193-918c-f86e60ae50cb" />
    <UnitTestResult executionId="fb03f403-484a-4e3c-99ca-43d3dfb67b6a" testId="4836758b-8b7f-1de3-7d79-7255f5121ae3" testName="StudyJet.API.Tests.ControllerTests.AuthControllerTests.VerifyPassword_ShouldReturnNotFound_WhenExceptionOccurs" computerName="BHASBENZ" duration="00:00:00.0032336" startTime="2025-05-10T15:46:17.6283589+02:00" endTime="2025-05-10T15:46:17.6283590+02:00" testType="13cdc9d9-ddb5-4fa4-a97d-d965ccfc6d4b" outcome="Passed" testListId="8c84fa94-04c1-424b-9868-57a2d4851a1d" relativeResultsDirectory="fb03f403-484a-4e3c-99ca-43d3dfb67b6a" />
    <UnitTestResult executionId="78473d59-8c29-4ec4-9dce-54740ee21899" testId="eb7401cd-ed36-e604-08c3-1580f229793d" testName="StudyJet.API.Tests.ControllerTests.UserControllerTest.GetUsersByRole_ShouldReturnNotFound_WhenNoUsersExistWithGivenRole" computerName="BHASBENZ" duration="00:00:00.0010291" startTime="2025-05-10T15:46:17.5254931+02:00" endTime="2025-05-10T15:46:17.5254932+02:00" testType="13cdc9d9-ddb5-4fa4-a97d-d965ccfc6d4b" outcome="Passed" testListId="8c84fa94-04c1-424b-9868-57a2d4851a1d" relativeResultsDirectory="78473d59-8c29-4ec4-9dce-54740ee21899" />
    <UnitTestResult executionId="609309a3-d3f1-4312-9afc-e00f97dbbcb7" testId="55d1c600-efe6-01e5-1e03-4f91d5c8206a" testName="StudyJet.API.Tests.ServiceTests.WishlistServiceTest.AddCourseToWishlistAsync_Success_ReturnsTrue" computerName="BHASBENZ" duration="00:00:00.0019056" startTime="2025-05-10T15:46:17.4738049+02:00" endTime="2025-05-10T15:46:17.4738050+02:00" testType="13cdc9d9-ddb5-4fa4-a97d-d965ccfc6d4b" outcome="Passed" testListId="8c84fa94-04c1-424b-9868-57a2d4851a1d" relativeResultsDirectory="609309a3-d3f1-4312-9afc-e00f97dbbcb7" />
    <UnitTestResult executionId="086e38a9-a8c7-4057-9d05-c693ff6a7ff0" testId="ecefaebc-5d96-fe6d-9ebd-c54c9e3e9cd9" testName="StudyJet.API.Tests.ControllerTests.CourseControllerTest.GetPendingCourses_ShouldReturnOkWithEmptyList_WhenNoPendingCourses" computerName="BHASBENZ" duration="00:00:00.0007520" startTime="2025-05-10T15:46:17.6563576+02:00" endTime="2025-05-10T15:46:17.6563577+02:00" testType="13cdc9d9-ddb5-4fa4-a97d-d965ccfc6d4b" outcome="Passed" testListId="8c84fa94-04c1-424b-9868-57a2d4851a1d" relativeResultsDirectory="086e38a9-a8c7-4057-9d05-c693ff6a7ff0" />
    <UnitTestResult executionId="4fdc37b8-a68d-466a-a166-243d9848428a" testId="f781c499-448a-1436-d7cc-c34617194290" testName="StudyJet.API.Tests.ServiceTests.NotificationServiceTest.UpdateNotificationAsync_ShouldCallUpdateAsync_WhenNotificationIsValid" computerName="BHASBENZ" duration="00:00:00.0016277" startTime="2025-05-10T15:46:17.5852821+02:00" endTime="2025-05-10T15:46:17.5852822+02:00" testType="13cdc9d9-ddb5-4fa4-a97d-d965ccfc6d4b" outcome="Passed" testListId="8c84fa94-04c1-424b-9868-57a2d4851a1d" relativeResultsDirectory="4fdc37b8-a68d-466a-a166-243d9848428a" />
    <UnitTestResult executionId="332c9921-f31f-42b8-9f58-87f7b1d61f54" testId="5970311a-f40e-9443-a2b0-0bfae0d69fa9" testName="StudyJet.API.Tests.RepositoryTests.UserPurchaseCourseRepoTest.SelectPurchasedCourseAsync_ReturnsCourses_WhenUserHasPurchases" computerName="BHASBENZ" duration="00:00:00.0237500" startTime="2025-05-10T15:46:18.1368627+02:00" endTime="2025-05-10T15:46:18.1368628+02:00" testType="13cdc9d9-ddb5-4fa4-a97d-d965ccfc6d4b" outcome="Passed" testListId="8c84fa94-04c1-424b-9868-57a2d4851a1d" relativeResultsDirectory="332c9921-f31f-42b8-9f58-87f7b1d61f54" />
    <UnitTestResult executionId="19795e6a-36ca-4363-91e3-171547657f63" testId="426aad65-d2b6-17bd-e911-b0191573fdc5" testName="StudyJet.API.Tests.ServiceTests.CourseServiceTest.ApproveCourseAsync_ReturnsFalse_WhenCourseDoesNotExist" computerName="BHASBENZ" duration="00:00:00.0017209" startTime="2025-05-10T15:46:17.5829508+02:00" endTime="2025-05-10T15:46:17.5829509+02:00" testType="13cdc9d9-ddb5-4fa4-a97d-d965ccfc6d4b" outcome="Passed" testListId="8c84fa94-04c1-424b-9868-57a2d4851a1d" relativeResultsDirectory="19795e6a-36ca-4363-91e3-171547657f63" />
    <UnitTestResult executionId="e2776949-d9a3-48dc-913d-3bdf1d7d048b" testId="e29979d4-768e-3d85-09dc-ef03a8c586ed" testName="StudyJet.API.Tests.ServiceTests.CourseServiceTest.GetPopularCoursesAsync_ReturnsPopularCourses_WhenCoursesExist" computerName="BHASBENZ" duration="00:00:00.0025066" startTime="2025-05-10T15:46:17.6135775+02:00" endTime="2025-05-10T15:46:17.6135776+02:00" testType="13cdc9d9-ddb5-4fa4-a97d-d965ccfc6d4b" outcome="Passed" testListId="8c84fa94-04c1-424b-9868-57a2d4851a1d" relativeResultsDirectory="e2776949-d9a3-48dc-913d-3bdf1d7d048b" />
    <UnitTestResult executionId="0f981b5f-9d06-4dfb-a0c8-f0dcd9890a92" testId="6e9365e5-7c27-69e2-f0a3-799849f18a8f" testName="StudyJet.API.Tests.ServiceTests.AuthServiceTest.ResetPasswordAsync_ReturnsFailure_WhenUserNotFound" computerName="BHASBENZ" duration="00:00:00.0008135" startTime="2025-05-10T15:46:17.7271816+02:00" endTime="2025-05-10T15:46:17.7271817+02:00" testType="13cdc9d9-ddb5-4fa4-a97d-d965ccfc6d4b" outcome="Passed" testListId="8c84fa94-04c1-424b-9868-57a2d4851a1d" relativeResultsDirectory="0f981b5f-9d06-4dfb-a0c8-f0dcd9890a92" />
    <UnitTestResult executionId="3804e0fd-c934-4df7-976a-a2145e31b1a6" testId="7f2d98de-2d90-386a-eb57-220db7e81fb5" testName="StudyJet.API.Tests.ServiceTests.UserServiceTest.GetUserByIdAsync_UserDoesNotExist_ReturnsNull" computerName="BHASBENZ" duration="00:00:00.0011814" startTime="2025-05-10T15:46:17.6550321+02:00" endTime="2025-05-10T15:46:17.6550322+02:00" testType="13cdc9d9-ddb5-4fa4-a97d-d965ccfc6d4b" outcome="Passed" testListId="8c84fa94-04c1-424b-9868-57a2d4851a1d" relativeResultsDirectory="3804e0fd-c934-4df7-976a-a2145e31b1a6" />
    <UnitTestResult executionId="a14ec542-ed8d-4512-9b81-e3775e018331" testId="7b28daca-da6a-d31c-eee1-19c97844786c" testName="StudyJet.API.Tests.ServiceTests.CourseServiceTest.GetTotalCoursesAsync_ReturnsZero_WhenNoCoursesExist" computerName="BHASBENZ" duration="00:00:00.0014125" startTime="2025-05-10T15:46:17.5844695+02:00" endTime="2025-05-10T15:46:17.5844695+02:00" testType="13cdc9d9-ddb5-4fa4-a97d-d965ccfc6d4b" outcome="Passed" testListId="8c84fa94-04c1-424b-9868-57a2d4851a1d" relativeResultsDirectory="a14ec542-ed8d-4512-9b81-e3775e018331" />
    <UnitTestResult executionId="1d0c93b1-75ba-467b-88dc-80f97143e327" testId="b4971d51-4161-8e2c-d3ce-d821bb382a36" testName="StudyJet.API.Tests.ControllerTests.CourseControllerTest.Search_ShouldReturnBadRequest_WhenQueryIsInvalid(query: null)" computerName="BHASBENZ" duration="00:00:00.0002982" startTime="2025-05-10T15:46:17.5579022+02:00" endTime="2025-05-10T15:46:17.5579023+02:00" testType="13cdc9d9-ddb5-4fa4-a97d-d965ccfc6d4b" outcome="Passed" testListId="8c84fa94-04c1-424b-9868-57a2d4851a1d" relativeResultsDirectory="1d0c93b1-75ba-467b-88dc-80f97143e327" />
    <UnitTestResult executionId="28883afc-6bb0-4345-a388-0d9f03cf26be" testId="063f0479-5b0a-eefb-f015-b7b4d089863c" testName="StudyJet.API.Tests.ServiceTests.CourseServiceTest.GetCoursesWithStudentsForInstructorAsync_ReturnsEmptyList_WhenInstructorHasNoCourses" computerName="BHASBENZ" duration="00:00:00.0026518" startTime="2025-05-10T15:46:17.5657976+02:00" endTime="2025-05-10T15:46:17.5657977+02:00" testType="13cdc9d9-ddb5-4fa4-a97d-d965ccfc6d4b" outcome="Passed" testListId="8c84fa94-04c1-424b-9868-57a2d4851a1d" relativeResultsDirectory="28883afc-6bb0-4345-a388-0d9f03cf26be" />
    <UnitTestResult executionId="2a4cedb9-9ea9-48bb-86e4-124fcb5bbc93" testId="2a697358-b084-c4d6-a2d5-ba820de8fb1d" testName="StudyJet.API.Tests.ControllerTests.AuthControllerTests.Register_ReturnsBadRequest_WhenRegistrationFails" computerName="BHASBENZ" duration="00:00:00.0016852" startTime="2025-05-10T15:46:17.6880467+02:00" endTime="2025-05-10T15:46:17.6880467+02:00" testType="13cdc9d9-ddb5-4fa4-a97d-d965ccfc6d4b" outcome="Passed" testListId="8c84fa94-04c1-424b-9868-57a2d4851a1d" relativeResultsDirectory="2a4cedb9-9ea9-48bb-86e4-124fcb5bbc93" />
    <UnitTestResult executionId="42890d09-a4bd-4907-b95a-9350cd4ee432" testId="a2a3e8a8-0778-1150-1cf6-d749287667b6" testName="StudyJet.API.Tests.RepositoryTests.WishlistRepoTest.InsertCourseToWishlistAsync_ReturnsTrue_WhenValidUserAndCourse" computerName="BHASBENZ" duration="00:00:00.0021304" startTime="2025-05-10T15:46:18.1405555+02:00" endTime="2025-05-10T15:46:18.1405556+02:00" testType="13cdc9d9-ddb5-4fa4-a97d-d965ccfc6d4b" outcome="Passed" testListId="8c84fa94-04c1-424b-9868-57a2d4851a1d" relativeResultsDirectory="42890d09-a4bd-4907-b95a-9350cd4ee432" />
    <UnitTestResult executionId="07a6e853-2dff-4dcb-abee-328064304fad" testId="05e4b5d7-6f38-903c-8741-1562dee46a31" testName="StudyJet.API.Tests.ControllerTests.UserPurchaseCourseControllerTest.StripeWebhook_ShouldReturnOk_WhenCheckoutSessionCompletedWithValidMetadata" computerName="BHASBENZ" duration="00:00:00.0010000" startTime="2025-05-10T15:46:17.5891009+02:00" endTime="2025-05-10T15:46:17.5891010+02:00" testType="13cdc9d9-ddb5-4fa4-a97d-d965ccfc6d4b" outcome="NotExecuted" testListId="8c84fa94-04c1-424b-9868-57a2d4851a1d" relativeResultsDirectory="07a6e853-2dff-4dcb-abee-328064304fad">
      <Output>
        <ErrorInfo>
          <Message>Skipping due to difficulty in mocking static methods</Message>
        </ErrorInfo>
      </Output>
    </UnitTestResult>
    <UnitTestResult executionId="87614e4b-7089-4d15-a02f-010241926732" testId="7bba4696-6425-48ac-79e6-35c7c5bcc1c5" testName="StudyJet.API.Tests.ControllerTests.CourseControllerTest.Search_ShouldReturnNotFound_WhenNoCoursesMatch" computerName="BHASBENZ" duration="00:00:00.0013518" startTime="2025-05-10T15:46:17.6424849+02:00" endTime="2025-05-10T15:46:17.6424850+02:00" testType="13cdc9d9-ddb5-4fa4-a97d-d965ccfc6d4b" outcome="Passed" testListId="8c84fa94-04c1-424b-9868-57a2d4851a1d" relativeResultsDirectory="87614e4b-7089-4d15-a02f-010241926732" />
    <UnitTestResult executionId="54d52296-9b48-4e07-aa34-369b7d01e5d0" testId="dd96b09f-2499-b240-37e1-9462f50b5d7f" testName="StudyJet.API.Tests.RepositoryTests.CategoryRepoTest.ExistsAsync_ShouldReturnFalse_WhenCategoryDoesNotExist" computerName="BHASBENZ" duration="00:00:00.0007746" startTime="2025-05-10T15:46:18.1370887+02:00" endTime="2025-05-10T15:46:18.1370888+02:00" testType="13cdc9d9-ddb5-4fa4-a97d-d965ccfc6d4b" outcome="Passed" testListId="8c84fa94-04c1-424b-9868-57a2d4851a1d" relativeResultsDirectory="54d52296-9b48-4e07-aa34-369b7d01e5d0" />
    <UnitTestResult executionId="56278fd2-61da-4471-9010-85cca6c857e8" testId="6b4a6bd5-46ad-d0a7-623d-cc0e9c736c7a" testName="StudyJet.API.Tests.RepositoryTests.CartRepoTest.DeleteCourseFromCartAsync_UserNotFound_Failure" computerName="BHASBENZ" duration="00:00:00.0004547" startTime="2025-05-10T15:46:18.1865942+02:00" endTime="2025-05-10T15:46:18.1865943+02:00" testType="13cdc9d9-ddb5-4fa4-a97d-d965ccfc6d4b" outcome="Passed" testListId="8c84fa94-04c1-424b-9868-57a2d4851a1d" relativeResultsDirectory="56278fd2-61da-4471-9010-85cca6c857e8" />
    <UnitTestResult executionId="f325eebf-39a4-4233-a9dc-8d8be9b18fb6" testId="5c5a732c-9ff7-93f8-4573-21456b693aa5" testName="StudyJet.API.Tests.ServiceTests.AuthServiceTest.LoginUserAsync_UserNotFound_ThrowsUnauthorizedAccessException" computerName="BHASBENZ" duration="00:00:00.0011768" startTime="2025-05-10T15:46:17.8917716+02:00" endTime="2025-05-10T15:46:17.8917718+02:00" testType="13cdc9d9-ddb5-4fa4-a97d-d965ccfc6d4b" outcome="Passed" testListId="8c84fa94-04c1-424b-9868-57a2d4851a1d" relativeResultsDirectory="f325eebf-39a4-4233-a9dc-8d8be9b18fb6" />
    <UnitTestResult executionId="c05492b4-b08b-4e95-88aa-5dcede832c69" testId="309bc9db-81f1-7052-f286-cb24d2ce6b13" testName="StudyJet.API.Tests.RepositoryTests.NotificationRepoTest.MarkAsReadAsync_Success" computerName="BHASBENZ" duration="00:00:00.0015975" startTime="2025-05-10T15:46:18.1231999+02:00" endTime="2025-05-10T15:46:18.1232000+02:00" testType="13cdc9d9-ddb5-4fa4-a97d-d965ccfc6d4b" outcome="Passed" testListId="8c84fa94-04c1-424b-9868-57a2d4851a1d" relativeResultsDirectory="c05492b4-b08b-4e95-88aa-5dcede832c69" />
    <UnitTestResult executionId="3c2ae546-72f9-45ff-b4b6-98b11a52664e" testId="9a269ae8-c60c-2190-cc0e-c4a1c311b4df" testName="StudyJet.API.Tests.RepositoryTests.CourseRepoTest.SelectEnrolledStudentsByCourseIdAsync_WithInvalidCourseId_ReturnsNoStudents" computerName="BHASBENZ" duration="00:00:00.0005625" startTime="2025-05-10T15:46:18.3925057+02:00" endTime="2025-05-10T15:46:18.3925060+02:00" testType="13cdc9d9-ddb5-4fa4-a97d-d965ccfc6d4b" outcome="Passed" testListId="8c84fa94-04c1-424b-9868-57a2d4851a1d" relativeResultsDirectory="3c2ae546-72f9-45ff-b4b6-98b11a52664e" />
    <UnitTestResult executionId="d50e4f7e-6471-4dbb-a5f2-aec1681f432e" testId="1af981a5-c262-8424-6c4a-fbd900837d1c" testName="StudyJet.API.Tests.ControllerTests.CourseControllerTest.Create_ReturnsBadRequest_WhenImageMissing" computerName="BHASBENZ" duration="00:00:00.0009278" startTime="2025-05-10T15:46:17.6411118+02:00" endTime="2025-05-10T15:46:17.6411119+02:00" testType="13cdc9d9-ddb5-4fa4-a97d-d965ccfc6d4b" outcome="Passed" testListId="8c84fa94-04c1-424b-9868-57a2d4851a1d" relativeResultsDirectory="d50e4f7e-6471-4dbb-a5f2-aec1681f432e" />
    <UnitTestResult executionId="c6c89e3b-db31-4cd3-aa56-87c99a6bd533" testId="d3b09c41-3892-e466-01fa-1e432e106e48" testName="StudyJet.API.Tests.ControllerTests.AuthControllerTests.ConfirmationEmail_ReturnsRedirect_WhenSuccessful" computerName="BHASBENZ" duration="00:00:00.0034407" startTime="2025-05-10T15:46:17.6725315+02:00" endTime="2025-05-10T15:46:17.6725316+02:00" testType="13cdc9d9-ddb5-4fa4-a97d-d965ccfc6d4b" outcome="Passed" testListId="8c84fa94-04c1-424b-9868-57a2d4851a1d" relativeResultsDirectory="c6c89e3b-db31-4cd3-aa56-87c99a6bd533" />
    <UnitTestResult executionId="28239add-cda0-4b26-b36b-0586a1bd7afb" testId="72d82c37-1655-c01b-97d8-8158c1b555da" testName="StudyJet.API.Tests.ServiceTests.CategoryServiceTest.ExistsAsync_ReturnsFalse_WhenCategoryDoesNotExist" computerName="BHASBENZ" duration="00:00:00.0023046" startTime="2025-05-10T15:46:17.4902017+02:00" endTime="2025-05-10T15:46:17.4902017+02:00" testType="13cdc9d9-ddb5-4fa4-a97d-d965ccfc6d4b" outcome="Passed" testListId="8c84fa94-04c1-424b-9868-57a2d4851a1d" relativeResultsDirectory="28239add-cda0-4b26-b36b-0586a1bd7afb" />
    <UnitTestResult executionId="9c38b1fa-5604-4d44-addc-cc14e12c92b1" testId="e6d6bf0a-d95f-0082-0025-d0f58a78886d" testName="StudyJet.API.Tests.ServiceTests.AuthServiceTest.GenerateQRCodeImage_ValidInput_ReturnsQRCodeImage" computerName="BHASBENZ" duration="00:00:00.0345850" startTime="2025-05-10T15:46:17.8747909+02:00" endTime="2025-05-10T15:46:17.8747913+02:00" testType="13cdc9d9-ddb5-4fa4-a97d-d965ccfc6d4b" outcome="Passed" testListId="8c84fa94-04c1-424b-9868-57a2d4851a1d" relativeResultsDirectory="9c38b1fa-5604-4d44-addc-cc14e12c92b1" />
    <UnitTestResult executionId="43e7d674-5364-4824-ab7c-b81e125c7651" testId="49f00847-88f5-6276-34f5-d1b710e4699b" testName="StudyJet.API.Tests.ServiceTests.CategoryServiceTest.DeleteAsync_ReturnsFalse_WhenCategoryDoesNotExist" computerName="BHASBENZ" duration="00:00:00.0011814" startTime="2025-05-10T15:46:17.4954967+02:00" endTime="2025-05-10T15:46:17.4954968+02:00" testType="13cdc9d9-ddb5-4fa4-a97d-d965ccfc6d4b" outcome="Passed" testListId="8c84fa94-04c1-424b-9868-57a2d4851a1d" relativeResultsDirectory="43e7d674-5364-4824-ab7c-b81e125c7651" />
    <UnitTestResult executionId="f3e5d71a-ab2c-41cd-8d3a-87154b67ee3d" testId="3d5152d5-d037-6edd-0d7a-c4679e7a181b" testName="StudyJet.API.Tests.ServiceTests.NotificationServiceTest.CreateNotificationAsync_ShouldCreateNotification_WhenValidInputs" computerName="BHASBENZ" duration="00:00:00.0019642" startTime="2025-05-10T15:46:17.5808686+02:00" endTime="2025-05-10T15:46:17.5808687+02:00" testType="13cdc9d9-ddb5-4fa4-a97d-d965ccfc6d4b" outcome="Passed" testListId="8c84fa94-04c1-424b-9868-57a2d4851a1d" relativeResultsDirectory="f3e5d71a-ab2c-41cd-8d3a-87154b67ee3d" />
    <UnitTestResult executionId="f6823a15-19f5-4b2a-8cd9-d3ed3f3a2bf5" testId="23515fb5-1e84-5024-7d5a-b5fbed1a9bb2" testName="StudyJet.API.Tests.ServiceTests.UserPurchaseCourseServiceTest.GetSuggestedCoursesAsync_ThrowsException_WhenRepoFails" computerName="BHASBENZ" duration="00:00:00.1280189" startTime="2025-05-10T15:46:17.5272735+02:00" endTime="2025-05-10T15:46:17.5272736+02:00" testType="13cdc9d9-ddb5-4fa4-a97d-d965ccfc6d4b" outcome="Passed" testListId="8c84fa94-04c1-424b-9868-57a2d4851a1d" relativeResultsDirectory="f6823a15-19f5-4b2a-8cd9-d3ed3f3a2bf5" />
    <UnitTestResult executionId="5574671f-6adc-4db8-85c1-0fc325d864c2" testId="d60c6de5-a913-ebdc-a7ad-7ced9fc8c76d" testName="StudyJet.API.Tests.RepositoryTests.CourseRepoTest.SelectCoursesWithStudentsForInstructorAsync_WithInvalidInstructorId_ReturnsEmptyList" computerName="BHASBENZ" duration="00:00:00.0106941" startTime="2025-05-10T15:46:18.3426665+02:00" endTime="2025-05-10T15:46:18.3426668+02:00" testType="13cdc9d9-ddb5-4fa4-a97d-d965ccfc6d4b" outcome="Passed" testListId="8c84fa94-04c1-424b-9868-57a2d4851a1d" relativeResultsDirectory="5574671f-6adc-4db8-85c1-0fc325d864c2" />
    <UnitTestResult executionId="9ff72b32-856a-4b35-bb07-678c6500dd42" testId="7b73f4a6-e5d5-f7df-ff1f-ff0a91530f5a" testName="StudyJet.API.Tests.ServiceTests.AuthServiceTest.GetOrCreateAuthenticatorKeyAsync_ResetsKey_WhenKeyIsNullOrEmpty" computerName="BHASBENZ" duration="00:00:00.0028572" startTime="2025-05-10T15:46:17.7301223+02:00" endTime="2025-05-10T15:46:17.7301225+02:00" testType="13cdc9d9-ddb5-4fa4-a97d-d965ccfc6d4b" outcome="Passed" testListId="8c84fa94-04c1-424b-9868-57a2d4851a1d" relativeResultsDirectory="9ff72b32-856a-4b35-bb07-678c6500dd42" />
    <UnitTestResult executionId="c9383911-e927-43f4-92dd-8c8fb659a955" testId="d8bb1fc8-24c2-0bca-bbfa-aae9c86da534" testName="StudyJet.API.Tests.ServiceTests.CourseServiceTest.AddAsync_ReturnsCourseId_WhenCourseIsAddedSuccessfully" computerName="BHASBENZ" duration="00:00:00.0016241" startTime="2025-05-10T15:46:17.5631505+02:00" endTime="2025-05-10T15:46:17.5631506+02:00" testType="13cdc9d9-ddb5-4fa4-a97d-d965ccfc6d4b" outcome="Passed" testListId="8c84fa94-04c1-424b-9868-57a2d4851a1d" relativeResultsDirectory="c9383911-e927-43f4-92dd-8c8fb659a955" />
    <UnitTestResult executionId="c26f7186-f3eb-4515-b1b1-4206a49ff197" testId="84240f79-54bf-f751-1731-e9fd18356f1f" testName="StudyJet.API.Tests.RepositoryTests.UserPurchaseCourseRepoTest.HasUserPurchasedCourseAsync_ReturnsTrue_WhenUserHasPurchasedCourse" computerName="BHASBENZ" duration="00:00:00.5035735" startTime="2025-05-10T15:46:18.0545389+02:00" endTime="2025-05-10T15:46:18.0545390+02:00" testType="13cdc9d9-ddb5-4fa4-a97d-d965ccfc6d4b" outcome="Passed" testListId="8c84fa94-04c1-424b-9868-57a2d4851a1d" relativeResultsDirectory="c26f7186-f3eb-4515-b1b1-4206a49ff197" />
    <UnitTestResult executionId="c04a201f-f69a-45b0-a6fe-89c75a23d1d5" testId="1882ad1d-b517-965c-50d0-173d4af9bc20" testName="StudyJet.API.Tests.RepositoryTests.CartRepoTest.SelectCourseDetailsAsync_CourseNotFound_Failure" computerName="BHASBENZ" duration="00:00:00.0005190" startTime="2025-05-10T15:46:18.1861137+02:00" endTime="2025-05-10T15:46:18.1861139+02:00" testType="13cdc9d9-ddb5-4fa4-a97d-d965ccfc6d4b" outcome="Passed" testListId="8c84fa94-04c1-424b-9868-57a2d4851a1d" relativeResultsDirectory="c04a201f-f69a-45b0-a6fe-89c75a23d1d5" />
    <UnitTestResult executionId="a481146c-29e4-4ca0-8c61-ef5719a28283" testId="39bc4265-de65-ed4f-cb60-d78390a9b194" testName="StudyJet.API.Tests.ControllerTests.WishlistControllerTest.IsCourseInWishlist_ShouldReturnUnauthorized_WhenUserIsNotAuthenticated" computerName="BHASBENZ" duration="00:00:00.0006453" startTime="2025-05-10T15:46:17.5712044+02:00" endTime="2025-05-10T15:46:17.5712045+02:00" testType="13cdc9d9-ddb5-4fa4-a97d-d965ccfc6d4b" outcome="Passed" testListId="8c84fa94-04c1-424b-9868-57a2d4851a1d" relativeResultsDirectory="a481146c-29e4-4ca0-8c61-ef5719a28283" />
    <UnitTestResult executionId="e675c791-434e-4cf4-953c-87110616ca1e" testId="b271177b-8a47-42bf-55ac-73de53733d2e" testName="StudyJet.API.Tests.RepositoryTests.CategoryRepoTest.InsertAsync_ShouldInsertCategorySuccessfully" computerName="BHASBENZ" duration="00:00:00.0007573" startTime="2025-05-10T15:46:18.1431823+02:00" endTime="2025-05-10T15:46:18.1431823+02:00" testType="13cdc9d9-ddb5-4fa4-a97d-d965ccfc6d4b" outcome="Passed" testListId="8c84fa94-04c1-424b-9868-57a2d4851a1d" relativeResultsDirectory="e675c791-434e-4cf4-953c-87110616ca1e" />
    <UnitTestResult executionId="f8fe41b6-ca02-4c65-a943-899e652d7945" testId="52e93586-135e-0007-f081-0c91c6c0b97b" testName="StudyJet.API.Tests.ControllerTests.UserPurchaseCourseControllerTest.GetPurchasedCourse_ShouldReturnUnauthorized_WhenUserIdIsMissing" computerName="BHASBENZ" duration="00:00:00.0011823" startTime="2025-05-10T15:46:17.5865516+02:00" endTime="2025-05-10T15:46:17.5865517+02:00" testType="13cdc9d9-ddb5-4fa4-a97d-d965ccfc6d4b" outcome="Passed" testListId="8c84fa94-04c1-424b-9868-57a2d4851a1d" relativeResultsDirectory="f8fe41b6-ca02-4c65-a943-899e652d7945" />
    <UnitTestResult executionId="45077219-4246-49ad-aa68-f4fd6c8003d1" testId="fb478e0f-892b-e248-e0ab-4e9d1994c880" testName="StudyJet.API.Tests.RepositoryTests.CategoryRepoTest.SelectAllAsync_ReturnsApprovedCategoriesWithCourses_WhenDataExists" computerName="BHASBENZ" duration="00:00:00.0104439" startTime="2025-05-10T15:46:18.1363022+02:00" endTime="2025-05-10T15:46:18.1363023+02:00" testType="13cdc9d9-ddb5-4fa4-a97d-d965ccfc6d4b" outcome="Passed" testListId="8c84fa94-04c1-424b-9868-57a2d4851a1d" relativeResultsDirectory="45077219-4246-49ad-aa68-f4fd6c8003d1" />
    <UnitTestResult executionId="815b683d-15c4-4ebc-b61f-155c15c587e4" testId="fbcaffdb-b3c8-0f4e-dd72-95b2ae0caf60" testName="StudyJet.API.Tests.ServiceTests.EmailServiceTest.SendConfirmationEmailAsync_ReturnsFailure_WhenInputIsInvalid(email: &quot;&quot;, link: &quot;http://example.com&quot;)" computerName="BHASBENZ" duration="00:00:00.0004452" startTime="2025-05-10T15:46:17.5040563+02:00" endTime="2025-05-10T15:46:17.5040565+02:00" testType="13cdc9d9-ddb5-4fa4-a97d-d965ccfc6d4b" outcome="Passed" testListId="8c84fa94-04c1-424b-9868-57a2d4851a1d" relativeResultsDirectory="815b683d-15c4-4ebc-b61f-155c15c587e4" />
    <UnitTestResult executionId="ff06230c-8fe6-4eea-b5be-cb6f41704dc7" testId="9be68876-ddc1-832a-7a2c-40f2528e8685" testName="StudyJet.API.Tests.RepositoryTests.CourseRepoTest.RejectCourseAsync_WithInvalidCourseId_ReturnsFalse" computerName="BHASBENZ" duration="00:00:00.0006745" startTime="2025-05-10T15:46:18.2973798+02:00" endTime="2025-05-10T15:46:18.2973799+02:00" testType="13cdc9d9-ddb5-4fa4-a97d-d965ccfc6d4b" outcome="Passed" testListId="8c84fa94-04c1-424b-9868-57a2d4851a1d" relativeResultsDirectory="ff06230c-8fe6-4eea-b5be-cb6f41704dc7" />
    <UnitTestResult executionId="ef102a08-71b9-44cc-95ee-9f69ef620df5" testId="00252135-e90f-05da-4b00-ffe7a21ed026" testName="StudyJet.API.Tests.ServiceTests.AuthServiceTest.Initiate2faSetupAsync_ReturnsSuccess_WithValidKeyAndQrCodeImage" computerName="BHASBENZ" duration="00:00:00.0436765" startTime="2025-05-10T15:46:17.7870228+02:00" endTime="2025-05-10T15:46:17.7870232+02:00" testType="13cdc9d9-ddb5-4fa4-a97d-d965ccfc6d4b" outcome="Passed" testListId="8c84fa94-04c1-424b-9868-57a2d4851a1d" relativeResultsDirectory="ef102a08-71b9-44cc-95ee-9f69ef620df5" />
    <UnitTestResult executionId="8aef3356-2b7f-4b60-af19-e1da76493654" testId="d889a9e2-03a7-628c-8277-72416ba1d17a" testName="StudyJet.API.Tests.RepositoryTests.CourseRepoTest.SelectCourseByStatusAsync_ReturnsCoursesWithMatchingStatus" computerName="BHASBENZ" duration="00:00:00.0016875" startTime="2025-05-10T15:46:18.3443909+02:00" endTime="2025-05-10T15:46:18.3443912+02:00" testType="13cdc9d9-ddb5-4fa4-a97d-d965ccfc6d4b" outcome="Passed" testListId="8c84fa94-04c1-424b-9868-57a2d4851a1d" relativeResultsDirectory="8aef3356-2b7f-4b60-af19-e1da76493654" />
    <UnitTestResult executionId="f890330f-59f3-4d72-9f86-73abf7626faf" testId="9a003b43-9a0e-bc08-006b-c3617ce95e65" testName="StudyJet.API.Tests.ServiceTests.NotificationServiceTest.GetNotificationByUserIdAsync_ShouldThrowArgumentException_WhenUserIdIsInvalid(invalidUserId: null)" computerName="BHASBENZ" duration="00:00:00.0007770" startTime="2025-05-10T15:46:17.5759679+02:00" endTime="2025-05-10T15:46:17.5759680+02:00" testType="13cdc9d9-ddb5-4fa4-a97d-d965ccfc6d4b" outcome="Passed" testListId="8c84fa94-04c1-424b-9868-57a2d4851a1d" relativeResultsDirectory="f890330f-59f3-4d72-9f86-73abf7626faf" />
    <UnitTestResult executionId="de68f93d-3a2a-4b07-aaf7-1769285d931c" testId="e8b6ce4f-85bb-5105-1110-341a0ba15f9f" testName="StudyJet.API.Tests.RepositoryTests.CourseRepoTest.SelectTitleByIdAsync_ReturnsCourseDetails_WhenCourseExists" computerName="BHASBENZ" duration="00:00:00.0011823" startTime="2025-05-10T15:46:18.3954146+02:00" endTime="2025-05-10T15:46:18.3954149+02:00" testType="13cdc9d9-ddb5-4fa4-a97d-d965ccfc6d4b" outcome="Passed" testListId="8c84fa94-04c1-424b-9868-57a2d4851a1d" relativeResultsDirectory="de68f93d-3a2a-4b07-aaf7-1769285d931c" />
    <UnitTestResult executionId="088d95a7-2a03-44d0-a259-bf30fa89e91f" testId="776e1352-88cf-2af4-2831-59a9a8c72f3f" testName="StudyJet.API.Tests.ControllerTests.AuthControllerTests.VerifyPassword_ShouldReturnOk_WhenPasswordIsValid" computerName="BHASBENZ" duration="00:00:00.0016490" startTime="2025-05-10T15:46:17.6824288+02:00" endTime="2025-05-10T15:46:17.6824289+02:00" testType="13cdc9d9-ddb5-4fa4-a97d-d965ccfc6d4b" outcome="Passed" testListId="8c84fa94-04c1-424b-9868-57a2d4851a1d" relativeResultsDirectory="088d95a7-2a03-44d0-a259-bf30fa89e91f" />
    <UnitTestResult executionId="a00d6efe-f0b2-48b6-abd6-4b6ac36e3c2a" testId="6e9768bd-3dff-b8bf-0a41-b259cf1f2fe2" testName="StudyJet.API.Tests.RepositoryTests.CourseRepoTest.SelectCourseUpdatesByStatusAsync_WhenNoMatchingStatus_ReturnsEmpty" computerName="BHASBENZ" duration="00:00:00.0193310" startTime="2025-05-10T15:46:18.2878751+02:00" endTime="2025-05-10T15:46:18.2878754+02:00" testType="13cdc9d9-ddb5-4fa4-a97d-d965ccfc6d4b" outcome="Passed" testListId="8c84fa94-04c1-424b-9868-57a2d4851a1d" relativeResultsDirectory="a00d6efe-f0b2-48b6-abd6-4b6ac36e3c2a" />
    <UnitTestResult executionId="09385b9b-5b62-450c-8018-49d2bf570a38" testId="a7c1f78e-3c0c-78a5-5751-ff7ed81b7710" testName="StudyJet.API.Tests.ServiceTests.WishlistServiceTest.RemoveCourseFromWishlistAsync_Success_ReturnsTrue" computerName="BHASBENZ" duration="00:00:00.0011918" startTime="2025-05-10T15:46:17.4768884+02:00" endTime="2025-05-10T15:46:17.4768885+02:00" testType="13cdc9d9-ddb5-4fa4-a97d-d965ccfc6d4b" outcome="Passed" testListId="8c84fa94-04c1-424b-9868-57a2d4851a1d" relativeResultsDirectory="09385b9b-5b62-450c-8018-49d2bf570a38" />
    <UnitTestResult executionId="f8106bac-2f45-437f-ab80-5ed37a9d3766" testId="1faa6c6d-77c7-7165-e488-ede693f2a39f" testName="StudyJet.API.Tests.ControllerTests.CourseControllerTest.SubmitUpdate_ShouldReturnBadRequest_WhenUpdateDtoIsNull" computerName="BHASBENZ" duration="00:00:00.0021011" startTime="2025-05-10T15:46:17.5438407+02:00" endTime="2025-05-10T15:46:17.5438408+02:00" testType="13cdc9d9-ddb5-4fa4-a97d-d965ccfc6d4b" outcome="Passed" testListId="8c84fa94-04c1-424b-9868-57a2d4851a1d" relativeResultsDirectory="f8106bac-2f45-437f-ab80-5ed37a9d3766" />
    <UnitTestResult executionId="64f5dc9a-23ed-4951-a4b1-bc40c412d57e" testId="94c3010a-c7f3-5fb4-c8fb-7f0e84775d5e" testName="StudyJet.API.Tests.ControllerTests.AuthControllerTests.Initiate2FA_ShouldReturnBadRequest_When2FAInitiationFails" computerName="BHASBENZ" duration="00:00:00.0021193" startTime="2025-05-10T15:46:17.6555397+02:00" endTime="2025-05-10T15:46:17.6555399+02:00" testType="13cdc9d9-ddb5-4fa4-a97d-d965ccfc6d4b" outcome="Passed" testListId="8c84fa94-04c1-424b-9868-57a2d4851a1d" relativeResultsDirectory="64f5dc9a-23ed-4951-a4b1-bc40c412d57e" />
    <UnitTestResult executionId="b3eefdba-a1ee-4bc7-b65c-56fec7763679" testId="6328e0b7-11f3-a352-c800-45c803757bb9" testName="StudyJet.API.Tests.ServiceTests.UserServiceTest.ValidatePassword_PasswordsMatch_ReturnsTrue" computerName="BHASBENZ" duration="00:00:00.0003295" startTime="2025-05-10T15:46:17.6507128+02:00" endTime="2025-05-10T15:46:17.6507128+02:00" testType="13cdc9d9-ddb5-4fa4-a97d-d965ccfc6d4b" outcome="Passed" testListId="8c84fa94-04c1-424b-9868-57a2d4851a1d" relativeResultsDirectory="b3eefdba-a1ee-4bc7-b65c-56fec7763679" />
    <UnitTestResult executionId="642cd5d4-26b4-46b3-96ed-644543a1c9e0" testId="a1e006b8-4ea7-1cac-ac1a-becbf533413c" testName="StudyJet.API.Tests.RepositoryTests.CourseRepoTest.SelectTotalCoursesAsync_ReturnsZero_WhenNoCoursesExist" computerName="BHASBENZ" duration="00:00:00.0027345" startTime="2025-05-10T15:46:18.1387227+02:00" endTime="2025-05-10T15:46:18.1387228+02:00" testType="13cdc9d9-ddb5-4fa4-a97d-d965ccfc6d4b" outcome="Passed" testListId="8c84fa94-04c1-424b-9868-57a2d4851a1d" relativeResultsDirectory="642cd5d4-26b4-46b3-96ed-644543a1c9e0" />
    <UnitTestResult executionId="c0e52063-2687-40b9-b9a9-046e3828a6c3" testId="2e688f83-ebef-1820-9e5f-849a23d1ecd3" testName="StudyJet.API.Tests.ServiceTests.CourseServiceTest.SubmitCourseUpdateAsync_ReturnsTrue_WhenUpdateIsSuccessful" computerName="BHASBENZ" duration="00:00:00.0025757" startTime="2025-05-10T15:46:17.5989701+02:00" endTime="2025-05-10T15:46:17.5989702+02:00" testType="13cdc9d9-ddb5-4fa4-a97d-d965ccfc6d4b" outcome="Passed" testListId="8c84fa94-04c1-424b-9868-57a2d4851a1d" relativeResultsDirectory="c0e52063-2687-40b9-b9a9-046e3828a6c3" />
    <UnitTestResult executionId="f9e6bd35-e089-40f8-9f30-24cf00e66a06" testId="d2518d90-24f6-7e67-00a5-7a05c168dee3" testName="StudyJet.API.Tests.RepositoryTests.WishlistRepoTest.DeleteCourseFromWishlistAsync_ReturnsTrue_WhenCourseIsInWishlist" computerName="BHASBENZ" duration="00:00:00.0114337" startTime="2025-05-10T15:46:18.1300517+02:00" endTime="2025-05-10T15:46:18.1300517+02:00" testType="13cdc9d9-ddb5-4fa4-a97d-d965ccfc6d4b" outcome="Passed" testListId="8c84fa94-04c1-424b-9868-57a2d4851a1d" relativeResultsDirectory="f9e6bd35-e089-40f8-9f30-24cf00e66a06" />
    <UnitTestResult executionId="757a412d-576e-48fa-ab55-cb724bce59b3" testId="d3e437bb-4829-4a25-ceff-0fd2c6056580" testName="StudyJet.API.Tests.ControllerTests.WishlistControllerTest.GetWishlist_ShouldReturnUnauthorized_WhenUserIsNotAuthenticated" computerName="BHASBENZ" duration="00:00:00.0017052" startTime="2025-05-10T15:46:17.5557602+02:00" endTime="2025-05-10T15:46:17.5557603+02:00" testType="13cdc9d9-ddb5-4fa4-a97d-d965ccfc6d4b" outcome="Passed" testListId="8c84fa94-04c1-424b-9868-57a2d4851a1d" relativeResultsDirectory="757a412d-576e-48fa-ab55-cb724bce59b3" />
    <UnitTestResult executionId="1af69476-a417-45c4-b6d7-2fb372af3abe" testId="c00a8bae-440c-9c5b-2479-e39d49d9d588" testName="StudyJet.API.Tests.RepositoryTests.CourseRepoTest.UpdateAsync_ThrowsException_WhenCourseNotFound" computerName="BHASBENZ" duration="00:00:00.0006566" startTime="2025-05-10T15:46:18.4403213+02:00" endTime="2025-05-10T15:46:18.4403214+02:00" testType="13cdc9d9-ddb5-4fa4-a97d-d965ccfc6d4b" outcome="Passed" testListId="8c84fa94-04c1-424b-9868-57a2d4851a1d" relativeResultsDirectory="1af69476-a417-45c4-b6d7-2fb372af3abe" />
    <UnitTestResult executionId="09f0fa09-cd1b-46fd-97ab-52dfd1fd9205" testId="ed7499a7-3968-3743-db72-b9d6de58e6cd" testName="StudyJet.API.Tests.ControllerTests.WishlistControllerTest.RemoveFromWishlist_ShouldReturnOk_WhenCourseRemovedSuccessfully" computerName="BHASBENZ" duration="00:00:00.0028815" startTime="2025-05-10T15:46:17.5587674+02:00" endTime="2025-05-10T15:46:17.5587675+02:00" testType="13cdc9d9-ddb5-4fa4-a97d-d965ccfc6d4b" outcome="Passed" testListId="8c84fa94-04c1-424b-9868-57a2d4851a1d" relativeResultsDirectory="09f0fa09-cd1b-46fd-97ab-52dfd1fd9205" />
    <UnitTestResult executionId="555a16fe-eece-459d-afc1-a5744f56d2aa" testId="392a2c92-c763-2f15-c764-9bdd4c9c336c" testName="StudyJet.API.Tests.ControllerTests.AuthControllerTests.Login_ReturnsOk_WhenUserNeedsPasswordChange" computerName="BHASBENZ" duration="00:00:00.0032762" startTime="2025-05-10T15:46:17.6605093+02:00" endTime="2025-05-10T15:46:17.6605094+02:00" testType="13cdc9d9-ddb5-4fa4-a97d-d965ccfc6d4b" outcome="Passed" testListId="8c84fa94-04c1-424b-9868-57a2d4851a1d" relativeResultsDirectory="555a16fe-eece-459d-afc1-a5744f56d2aa" />
    <UnitTestResult executionId="20448ca0-67fc-4b60-958e-c3332ded4eae" testId="31eae4ca-38de-3826-789b-3976060d42dd" testName="StudyJet.API.Tests.ServiceTests.CartServiceTest.AddToCartAsync_CourseAlreadyInCart_ThrowsInvalidOperationException" computerName="BHASBENZ" duration="00:00:00.0723337" startTime="2025-05-10T15:46:17.4738273+02:00" endTime="2025-05-10T15:46:17.4738273+02:00" testType="13cdc9d9-ddb5-4fa4-a97d-d965ccfc6d4b" outcome="Passed" testListId="8c84fa94-04c1-424b-9868-57a2d4851a1d" relativeResultsDirectory="20448ca0-67fc-4b60-958e-c3332ded4eae" />
    <UnitTestResult executionId="12ad7ba9-d3e2-4bbb-84bf-c5ba48f60606" testId="414d8b37-463a-7a32-9899-e0c099e690c2" testName="StudyJet.API.Tests.RepositoryTests.CourseRepoTest.SelectEnrolledStudentsByCourseIdAsync_WithValidCourseId_ReturnsEnrolledStudents" computerName="BHASBENZ" duration="00:00:00.0119329" startTime="2025-05-10T15:46:18.2468304+02:00" endTime="2025-05-10T15:46:18.2468307+02:00" testType="13cdc9d9-ddb5-4fa4-a97d-d965ccfc6d4b" outcome="Passed" testListId="8c84fa94-04c1-424b-9868-57a2d4851a1d" relativeResultsDirectory="12ad7ba9-d3e2-4bbb-84bf-c5ba48f60606" />
    <UnitTestResult executionId="b9f1772d-5eea-48d6-a874-bfa164006913" testId="c3ac7dfb-2adb-68ca-6587-73bca9f62d8b" testName="StudyJet.API.Tests.ControllerTests.AuthControllerTests.Confirm2FA_ShouldReturnOk_When2FACodeIsValid" computerName="BHASBENZ" duration="00:00:00.0016405" startTime="2025-05-10T15:46:17.6931415+02:00" endTime="2025-05-10T15:46:17.6931416+02:00" testType="13cdc9d9-ddb5-4fa4-a97d-d965ccfc6d4b" outcome="Passed" testListId="8c84fa94-04c1-424b-9868-57a2d4851a1d" relativeResultsDirectory="b9f1772d-5eea-48d6-a874-bfa164006913" />
    <UnitTestResult executionId="073c4538-63cf-43ca-8206-ff3e55ddbb3a" testId="c97948a2-c28a-bd73-b6d6-2e91b0feaac4" testName="StudyJet.API.Tests.ServiceTests.CartServiceTest.IsCourseInCartAsync_WhenCalled_ReturnsExpectedResult" computerName="BHASBENZ" duration="00:00:00.0026629" startTime="2025-05-10T15:46:17.4899789+02:00" endTime="2025-05-10T15:46:17.4899791+02:00" testType="13cdc9d9-ddb5-4fa4-a97d-d965ccfc6d4b" outcome="Passed" testListId="8c84fa94-04c1-424b-9868-57a2d4851a1d" relativeResultsDirectory="073c4538-63cf-43ca-8206-ff3e55ddbb3a" />
    <UnitTestResult executionId="e7e56664-18e8-473d-8f36-01e64e972980" testId="c172998f-5e6e-5547-1178-b565ccb3bcb7" testName="StudyJet.API.Tests.RepositoryTests.UserRepoTest.UsernameExistsAsync_ReturnsFalse_WhenUsernameDoesNotExist" computerName="BHASBENZ" duration="00:00:00.0005023" startTime="2025-05-10T15:46:18.1999122+02:00" endTime="2025-05-10T15:46:18.1999123+02:00" testType="13cdc9d9-ddb5-4fa4-a97d-d965ccfc6d4b" outcome="Passed" testListId="8c84fa94-04c1-424b-9868-57a2d4851a1d" relativeResultsDirectory="e7e56664-18e8-473d-8f36-01e64e972980" />
    <UnitTestResult executionId="277bf521-b96d-4f02-8aec-20e8fe7321b2" testId="d5dd3c61-93ed-4b16-53d4-5841c448022c" testName="StudyJet.API.Tests.ServiceTests.CategoryServiceTest.GetAllAsync_ReturnsMappedCategoryResponseDTOList_Success" computerName="BHASBENZ" duration="00:00:00.0683938" startTime="2025-05-10T15:46:17.4736475+02:00" endTime="2025-05-10T15:46:17.4736476+02:00" testType="13cdc9d9-ddb5-4fa4-a97d-d965ccfc6d4b" outcome="Passed" testListId="8c84fa94-04c1-424b-9868-57a2d4851a1d" relativeResultsDirectory="277bf521-b96d-4f02-8aec-20e8fe7321b2" />
    <UnitTestResult executionId="367c78c5-3433-46d7-80e1-b356d32e606c" testId="645a7777-9d39-b5b4-c7ff-93ce2e588135" testName="StudyJet.API.Tests.ControllerTests.CourseControllerTest.GetApprovedCourses_ShouldReturnOkWithEmptyList_WhenNoApprovedCourses" computerName="BHASBENZ" duration="00:00:00.0024122" startTime="2025-05-10T15:46:17.5810386+02:00" endTime="2025-05-10T15:46:17.5810387+02:00" testType="13cdc9d9-ddb5-4fa4-a97d-d965ccfc6d4b" outcome="Passed" testListId="8c84fa94-04c1-424b-9868-57a2d4851a1d" relativeResultsDirectory="367c78c5-3433-46d7-80e1-b356d32e606c" />
    <UnitTestResult executionId="9c5eea99-1a6f-45d0-af80-a93cb083d1c0" testId="0cd44002-cb8c-3e36-c58e-fa96ae90518d" testName="StudyJet.API.Tests.ServiceTests.CartServiceTest.GetCartItemsAsync_ReturnsCartItemsFromRepo" computerName="BHASBENZ" duration="00:00:00.0052084" startTime="2025-05-10T15:46:17.4952491+02:00" endTime="2025-05-10T15:46:17.4952492+02:00" testType="13cdc9d9-ddb5-4fa4-a97d-d965ccfc6d4b" outcome="Passed" testListId="8c84fa94-04c1-424b-9868-57a2d4851a1d" relativeResultsDirectory="9c5eea99-1a6f-45d0-af80-a93cb083d1c0" />
    <UnitTestResult executionId="b436cdf2-8dd0-44d1-a483-0ca8a8cf637d" testId="aed0339f-cf15-0db0-cd6c-7a1b6ceaa703" testName="StudyJet.API.Tests.ServiceTests.UserServiceTest.UpdateUserAsync_UserIsNull_ThrowsArgumentNullException" computerName="BHASBENZ" duration="00:00:00.0007089" startTime="2025-05-10T15:46:17.6707629+02:00" endTime="2025-05-10T15:46:17.6707630+02:00" testType="13cdc9d9-ddb5-4fa4-a97d-d965ccfc6d4b" outcome="Passed" testListId="8c84fa94-04c1-424b-9868-57a2d4851a1d" relativeResultsDirectory="b436cdf2-8dd0-44d1-a483-0ca8a8cf637d" />
    <UnitTestResult executionId="c51e96d7-8150-4366-b822-2df26ff77b52" testId="aa9daa07-6580-043b-0583-e8ebbe71d8f0" testName="StudyJet.API.Tests.ControllerTests.CourseControllerTest.GetCoursesByInstructor_ShouldReturnCourses_WhenInstructorIdIsValid" computerName="BHASBENZ" duration="00:00:00.0023699" startTime="2025-05-10T15:46:17.6449458+02:00" endTime="2025-05-10T15:46:17.6449458+02:00" testType="13cdc9d9-ddb5-4fa4-a97d-d965ccfc6d4b" outcome="Passed" testListId="8c84fa94-04c1-424b-9868-57a2d4851a1d" relativeResultsDirectory="c51e96d7-8150-4366-b822-2df26ff77b52" />
    <UnitTestResult executionId="4b2320d8-21c4-4e24-ab47-207613f7c287" testId="50b66496-efff-99c3-084e-faacc3c9fe18" testName="StudyJet.API.Tests.ServiceTests.AuthServiceTest.Is2faEnabledAsync_ReturnsTrue_When2faIsEnabled" computerName="BHASBENZ" duration="00:00:00.0017182" startTime="2025-05-10T15:46:17.8790603+02:00" endTime="2025-05-10T15:46:17.8790605+02:00" testType="13cdc9d9-ddb5-4fa4-a97d-d965ccfc6d4b" outcome="Passed" testListId="8c84fa94-04c1-424b-9868-57a2d4851a1d" relativeResultsDirectory="4b2320d8-21c4-4e24-ab47-207613f7c287" />
    <UnitTestResult executionId="fbcbf7dd-1274-4f20-b58c-896f08cc88c2" testId="3b052de9-e85a-308b-b176-cf11977094d4" testName="StudyJet.API.Tests.ControllerTests.UserControllerTest.CheckEmailExists_ShouldReturnBadRequest_WhenEmailIsNullOrWhitespace" computerName="BHASBENZ" duration="00:00:00.0005634" startTime="2025-05-10T15:46:17.5261422+02:00" endTime="2025-05-10T15:46:17.5261424+02:00" testType="13cdc9d9-ddb5-4fa4-a97d-d965ccfc6d4b" outcome="Passed" testListId="8c84fa94-04c1-424b-9868-57a2d4851a1d" relativeResultsDirectory="fbcbf7dd-1274-4f20-b58c-896f08cc88c2" />
    <UnitTestResult executionId="48987410-6ac7-4f7f-b2bc-5586ed0ee08c" testId="ec7bee06-6597-2a59-647f-0ab5636fbf09" testName="StudyJet.API.Tests.RepositoryTests.CourseRepoTest.SelectByInstructorIdAsync_WithUnknownInstructorId_ReturnsEmptyList" computerName="BHASBENZ" duration="00:00:00.0330412" startTime="2025-05-10T15:46:18.1717547+02:00" endTime="2025-05-10T15:46:18.1717548+02:00" testType="13cdc9d9-ddb5-4fa4-a97d-d965ccfc6d4b" outcome="Passed" testListId="8c84fa94-04c1-424b-9868-57a2d4851a1d" relativeResultsDirectory="48987410-6ac7-4f7f-b2bc-5586ed0ee08c" />
    <UnitTestResult executionId="85fd52f6-0e57-40e7-b66d-44885eb883da" testId="7737de8c-1f69-9081-7937-218f05027910" testName="StudyJet.API.Tests.ControllerTests.AuthControllerTests.RegisterInstructor_ReturnsOk_WhenSuccess" computerName="BHASBENZ" duration="00:00:00.0010383" startTime="2025-05-10T15:46:17.7006143+02:00" endTime="2025-05-10T15:46:17.7006145+02:00" testType="13cdc9d9-ddb5-4fa4-a97d-d965ccfc6d4b" outcome="Passed" testListId="8c84fa94-04c1-424b-9868-57a2d4851a1d" relativeResultsDirectory="85fd52f6-0e57-40e7-b66d-44885eb883da" />
    <UnitTestResult executionId="f71a16e3-f0d1-4e81-b898-a887e33319a9" testId="d2d90214-0443-9de7-cdcf-3187221b6a8b" testName="StudyJet.API.Tests.ServiceTests.UserServiceTest.AssignUserRoleAsync_Failure_ReturnsFailedIdentityResult" computerName="BHASBENZ" duration="00:00:00.0021582" startTime="2025-05-10T15:46:17.6347100+02:00" endTime="2025-05-10T15:46:17.6347101+02:00" testType="13cdc9d9-ddb5-4fa4-a97d-d965ccfc6d4b" outcome="Passed" testListId="8c84fa94-04c1-424b-9868-57a2d4851a1d" relativeResultsDirectory="f71a16e3-f0d1-4e81-b898-a887e33319a9" />
    <UnitTestResult executionId="156d6ebb-865e-48ee-aecc-588aa7fff8bb" testId="8d0fddf9-f921-a3e6-350c-f73f326782ec" testName="StudyJet.API.Tests.ServiceTests.AuthServiceTest.RegisterUserAsync_SuccessfulRegistration_ReturnsSuccess" computerName="BHASBENZ" duration="00:00:00.0017438" startTime="2025-05-10T15:46:17.7388018+02:00" endTime="2025-05-10T15:46:17.7388020+02:00" testType="13cdc9d9-ddb5-4fa4-a97d-d965ccfc6d4b" outcome="Passed" testListId="8c84fa94-04c1-424b-9868-57a2d4851a1d" relativeResultsDirectory="156d6ebb-865e-48ee-aecc-588aa7fff8bb" />
    <UnitTestResult executionId="40e0b61b-cae8-4cac-bc66-94b396bff2f3" testId="b946093b-a65c-fefb-8362-85583c09ea3a" testName="StudyJet.API.Tests.ServiceTests.AuthServiceTest.RegisterUserAsync_EmailSendingFails_ReturnsEmailSendingError" computerName="BHASBENZ" duration="00:00:00.0036848" startTime="2025-05-10T15:46:17.7354290+02:00" endTime="2025-05-10T15:46:17.7354294+02:00" testType="13cdc9d9-ddb5-4fa4-a97d-d965ccfc6d4b" outcome="Passed" testListId="8c84fa94-04c1-424b-9868-57a2d4851a1d" relativeResultsDirectory="40e0b61b-cae8-4cac-bc66-94b396bff2f3" />
    <UnitTestResult executionId="cd195fa7-2caa-4294-a0c3-a5aecda7a66d" testId="77544d7c-7bf1-2d31-004a-69feb71c072c" testName="StudyJet.API.Tests.ControllerTests.CartControllerTest.RemoveFromCart_UserNotAuthenticated_ReturnsUnauthorized" computerName="BHASBENZ" duration="00:00:00.0010993" startTime="2025-05-10T15:46:17.5894986+02:00" endTime="2025-05-10T15:46:17.5894987+02:00" testType="13cdc9d9-ddb5-4fa4-a97d-d965ccfc6d4b" outcome="Passed" testListId="8c84fa94-04c1-424b-9868-57a2d4851a1d" relativeResultsDirectory="cd195fa7-2caa-4294-a0c3-a5aecda7a66d" />
    <UnitTestResult executionId="75b5777c-7230-49da-9907-80deed96f9f5" testId="3c1cfadf-8a81-c8b1-3dd5-19d29a86b14a" testName="StudyJet.API.Tests.ControllerTests.CourseControllerTest.GetCourseForUpdate_ShouldReturnBadRequest_WhenInstructorIsNotLoggedIn" computerName="BHASBENZ" duration="00:00:00.0019562" startTime="2025-05-10T15:46:17.5510735+02:00" endTime="2025-05-10T15:46:17.5510737+02:00" testType="13cdc9d9-ddb5-4fa4-a97d-d965ccfc6d4b" outcome="Passed" testListId="8c84fa94-04c1-424b-9868-57a2d4851a1d" relativeResultsDirectory="75b5777c-7230-49da-9907-80deed96f9f5" />
    <UnitTestResult executionId="f9a446d2-c06b-4d1e-9e7a-e9360e592a75" testId="fa118f36-619a-fd54-2d46-0cad75be7f82" testName="StudyJet.API.Tests.ControllerTests.CartControllerTest.GetCartItems_UserNotAuthenticated_ReturnsUnauthorized" computerName="BHASBENZ" duration="00:00:00.0007231" startTime="2025-05-10T15:46:17.5913174+02:00" endTime="2025-05-10T15:46:17.5913175+02:00" testType="13cdc9d9-ddb5-4fa4-a97d-d965ccfc6d4b" outcome="Passed" testListId="8c84fa94-04c1-424b-9868-57a2d4851a1d" relativeResultsDirectory="f9a446d2-c06b-4d1e-9e7a-e9360e592a75" />
    <UnitTestResult executionId="4a2d6dc1-efa4-4dc0-a5c9-2a94bb91cc3a" testId="79ccdc43-cb49-9855-6730-b7a2264f10bc" testName="StudyJet.API.Tests.ServiceTests.UserServiceTest.CheckUsernameExistsAsync_UsernameDoesNotExist_ReturnsFalse" computerName="BHASBENZ" duration="00:00:00.0015088" startTime="2025-05-10T15:46:17.6533619+02:00" endTime="2025-05-10T15:46:17.6533619+02:00" testType="13cdc9d9-ddb5-4fa4-a97d-d965ccfc6d4b" outcome="Passed" testListId="8c84fa94-04c1-424b-9868-57a2d4851a1d" relativeResultsDirectory="4a2d6dc1-efa4-4dc0-a5c9-2a94bb91cc3a" />
    <UnitTestResult executionId="6fbfe704-b9e7-4da3-b523-cacbc778fad8" testId="e4fd0a3b-ed0d-9275-c9dd-0cce32e5e3d0" testName="StudyJet.API.Tests.RepositoryTests.CourseRepoTest.SelectTitleByIdAsync_ThrowsException_WhenCourseNotFound" computerName="BHASBENZ" duration="00:00:00.0086548" startTime="2025-05-10T15:46:18.1118309+02:00" endTime="2025-05-10T15:46:18.1118311+02:00" testType="13cdc9d9-ddb5-4fa4-a97d-d965ccfc6d4b" outcome="Passed" testListId="8c84fa94-04c1-424b-9868-57a2d4851a1d" relativeResultsDirectory="6fbfe704-b9e7-4da3-b523-cacbc778fad8" />
    <UnitTestResult executionId="fe6c6f14-1192-4d56-a77a-8107c89aed0a" testId="fdcfb0cf-6cbe-21f0-b114-ae70fea0a32d" testName="StudyJet.API.Tests.ControllerTests.CourseControllerTest.Search_ShouldReturnBadRequest_WhenQueryIsInvalid(query: &quot;&quot;)" computerName="BHASBENZ" duration="00:00:00.0013304" startTime="2025-05-10T15:46:17.5569595+02:00" endTime="2025-05-10T15:46:17.5569596+02:00" testType="13cdc9d9-ddb5-4fa4-a97d-d965ccfc6d4b" outcome="Passed" testListId="8c84fa94-04c1-424b-9868-57a2d4851a1d" relativeResultsDirectory="fe6c6f14-1192-4d56-a77a-8107c89aed0a" />
    <UnitTestResult executionId="ce791385-e901-4ac7-acc5-e9d7a7a7b5d4" testId="f5faf611-2edc-d98d-b0cd-5a896ed27412" testName="StudyJet.API.Tests.ServiceTests.WishlistServiceTest.GetWishlistAsync_UserHasWishlist_ReturnsWishlist" computerName="BHASBENZ" duration="00:00:00.0041866" startTime="2025-05-10T15:46:17.4737494+02:00" endTime="2025-05-10T15:46:17.4737494+02:00" testType="13cdc9d9-ddb5-4fa4-a97d-d965ccfc6d4b" outcome="Passed" testListId="8c84fa94-04c1-424b-9868-57a2d4851a1d" relativeResultsDirectory="ce791385-e901-4ac7-acc5-e9d7a7a7b5d4" />
    <UnitTestResult executionId="909b9f9c-451a-42a7-9b68-792666984ab4" testId="d98f7e08-65e3-49ac-4e71-06c263e89e63" testName="StudyJet.API.Tests.ControllerTests.AuthControllerTests.Register_ReturnsOk_WhenRegistrationSucceeds" computerName="BHASBENZ" duration="00:00:00.0042173" startTime="2025-05-10T15:46:17.6438333+02:00" endTime="2025-05-10T15:46:17.6438334+02:00" testType="13cdc9d9-ddb5-4fa4-a97d-d965ccfc6d4b" outcome="Passed" testListId="8c84fa94-04c1-424b-9868-57a2d4851a1d" relativeResultsDirectory="909b9f9c-451a-42a7-9b68-792666984ab4" />
    <UnitTestResult executionId="e02f8436-7eec-4b42-9dd3-c2c19f4743bc" testId="2fcc1a8b-c2a5-8d55-cb04-610daf17cb71" testName="StudyJet.API.Tests.ControllerTests.AuthControllerTests.Check2FAStatus_ShouldReturnOk_When2FADisabled" computerName="BHASBENZ" duration="00:00:00.0027215" startTime="2025-05-10T15:46:17.6752893+02:00" endTime="2025-05-10T15:46:17.6752894+02:00" testType="13cdc9d9-ddb5-4fa4-a97d-d965ccfc6d4b" outcome="Passed" testListId="8c84fa94-04c1-424b-9868-57a2d4851a1d" relativeResultsDirectory="e02f8436-7eec-4b42-9dd3-c2c19f4743bc" />
    <UnitTestResult executionId="2cff5678-9f3a-41d7-a562-206d7ef039ea" testId="4d3aef9a-b337-27ef-1ff3-22fb8aa9ef59" testName="StudyJet.API.Tests.RepositoryTests.CourseRepoTest.InsertAsync_WithNullCourse_ThrowsArgumentNullException" computerName="BHASBENZ" duration="00:00:00.0008745" startTime="2025-05-10T15:46:18.3210924+02:00" endTime="2025-05-10T15:46:18.3210925+02:00" testType="13cdc9d9-ddb5-4fa4-a97d-d965ccfc6d4b" outcome="Passed" testListId="8c84fa94-04c1-424b-9868-57a2d4851a1d" relativeResultsDirectory="2cff5678-9f3a-41d7-a562-206d7ef039ea" />
    <UnitTestResult executionId="bc67a348-3d03-4485-bfd6-95a26e2aebe6" testId="db2f73ea-e402-c039-fcb5-971541c5bb86" testName="StudyJet.API.Tests.RepositoryTests.CourseRepoTest.ApproveCourseAsync_WithInvalidCourseId_ReturnsFalse" computerName="BHASBENZ" duration="00:00:00.0011500" startTime="2025-05-10T15:46:18.3222988+02:00" endTime="2025-05-10T15:46:18.3222988+02:00" testType="13cdc9d9-ddb5-4fa4-a97d-d965ccfc6d4b" outcome="Passed" testListId="8c84fa94-04c1-424b-9868-57a2d4851a1d" relativeResultsDirectory="bc67a348-3d03-4485-bfd6-95a26e2aebe6" />
    <UnitTestResult executionId="1870c601-48d0-471e-9036-be9cc40183c3" testId="18e5b927-3565-48db-2c90-b337807149e6" testName="StudyJet.API.Tests.ServiceTests.NotificationServiceTest.UpdateNotificationAsync_ShouldThrowArgumentNullException_WhenNotificationIsNull" computerName="BHASBENZ" duration="00:00:00.1620932" startTime="2025-05-10T15:46:17.5613366+02:00" endTime="2025-05-10T15:46:17.5613368+02:00" testType="13cdc9d9-ddb5-4fa4-a97d-d965ccfc6d4b" outcome="Passed" testListId="8c84fa94-04c1-424b-9868-57a2d4851a1d" relativeResultsDirectory="1870c601-48d0-471e-9036-be9cc40183c3" />
    <UnitTestResult executionId="16209b89-4c23-485f-a11d-785d349e91e1" testId="bbe10179-7406-55fb-0e5b-83178ee0c727" testName="StudyJet.API.Tests.ServiceTests.AuthServiceTest.Confirm2faSetupAsync_ReturnsFailure_WhenInvalidCodeIsProvided" computerName="BHASBENZ" duration="00:00:00.0019305" startTime="2025-05-10T15:46:17.7407580+02:00" endTime="2025-05-10T15:46:17.7407581+02:00" testType="13cdc9d9-ddb5-4fa4-a97d-d965ccfc6d4b" outcome="Passed" testListId="8c84fa94-04c1-424b-9868-57a2d4851a1d" relativeResultsDirectory="16209b89-4c23-485f-a11d-785d349e91e1" />
    <UnitTestResult executionId="ef61f650-2c85-4240-9ca3-707e2f095fbf" testId="449cdbc4-8c96-72d9-db36-ca0ee70f2d16" testName="StudyJet.API.Tests.ServiceTests.FileStorageServiceTest.SaveCVAsync_ShouldSaveFile_WhenValidFile" computerName="BHASBENZ" duration="00:00:00.1434134" startTime="2025-05-10T15:46:17.5426977+02:00" endTime="2025-05-10T15:46:17.5426979+02:00" testType="13cdc9d9-ddb5-4fa4-a97d-d965ccfc6d4b" outcome="Passed" testListId="8c84fa94-04c1-424b-9868-57a2d4851a1d" relativeResultsDirectory="ef61f650-2c85-4240-9ca3-707e2f095fbf" />
    <UnitTestResult executionId="e9dd61cc-dea7-494b-b36c-5780abb2845b" testId="5a736391-49dc-bc35-5d8a-0f7b066aa2ec" testName="StudyJet.API.Tests.RepositoryTests.NotificationRepoTest.UpdateAsync_NullNotification" computerName="BHASBENZ" duration="00:00:00.0007311" startTime="2025-05-10T15:46:18.1204102+02:00" endTime="2025-05-10T15:46:18.1204103+02:00" testType="13cdc9d9-ddb5-4fa4-a97d-d965ccfc6d4b" outcome="Passed" testListId="8c84fa94-04c1-424b-9868-57a2d4851a1d" relativeResultsDirectory="e9dd61cc-dea7-494b-b36c-5780abb2845b" />
    <UnitTestResult executionId="4c06f250-c74b-44f4-a8c9-60e3fbfe2a28" testId="a7538247-2f24-1a3d-a492-b1f4b1803c1f" testName="StudyJet.API.Tests.ServiceTests.UserServiceTest.GetUserByEmailAsync_EmailExists_ReturnsUser" computerName="BHASBENZ" duration="00:00:00.0016283" startTime="2025-05-10T15:46:17.6403804+02:00" endTime="2025-05-10T15:46:17.6403805+02:00" testType="13cdc9d9-ddb5-4fa4-a97d-d965ccfc6d4b" outcome="Passed" testListId="8c84fa94-04c1-424b-9868-57a2d4851a1d" relativeResultsDirectory="4c06f250-c74b-44f4-a8c9-60e3fbfe2a28" />
    <UnitTestResult executionId="34c304b6-17c9-493a-a52f-1e17d1ea31e7" testId="c5cd8ed8-4748-92a4-ef59-81862a123923" testName="StudyJet.API.Tests.ServiceTests.NotificationServiceTest.GetNotificationByIdAsync_ShouldReturnNotification_WhenValidId" computerName="BHASBENZ" duration="00:00:00.0020260" startTime="2025-05-10T15:46:17.5829133+02:00" endTime="2025-05-10T15:46:17.5829133+02:00" testType="13cdc9d9-ddb5-4fa4-a97d-d965ccfc6d4b" outcome="Passed" testListId="8c84fa94-04c1-424b-9868-57a2d4851a1d" relativeResultsDirectory="34c304b6-17c9-493a-a52f-1e17d1ea31e7" />
    <UnitTestResult executionId="6309f8a4-0108-4ec3-bcf6-d873b5915a2e" testId="cf035b26-f9ea-e63b-94de-8116c3b1e8d3" testName="StudyJet.API.Tests.RepositoryTests.CourseRepoTest.SelectCoursesWithStudentsForInstructorAsync_WithValidInstructorId_ReturnsCoursesWithStudents" computerName="BHASBENZ" duration="00:00:00.0062739" startTime="2025-05-10T15:46:18.4017660+02:00" endTime="2025-05-10T15:46:18.4017663+02:00" testType="13cdc9d9-ddb5-4fa4-a97d-d965ccfc6d4b" outcome="Passed" testListId="8c84fa94-04c1-424b-9868-57a2d4851a1d" relativeResultsDirectory="6309f8a4-0108-4ec3-bcf6-d873b5915a2e" />
    <UnitTestResult executionId="3b2960c9-d7bc-48cb-8d61-3a17759a999c" testId="d4a49540-f388-6087-fe19-5b7d16216a72" testName="StudyJet.API.Tests.ControllerTests.CategoryControllerTest.CategoryExists_ReturnsFalse_WhenCategoryDoesNotExist" computerName="BHASBENZ" duration="00:00:00.0044737" startTime="2025-05-10T15:46:17.4655805+02:00" endTime="2025-05-10T15:46:17.4655805+02:00" testType="13cdc9d9-ddb5-4fa4-a97d-d965ccfc6d4b" outcome="Passed" testListId="8c84fa94-04c1-424b-9868-57a2d4851a1d" relativeResultsDirectory="3b2960c9-d7bc-48cb-8d61-3a17759a999c" />
    <UnitTestResult executionId="ac58d5fb-4089-41ec-a2d5-d5082c9cb842" testId="d8628a50-1eb6-5711-552c-6c5d37dacb02" testName="StudyJet.API.Tests.ServiceTests.AuthServiceTest.ResetPasswordAsync_ReturnsFailure_WhenNewPasswordIsSameAsCurrent" computerName="BHASBENZ" duration="00:00:00.0015620" startTime="2025-05-10T15:46:17.8028823+02:00" endTime="2025-05-10T15:46:17.8028826+02:00" testType="13cdc9d9-ddb5-4fa4-a97d-d965ccfc6d4b" outcome="Passed" testListId="8c84fa94-04c1-424b-9868-57a2d4851a1d" relativeResultsDirectory="ac58d5fb-4089-41ec-a2d5-d5082c9cb842" />
    <UnitTestResult executionId="781d5073-fa4a-4ffd-b06e-a83184e2072d" testId="4a26c366-cdec-0021-c93b-6e2013b096aa" testName="StudyJet.API.Tests.RepositoryTests.CartRepoTest.IsCourseInCartAsync_Success" computerName="BHASBENZ" duration="00:00:00.0060206" startTime="2025-05-10T15:46:18.0787152+02:00" endTime="2025-05-10T15:46:18.0787154+02:00" testType="13cdc9d9-ddb5-4fa4-a97d-d965ccfc6d4b" outcome="Passed" testListId="8c84fa94-04c1-424b-9868-57a2d4851a1d" relativeResultsDirectory="781d5073-fa4a-4ffd-b06e-a83184e2072d" />
    <UnitTestResult executionId="d2e9c708-6075-470e-a777-d55dce9bdbb3" testId="5c0e148f-866a-7cee-8a22-78a39fc1c300" testName="StudyJet.API.Tests.ServiceTests.AuthServiceTest.Is2faEnabledAsync_ReturnsFalse_When2faIsNotEnabled" computerName="BHASBENZ" duration="00:00:00.0018697" startTime="2025-05-10T15:46:17.8771916+02:00" endTime="2025-05-10T15:46:17.8771918+02:00" testType="13cdc9d9-ddb5-4fa4-a97d-d965ccfc6d4b" outcome="Passed" testListId="8c84fa94-04c1-424b-9868-57a2d4851a1d" relativeResultsDirectory="d2e9c708-6075-470e-a777-d55dce9bdbb3" />
    <UnitTestResult executionId="8e5b4391-1d60-425d-a852-8a0977a6bb78" testId="4984aba4-2863-7349-de28-5053a8122937" testName="StudyJet.API.Tests.ControllerTests.AuthControllerTests.Login_ReturnsUnauthorized_WhenEmailNotConfirmed" computerName="BHASBENZ" duration="00:00:00.0012550" startTime="2025-05-10T15:46:17.6862950+02:00" endTime="2025-05-10T15:46:17.6862951+02:00" testType="13cdc9d9-ddb5-4fa4-a97d-d965ccfc6d4b" outcome="Passed" testListId="8c84fa94-04c1-424b-9868-57a2d4851a1d" relativeResultsDirectory="8e5b4391-1d60-425d-a852-8a0977a6bb78" />
    <UnitTestResult executionId="ab4dfe29-fe7e-4e74-a211-50ee76f289f1" testId="65b988ab-d2f9-16f6-b17b-7334b26a59a3" testName="StudyJet.API.Tests.ServiceTests.AuthServiceTest.GetOrCreateAuthenticatorKeyAsync_Throws_WhenResetFails" computerName="BHASBENZ" duration="00:00:00.0012153" startTime="2025-05-10T15:46:17.7934419+02:00" endTime="2025-05-10T15:46:17.7934420+02:00" testType="13cdc9d9-ddb5-4fa4-a97d-d965ccfc6d4b" outcome="Passed" testListId="8c84fa94-04c1-424b-9868-57a2d4851a1d" relativeResultsDirectory="ab4dfe29-fe7e-4e74-a211-50ee76f289f1" />
    <UnitTestResult executionId="481205b3-242d-4409-982b-8449721ab606" testId="0cda3cf7-e2a9-8495-a33f-f100c5912a7e" testName="StudyJet.API.Tests.ServiceTests.UserServiceTest.GetUserByIdAsync_UserExists_ReturnsUser" computerName="BHASBENZ" duration="00:00:00.0017571" startTime="2025-05-10T15:46:17.6297491+02:00" endTime="2025-05-10T15:46:17.6297493+02:00" testType="13cdc9d9-ddb5-4fa4-a97d-d965ccfc6d4b" outcome="Passed" testListId="8c84fa94-04c1-424b-9868-57a2d4851a1d" relativeResultsDirectory="481205b3-242d-4409-982b-8449721ab606" />
    <UnitTestResult executionId="a43ddf1b-e3a5-45ca-a411-a900e3631953" testId="8500e031-7bd2-eb5a-8f4d-b4c7e84a79aa" testName="StudyJet.API.Tests.ServiceTests.UserServiceTest.CountUserByRoleAsync_ReturnsZero_WhenNoUsersFound" computerName="BHASBENZ" duration="00:00:00.0010805" startTime="2025-05-10T15:46:17.6452822+02:00" endTime="2025-05-10T15:46:17.6452823+02:00" testType="13cdc9d9-ddb5-4fa4-a97d-d965ccfc6d4b" outcome="Passed" testListId="8c84fa94-04c1-424b-9868-57a2d4851a1d" relativeResultsDirectory="a43ddf1b-e3a5-45ca-a411-a900e3631953" />
    <UnitTestResult executionId="3c822011-11c1-4f48-a1c4-0d11fceeaa03" testId="e56af006-c0dc-fe24-11ff-5497f76bf1c8" testName="StudyJet.API.Tests.ControllerTests.AuthControllerTests.Login_ReturnsOk_WhenSuccess" computerName="BHASBENZ" duration="00:00:00.0035186" startTime="2025-05-10T15:46:17.6533189+02:00" endTime="2025-05-10T15:46:17.6533190+02:00" testType="13cdc9d9-ddb5-4fa4-a97d-d965ccfc6d4b" outcome="Passed" testListId="8c84fa94-04c1-424b-9868-57a2d4851a1d" relativeResultsDirectory="3c822011-11c1-4f48-a1c4-0d11fceeaa03" />
    <UnitTestResult executionId="b8c44579-97a3-4924-90db-af803ec2f059" testId="3f630587-2960-4cfb-d45c-e4f56e77a82c" testName="StudyJet.API.Tests.RepositoryTests.CourseRepoTest.SelectPendingUpdatesByInstructorIdAsync_WithValidInstructorId_ReturnsPendingUpdates" computerName="BHASBENZ" duration="00:00:00.7037895" startTime="2025-05-10T15:46:18.1031102+02:00" endTime="2025-05-10T15:46:18.1031103+02:00" testType="13cdc9d9-ddb5-4fa4-a97d-d965ccfc6d4b" outcome="Passed" testListId="8c84fa94-04c1-424b-9868-57a2d4851a1d" relativeResultsDirectory="b8c44579-97a3-4924-90db-af803ec2f059" />
    <UnitTestResult executionId="0fda767a-3f68-4f8f-ba0c-9c880c3b2e44" testId="dec3b024-9fbf-448d-a2d0-4a8c00721a24" testName="StudyJet.API.Tests.ServiceTests.CourseServiceTest.SubmitCourseUpdateAsync_ThrowsArgumentNullException_WhenUpdateDtoIsNull" computerName="BHASBENZ" duration="00:00:00.0012529" startTime="2025-05-10T15:46:17.5942498+02:00" endTime="2025-05-10T15:46:17.5942499+02:00" testType="13cdc9d9-ddb5-4fa4-a97d-d965ccfc6d4b" outcome="Passed" testListId="8c84fa94-04c1-424b-9868-57a2d4851a1d" relativeResultsDirectory="0fda767a-3f68-4f8f-ba0c-9c880c3b2e44" />
    <UnitTestResult executionId="37d269ba-42fe-4e0a-bb20-d1406704b391" testId="cdd2146e-8ab5-7596-64c8-88a844f2c712" testName="StudyJet.API.Tests.ServiceTests.AuthServiceTest.ChangePasswordAsync_ReturnsFalse_WhenUserNotFound" computerName="BHASBENZ" duration="00:00:00.0011201" startTime="2025-05-10T15:46:17.8821426+02:00" endTime="2025-05-10T15:46:17.8821427+02:00" testType="13cdc9d9-ddb5-4fa4-a97d-d965ccfc6d4b" outcome="Passed" testListId="8c84fa94-04c1-424b-9868-57a2d4851a1d" relativeResultsDirectory="37d269ba-42fe-4e0a-bb20-d1406704b391" />
    <UnitTestResult executionId="7993222c-25b7-4cbb-9fdf-0d1fe9e90927" testId="5b234383-ec9d-c8eb-5d2d-69bd82f2cd2e" testName="StudyJet.API.Tests.RepositoryTests.CourseRepoTest.SelectPopularCoursesAsync_ReturnsEmptyList_WhenNoPopularCourses" computerName="BHASBENZ" duration="00:00:00.0010212" startTime="2025-05-10T15:46:18.2144722+02:00" endTime="2025-05-10T15:46:18.2144724+02:00" testType="13cdc9d9-ddb5-4fa4-a97d-d965ccfc6d4b" outcome="Passed" testListId="8c84fa94-04c1-424b-9868-57a2d4851a1d" relativeResultsDirectory="7993222c-25b7-4cbb-9fdf-0d1fe9e90927" />
    <UnitTestResult executionId="7d773f28-c4d8-4219-96e1-c887891136bd" testId="0eed7676-aad9-92f8-1db8-6775577d7523" testName="StudyJet.API.Tests.RepositoryTests.UserRepoTest.SelectUsersByRoleAsync_ReturnsUsers_WhenRoleExists" computerName="BHASBENZ" duration="00:00:00.0412033" startTime="2025-05-10T15:46:18.1993422+02:00" endTime="2025-05-10T15:46:18.1993425+02:00" testType="13cdc9d9-ddb5-4fa4-a97d-d965ccfc6d4b" outcome="Passed" testListId="8c84fa94-04c1-424b-9868-57a2d4851a1d" relativeResultsDirectory="7d773f28-c4d8-4219-96e1-c887891136bd" />
    <UnitTestResult executionId="cbe1ebba-8ad5-4691-a535-ffe9a2d7485d" testId="fc2e3c92-6ace-1729-5aa8-d4f4c6826dd6" testName="StudyJet.API.Tests.RepositoryTests.CourseRepoTest.SubmitCourseUpdateAsync_WithInvalidCourseId_ReturnsFalse" computerName="BHASBENZ" duration="00:00:00.0045493" startTime="2025-05-10T15:46:18.2565966+02:00" endTime="2025-05-10T15:46:18.2565969+02:00" testType="13cdc9d9-ddb5-4fa4-a97d-d965ccfc6d4b" outcome="Passed" testListId="8c84fa94-04c1-424b-9868-57a2d4851a1d" relativeResultsDirectory="cbe1ebba-8ad5-4691-a535-ffe9a2d7485d" />
    <UnitTestResult executionId="63f5b174-9fc2-4a61-8546-795b77aba4d4" testId="bf5f1c0c-0811-39c1-8826-ca5a3cb97937" testName="StudyJet.API.Tests.RepositoryTests.CourseRepoTest.SelectCourseByStatusAsync_ReturnsEmptyListWhenNoMatches" computerName="BHASBENZ" duration="00:00:00.0199281" startTime="2025-05-10T15:46:18.1917413+02:00" endTime="2025-05-10T15:46:18.1917416+02:00" testType="13cdc9d9-ddb5-4fa4-a97d-d965ccfc6d4b" outcome="Passed" testListId="8c84fa94-04c1-424b-9868-57a2d4851a1d" relativeResultsDirectory="63f5b174-9fc2-4a61-8546-795b77aba4d4" />
    <UnitTestResult executionId="234d9655-7db2-4717-8760-a02f1b18075e" testId="bb0063a0-2275-dc0f-a5c7-c773fa34b04a" testName="StudyJet.API.Tests.ControllerTests.CourseControllerTest.RejectCourse_ShouldReturnOk_WhenCourseIsRejectedSuccessfully" computerName="BHASBENZ" duration="00:00:00.0018236" startTime="2025-05-10T15:46:17.5785563+02:00" endTime="2025-05-10T15:46:17.5785564+02:00" testType="13cdc9d9-ddb5-4fa4-a97d-d965ccfc6d4b" outcome="Passed" testListId="8c84fa94-04c1-424b-9868-57a2d4851a1d" relativeResultsDirectory="234d9655-7db2-4717-8760-a02f1b18075e" />
    <UnitTestResult executionId="4c9956c5-fa3e-4abc-89f1-176bab7f2d65" testId="f503367b-6b09-19ec-3e4f-efc9b07630a6" testName="StudyJet.API.Tests.ServiceTests.CartServiceTest.AddToCartAsync_WithValidCourse_AddsCourseToCart" computerName="BHASBENZ" duration="00:00:00.0063901" startTime="2025-05-10T15:46:17.4840153+02:00" endTime="2025-05-10T15:46:17.4840156+02:00" testType="13cdc9d9-ddb5-4fa4-a97d-d965ccfc6d4b" outcome="Passed" testListId="8c84fa94-04c1-424b-9868-57a2d4851a1d" relativeResultsDirectory="4c9956c5-fa3e-4abc-89f1-176bab7f2d65" />
    <UnitTestResult executionId="a1f1e2ba-c733-49bf-a98f-3f12aaeae4ee" testId="fee158cc-0b96-4f70-91d7-8597234dd39a" testName="StudyJet.API.Tests.ServiceTests.AuthServiceTest.PasswordSignInAsync_ValidPassword_ReturnsSuccess" computerName="BHASBENZ" duration="00:00:00.2172641" startTime="2025-05-10T15:46:17.6165320+02:00" endTime="2025-05-10T15:46:17.6165321+02:00" testType="13cdc9d9-ddb5-4fa4-a97d-d965ccfc6d4b" outcome="Passed" testListId="8c84fa94-04c1-424b-9868-57a2d4851a1d" relativeResultsDirectory="a1f1e2ba-c733-49bf-a98f-3f12aaeae4ee" />
    <UnitTestResult executionId="a1fe973e-1c1e-469e-b68a-479fc2b32ba2" testId="a822abf7-2bfd-58a8-16e3-be26a4f87e4c" testName="StudyJet.API.Tests.ControllerTests.NotificationControllerTest.GetNotifications_ShouldReturnNoContent_WhenNoNotificationsFound" computerName="BHASBENZ" duration="00:00:00.0017554" startTime="2025-05-10T15:46:17.5533323+02:00" endTime="2025-05-10T15:46:17.5533324+02:00" testType="13cdc9d9-ddb5-4fa4-a97d-d965ccfc6d4b" outcome="Passed" testListId="8c84fa94-04c1-424b-9868-57a2d4851a1d" relativeResultsDirectory="a1fe973e-1c1e-469e-b68a-479fc2b32ba2" />
    <UnitTestResult executionId="ec014706-1715-4a53-94f2-f00a06711bf3" testId="4f146125-779e-04ef-8802-3532d953dd08" testName="StudyJet.API.Tests.ControllerTests.UserControllerTest.GetUsersByRole_ShouldReturnBadRequest_WhenRoleIsNullOrEmpty" computerName="BHASBENZ" duration="00:00:00.0011737" startTime="2025-05-10T15:46:17.5244204+02:00" endTime="2025-05-10T15:46:17.5244205+02:00" testType="13cdc9d9-ddb5-4fa4-a97d-d965ccfc6d4b" outcome="Passed" testListId="8c84fa94-04c1-424b-9868-57a2d4851a1d" relativeResultsDirectory="ec014706-1715-4a53-94f2-f00a06711bf3" />
    <UnitTestResult executionId="1d7ceb7f-5cc7-4e70-8fd0-3744b5459137" testId="c6612e0e-e3a4-5811-c578-9e65fc5db96a" testName="StudyJet.API.Tests.ServiceTests.CartServiceTest.GetUserByIdAsync_WithValidUserId_ReturnsUser" computerName="BHASBENZ" duration="00:00:00.0022973" startTime="2025-05-10T15:46:17.4775405+02:00" endTime="2025-05-10T15:46:17.4775406+02:00" testType="13cdc9d9-ddb5-4fa4-a97d-d965ccfc6d4b" outcome="Passed" testListId="8c84fa94-04c1-424b-9868-57a2d4851a1d" relativeResultsDirectory="1d7ceb7f-5cc7-4e70-8fd0-3744b5459137" />
    <UnitTestResult executionId="c31012a4-f7b5-475f-ae64-de9f8ee280d8" testId="c6442d0b-85ec-cba2-3524-c28bd0f75732" testName="StudyJet.API.Tests.ControllerTests.AuthControllerTests.VerifyPassword_ShouldReturnBadRequest_WhenPasswordIsInvalid" computerName="BHASBENZ" duration="00:00:00.0015842" startTime="2025-05-10T15:46:17.6571439+02:00" endTime="2025-05-10T15:46:17.6571440+02:00" testType="13cdc9d9-ddb5-4fa4-a97d-d965ccfc6d4b" outcome="Passed" testListId="8c84fa94-04c1-424b-9868-57a2d4851a1d" relativeResultsDirectory="c31012a4-f7b5-475f-ae64-de9f8ee280d8" />
    <UnitTestResult executionId="d7eb7749-1315-4483-b31e-51f832a2cd13" testId="d7775649-5b8a-468f-188a-4d8d2bd9602e" testName="StudyJet.API.Tests.ServiceTests.NotificationServiceTest.GetNotificationByUserIdAsync_ShouldThrowArgumentException_WhenUserIdIsInvalid(invalidUserId: &quot;&quot;)" computerName="BHASBENZ" duration="00:00:00.0002667" startTime="2025-05-10T15:46:17.5763232+02:00" endTime="2025-05-10T15:46:17.5763233+02:00" testType="13cdc9d9-ddb5-4fa4-a97d-d965ccfc6d4b" outcome="Passed" testListId="8c84fa94-04c1-424b-9868-57a2d4851a1d" relativeResultsDirectory="d7eb7749-1315-4483-b31e-51f832a2cd13" />
    <UnitTestResult executionId="2000b069-c7c4-4eaa-9c89-d19f906ad097" testId="87104e30-4670-162f-dc31-580043011163" testName="StudyJet.API.Tests.ServiceTests.CourseServiceTest.ApproveCourseAsync_ReturnsTrue_WhenCourseExists" computerName="BHASBENZ" duration="00:00:00.0011305" startTime="2025-05-10T15:46:17.6190430+02:00" endTime="2025-05-10T15:46:17.6190432+02:00" testType="13cdc9d9-ddb5-4fa4-a97d-d965ccfc6d4b" outcome="Passed" testListId="8c84fa94-04c1-424b-9868-57a2d4851a1d" relativeResultsDirectory="2000b069-c7c4-4eaa-9c89-d19f906ad097" />
    <UnitTestResult executionId="ef86f937-77ca-453b-9410-136d3ecfc1f0" testId="851d9af6-c0eb-4ecc-fd0f-eafe2e1d187d" testName="StudyJet.API.Tests.ServiceTests.AuthServiceTest.Generate2FASecretAsync_UserHasAuthenticatorKey_ReturnsKey" computerName="BHASBENZ" duration="00:00:00.0014650" startTime="2025-05-10T15:46:17.7316269+02:00" endTime="2025-05-10T15:46:17.7316271+02:00" testType="13cdc9d9-ddb5-4fa4-a97d-d965ccfc6d4b" outcome="Passed" testListId="8c84fa94-04c1-424b-9868-57a2d4851a1d" relativeResultsDirectory="ef86f937-77ca-453b-9410-136d3ecfc1f0" />
    <UnitTestResult executionId="eab40fbc-6c03-4972-bd66-a1d41ba3a833" testId="d04e18c5-208a-c02f-3f68-eb3389d7a52a" testName="StudyJet.API.Tests.ServiceTests.WishlistServiceTest.GetWishlistAsync_UserHasNoWishlist_ReturnsEmptyList" computerName="BHASBENZ" duration="00:00:00.0012306" startTime="2025-05-10T15:46:17.4755864+02:00" endTime="2025-05-10T15:46:17.4755865+02:00" testType="13cdc9d9-ddb5-4fa4-a97d-d965ccfc6d4b" outcome="Passed" testListId="8c84fa94-04c1-424b-9868-57a2d4851a1d" relativeResultsDirectory="eab40fbc-6c03-4972-bd66-a1d41ba3a833" />
    <UnitTestResult executionId="5e4b4b7f-d4ae-4609-b088-d43b1761f416" testId="e75f9b1d-f88b-b357-72f4-1bfa5fc211c7" testName="StudyJet.API.Tests.ServiceTests.UserServiceTest.GetUserByRolesAsync_ReturnsEmptyList_WhenNoUsersFound" computerName="BHASBENZ" duration="00:00:00.0012030" startTime="2025-05-10T15:46:17.6501174+02:00" endTime="2025-05-10T15:46:17.6501175+02:00" testType="13cdc9d9-ddb5-4fa4-a97d-d965ccfc6d4b" outcome="Passed" testListId="8c84fa94-04c1-424b-9868-57a2d4851a1d" relativeResultsDirectory="5e4b4b7f-d4ae-4609-b088-d43b1761f416" />
    <UnitTestResult executionId="15354354-5815-46fa-a0dd-4b9e0652fff1" testId="76980d06-4849-c2b4-edd7-cbe7a5afad18" testName="StudyJet.API.Tests.ControllerTests.AuthControllerTests.Register_ReturnsBadRequest_WhenEmailExists" computerName="BHASBENZ" duration="00:00:00.0014005" startTime="2025-05-10T15:46:17.7033403+02:00" endTime="2025-05-10T15:46:17.7033404+02:00" testType="13cdc9d9-ddb5-4fa4-a97d-d965ccfc6d4b" outcome="Passed" testListId="8c84fa94-04c1-424b-9868-57a2d4851a1d" relativeResultsDirectory="15354354-5815-46fa-a0dd-4b9e0652fff1" />
    <UnitTestResult executionId="4be46efb-8493-492b-a4af-0118e78b6130" testId="1079428f-041b-776b-9aca-ce290321e979" testName="StudyJet.API.Tests.ServiceTests.CourseServiceTest.RejectPendingUpdatesAsync_ReturnsTrue_WhenPendingUpdateExists" computerName="BHASBENZ" duration="00:00:00.1273672" startTime="2025-05-10T15:46:17.5266453+02:00" endTime="2025-05-10T15:46:17.5266454+02:00" testType="13cdc9d9-ddb5-4fa4-a97d-d965ccfc6d4b" outcome="Passed" testListId="8c84fa94-04c1-424b-9868-57a2d4851a1d" relativeResultsDirectory="4be46efb-8493-492b-a4af-0118e78b6130" />
    <UnitTestResult executionId="e122dd76-bbfc-4747-80d9-00acf10bf3b9" testId="a122e1b9-e968-55ff-66f4-79b775b0ede0" testName="StudyJet.API.Tests.ControllerTests.CourseControllerTest.GetPopularCourses_ShouldReturnOkWithCourses" computerName="BHASBENZ" duration="00:00:00.0008953" startTime="2025-05-10T15:46:17.6585710+02:00" endTime="2025-05-10T15:46:17.6585712+02:00" testType="13cdc9d9-ddb5-4fa4-a97d-d965ccfc6d4b" outcome="Passed" testListId="8c84fa94-04c1-424b-9868-57a2d4851a1d" relativeResultsDirectory="e122dd76-bbfc-4747-80d9-00acf10bf3b9" />
    <UnitTestResult executionId="226cc5f8-db01-4d62-b349-b74d098d7c92" testId="2ea53247-92a7-e6ca-cef5-1dd606a939dc" testName="StudyJet.API.Tests.ServiceTests.AuthServiceTest.LoginUserAsync_PasswordChangeRequired_ReturnsPasswordChangeObject" computerName="BHASBENZ" duration="00:00:00.0037783" startTime="2025-05-10T15:46:17.8905182+02:00" endTime="2025-05-10T15:46:17.8905184+02:00" testType="13cdc9d9-ddb5-4fa4-a97d-d965ccfc6d4b" outcome="Passed" testListId="8c84fa94-04c1-424b-9868-57a2d4851a1d" relativeResultsDirectory="226cc5f8-db01-4d62-b349-b74d098d7c92" />
    <UnitTestResult executionId="5a2efecf-c4f2-4bc5-9147-888880269ca9" testId="58b46aad-97fb-08ea-340f-9bc22c8889b5" testName="StudyJet.API.Tests.ServiceTests.CategoryServiceTest.GetAllAsync_ThrowsException_WhenRepoFails" computerName="BHASBENZ" duration="00:00:00.0007691" startTime="2025-05-10T15:46:17.4934845+02:00" endTime="2025-05-10T15:46:17.4934846+02:00" testType="13cdc9d9-ddb5-4fa4-a97d-d965ccfc6d4b" outcome="Passed" testListId="8c84fa94-04c1-424b-9868-57a2d4851a1d" relativeResultsDirectory="5a2efecf-c4f2-4bc5-9147-888880269ca9" />
    <UnitTestResult executionId="9b92808f-3693-40b5-a202-e8cc3fe14a37" testId="12d44fd1-df0b-a3cf-7ecf-e6d4bd638a80" testName="StudyJet.API.Tests.RepositoryTests.CategoryRepoTest.SelectAllAsync_ReturnsEmptyList_WhenNoApprovedCoursesExist" computerName="BHASBENZ" duration="00:00:00.0152788" startTime="2025-05-10T15:46:18.1152690+02:00" endTime="2025-05-10T15:46:18.1152691+02:00" testType="13cdc9d9-ddb5-4fa4-a97d-d965ccfc6d4b" outcome="Passed" testListId="8c84fa94-04c1-424b-9868-57a2d4851a1d" relativeResultsDirectory="9b92808f-3693-40b5-a202-e8cc3fe14a37" />
    <UnitTestResult executionId="2b90ef09-8f68-446e-bc9d-8f217674daae" testId="fb0bee82-09ca-8773-471f-f04f4493e245" testName="StudyJet.API.Tests.ControllerTests.CourseControllerTest.GetCourseForUpdate_ShouldReturnNotFound_WhenCourseIsNotFoundOrNoUpdatesAvailable" computerName="BHASBENZ" duration="00:00:00.0039352" startTime="2025-05-10T15:46:17.5664088+02:00" endTime="2025-05-10T15:46:17.5664089+02:00" testType="13cdc9d9-ddb5-4fa4-a97d-d965ccfc6d4b" outcome="Passed" testListId="8c84fa94-04c1-424b-9868-57a2d4851a1d" relativeResultsDirectory="2b90ef09-8f68-446e-bc9d-8f217674daae" />
    <UnitTestResult executionId="d796ac31-62d5-47d3-a539-689e025edf8f" testId="81362093-a83d-df5d-a833-bd4e13c177dc" testName="StudyJet.API.Tests.ServiceTests.AuthServiceTest.ChangePasswordAsync_ReturnsFalse_WhenPasswordChangeFails" computerName="BHASBENZ" duration="00:00:00.0032580" startTime="2025-05-10T15:46:17.6309744+02:00" endTime="2025-05-10T15:46:17.6309745+02:00" testType="13cdc9d9-ddb5-4fa4-a97d-d965ccfc6d4b" outcome="Passed" testListId="8c84fa94-04c1-424b-9868-57a2d4851a1d" relativeResultsDirectory="d796ac31-62d5-47d3-a539-689e025edf8f" />
    <UnitTestResult executionId="42eb5292-d7ec-4582-b051-996aaed1b0e4" testId="28f2d463-9d24-3f6e-dbb3-81b6ff8e5f5c" testName="StudyJet.API.Tests.ControllerTests.CourseControllerTest.RejectPendingUpdates_ShouldReturnOk_WhenUpdateIsRejectedSuccessfully" computerName="BHASBENZ" duration="00:00:00.0019734" startTime="2025-05-10T15:46:17.5684470+02:00" endTime="2025-05-10T15:46:17.5684471+02:00" testType="13cdc9d9-ddb5-4fa4-a97d-d965ccfc6d4b" outcome="Passed" testListId="8c84fa94-04c1-424b-9868-57a2d4851a1d" relativeResultsDirectory="42eb5292-d7ec-4582-b051-996aaed1b0e4" />
    <UnitTestResult executionId="23201d66-a62f-4992-aa5f-312ba2959217" testId="46800e3b-6fff-b3ae-a7c7-0cb376a66d9c" testName="StudyJet.API.Tests.ServiceTests.UserServiceTest.ValidatePassword_PasswordsDoNotMatch_ReturnsFalse" computerName="BHASBENZ" duration="00:00:00.0004675" startTime="2025-05-10T15:46:17.6387204+02:00" endTime="2025-05-10T15:46:17.6387204+02:00" testType="13cdc9d9-ddb5-4fa4-a97d-d965ccfc6d4b" outcome="Passed" testListId="8c84fa94-04c1-424b-9868-57a2d4851a1d" relativeResultsDirectory="23201d66-a62f-4992-aa5f-312ba2959217" />
    <UnitTestResult executionId="37105cb9-da34-4dfa-8a2a-be1fcf46ee34" testId="cef5f7ed-e370-5da6-bd23-e5b4031ff24d" testName="StudyJet.API.Tests.RepositoryTests.NotificationRepoTest.MarkAsReadAsync_InvalidNotificationId" computerName="BHASBENZ" duration="00:00:00.0016910" startTime="2025-05-10T15:46:18.1136228+02:00" endTime="2025-05-10T15:46:18.1136229+02:00" testType="13cdc9d9-ddb5-4fa4-a97d-d965ccfc6d4b" outcome="Passed" testListId="8c84fa94-04c1-424b-9868-57a2d4851a1d" relativeResultsDirectory="37105cb9-da34-4dfa-8a2a-be1fcf46ee34" />
    <UnitTestResult executionId="09fcf821-5a62-4546-80b3-c1209e67967e" testId="36543f9a-b7db-2bd7-d1ee-42737050beaa" testName="StudyJet.API.Tests.ServiceTests.AuthServiceTest.Confirm2faSetupAsync_ThrowsArgumentNullException_WhenUserIsNull" computerName="BHASBENZ" duration="00:00:00.0005772" startTime="2025-05-10T15:46:17.8923677+02:00" endTime="2025-05-10T15:46:17.8923678+02:00" testType="13cdc9d9-ddb5-4fa4-a97d-d965ccfc6d4b" outcome="Passed" testListId="8c84fa94-04c1-424b-9868-57a2d4851a1d" relativeResultsDirectory="09fcf821-5a62-4546-80b3-c1209e67967e" />
    <UnitTestResult executionId="a3908ec3-3346-4702-86fe-ddd1f772a0b5" testId="b8eddd1c-a36f-e61f-1394-8feaedd8e90a" testName="StudyJet.API.Tests.ServiceTests.AuthServiceTest.GetOrCreateAuthenticatorKeyAsync_ReturnsExistingKey_WhenKeyAlreadyExists" computerName="BHASBENZ" duration="00:00:00.0008725" startTime="2025-05-10T15:46:17.7959741+02:00" endTime="2025-05-10T15:46:17.7959742+02:00" testType="13cdc9d9-ddb5-4fa4-a97d-d965ccfc6d4b" outcome="Passed" testListId="8c84fa94-04c1-424b-9868-57a2d4851a1d" relativeResultsDirectory="a3908ec3-3346-4702-86fe-ddd1f772a0b5" />
    <UnitTestResult executionId="d18d5c10-41ff-449d-aaac-e849d3799ec6" testId="efd6a7c7-4fe7-21be-c31f-55a96ad30260" testName="StudyJet.API.Tests.ServiceTests.CourseServiceTest.SearchCoursesAsync_CallsRepositoryMethod" computerName="BHASBENZ" duration="00:00:00.0016088" startTime="2025-05-10T15:46:17.6273341+02:00" endTime="2025-05-10T15:46:17.6273342+02:00" testType="13cdc9d9-ddb5-4fa4-a97d-d965ccfc6d4b" outcome="Passed" testListId="8c84fa94-04c1-424b-9868-57a2d4851a1d" relativeResultsDirectory="d18d5c10-41ff-449d-aaac-e849d3799ec6" />
    <UnitTestResult executionId="ba30c849-1c5a-4572-8119-be6111120b0b" testId="1d2b33a3-604b-9bdc-4833-515cb6f970fe" testName="StudyJet.API.Tests.ControllerTests.AuthControllerTests.VerifyTwoFactorLogin_ReturnsBadRequest_WhenTempTokenIsInvalidOrUserNotFound" computerName="BHASBENZ" duration="00:00:00.0009861" startTime="2025-05-10T15:46:17.6914782+02:00" endTime="2025-05-10T15:46:17.6914783+02:00" testType="13cdc9d9-ddb5-4fa4-a97d-d965ccfc6d4b" outcome="Passed" testListId="8c84fa94-04c1-424b-9868-57a2d4851a1d" relativeResultsDirectory="ba30c849-1c5a-4572-8119-be6111120b0b" />
    <UnitTestResult executionId="a81dda9a-8ac5-416c-936a-195e4cc1e93d" testId="720e1514-1e40-794d-7812-0a4ddbcbaff6" testName="StudyJet.API.Tests.ControllerTests.CartControllerTest.GetCourseDetails_CourseNotFound_ReturnsNotFound" computerName="BHASBENZ" duration="00:00:00.0303679" startTime="2025-05-10T15:46:17.5812858+02:00" endTime="2025-05-10T15:46:17.5812858+02:00" testType="13cdc9d9-ddb5-4fa4-a97d-d965ccfc6d4b" outcome="Passed" testListId="8c84fa94-04c1-424b-9868-57a2d4851a1d" relativeResultsDirectory="a81dda9a-8ac5-416c-936a-195e4cc1e93d" />
    <UnitTestResult executionId="f15ce4d2-5a92-4985-90f0-7c272206cc0c" testId="b7ceca62-4cff-7b27-8772-dc0907a494a7" testName="StudyJet.API.Tests.ServiceTests.WishlistServiceTest.AddCourseToWishlistAsync_Failure_ReturnsFalse" computerName="BHASBENZ" duration="00:00:00.0011884" startTime="2025-05-10T15:46:17.4745738+02:00" endTime="2025-05-10T15:46:17.4745738+02:00" testType="13cdc9d9-ddb5-4fa4-a97d-d965ccfc6d4b" outcome="Passed" testListId="8c84fa94-04c1-424b-9868-57a2d4851a1d" relativeResultsDirectory="f15ce4d2-5a92-4985-90f0-7c272206cc0c" />
    <UnitTestResult executionId="75d9d27a-64f6-4e64-bf43-ea55d8a06f54" testId="96b76209-ff17-9ee7-21a4-963d1dc9ce10" testName="StudyJet.API.Tests.ControllerTests.AuthControllerTests.Login_ReturnsUnauthorized_WhenUserNotFound" computerName="BHASBENZ" duration="00:00:00.1267336" startTime="2025-05-10T15:46:17.6071725+02:00" endTime="2025-05-10T15:46:17.6071726+02:00" testType="13cdc9d9-ddb5-4fa4-a97d-d965ccfc6d4b" outcome="Passed" testListId="8c84fa94-04c1-424b-9868-57a2d4851a1d" relativeResultsDirectory="75d9d27a-64f6-4e64-bf43-ea55d8a06f54" />
    <UnitTestResult executionId="3fa6eafc-274e-4274-a806-f5cb45061e63" testId="cbb5fc80-dc11-81e7-a9df-69b035bfbfe3" testName="StudyJet.API.Tests.RepositoryTests.CourseRepoTest.SelectAllAsync_WhenInstructorNotInDb_ReturnsCourseWithNullInstructor" computerName="BHASBENZ" duration="00:00:00.0173105" startTime="2025-05-10T15:46:18.3155022+02:00" endTime="2025-05-10T15:46:18.3155028+02:00" testType="13cdc9d9-ddb5-4fa4-a97d-d965ccfc6d4b" outcome="Passed" testListId="8c84fa94-04c1-424b-9868-57a2d4851a1d" relativeResultsDirectory="3fa6eafc-274e-4274-a806-f5cb45061e63" />
    <UnitTestResult executionId="d755da3f-699b-4ba4-993d-edca31860fbd" testId="bbefd22f-b849-df02-3b18-88db26aa416e" testName="StudyJet.API.Tests.ServiceTests.AuthServiceTest.ResetPasswordAsync_ReturnsFailure_WhenPasswordResetFails" computerName="BHASBENZ" duration="00:00:00.0050887" startTime="2025-05-10T15:46:17.6266868+02:00" endTime="2025-05-10T15:46:17.6266869+02:00" testType="13cdc9d9-ddb5-4fa4-a97d-d965ccfc6d4b" outcome="Passed" testListId="8c84fa94-04c1-424b-9868-57a2d4851a1d" relativeResultsDirectory="d755da3f-699b-4ba4-993d-edca31860fbd" />
    <UnitTestResult executionId="a2e6c992-6479-46b9-a9b6-eb44c283eb3b" testId="0cb0eb74-989a-ec09-1cda-1b2048f97906" testName="StudyJet.API.Tests.ServiceTests.UserPurchaseCourseServiceTest.CreateCheckoutSession_ShouldReturnSessionUrl_WhenValidDataProvided" computerName="BHASBENZ" duration="00:00:00.0010000" startTime="2025-05-10T15:46:17.5493227+02:00" endTime="2025-05-10T15:46:17.5493230+02:00" testType="13cdc9d9-ddb5-4fa4-a97d-d965ccfc6d4b" outcome="NotExecuted" testListId="8c84fa94-04c1-424b-9868-57a2d4851a1d" relativeResultsDirectory="a2e6c992-6479-46b9-a9b6-eb44c283eb3b">
      <Output>
        <ErrorInfo>
          <Message>Skipping test for CreateCheckoutSession due to Stripe external dependency.</Message>
        </ErrorInfo>
      </Output>
    </UnitTestResult>
    <UnitTestResult executionId="7e6ab9aa-4bc4-42d5-9fa6-2ef884312de8" testId="458ff233-c8dc-7bda-e4a7-2f4f5baacf46" testName="StudyJet.API.Tests.ServiceTests.UserServiceTest.EnsureDefaultRoleExistsAsync_RoleDoesNotExist_CreatesRole" computerName="BHASBENZ" duration="00:00:00.0061838" startTime="2025-05-10T15:46:17.6699931+02:00" endTime="2025-05-10T15:46:17.6699932+02:00" testType="13cdc9d9-ddb5-4fa4-a97d-d965ccfc6d4b" outcome="Passed" testListId="8c84fa94-04c1-424b-9868-57a2d4851a1d" relativeResultsDirectory="7e6ab9aa-4bc4-42d5-9fa6-2ef884312de8" />
    <UnitTestResult executionId="8e91e31c-94a6-4201-9c11-82f96a68692f" testId="e1ef9895-b27b-fad8-5500-333678333f2d" testName="StudyJet.API.Tests.RepositoryTests.NotificationRepoTest.SelectByIdAsync_ReturnsNull_WhenNotificationNotFound" computerName="BHASBENZ" duration="00:00:00.5036045" startTime="2025-05-10T15:46:18.0541930+02:00" endTime="2025-05-10T15:46:18.0541931+02:00" testType="13cdc9d9-ddb5-4fa4-a97d-d965ccfc6d4b" outcome="Passed" testListId="8c84fa94-04c1-424b-9868-57a2d4851a1d" relativeResultsDirectory="8e91e31c-94a6-4201-9c11-82f96a68692f" />
    <UnitTestResult executionId="e5a986ba-aa9d-49ac-97df-ab94f1ad7f33" testId="716c040a-b9ea-d8de-5427-0d2dc20a558f" testName="StudyJet.API.Tests.ServiceTests.CourseServiceTest.GetApprovedCoursesAsync_ReturnsCourses_WhenRepositoryReturnsCourses" computerName="BHASBENZ" duration="00:00:00.0019883" startTime="2025-05-10T15:46:17.5963519+02:00" endTime="2025-05-10T15:46:17.5963520+02:00" testType="13cdc9d9-ddb5-4fa4-a97d-d965ccfc6d4b" outcome="Passed" testListId="8c84fa94-04c1-424b-9868-57a2d4851a1d" relativeResultsDirectory="e5a986ba-aa9d-49ac-97df-ab94f1ad7f33" />
    <UnitTestResult executionId="a1366eb5-be0a-4b2e-8c6a-465bbc5fdb0c" testId="3da7d8fe-ecfe-98d1-3dad-94c854357c70" testName="StudyJet.API.Tests.RepositoryTests.CategoryRepoTest.InsertAsync_ShouldThrowException_WhenNameIsMissing" computerName="BHASBENZ" duration="00:00:00.0050292" startTime="2025-05-10T15:46:18.1258112+02:00" endTime="2025-05-10T15:46:18.1258112+02:00" testType="13cdc9d9-ddb5-4fa4-a97d-d965ccfc6d4b" outcome="Passed" testListId="8c84fa94-04c1-424b-9868-57a2d4851a1d" relativeResultsDirectory="a1366eb5-be0a-4b2e-8c6a-465bbc5fdb0c" />
    <UnitTestResult executionId="76bf65d5-91ab-43fd-a042-39f137b25329" testId="e7320a8b-a4ee-3995-41b9-eb0da1cb735d" testName="StudyJet.API.Tests.RepositoryTests.UserRepoTest.SelectUsersByRoleAsync_ReturnsEmptyList_WhenNoUsersWithRole" computerName="BHASBENZ" duration="00:00:00.0228309" startTime="2025-05-10T15:46:18.1564214+02:00" endTime="2025-05-10T15:46:18.1564215+02:00" testType="13cdc9d9-ddb5-4fa4-a97d-d965ccfc6d4b" outcome="Passed" testListId="8c84fa94-04c1-424b-9868-57a2d4851a1d" relativeResultsDirectory="76bf65d5-91ab-43fd-a042-39f137b25329" />
    <UnitTestResult executionId="53693ace-c137-43d6-a516-23b786749a1c" testId="a9cea389-eccc-b906-c938-fa2e78bb3586" testName="StudyJet.API.Tests.ControllerTests.AuthControllerTests.VerifyTwoFactorLogin_ReturnsOk_When2FACodeIsValid" computerName="BHASBENZ" duration="00:00:00.0027148" startTime="2025-05-10T15:46:17.6780545+02:00" endTime="2025-05-10T15:46:17.6780546+02:00" testType="13cdc9d9-ddb5-4fa4-a97d-d965ccfc6d4b" outcome="Passed" testListId="8c84fa94-04c1-424b-9868-57a2d4851a1d" relativeResultsDirectory="53693ace-c137-43d6-a516-23b786749a1c" />
    <UnitTestResult executionId="5c3390ec-7c67-4bfa-8096-6125cc4c6d7f" testId="27c3bd67-d53d-0ad4-d4d8-0c317f2a80be" testName="StudyJet.API.Tests.ServiceTests.CourseServiceTest.GetTotalCoursesAsync_ReturnsTotalCount_WhenCoursesExist" computerName="BHASBENZ" duration="00:00:00.0005400" startTime="2025-05-10T15:46:17.6216733+02:00" endTime="2025-05-10T15:46:17.6216734+02:00" testType="13cdc9d9-ddb5-4fa4-a97d-d965ccfc6d4b" outcome="Passed" testListId="8c84fa94-04c1-424b-9868-57a2d4851a1d" relativeResultsDirectory="5c3390ec-7c67-4bfa-8096-6125cc4c6d7f" />
    <UnitTestResult executionId="816efd42-5f91-412c-98da-04296c29ca61" testId="5e51d84d-a178-1a41-f97f-a49a49538476" testName="StudyJet.API.Tests.ControllerTests.AuthControllerTests.VerifyTwoFactorLogin_ReturnsUnauthorized_When2FACodeIsInvalid" computerName="BHASBENZ" duration="00:00:00.0021503" startTime="2025-05-10T15:46:17.6633843+02:00" endTime="2025-05-10T15:46:17.6633844+02:00" testType="13cdc9d9-ddb5-4fa4-a97d-d965ccfc6d4b" outcome="Passed" testListId="8c84fa94-04c1-424b-9868-57a2d4851a1d" relativeResultsDirectory="816efd42-5f91-412c-98da-04296c29ca61" />
    <UnitTestResult executionId="8f04e8fa-26e8-460a-b4d7-841961451298" testId="7fe96e11-6d3c-8e3d-5a2b-ee85098cd0e0" testName="StudyJet.API.Tests.RepositoryTests.NotificationRepoTest.SelectByUserIdAsync_ShouldThrowArgumentException_WhenUserIdIsInvalid(invalidUserId: null)" computerName="BHASBENZ" duration="00:00:00.0002478" startTime="2025-05-10T15:46:18.0561978+02:00" endTime="2025-05-10T15:46:18.0561979+02:00" testType="13cdc9d9-ddb5-4fa4-a97d-d965ccfc6d4b" outcome="Passed" testListId="8c84fa94-04c1-424b-9868-57a2d4851a1d" relativeResultsDirectory="8f04e8fa-26e8-460a-b4d7-841961451298" />
    <UnitTestResult executionId="33b6b1f2-f086-41a4-834e-e9a17bb49ea0" testId="2dde1d18-a3c6-6f35-5102-adef91fa2476" testName="StudyJet.API.Tests.ControllerTests.UserControllerTest.CheckEmailExists_ShouldReturnOk_WithEmailExistsTrue" computerName="BHASBENZ" duration="00:00:00.0260116" startTime="2025-05-10T15:46:17.5231825+02:00" endTime="2025-05-10T15:46:17.5231826+02:00" testType="13cdc9d9-ddb5-4fa4-a97d-d965ccfc6d4b" outcome="Passed" testListId="8c84fa94-04c1-424b-9868-57a2d4851a1d" relativeResultsDirectory="33b6b1f2-f086-41a4-834e-e9a17bb49ea0" />
    <UnitTestResult executionId="87aedecf-035e-4f25-bd7b-3d5761714797" testId="c7144d7d-f9af-ba6f-5ee2-79ade54546d3" testName="StudyJet.API.Tests.ServiceTests.AuthServiceTest.GenerateQRCodeImage_EmptyInput_ThrowsArgumentNullException" computerName="BHASBENZ" duration="00:00:00.0005120" startTime="2025-05-10T15:46:17.8125232+02:00" endTime="2025-05-10T15:46:17.8125234+02:00" testType="13cdc9d9-ddb5-4fa4-a97d-d965ccfc6d4b" outcome="Passed" testListId="8c84fa94-04c1-424b-9868-57a2d4851a1d" relativeResultsDirectory="87aedecf-035e-4f25-bd7b-3d5761714797" />
    <UnitTestResult executionId="6631d518-c520-44bb-b022-90963bdba2e0" testId="99568696-9869-e364-b2b6-7958fbf65ddf" testName="StudyJet.API.Tests.RepositoryTests.CourseRepoTest.SelectApprovedCoursesAsync_ReturnsEmptyList_WhenNoApprovedCourses" computerName="BHASBENZ" duration="00:00:00.0046071" startTime="2025-05-10T15:46:18.3201489+02:00" endTime="2025-05-10T15:46:18.3201490+02:00" testType="13cdc9d9-ddb5-4fa4-a97d-d965ccfc6d4b" outcome="Passed" testListId="8c84fa94-04c1-424b-9868-57a2d4851a1d" relativeResultsDirectory="6631d518-c520-44bb-b022-90963bdba2e0" />
    <UnitTestResult executionId="fa705e9e-4c4d-49d8-bd76-a7a27c864650" testId="84c471e1-da2b-ed23-0b27-eb12b5e81402" testName="StudyJet.API.Tests.ControllerTests.AuthControllerTests.Login_ReturnsUnauthorized_WhenPasswordIsInvalid" computerName="BHASBENZ" duration="00:00:00.0015037" startTime="2025-05-10T15:46:17.7064275+02:00" endTime="2025-05-10T15:46:17.7064275+02:00" testType="13cdc9d9-ddb5-4fa4-a97d-d965ccfc6d4b" outcome="Passed" testListId="8c84fa94-04c1-424b-9868-57a2d4851a1d" relativeResultsDirectory="fa705e9e-4c4d-49d8-bd76-a7a27c864650" />
    <UnitTestResult executionId="d8cab369-6dee-4a37-8ed9-ade3ead23cc8" testId="6e940373-3747-e978-d729-18ec0b6b00fd" testName="StudyJet.API.Tests.RepositoryTests.CourseRepoTest.SelectLatestCourseUpdateByCourseIdAsync_WhenNoMatchingUpdates_ReturnsNull" computerName="BHASBENZ" duration="00:00:00.0009343" startTime="2025-05-10T15:46:18.4396361+02:00" endTime="2025-05-10T15:46:18.4396362+02:00" testType="13cdc9d9-ddb5-4fa4-a97d-d965ccfc6d4b" outcome="Passed" testListId="8c84fa94-04c1-424b-9868-57a2d4851a1d" relativeResultsDirectory="d8cab369-6dee-4a37-8ed9-ade3ead23cc8" />
    <UnitTestResult executionId="11a34f7b-5100-4813-a04a-645f6713cf34" testId="829521f1-c80f-d35f-1275-be83127f8e7f" testName="StudyJet.API.Tests.ServiceTests.AuthServiceTest.GenerateQRCodeImage_NullInput_ThrowsArgumentNullException" computerName="BHASBENZ" duration="00:00:00.0005281" startTime="2025-05-10T15:46:17.8752220+02:00" endTime="2025-05-10T15:46:17.8752221+02:00" testType="13cdc9d9-ddb5-4fa4-a97d-d965ccfc6d4b" outcome="Passed" testListId="8c84fa94-04c1-424b-9868-57a2d4851a1d" relativeResultsDirectory="11a34f7b-5100-4813-a04a-645f6713cf34" />
    <UnitTestResult executionId="4c5dac59-2c64-4891-ad72-3375e9de5e6a" testId="f7fa4fa0-18c7-164e-89c1-6b23bd7f331b" testName="StudyJet.API.Tests.ControllerTests.CourseControllerTest.GetTotalCoursesForInstructor_ShouldReturnBadRequest_WhenInstructorIdIsMissing" computerName="BHASBENZ" duration="00:00:00.0012137" startTime="2025-05-10T15:46:17.6576297+02:00" endTime="2025-05-10T15:46:17.6576298+02:00" testType="13cdc9d9-ddb5-4fa4-a97d-d965ccfc6d4b" outcome="Passed" testListId="8c84fa94-04c1-424b-9868-57a2d4851a1d" relativeResultsDirectory="4c5dac59-2c64-4891-ad72-3375e9de5e6a" />
    <UnitTestResult executionId="9333f54c-8d66-42c8-af7e-61ddb5cfc712" testId="2dbc2cd7-4d03-4059-6bb3-429ac35ca97d" testName="StudyJet.API.Tests.ServiceTests.AuthServiceTest.Initiate2faSetupAsync_ThrowsArgumentNullException_WhenUserIsNull" computerName="BHASBENZ" duration="00:00:00.0004890" startTime="2025-05-10T15:46:17.8084502+02:00" endTime="2025-05-10T15:46:17.8084502+02:00" testType="13cdc9d9-ddb5-4fa4-a97d-d965ccfc6d4b" outcome="Passed" testListId="8c84fa94-04c1-424b-9868-57a2d4851a1d" relativeResultsDirectory="9333f54c-8d66-42c8-af7e-61ddb5cfc712" />
    <UnitTestResult executionId="516278f0-b2d3-4330-bcca-ff893e2831bf" testId="3a50b337-244a-56f9-722e-fc13ca0bec6a" testName="StudyJet.API.Tests.RepositoryTests.CourseRepoTest.SelectPendingCourseUpdateAsync_WithPendingUpdateExists_ReturnsUpdate" computerName="BHASBENZ" duration="00:00:00.0081656" startTime="2025-05-10T15:46:18.1200578+02:00" endTime="2025-05-10T15:46:18.1200579+02:00" testType="13cdc9d9-ddb5-4fa4-a97d-d965ccfc6d4b" outcome="Passed" testListId="8c84fa94-04c1-424b-9868-57a2d4851a1d" relativeResultsDirectory="516278f0-b2d3-4330-bcca-ff893e2831bf" />
    <UnitTestResult executionId="d84c69a4-09f9-446b-8c48-2f4704022b7d" testId="2e8d07a6-0cea-f78e-5d56-67db990b38ff" testName="StudyJet.API.Tests.ControllerTests.AuthControllerTests.VerifyTwoFactorLogin_ShouldReturnUnauthorized_WhenInvalid2FACode" computerName="BHASBENZ" duration="00:00:00.0013848" startTime="2025-05-10T15:46:17.6977081+02:00" endTime="2025-05-10T15:46:17.6977083+02:00" testType="13cdc9d9-ddb5-4fa4-a97d-d965ccfc6d4b" outcome="Passed" testListId="8c84fa94-04c1-424b-9868-57a2d4851a1d" relativeResultsDirectory="d84c69a4-09f9-446b-8c48-2f4704022b7d" />
    <UnitTestResult executionId="b5e44b66-79b8-457e-946a-52cd2c232a60" testId="1deef5a5-b67a-ab6f-4c5a-e7dc611f2efc" testName="StudyJet.API.Tests.ServiceTests.UserServiceTest.AssignUserRoleAsync_Success_ReturnsIdentityResultSuccess" computerName="BHASBENZ" duration="00:00:00.0018545" startTime="2025-05-10T15:46:17.6382306+02:00" endTime="2025-05-10T15:46:17.6382307+02:00" testType="13cdc9d9-ddb5-4fa4-a97d-d965ccfc6d4b" outcome="Passed" testListId="8c84fa94-04c1-424b-9868-57a2d4851a1d" relativeResultsDirectory="b5e44b66-79b8-457e-946a-52cd2c232a60" />
    <UnitTestResult executionId="b66e137e-5a67-4471-95b8-2708c5b0c5a4" testId="0d4ae29e-fc99-27e1-f381-9444ca8ac9a7" testName="StudyJet.API.Tests.RepositoryTests.CourseRepoTest.SelectTotalCoursesByInstructorIdAsync_WithNullOrEmptyInstructorId_ThrowsArgumentException(instructorId: &quot;&quot;)" computerName="BHASBENZ" duration="00:00:00.0004740" startTime="2025-05-10T15:46:18.2979080+02:00" endTime="2025-05-10T15:46:18.2979081+02:00" testType="13cdc9d9-ddb5-4fa4-a97d-d965ccfc6d4b" outcome="Passed" testListId="8c84fa94-04c1-424b-9868-57a2d4851a1d" relativeResultsDirectory="b66e137e-5a67-4471-95b8-2708c5b0c5a4" />
    <UnitTestResult executionId="0215761f-0ad1-409c-9873-99aa34b65b56" testId="514034c1-9180-007f-c828-030ece337836" testName="StudyJet.API.Tests.ControllerTests.AuthControllerTests.ForgotPassword_ShouldReturnBadRequest_WhenModelStateIsInvalid" computerName="BHASBENZ" duration="00:00:00.0008963" startTime="2025-05-10T15:46:17.7073658+02:00" endTime="2025-05-10T15:46:17.7073659+02:00" testType="13cdc9d9-ddb5-4fa4-a97d-d965ccfc6d4b" outcome="Passed" testListId="8c84fa94-04c1-424b-9868-57a2d4851a1d" relativeResultsDirectory="0215761f-0ad1-409c-9873-99aa34b65b56" />
    <UnitTestResult executionId="a23e8563-34ee-4a69-8f9e-0033e0f57175" testId="da8b7a48-3310-9646-d625-5fc59e464c7f" testName="StudyJet.API.Tests.RepositoryTests.UserRepoTest.EmailExistsAsync_ShouldReturnFalse_WhenEmailDoesNotExist" computerName="BHASBENZ" duration="00:00:00.0037710" startTime="2025-05-10T15:46:18.0856475+02:00" endTime="2025-05-10T15:46:18.0856477+02:00" testType="13cdc9d9-ddb5-4fa4-a97d-d965ccfc6d4b" outcome="Passed" testListId="8c84fa94-04c1-424b-9868-57a2d4851a1d" relativeResultsDirectory="a23e8563-34ee-4a69-8f9e-0033e0f57175" />
    <UnitTestResult executionId="5a4afb81-d956-43aa-90c9-52b7652d496f" testId="8966220f-f610-c09a-3cb3-813490901740" testName="StudyJet.API.Tests.ServiceTests.WishlistServiceTest.RemoveCourseFromWishlistAsync_Failure_ReturnsFalse" computerName="BHASBENZ" duration="00:00:00.0644330" startTime="2025-05-10T15:46:17.4652414+02:00" endTime="2025-05-10T15:46:17.4652415+02:00" testType="13cdc9d9-ddb5-4fa4-a97d-d965ccfc6d4b" outcome="Passed" testListId="8c84fa94-04c1-424b-9868-57a2d4851a1d" relativeResultsDirectory="5a4afb81-d956-43aa-90c9-52b7652d496f" />
    <UnitTestResult executionId="338c87dd-9e4d-4c0a-a2e4-74e74b8399e2" testId="5e6541c2-250c-0e22-d1eb-215ead3a5561" testName="StudyJet.API.Tests.ServiceTests.UserPurchaseCourseServiceTest.GetSuggestedCoursesAsync_ReturnsSuggestedCourses" computerName="BHASBENZ" duration="00:00:00.0016736" startTime="2025-05-10T15:46:17.5511320+02:00" endTime="2025-05-10T15:46:17.5511321+02:00" testType="13cdc9d9-ddb5-4fa4-a97d-d965ccfc6d4b" outcome="Passed" testListId="8c84fa94-04c1-424b-9868-57a2d4851a1d" relativeResultsDirectory="338c87dd-9e4d-4c0a-a2e4-74e74b8399e2" />
    <UnitTestResult executionId="b30d18c9-040c-45a3-b046-bd3638bceea4" testId="6cc5b1f6-36aa-d32a-e44d-49239addac6e" testName="StudyJet.API.Tests.RepositoryTests.CategoryRepoTest.SelectByIdAsync_ShouldThrowException_WhenCategoryDoesNotExist" computerName="BHASBENZ" duration="00:00:00.0012202" startTime="2025-05-10T15:46:18.1207598+02:00" endTime="2025-05-10T15:46:18.1207599+02:00" testType="13cdc9d9-ddb5-4fa4-a97d-d965ccfc6d4b" outcome="Passed" testListId="8c84fa94-04c1-424b-9868-57a2d4851a1d" relativeResultsDirectory="b30d18c9-040c-45a3-b046-bd3638bceea4" />
    <UnitTestResult executionId="92387f10-a32d-4e17-af1b-58bae91cbd80" testId="2865fcc5-503b-a0c7-87e3-f89aa795ba12" testName="StudyJet.API.Tests.ControllerTests.AuthControllerTests.VerifyTwoFactorLogin_ReturnsInternalServerError_WhenExceptionOccurs" computerName="BHASBENZ" duration="00:00:00.0011352" startTime="2025-05-10T15:46:17.6989144+02:00" endTime="2025-05-10T15:46:17.6989146+02:00" testType="13cdc9d9-ddb5-4fa4-a97d-d965ccfc6d4b" outcome="Passed" testListId="8c84fa94-04c1-424b-9868-57a2d4851a1d" relativeResultsDirectory="92387f10-a32d-4e17-af1b-58bae91cbd80" />
    <UnitTestResult executionId="c74d60ff-c8e9-4e11-b9c4-8f9dc20cfc5a" testId="bab863c9-83d9-34d9-a662-114692271529" testName="StudyJet.API.Tests.RepositoryTests.CourseRepoTest.SelectByIdAsync_ReturnsCourse_WhenExists" computerName="BHASBENZ" duration="00:00:00.0009531" startTime="2025-05-10T15:46:18.3935063+02:00" endTime="2025-05-10T15:46:18.3935063+02:00" testType="13cdc9d9-ddb5-4fa4-a97d-d965ccfc6d4b" outcome="Passed" testListId="8c84fa94-04c1-424b-9868-57a2d4851a1d" relativeResultsDirectory="c74d60ff-c8e9-4e11-b9c4-8f9dc20cfc5a" />
    <UnitTestResult executionId="9a3ea5d9-2061-442a-8ad9-4b4eb1f926d1" testId="aa9ed586-bfd7-f654-3a7d-55e9db065925" testName="StudyJet.API.Tests.RepositoryTests.CategoryRepoTest.UpdateAsync_ShouldUpdateCategory_WhenCategoryExists" computerName="BHASBENZ" duration="00:00:00.0012117" startTime="2025-05-10T15:46:18.1424000+02:00" endTime="2025-05-10T15:46:18.1424001+02:00" testType="13cdc9d9-ddb5-4fa4-a97d-d965ccfc6d4b" outcome="Passed" testListId="8c84fa94-04c1-424b-9868-57a2d4851a1d" relativeResultsDirectory="9a3ea5d9-2061-442a-8ad9-4b4eb1f926d1" />
    <UnitTestResult executionId="6f18d748-d645-4d59-9522-8dcc26b6e305" testId="f23aee53-5d4d-fb5f-0177-0579bf3da97c" testName="StudyJet.API.Tests.ServiceTests.AuthServiceTest.PasswordSignInAsync_InvalidPassword_ReturnsFailed" computerName="BHASBENZ" duration="00:00:00.0013950" startTime="2025-05-10T15:46:17.7996834+02:00" endTime="2025-05-10T15:46:17.7996835+02:00" testType="13cdc9d9-ddb5-4fa4-a97d-d965ccfc6d4b" outcome="Passed" testListId="8c84fa94-04c1-424b-9868-57a2d4851a1d" relativeResultsDirectory="6f18d748-d645-4d59-9522-8dcc26b6e305" />
    <UnitTestResult executionId="9c0c731c-45bf-486c-a995-f4fd480593f7" testId="ac3a4c17-98ae-e81e-c821-42d65c27f1b2" testName="StudyJet.API.Tests.ControllerTests.WishlistControllerTest.AddToWishlist_ShouldReturnUnauthorized_WhenUserIsNotAuthenticated" computerName="BHASBENZ" duration="00:00:00.0015088" startTime="2025-05-10T15:46:17.5602836+02:00" endTime="2025-05-10T15:46:17.5602837+02:00" testType="13cdc9d9-ddb5-4fa4-a97d-d965ccfc6d4b" outcome="Passed" testListId="8c84fa94-04c1-424b-9868-57a2d4851a1d" relativeResultsDirectory="9c0c731c-45bf-486c-a995-f4fd480593f7" />
    <UnitTestResult executionId="3f396b12-f319-470d-af8c-9d56f9ec57be" testId="200b28c1-e178-261b-cb73-d8722fdfa8c2" testName="StudyJet.API.Tests.ServiceTests.CategoryServiceTest.GetByIdAsync_ReturnsNull_WhenCategoryDoesNotExist" computerName="BHASBENZ" duration="00:00:00.0040010" startTime="2025-05-10T15:46:17.4738466+02:00" endTime="2025-05-10T15:46:17.4738466+02:00" testType="13cdc9d9-ddb5-4fa4-a97d-d965ccfc6d4b" outcome="Passed" testListId="8c84fa94-04c1-424b-9868-57a2d4851a1d" relativeResultsDirectory="3f396b12-f319-470d-af8c-9d56f9ec57be" />
    <UnitTestResult executionId="a1a72af6-1f4c-4af7-98c7-2598cb887149" testId="e4ff76fc-a330-75a4-b68c-2973a8ab42ac" testName="StudyJet.API.Tests.ControllerTests.CourseControllerTest.GetAll_ShouldReturnUnauthorized_WhenUserIsNotAdmin" computerName="BHASBENZ" duration="00:00:00.0011484" startTime="2025-05-10T15:46:17.5536513+02:00" endTime="2025-05-10T15:46:17.5536514+02:00" testType="13cdc9d9-ddb5-4fa4-a97d-d965ccfc6d4b" outcome="Passed" testListId="8c84fa94-04c1-424b-9868-57a2d4851a1d" relativeResultsDirectory="a1a72af6-1f4c-4af7-98c7-2598cb887149" />
    <UnitTestResult executionId="a45c54f8-9026-4887-a43a-8f56bb97d7aa" testId="430b4922-efa3-5dde-cdce-3d3dbb505df6" testName="StudyJet.API.Tests.ServiceTests.UserServiceTest.CheckIfEmailExistsAsync_EmailDoesNotExist_ReturnsFalse" computerName="BHASBENZ" duration="00:00:00.0008925" startTime="2025-05-10T15:46:17.6716994+02:00" endTime="2025-05-10T15:46:17.6716995+02:00" testType="13cdc9d9-ddb5-4fa4-a97d-d965ccfc6d4b" outcome="Passed" testListId="8c84fa94-04c1-424b-9868-57a2d4851a1d" relativeResultsDirectory="a45c54f8-9026-4887-a43a-8f56bb97d7aa" />
    <UnitTestResult executionId="c2a1c7d2-6fea-4e05-a077-7b1a37f06f79" testId="fe4cb2fa-b33f-1a3a-7203-1aaf9c8578e6" testName="StudyJet.API.Tests.RepositoryTests.CourseRepoTest.SelectPendingUpdatesByInstructorIdAsync_WithNoPendingUpdates_ReturnsEmptyList" computerName="BHASBENZ" duration="00:00:00.0010178" startTime="2025-05-10T15:46:18.1211311+02:00" endTime="2025-05-10T15:46:18.1211312+02:00" testType="13cdc9d9-ddb5-4fa4-a97d-d965ccfc6d4b" outcome="Passed" testListId="8c84fa94-04c1-424b-9868-57a2d4851a1d" relativeResultsDirectory="c2a1c7d2-6fea-4e05-a077-7b1a37f06f79" />
    <UnitTestResult executionId="150c4356-f4f5-4dc9-b751-34a17977b83e" testId="c4dbb571-45c3-5308-b235-90f77e63508c" testName="StudyJet.API.Tests.ControllerTests.UserControllerTest.CheckUsername_ShouldReturnOk_WithUsernameExistsTrue" computerName="BHASBENZ" duration="00:00:00.0015819" startTime="2025-05-10T15:46:17.5277741+02:00" endTime="2025-05-10T15:46:17.5277742+02:00" testType="13cdc9d9-ddb5-4fa4-a97d-d965ccfc6d4b" outcome="Passed" testListId="8c84fa94-04c1-424b-9868-57a2d4851a1d" relativeResultsDirectory="150c4356-f4f5-4dc9-b751-34a17977b83e" />
    <UnitTestResult executionId="f3503259-d577-4dcf-8d2e-db57fe693824" testId="8825a973-7776-bc44-5544-8ae65ca4efe1" testName="StudyJet.API.Tests.ServiceTests.CourseServiceTest.RejectCourseAsync_ReturnsFalse_WhenCourseDoesNotExist" computerName="BHASBENZ" duration="00:00:00.0013249" startTime="2025-05-10T15:46:17.6004217+02:00" endTime="2025-05-10T15:46:17.6004218+02:00" testType="13cdc9d9-ddb5-4fa4-a97d-d965ccfc6d4b" outcome="Passed" testListId="8c84fa94-04c1-424b-9868-57a2d4851a1d" relativeResultsDirectory="f3503259-d577-4dcf-8d2e-db57fe693824" />
    <UnitTestResult executionId="518dca96-8a7a-4ff6-816d-fb979a0cd1ba" testId="669de3d9-b9c6-6572-5a90-3512e0cc8072" testName="StudyJet.API.Tests.ServiceTests.UserServiceTest.CheckIfEmailExistsAsync_EmailExists_ReturnsTrue" computerName="BHASBENZ" duration="00:00:00.0015401" startTime="2025-05-10T15:46:17.6362878+02:00" endTime="2025-05-10T15:46:17.6362879+02:00" testType="13cdc9d9-ddb5-4fa4-a97d-d965ccfc6d4b" outcome="Passed" testListId="8c84fa94-04c1-424b-9868-57a2d4851a1d" relativeResultsDirectory="518dca96-8a7a-4ff6-816d-fb979a0cd1ba" />
    <UnitTestResult executionId="bd827d03-d9f0-4464-9260-2b1c33774977" testId="f099fbd3-cadb-8ca7-bfa5-28a6068292c9" testName="StudyJet.API.Tests.RepositoryTests.CourseRepoTest.ExistsAsync_WhenCourseExists_ReturnsTrue" computerName="BHASBENZ" duration="00:00:00.0044843" startTime="2025-05-10T15:46:18.1257768+02:00" endTime="2025-05-10T15:46:18.1257768+02:00" testType="13cdc9d9-ddb5-4fa4-a97d-d965ccfc6d4b" outcome="Passed" testListId="8c84fa94-04c1-424b-9868-57a2d4851a1d" relativeResultsDirectory="bd827d03-d9f0-4464-9260-2b1c33774977" />
    <UnitTestResult executionId="eef8f263-992f-45bd-8a57-a7a20dd6befb" testId="f885c55d-8e7d-f2a5-99fe-94fef4831655" testName="StudyJet.API.Tests.ServiceTests.UserServiceTest.RegisterInstructorAsync_ReturnsSuccess_WhenInstructorIsRegistered" computerName="BHASBENZ" duration="00:00:00.2201433" startTime="2025-05-10T15:46:17.6193600+02:00" endTime="2025-05-10T15:46:17.6193601+02:00" testType="13cdc9d9-ddb5-4fa4-a97d-d965ccfc6d4b" outcome="Passed" testListId="8c84fa94-04c1-424b-9868-57a2d4851a1d" relativeResultsDirectory="eef8f263-992f-45bd-8a57-a7a20dd6befb" />
    <UnitTestResult executionId="2b768c51-90a5-46b3-8d92-e5c081fd966e" testId="aaaf219e-f528-609c-3e7b-ae8bdae93bf7" testName="StudyJet.API.Tests.RepositoryTests.CartRepoTest.SelectUserByIdAsync_Success" computerName="BHASBENZ" duration="00:00:00.0011539" startTime="2025-05-10T15:46:18.1395450+02:00" endTime="2025-05-10T15:46:18.1395452+02:00" testType="13cdc9d9-ddb5-4fa4-a97d-d965ccfc6d4b" outcome="Passed" testListId="8c84fa94-04c1-424b-9868-57a2d4851a1d" relativeResultsDirectory="2b768c51-90a5-46b3-8d92-e5c081fd966e" />
    <UnitTestResult executionId="8b459158-098b-4924-82d7-f9ab7f5c92fe" testId="6c34085f-88c0-8a6b-8f57-024b88ac3b3e" testName="StudyJet.API.Tests.ControllerTests.WishlistControllerTest.AddToWishlist_ShouldReturnOk_WhenCourseSuccessfullyAdded" computerName="BHASBENZ" duration="00:00:00.0029905" startTime="2025-05-10T15:46:17.5705075+02:00" endTime="2025-05-10T15:46:17.5705076+02:00" testType="13cdc9d9-ddb5-4fa4-a97d-d965ccfc6d4b" outcome="Passed" testListId="8c84fa94-04c1-424b-9868-57a2d4851a1d" relativeResultsDirectory="8b459158-098b-4924-82d7-f9ab7f5c92fe" />
    <UnitTestResult executionId="53cd37f6-a94a-45a7-9855-4dd52a75b6b4" testId="c544190e-5d1c-816c-b334-344172002680" testName="StudyJet.API.Tests.RepositoryTests.CourseRepoTest.DeleteAsync_WithNonExistentCourseId_ReturnsFalse" computerName="BHASBENZ" duration="00:00:00.0005776" startTime="2025-05-10T15:46:18.4381590+02:00" endTime="2025-05-10T15:46:18.4381591+02:00" testType="13cdc9d9-ddb5-4fa4-a97d-d965ccfc6d4b" outcome="Passed" testListId="8c84fa94-04c1-424b-9868-57a2d4851a1d" relativeResultsDirectory="53cd37f6-a94a-45a7-9855-4dd52a75b6b4" />
    <UnitTestResult executionId="dd37a929-efbe-468d-a359-e1b60742c2c6" testId="0c4ee749-a8bd-6552-f244-adf1ea1fa26e" testName="StudyJet.API.Tests.RepositoryTests.NotificationRepoTest.CreateAsync_ShouldThrowArgumentNullException_WhenNotificationIsNull" computerName="BHASBENZ" duration="00:00:00.0006371" startTime="2025-05-10T15:46:18.1215088+02:00" endTime="2025-05-10T15:46:18.1215089+02:00" testType="13cdc9d9-ddb5-4fa4-a97d-d965ccfc6d4b" outcome="Passed" testListId="8c84fa94-04c1-424b-9868-57a2d4851a1d" relativeResultsDirectory="dd37a929-efbe-468d-a359-e1b60742c2c6" />
    <UnitTestResult executionId="d5c63990-482b-43da-af97-2a9626ff609f" testId="61f1ec6e-550c-5fb9-7072-675a621a4169" testName="StudyJet.API.Tests.ServiceTests.CourseServiceTest.GetTotalCoursesByInstructorIdAsync_ReturnsTotalCourses_WhenInstructorHasCourses" computerName="BHASBENZ" duration="00:00:00.0011750" startTime="2025-05-10T15:46:17.6015940+02:00" endTime="2025-05-10T15:46:17.6015941+02:00" testType="13cdc9d9-ddb5-4fa4-a97d-d965ccfc6d4b" outcome="Passed" testListId="8c84fa94-04c1-424b-9868-57a2d4851a1d" relativeResultsDirectory="d5c63990-482b-43da-af97-2a9626ff609f" />
    <UnitTestResult executionId="09efccbf-7408-4b34-99c4-cb502560caaf" testId="f12b7750-289f-85fb-dfb4-62d75e27ce0d" testName="StudyJet.API.Tests.ControllerTests.AuthControllerTests.Confirm2FA_ShouldReturnBadRequest_When2FACodeIsInvalid" computerName="BHASBENZ" duration="00:00:00.0025936" startTime="2025-05-10T15:46:17.6807168+02:00" endTime="2025-05-10T15:46:17.6807170+02:00" testType="13cdc9d9-ddb5-4fa4-a97d-d965ccfc6d4b" outcome="Passed" testListId="8c84fa94-04c1-424b-9868-57a2d4851a1d" relativeResultsDirectory="09efccbf-7408-4b34-99c4-cb502560caaf" />
    <UnitTestResult executionId="d3aa417c-e80e-4f90-9e86-5f68fddba1f5" testId="d21ab1ad-007d-267d-2a39-e45df34d2997" testName="StudyJet.API.Tests.ServiceTests.EmailServiceTest.SendConfirmationEmailAsync_ReturnsFailure_WhenUnexpectedExceptionOccurs" computerName="BHASBENZ" duration="00:00:00.0069585" startTime="2025-05-10T15:46:17.5024132+02:00" endTime="2025-05-10T15:46:17.5024135+02:00" testType="13cdc9d9-ddb5-4fa4-a97d-d965ccfc6d4b" outcome="Passed" testListId="8c84fa94-04c1-424b-9868-57a2d4851a1d" relativeResultsDirectory="d3aa417c-e80e-4f90-9e86-5f68fddba1f5" />
    <UnitTestResult executionId="3c45c82f-0de9-4ee8-9499-fd2bf5d6f14e" testId="eea1d943-69dd-6336-221d-1e301c2b756f" testName="StudyJet.API.Tests.ControllerTests.UploadCVControllerTest.UploadCV_ShouldReturnBadRequest_WhenNoFileIsUploaded" computerName="BHASBENZ" duration="00:00:00.0014436" startTime="2025-05-10T15:46:17.5728119+02:00" endTime="2025-05-10T15:46:17.5728120+02:00" testType="13cdc9d9-ddb5-4fa4-a97d-d965ccfc6d4b" outcome="Passed" testListId="8c84fa94-04c1-424b-9868-57a2d4851a1d" relativeResultsDirectory="3c45c82f-0de9-4ee8-9499-fd2bf5d6f14e" />
    <UnitTestResult executionId="5e91322a-0934-44cf-bb17-17429d1ac247" testId="f53e6a38-f2f8-c86e-c930-43a1752d87ee" testName="StudyJet.API.Tests.RepositoryTests.CartRepoTest.DeleteCourseFromCartAsync_Success" computerName="BHASBENZ" duration="00:00:00.0158830" startTime="2025-05-10T15:46:18.0977091+02:00" endTime="2025-05-10T15:46:18.0977092+02:00" testType="13cdc9d9-ddb5-4fa4-a97d-d965ccfc6d4b" outcome="Passed" testListId="8c84fa94-04c1-424b-9868-57a2d4851a1d" relativeResultsDirectory="5e91322a-0934-44cf-bb17-17429d1ac247" />
    <UnitTestResult executionId="eff91ecd-e45b-4bef-b6e8-14f1c252b1f6" testId="2a06e29e-4f08-ab8d-a2c7-71b1d4f43808" testName="StudyJet.API.Tests.ControllerTests.AuthControllerTests.Login_ReturnsOk_When2FARequired" computerName="BHASBENZ" duration="00:00:00.0046182" startTime="2025-05-10T15:46:17.6352867+02:00" endTime="2025-05-10T15:46:17.6352868+02:00" testType="13cdc9d9-ddb5-4fa4-a97d-d965ccfc6d4b" outcome="Passed" testListId="8c84fa94-04c1-424b-9868-57a2d4851a1d" relativeResultsDirectory="eff91ecd-e45b-4bef-b6e8-14f1c252b1f6" />
    <UnitTestResult executionId="5300e973-40ba-4e29-9c50-b14ff49e6e9f" testId="cc704c1e-d7c7-7f64-8392-d274a4f80e51" testName="StudyJet.API.Tests.ServiceTests.CategoryServiceTest.ExistsAsync_ReturnsTrue_WhenCategoryExists" computerName="BHASBENZ" duration="00:00:00.0014423" startTime="2025-05-10T15:46:17.4969972+02:00" endTime="2025-05-10T15:46:17.4969974+02:00" testType="13cdc9d9-ddb5-4fa4-a97d-d965ccfc6d4b" outcome="Passed" testListId="8c84fa94-04c1-424b-9868-57a2d4851a1d" relativeResultsDirectory="5300e973-40ba-4e29-9c50-b14ff49e6e9f" />
    <UnitTestResult executionId="66695b68-d222-4cc7-bf6c-1d6e09346199" testId="542478ea-31d0-6f47-765f-fc3827b8a4c7" testName="StudyJet.API.Tests.RepositoryTests.WishlistRepoTest.SelectWishlistByIdAsync_ReturnsWishlist_WhenUserExists" computerName="BHASBENZ" duration="00:00:00.0638827" startTime="2025-05-10T15:46:18.1185360+02:00" endTime="2025-05-10T15:46:18.1185361+02:00" testType="13cdc9d9-ddb5-4fa4-a97d-d965ccfc6d4b" outcome="Passed" testListId="8c84fa94-04c1-424b-9868-57a2d4851a1d" relativeResultsDirectory="66695b68-d222-4cc7-bf6c-1d6e09346199" />
    <UnitTestResult executionId="00c6fcd4-783c-4fc7-9c7d-64efc0bd269d" testId="29004455-da0c-a9e9-2aad-680c38422f19" testName="StudyJet.API.Tests.ServiceTests.AuthServiceTest.RegisterUserAsync_UsernameAlreadyExists_ReturnsUsernameInUseError" computerName="BHASBENZ" duration="00:00:00.0007210" startTime="2025-05-10T15:46:17.7950317+02:00" endTime="2025-05-10T15:46:17.7950320+02:00" testType="13cdc9d9-ddb5-4fa4-a97d-d965ccfc6d4b" outcome="Passed" testListId="8c84fa94-04c1-424b-9868-57a2d4851a1d" relativeResultsDirectory="00c6fcd4-783c-4fc7-9c7d-64efc0bd269d" />
    <UnitTestResult executionId="c4906c4b-cda8-4768-8648-fcf7ec5c134a" testId="6e513a5e-c463-1be5-2bed-c4d3d542e951" testName="StudyJet.API.Tests.ControllerTests.WishlistControllerTest.IsCourseInWishlist_ShouldReturnOkWithStatus_WhenUserIsAuthenticated" computerName="BHASBENZ" duration="00:00:00.0038285" startTime="2025-05-10T15:46:17.5668103+02:00" endTime="2025-05-10T15:46:17.5668104+02:00" testType="13cdc9d9-ddb5-4fa4-a97d-d965ccfc6d4b" outcome="Passed" testListId="8c84fa94-04c1-424b-9868-57a2d4851a1d" relativeResultsDirectory="c4906c4b-cda8-4768-8648-fcf7ec5c134a" />
    <UnitTestResult executionId="d5a13e98-9373-41b9-808e-43c386a959df" testId="d87e746a-e128-524e-c383-834aac5b26fb" testName="StudyJet.API.Tests.ServiceTests.CategoryServiceTest.UpdateAsync_ThrowsKeyNotFoundException_WhenCategoryDoesNotExist" computerName="BHASBENZ" duration="00:00:00.0022691" startTime="2025-05-10T15:46:17.4787453+02:00" endTime="2025-05-10T15:46:17.4787455+02:00" testType="13cdc9d9-ddb5-4fa4-a97d-d965ccfc6d4b" outcome="Passed" testListId="8c84fa94-04c1-424b-9868-57a2d4851a1d" relativeResultsDirectory="d5a13e98-9373-41b9-808e-43c386a959df" />
    <UnitTestResult executionId="d6ce39e4-3475-41e2-bf30-7836ed827c12" testId="f29988ac-9988-7861-6435-4efee7509ba3" testName="StudyJet.API.Tests.ServiceTests.EmailServiceTest.SendConfirmationEmailAsync_ReturnsFailure_WhenInvalidEmailIsProvided" computerName="BHASBENZ" duration="00:00:00.0010866" startTime="2025-05-10T15:46:17.5035596+02:00" endTime="2025-05-10T15:46:17.5035599+02:00" testType="13cdc9d9-ddb5-4fa4-a97d-d965ccfc6d4b" outcome="Passed" testListId="8c84fa94-04c1-424b-9868-57a2d4851a1d" relativeResultsDirectory="d6ce39e4-3475-41e2-bf30-7836ed827c12" />
    <UnitTestResult executionId="654f5d2e-765b-43f8-89dc-2afbdcb7a3ab" testId="34657ee4-3a8b-ab46-2d8a-7cdfc85b269c" testName="StudyJet.API.Tests.ServiceTests.AuthServiceTest.Generate2FAQrCodeUri_EmailWithSpecialCharacters_ReturnsCorrectUri" computerName="BHASBENZ" duration="00:00:00.0009082" startTime="2025-05-10T15:46:17.6276256+02:00" endTime="2025-05-10T15:46:17.6276257+02:00" testType="13cdc9d9-ddb5-4fa4-a97d-d965ccfc6d4b" outcome="Passed" testListId="8c84fa94-04c1-424b-9868-57a2d4851a1d" relativeResultsDirectory="654f5d2e-765b-43f8-89dc-2afbdcb7a3ab" />
    <UnitTestResult executionId="88e013de-e152-41e5-9330-41f4cdd3638e" testId="1654516e-4b7b-53e2-aebe-3d696461b251" testName="StudyJet.API.Tests.ControllerTests.NotificationControllerTest.NotifyInstructorOnCourseStatus_ShouldReturnOk_WhenNotificationIsSent" computerName="BHASBENZ" duration="00:00:00.0119378" startTime="2025-05-10T15:46:17.5434112+02:00" endTime="2025-05-10T15:46:17.5434113+02:00" testType="13cdc9d9-ddb5-4fa4-a97d-d965ccfc6d4b" outcome="Passed" testListId="8c84fa94-04c1-424b-9868-57a2d4851a1d" relativeResultsDirectory="88e013de-e152-41e5-9330-41f4cdd3638e" />
    <UnitTestResult executionId="dcb4ba64-00ad-4ab4-8106-6959998cc521" testId="217de2f4-2257-40fd-c677-e3d8dd150b06" testName="StudyJet.API.Tests.ServiceTests.NotificationServiceTest.CreateNotificationAsync_ShouldThrowArgumentException_WhenUserIdIsNull" computerName="BHASBENZ" duration="00:00:00.0006045" startTime="2025-05-10T15:46:17.5836123+02:00" endTime="2025-05-10T15:46:17.5836124+02:00" testType="13cdc9d9-ddb5-4fa4-a97d-d965ccfc6d4b" outcome="Passed" testListId="8c84fa94-04c1-424b-9868-57a2d4851a1d" relativeResultsDirectory="dcb4ba64-00ad-4ab4-8106-6959998cc521" />
    <UnitTestResult executionId="6521093c-0475-4f0b-b274-31715aa43701" testId="90a4cf45-266a-5b4e-c31a-fcfc79a050cf" testName="StudyJet.API.Tests.RepositoryTests.NotificationRepoTest.SelectByUserIdAsync_ReturnsNotifications_ForValidUser" computerName="BHASBENZ" duration="00:00:00.0470897" startTime="2025-05-10T15:46:18.1034718+02:00" endTime="2025-05-10T15:46:18.1034718+02:00" testType="13cdc9d9-ddb5-4fa4-a97d-d965ccfc6d4b" outcome="Passed" testListId="8c84fa94-04c1-424b-9868-57a2d4851a1d" relativeResultsDirectory="6521093c-0475-4f0b-b274-31715aa43701" />
    <UnitTestResult executionId="4f22d370-d10b-4232-9ca0-a9888eff49f3" testId="1925bbd1-e628-d569-a00f-8d8654e6bd15" testName="StudyJet.API.Tests.ServiceTests.UserPurchaseCourseServiceTest.PurchaseCourseAsync_ReturnsFalse_WhenUserNotFound" computerName="BHASBENZ" duration="00:00:00.0108514" startTime="2025-05-10T15:46:17.5410107+02:00" endTime="2025-05-10T15:46:17.5410109+02:00" testType="13cdc9d9-ddb5-4fa4-a97d-d965ccfc6d4b" outcome="Passed" testListId="8c84fa94-04c1-424b-9868-57a2d4851a1d" relativeResultsDirectory="4f22d370-d10b-4232-9ca0-a9888eff49f3" />
    <UnitTestResult executionId="dcd223c5-034d-4578-bb95-8159aa05e497" testId="fbdd9e28-d18d-3a6e-a63c-85b33b67482d" testName="StudyJet.API.Tests.ControllerTests.UserPurchaseCourseControllerTest.CreateCheckoutSession_ShouldReturnBadRequest_WhenNoCoursesProvided" computerName="BHASBENZ" duration="00:00:00.0016308" startTime="2025-05-10T15:46:17.5845901+02:00" endTime="2025-05-10T15:46:17.5845902+02:00" testType="13cdc9d9-ddb5-4fa4-a97d-d965ccfc6d4b" outcome="Passed" testListId="8c84fa94-04c1-424b-9868-57a2d4851a1d" relativeResultsDirectory="dcd223c5-034d-4578-bb95-8159aa05e497" />
    <UnitTestResult executionId="32086822-773c-45c6-b138-229a66d402e3" testId="66500c30-1acd-a54f-d4dd-6dc048e47df2" testName="StudyJet.API.Tests.RepositoryTests.CourseRepoTest.ApprovePendingUpdatesAsync_WithNoPendingUpdate_ReturnsFalse" computerName="BHASBENZ" duration="00:00:00.0008354" startTime="2025-05-10T15:46:18.3747280+02:00" endTime="2025-05-10T15:46:18.3747283+02:00" testType="13cdc9d9-ddb5-4fa4-a97d-d965ccfc6d4b" outcome="Passed" testListId="8c84fa94-04c1-424b-9868-57a2d4851a1d" relativeResultsDirectory="32086822-773c-45c6-b138-229a66d402e3" />
    <UnitTestResult executionId="edb8bb6f-56b1-46c0-941d-22f5afd0e951" testId="db9f57e3-e383-635c-aa80-756cd5f10152" testName="StudyJet.API.Tests.RepositoryTests.CourseRepoTest.ExistsAsync_WhenCourseDoesNotExist_ReturnsFalse" computerName="BHASBENZ" duration="00:00:00.0004796" startTime="2025-05-10T15:46:18.4338609+02:00" endTime="2025-05-10T15:46:18.4338612+02:00" testType="13cdc9d9-ddb5-4fa4-a97d-d965ccfc6d4b" outcome="Passed" testListId="8c84fa94-04c1-424b-9868-57a2d4851a1d" relativeResultsDirectory="edb8bb6f-56b1-46c0-941d-22f5afd0e951" />
    <UnitTestResult executionId="f8f409b3-2121-4fb7-bc29-5513d0ae68f9" testId="1a35fe7a-bd20-3e5a-5982-9eaef72db6d9" testName="StudyJet.API.Tests.ServiceTests.CourseServiceTest.GetTotalCoursesByInstructorIdAsync_ReturnsZero_WhenInstructorHasNoCourses" computerName="BHASBENZ" duration="00:00:00.0009253" startTime="2025-05-10T15:46:17.6050213+02:00" endTime="2025-05-10T15:46:17.6050214+02:00" testType="13cdc9d9-ddb5-4fa4-a97d-d965ccfc6d4b" outcome="Passed" testListId="8c84fa94-04c1-424b-9868-57a2d4851a1d" relativeResultsDirectory="f8f409b3-2121-4fb7-bc29-5513d0ae68f9" />
    <UnitTestResult executionId="660030cf-86f3-450f-afe5-a470be44f3a9" testId="cfbc59d0-7d37-8e89-026f-d711cb89ee0e" testName="StudyJet.API.Tests.ServiceTests.CourseServiceTest.GetPopularCoursesAsync_ReturnsEmptyList_WhenNoPopularCoursesExist" computerName="BHASBENZ" duration="00:00:00.0006672" startTime="2025-05-10T15:46:17.6143404+02:00" endTime="2025-05-10T15:46:17.6143405+02:00" testType="13cdc9d9-ddb5-4fa4-a97d-d965ccfc6d4b" outcome="Passed" testListId="8c84fa94-04c1-424b-9868-57a2d4851a1d" relativeResultsDirectory="660030cf-86f3-450f-afe5-a470be44f3a9" />
    <UnitTestResult executionId="e6a699e7-0281-4988-8ce0-1aec33dbd7c1" testId="a916340f-44e0-88f7-422a-884b4d9b4adb" testName="StudyJet.API.Tests.ServiceTests.AuthServiceTest.GenerateEmailConfirmationLinkAsync_ShouldReturnError_WhenTokenIsInvalid" computerName="BHASBENZ" duration="00:00:00.0015858" startTime="2025-05-10T15:46:17.8867076+02:00" endTime="2025-05-10T15:46:17.8867077+02:00" testType="13cdc9d9-ddb5-4fa4-a97d-d965ccfc6d4b" outcome="Passed" testListId="8c84fa94-04c1-424b-9868-57a2d4851a1d" relativeResultsDirectory="e6a699e7-0281-4988-8ce0-1aec33dbd7c1" />
    <UnitTestResult executionId="9ac14bb9-cf70-4ade-bf0f-8d35677dd8c9" testId="b6b97568-eb2e-3f27-0ad3-d271bf5188de" testName="StudyJet.API.Tests.RepositoryTests.CourseRepoTest.SearchCoursesAsync_WithMatchingQuery_ReturnsExpectedCourses" computerName="BHASBENZ" duration="00:00:00.0011460" startTime="2025-05-10T15:46:18.4350033+02:00" endTime="2025-05-10T15:46:18.4350034+02:00" testType="13cdc9d9-ddb5-4fa4-a97d-d965ccfc6d4b" outcome="Passed" testListId="8c84fa94-04c1-424b-9868-57a2d4851a1d" relativeResultsDirectory="9ac14bb9-cf70-4ade-bf0f-8d35677dd8c9" />
    <UnitTestResult executionId="1e17f3e2-66fd-4119-9fca-3cc78547eb67" testId="3abe8e0c-b342-7616-e102-6b75e6bf1628" testName="StudyJet.API.Tests.ControllerTests.AuthControllerTests.VerifyTwoFactorLogin_ShouldReturnBadRequest_WhenInvalidModel" computerName="BHASBENZ" duration="00:00:00.0007248" startTime="2025-05-10T15:46:17.6251449+02:00" endTime="2025-05-10T15:46:17.6251451+02:00" testType="13cdc9d9-ddb5-4fa4-a97d-d965ccfc6d4b" outcome="Passed" testListId="8c84fa94-04c1-424b-9868-57a2d4851a1d" relativeResultsDirectory="1e17f3e2-66fd-4119-9fca-3cc78547eb67" />
    <UnitTestResult executionId="9ef6780f-4b3b-491d-a596-d93640f71299" testId="60ec8fbf-18d7-0354-34da-cbf43e741666" testName="StudyJet.API.Tests.ServiceTests.AuthServiceTest.Generate2FAQrCodeUri_ValidInputs_ReturnsCorrectUri" computerName="BHASBENZ" duration="00:00:00.0002272" startTime="2025-05-10T15:46:17.7998984+02:00" endTime="2025-05-10T15:46:17.7998986+02:00" testType="13cdc9d9-ddb5-4fa4-a97d-d965ccfc6d4b" outcome="Passed" testListId="8c84fa94-04c1-424b-9868-57a2d4851a1d" relativeResultsDirectory="9ef6780f-4b3b-491d-a596-d93640f71299" />
    <UnitTestResult executionId="6ae31460-533b-48e8-a2e7-7d600d0bbbb2" testId="ba26d002-e2c7-3672-d244-43c4aa6f3f4d" testName="StudyJet.API.Tests.ServiceTests.CourseServiceTest.GetAllAsync_ReturnsCoursesWithUpdates_WhenCoursesAndUpdatesExist" computerName="BHASBENZ" duration="00:00:00.0038949" startTime="2025-05-10T15:46:17.6256305+02:00" endTime="2025-05-10T15:46:17.6256306+02:00" testType="13cdc9d9-ddb5-4fa4-a97d-d965ccfc6d4b" outcome="Passed" testListId="8c84fa94-04c1-424b-9868-57a2d4851a1d" relativeResultsDirectory="6ae31460-533b-48e8-a2e7-7d600d0bbbb2" />
    <UnitTestResult executionId="e97cb3f8-f1d5-4e61-b60f-164f360a285a" testId="8a41e963-0fcb-ac6b-51f8-9dd3233f2958" testName="StudyJet.API.Tests.RepositoryTests.CourseRepoTest.SelectPopularCoursesAsync_ReturnsPopularApprovedCourses" computerName="BHASBENZ" duration="00:00:00.0182321" startTime="2025-05-10T15:46:18.2122553+02:00" endTime="2025-05-10T15:46:18.2122556+02:00" testType="13cdc9d9-ddb5-4fa4-a97d-d965ccfc6d4b" outcome="Passed" testListId="8c84fa94-04c1-424b-9868-57a2d4851a1d" relativeResultsDirectory="e97cb3f8-f1d5-4e61-b60f-164f360a285a" />
    <UnitTestResult executionId="e98fb200-aedd-433b-b6e6-49a563bc4cd6" testId="dbf9e601-1bbe-d042-a564-ff568b0330e0" testName="StudyJet.API.Tests.ControllerTests.CartControllerTest.MoveToWishlist_ValidUser_CourseNotInWishlist_ReturnsOk" computerName="BHASBENZ" duration="00:00:00.0030066" startTime="2025-05-10T15:46:17.5874865+02:00" endTime="2025-05-10T15:46:17.5874866+02:00" testType="13cdc9d9-ddb5-4fa4-a97d-d965ccfc6d4b" outcome="Passed" testListId="8c84fa94-04c1-424b-9868-57a2d4851a1d" relativeResultsDirectory="e98fb200-aedd-433b-b6e6-49a563bc4cd6" />
    <UnitTestResult executionId="a9a37e12-30d5-4a04-a1a4-8e3a6100a1da" testId="a8205c24-5dab-aa54-ccb6-90a13414be22" testName="StudyJet.API.Tests.ServiceTests.NotificationServiceTest.GetNotificationByUserIdAsync_ShouldReturnNotifications_WhenUserIdIsValid" computerName="BHASBENZ" duration="00:00:00.0074114" startTime="2025-05-10T15:46:17.5688444+02:00" endTime="2025-05-10T15:46:17.5688445+02:00" testType="13cdc9d9-ddb5-4fa4-a97d-d965ccfc6d4b" outcome="Passed" testListId="8c84fa94-04c1-424b-9868-57a2d4851a1d" relativeResultsDirectory="a9a37e12-30d5-4a04-a1a4-8e3a6100a1da" />
    <UnitTestResult executionId="e9f14969-205f-437a-8eb4-ee9fafff24b8" testId="b5ef7883-077a-a7ae-3d78-2ec3e6795c7e" testName="StudyJet.API.Tests.ServiceTests.UserPurchaseCourseServiceTest.GetPurchasedCoursesAsync_ReturnsCourses" computerName="BHASBENZ" duration="00:00:00.0013983" startTime="2025-05-10T15:46:17.5495748+02:00" endTime="2025-05-10T15:46:17.5495748+02:00" testType="13cdc9d9-ddb5-4fa4-a97d-d965ccfc6d4b" outcome="Passed" testListId="8c84fa94-04c1-424b-9868-57a2d4851a1d" relativeResultsDirectory="e9f14969-205f-437a-8eb4-ee9fafff24b8" />
    <UnitTestResult executionId="b80b216e-d90b-4800-855c-58257c76fabb" testId="05bedbbe-9715-4dd4-e9a6-bb171d9f7899" testName="StudyJet.API.Tests.RepositoryTests.CourseRepoTest.SelectAllAsync_WhenNoCourses_ReturnsEmptyList" computerName="BHASBENZ" duration="00:00:00.0004676" startTime="2025-05-10T15:46:18.4387061+02:00" endTime="2025-05-10T15:46:18.4387064+02:00" testType="13cdc9d9-ddb5-4fa4-a97d-d965ccfc6d4b" outcome="Passed" testListId="8c84fa94-04c1-424b-9868-57a2d4851a1d" relativeResultsDirectory="b80b216e-d90b-4800-855c-58257c76fabb" />
    <UnitTestResult executionId="a88ffee7-0b9e-4fcb-93b0-aae63733f1aa" testId="87da987e-727f-9a5c-88f2-f5aec1155746" testName="StudyJet.API.Tests.ControllerTests.CategoryControllerTest.CategoryExists_ReturnsTrue_WhenCategoryExists" computerName="BHASBENZ" duration="00:00:00.0010991" startTime="2025-05-10T15:46:17.4786574+02:00" endTime="2025-05-10T15:46:17.4786575+02:00" testType="13cdc9d9-ddb5-4fa4-a97d-d965ccfc6d4b" outcome="Passed" testListId="8c84fa94-04c1-424b-9868-57a2d4851a1d" relativeResultsDirectory="a88ffee7-0b9e-4fcb-93b0-aae63733f1aa" />
    <UnitTestResult executionId="90176aa9-ddb3-48a1-9a43-dafc1a0959e4" testId="a81cee90-9225-7b08-16c3-d566bcb8578a" testName="StudyJet.API.Tests.ServiceTests.AuthServiceTest.LoginUserAsync_EmailNotConfirmed_ThrowsInvalidOperationException" computerName="BHASBENZ" duration="00:00:00.0010621" startTime="2025-05-10T15:46:17.8093159+02:00" endTime="2025-05-10T15:46:17.8093162+02:00" testType="13cdc9d9-ddb5-4fa4-a97d-d965ccfc6d4b" outcome="Passed" testListId="8c84fa94-04c1-424b-9868-57a2d4851a1d" relativeResultsDirectory="90176aa9-ddb3-48a1-9a43-dafc1a0959e4" />
    <UnitTestResult executionId="1dfbbd31-87ec-47fb-90a9-413f01c675f4" testId="486eeeb3-cddb-fe87-9275-950590cfa8ab" testName="StudyJet.API.Tests.ControllerTests.AuthControllerTests.Initiate2FA_ShouldReturnFile_When2FAInitiationIsSuccessful" computerName="BHASBENZ" duration="00:00:00.0058694" startTime="2025-05-10T15:46:17.6497688+02:00" endTime="2025-05-10T15:46:17.6497689+02:00" testType="13cdc9d9-ddb5-4fa4-a97d-d965ccfc6d4b" outcome="Passed" testListId="8c84fa94-04c1-424b-9868-57a2d4851a1d" relativeResultsDirectory="1dfbbd31-87ec-47fb-90a9-413f01c675f4" />
    <UnitTestResult executionId="fe53003a-be7e-4808-9522-76ecb953653d" testId="22ade453-581f-7752-0861-063047b89962" testName="StudyJet.API.Tests.RepositoryTests.UserRepoTest.SelectByEmailAsync_ReturnsUser_WhenEmailExists" computerName="BHASBENZ" duration="00:00:00.0015472" startTime="2025-05-10T15:46:18.1580656+02:00" endTime="2025-05-10T15:46:18.1580657+02:00" testType="13cdc9d9-ddb5-4fa4-a97d-d965ccfc6d4b" outcome="Passed" testListId="8c84fa94-04c1-424b-9868-57a2d4851a1d" relativeResultsDirectory="fe53003a-be7e-4808-9522-76ecb953653d" />
    <UnitTestResult executionId="417dce8a-6c40-4089-b40e-3f7a58eba2de" testId="ed4e7905-a9e4-ac98-64af-fccd07cf2f7f" testName="StudyJet.API.Tests.RepositoryTests.CourseRepoTest.SelectAllAsync_ReturnsAllCourses_WithInstructorAndCategory" computerName="BHASBENZ" duration="00:00:00.0010954" startTime="2025-05-10T15:46:18.4375801+02:00" endTime="2025-05-10T15:46:18.4375802+02:00" testType="13cdc9d9-ddb5-4fa4-a97d-d965ccfc6d4b" outcome="Passed" testListId="8c84fa94-04c1-424b-9868-57a2d4851a1d" relativeResultsDirectory="417dce8a-6c40-4089-b40e-3f7a58eba2de" />
    <UnitTestResult executionId="98b9aba9-8193-4a9d-9339-00bf1ca40e84" testId="20b7a720-e17e-9929-58d8-c4c529ffa7db" testName="StudyJet.API.Tests.RepositoryTests.CartRepoTest.IsCourseInCartAsync_Failure" computerName="BHASBENZ" duration="00:00:00.0009880" startTime="2025-05-10T15:46:18.1855625+02:00" endTime="2025-05-10T15:46:18.1855627+02:00" testType="13cdc9d9-ddb5-4fa4-a97d-d965ccfc6d4b" outcome="Passed" testListId="8c84fa94-04c1-424b-9868-57a2d4851a1d" relativeResultsDirectory="98b9aba9-8193-4a9d-9339-00bf1ca40e84" />
    <UnitTestResult executionId="d5f8e150-1b10-49e2-9c56-961b2ebe821f" testId="596da082-b4b9-b970-7def-13b0d4dac510" testName="StudyJet.API.Tests.ServiceTests.CourseServiceTest.RejectPendingUpdatesAsync_ThrowsInvalidOperationException_WhenNoPendingUpdateExists" computerName="BHASBENZ" duration="00:00:00.0017163" startTime="2025-05-10T15:46:17.5725649+02:00" endTime="2025-05-10T15:46:17.5725650+02:00" testType="13cdc9d9-ddb5-4fa4-a97d-d965ccfc6d4b" outcome="Passed" testListId="8c84fa94-04c1-424b-9868-57a2d4851a1d" relativeResultsDirectory="d5f8e150-1b10-49e2-9c56-961b2ebe821f" />
    <UnitTestResult executionId="6e5f46b5-6a08-476f-8a33-8193b929a8c3" testId="f808095e-123c-4bd2-6523-237a31c2d188" testName="StudyJet.API.Tests.ControllerTests.CourseControllerTest.GetEnrolledStudents_ShouldReturnOk_WhenStudentsAreEnrolled" computerName="BHASBENZ" duration="00:00:00.0526170" startTime="2025-05-10T15:46:17.6353223+02:00" endTime="2025-05-10T15:46:17.6353223+02:00" testType="13cdc9d9-ddb5-4fa4-a97d-d965ccfc6d4b" outcome="Passed" testListId="8c84fa94-04c1-424b-9868-57a2d4851a1d" relativeResultsDirectory="6e5f46b5-6a08-476f-8a33-8193b929a8c3" />
    <UnitTestResult executionId="0675ed7b-d62c-4e7d-ba3e-a17f3e37990c" testId="e4744be2-2ab3-5ed2-8ba4-2de162fb8e8f" testName="StudyJet.API.Tests.ControllerTests.UploadCVControllerTest.UploadCV_ShouldReturnBadRequest_WhenFileIsNotPDF" computerName="BHASBENZ" duration="00:00:00.0007810" startTime="2025-05-10T15:46:17.5780434+02:00" endTime="2025-05-10T15:46:17.5780435+02:00" testType="13cdc9d9-ddb5-4fa4-a97d-d965ccfc6d4b" outcome="Passed" testListId="8c84fa94-04c1-424b-9868-57a2d4851a1d" relativeResultsDirectory="0675ed7b-d62c-4e7d-ba3e-a17f3e37990c" />
    <UnitTestResult executionId="9f40c022-74e1-4b3f-a1f6-d20bf27adf41" testId="3e933234-ad8b-f31d-38cc-1d4845cce8df" testName="StudyJet.API.Tests.ControllerTests.CourseControllerTest.GetById_ShouldReturnNotFound_WhenCourseDoesNotExist" computerName="BHASBENZ" duration="00:00:00.0019485" startTime="2025-05-10T15:46:17.6503152+02:00" endTime="2025-05-10T15:46:17.6503153+02:00" testType="13cdc9d9-ddb5-4fa4-a97d-d965ccfc6d4b" outcome="Passed" testListId="8c84fa94-04c1-424b-9868-57a2d4851a1d" relativeResultsDirectory="9f40c022-74e1-4b3f-a1f6-d20bf27adf41" />
    <UnitTestResult executionId="0aa6c47f-f848-496e-8475-b5d595143796" testId="d2e8fd75-841f-b18e-77b6-5be0d3d530a6" testName="StudyJet.API.Tests.ServiceTests.UserPurchaseCourseServiceTest.GetPurchasedCoursesAsync_ReturnsEmptyList_WhenNoCourses" computerName="BHASBENZ" duration="00:00:00.0027257" startTime="2025-05-10T15:46:17.5300970+02:00" endTime="2025-05-10T15:46:17.5300971+02:00" testType="13cdc9d9-ddb5-4fa4-a97d-d965ccfc6d4b" outcome="Passed" testListId="8c84fa94-04c1-424b-9868-57a2d4851a1d" relativeResultsDirectory="0aa6c47f-f848-496e-8475-b5d595143796" />
    <UnitTestResult executionId="7d2a48b6-573c-462c-9f99-bec7cb199e24" testId="7aa75c68-e3d8-a00a-1438-1687278c65e9" testName="StudyJet.API.Tests.ControllerTests.CourseControllerTest.GetAll_ShouldReturnCourses_WhenUserIsAdmin" computerName="BHASBENZ" duration="00:00:00.0016745" startTime="2025-05-10T15:46:17.6546681+02:00" endTime="2025-05-10T15:46:17.6546682+02:00" testType="13cdc9d9-ddb5-4fa4-a97d-d965ccfc6d4b" outcome="Passed" testListId="8c84fa94-04c1-424b-9868-57a2d4851a1d" relativeResultsDirectory="7d2a48b6-573c-462c-9f99-bec7cb199e24" />
    <UnitTestResult executionId="e84f7635-75e9-4728-980f-51fb22cdff97" testId="9f63aeec-1e85-ece2-24bf-2b70ac3b4632" testName="StudyJet.API.Tests.RepositoryTests.UserPurchaseCourseRepoTest.SelectSuggestedCoursesAsync_ReturnsLimitedCourses_WhenLimitIsSpecified" computerName="BHASBENZ" duration="00:00:00.0542119" startTime="2025-05-10T15:46:18.1088740+02:00" endTime="2025-05-10T15:46:18.1088742+02:00" testType="13cdc9d9-ddb5-4fa4-a97d-d965ccfc6d4b" outcome="Passed" testListId="8c84fa94-04c1-424b-9868-57a2d4851a1d" relativeResultsDirectory="e84f7635-75e9-4728-980f-51fb22cdff97" />
    <UnitTestResult executionId="bd24173a-30e9-430d-80ad-0d447f5b002a" testId="8b04039b-bb89-5627-438f-e8deb4804369" testName="StudyJet.API.Tests.ServiceTests.NotificationServiceTest.NotifyAdminForCourseAdditionOrUpdateAsync_ShouldCreateNotification_WhenValidInputs" computerName="BHASBENZ" duration="00:00:00.0062658" startTime="2025-05-10T15:46:17.5751321+02:00" endTime="2025-05-10T15:46:17.5751322+02:00" testType="13cdc9d9-ddb5-4fa4-a97d-d965ccfc6d4b" outcome="Passed" testListId="8c84fa94-04c1-424b-9868-57a2d4851a1d" relativeResultsDirectory="bd24173a-30e9-430d-80ad-0d447f5b002a" />
    <UnitTestResult executionId="d8d704a1-8bec-4177-b219-44768da9e17b" testId="da71100d-5341-e7ea-348c-01683433b40e" testName="StudyJet.API.Tests.ServiceTests.UserServiceTest.EnsureDefaultRoleExistsAsync_RoleExists_DoesNotCreateRole" computerName="BHASBENZ" duration="00:00:00.0021850" startTime="2025-05-10T15:46:17.6488985+02:00" endTime="2025-05-10T15:46:17.6488986+02:00" testType="13cdc9d9-ddb5-4fa4-a97d-d965ccfc6d4b" outcome="Passed" testListId="8c84fa94-04c1-424b-9868-57a2d4851a1d" relativeResultsDirectory="d8d704a1-8bec-4177-b219-44768da9e17b" />
    <UnitTestResult executionId="1c459b11-32d9-48a3-a9f6-3a64c1e809c0" testId="802797a7-9f42-332e-6c4e-e658daf0f6b5" testName="StudyJet.API.Tests.ServiceTests.UserServiceTest.CountInstructorAsync_ReturnsZero_WhenNoInstructorsFound" computerName="BHASBENZ" duration="00:00:00.0016094" startTime="2025-05-10T15:46:17.6210438+02:00" endTime="2025-05-10T15:46:17.6210439+02:00" testType="13cdc9d9-ddb5-4fa4-a97d-d965ccfc6d4b" outcome="Passed" testListId="8c84fa94-04c1-424b-9868-57a2d4851a1d" relativeResultsDirectory="1c459b11-32d9-48a3-a9f6-3a64c1e809c0" />
    <UnitTestResult executionId="9a4d75ce-1052-4b12-abc9-1b26e35918b4" testId="fc86c617-e53c-9d12-6669-79cb101a8cc8" testName="StudyJet.API.Tests.ServiceTests.AuthServiceTest.ChangePasswordAsync_ReturnsFalse_WhenUserIdIsNullOrEmpty" computerName="BHASBENZ" duration="00:00:00.0004576" startTime="2025-05-10T15:46:17.8850432+02:00" endTime="2025-05-10T15:46:17.8850433+02:00" testType="13cdc9d9-ddb5-4fa4-a97d-d965ccfc6d4b" outcome="Passed" testListId="8c84fa94-04c1-424b-9868-57a2d4851a1d" relativeResultsDirectory="9a4d75ce-1052-4b12-abc9-1b26e35918b4" />
    <UnitTestResult executionId="b43dac12-366e-438d-b513-befce9ef6c95" testId="32ef234b-4157-3e8e-035c-7cc1206562ea" testName="StudyJet.API.Tests.RepositoryTests.UserRepoTest.EmailExistsAsync_ShouldReturnTrue_WhenEmailExists" computerName="BHASBENZ" duration="00:00:00.0010728" startTime="2025-05-10T15:46:18.0868255+02:00" endTime="2025-05-10T15:46:18.0868256+02:00" testType="13cdc9d9-ddb5-4fa4-a97d-d965ccfc6d4b" outcome="Passed" testListId="8c84fa94-04c1-424b-9868-57a2d4851a1d" relativeResultsDirectory="b43dac12-366e-438d-b513-befce9ef6c95" />
    <UnitTestResult executionId="fe8ef77e-a86f-4426-aef4-13248443fa1a" testId="de273a74-9d59-9bfe-13a2-26dc8d6a86b8" testName="StudyJet.API.Tests.RepositoryTests.CourseRepoTest.SelectCourseForUpdateAsync_WithValidCourseAndInstructor_ReturnsCourseUpdateDTO" computerName="BHASBENZ" duration="00:00:00.0072818" startTime="2025-05-10T15:46:18.2684646+02:00" endTime="2025-05-10T15:46:18.2684649+02:00" testType="13cdc9d9-ddb5-4fa4-a97d-d965ccfc6d4b" outcome="Passed" testListId="8c84fa94-04c1-424b-9868-57a2d4851a1d" relativeResultsDirectory="fe8ef77e-a86f-4426-aef4-13248443fa1a" />
    <UnitTestResult executionId="0fd2713a-b9c9-416d-9046-1b3d44a6fac9" testId="d57e9866-04ac-a383-2e34-7f4f59f87c43" testName="StudyJet.API.Tests.RepositoryTests.WishlistRepoTest.DeleteCourseFromWishlistAsync_ReturnsFalse_WhenUserNotFound" computerName="BHASBENZ" duration="00:00:00.5493919" startTime="2025-05-10T15:46:18.0546033+02:00" endTime="2025-05-10T15:46:18.0546033+02:00" testType="13cdc9d9-ddb5-4fa4-a97d-d965ccfc6d4b" outcome="Passed" testListId="8c84fa94-04c1-424b-9868-57a2d4851a1d" relativeResultsDirectory="0fd2713a-b9c9-416d-9046-1b3d44a6fac9" />
    <UnitTestResult executionId="8f007c0b-4ee6-4cd2-94f5-17f8863d6ee0" testId="0d3c9e41-8fee-2664-398f-364458d77c65" testName="StudyJet.API.Tests.ControllerTests.AuthControllerTests.Check2FAStatus_ShouldReturnBadRequest_WhenUserIdNotFound" computerName="BHASBENZ" duration="00:00:00.0006586" startTime="2025-05-10T15:46:17.6612209+02:00" endTime="2025-05-10T15:46:17.6612210+02:00" testType="13cdc9d9-ddb5-4fa4-a97d-d965ccfc6d4b" outcome="Passed" testListId="8c84fa94-04c1-424b-9868-57a2d4851a1d" relativeResultsDirectory="8f007c0b-4ee6-4cd2-94f5-17f8863d6ee0" />
    <UnitTestResult executionId="6f03d825-381b-4988-a8e8-882764420031" testId="b66499a9-2476-2776-c0e1-04fcca7ff636" testName="StudyJet.API.Tests.ServiceTests.CourseServiceTest.GetPendingCoursesAsync_ReturnsEmptyList_WhenRepositoryReturnsEmptyList" computerName="BHASBENZ" duration="00:00:00.0008961" startTime="2025-05-10T15:46:17.6040420+02:00" endTime="2025-05-10T15:46:17.6040421+02:00" testType="13cdc9d9-ddb5-4fa4-a97d-d965ccfc6d4b" outcome="Passed" testListId="8c84fa94-04c1-424b-9868-57a2d4851a1d" relativeResultsDirectory="6f03d825-381b-4988-a8e8-882764420031" />
    <UnitTestResult executionId="3cf44405-9c5d-4483-aabe-7c7655e81f84" testId="e4c4294c-15a6-7d16-53e3-7ce2d6ebac15" testName="StudyJet.API.Tests.ControllerTests.AuthControllerTests.ResetPassword_ShouldReturnBadRequest_WhenModelStateIsInvalid" computerName="BHASBENZ" duration="00:00:00.0016950" startTime="2025-05-10T15:46:17.6370666+02:00" endTime="2025-05-10T15:46:17.6370667+02:00" testType="13cdc9d9-ddb5-4fa4-a97d-d965ccfc6d4b" outcome="Passed" testListId="8c84fa94-04c1-424b-9868-57a2d4851a1d" relativeResultsDirectory="3cf44405-9c5d-4483-aabe-7c7655e81f84" />
    <UnitTestResult executionId="ba5f2889-37b6-4e99-93ac-997379bcdfc2" testId="ff47728d-4353-1ee9-a66e-b39166811572" testName="StudyJet.API.Tests.RepositoryTests.CategoryRepoTest.UpdateAsync_ShouldThrowException_WhenCategoryNameIsMissing" computerName="BHASBENZ" duration="00:00:00.0097225" startTime="2025-05-10T15:46:18.0943400+02:00" endTime="2025-05-10T15:46:18.0943401+02:00" testType="13cdc9d9-ddb5-4fa4-a97d-d965ccfc6d4b" outcome="Passed" testListId="8c84fa94-04c1-424b-9868-57a2d4851a1d" relativeResultsDirectory="ba5f2889-37b6-4e99-93ac-997379bcdfc2" />
    <UnitTestResult executionId="37d57bed-cee7-49e1-b3f0-8e3b2f9cd308" testId="449a6cc3-f7b5-1084-055b-e025f3fdddb8" testName="StudyJet.API.Tests.RepositoryTests.UserRepoTest.CountUsersByRoleAsync_ShouldReturnCorrectCount_WhenRoleExists" computerName="BHASBENZ" duration="00:00:00.0015560" startTime="2025-05-10T15:46:18.2014785+02:00" endTime="2025-05-10T15:46:18.2014786+02:00" testType="13cdc9d9-ddb5-4fa4-a97d-d965ccfc6d4b" outcome="Passed" testListId="8c84fa94-04c1-424b-9868-57a2d4851a1d" relativeResultsDirectory="37d57bed-cee7-49e1-b3f0-8e3b2f9cd308" />
    <UnitTestResult executionId="7cc6538a-eec3-4207-b6af-0c1f889827c1" testId="48f02a8a-4721-7c18-c851-cf1e84e7313c" testName="StudyJet.API.Tests.RepositoryTests.CourseRepoTest.SelectCourseForUpdateAsync_WithInvalidInstructorOrCourse_ReturnsNull" computerName="BHASBENZ" duration="00:00:00.0006606" startTime="2025-05-10T15:46:18.3941827+02:00" endTime="2025-05-10T15:46:18.3941830+02:00" testType="13cdc9d9-ddb5-4fa4-a97d-d965ccfc6d4b" outcome="Passed" testListId="8c84fa94-04c1-424b-9868-57a2d4851a1d" relativeResultsDirectory="7cc6538a-eec3-4207-b6af-0c1f889827c1" />
    <UnitTestResult executionId="15f28e4d-30de-400a-b2e8-a08ed15d1d7c" testId="b3a4d3f3-70d2-e865-f57b-299ee2742098" testName="StudyJet.API.Tests.ServiceTests.CourseServiceTest.UpdateAsync_ThrowsException_WhenCourseNotFound" computerName="BHASBENZ" duration="00:00:00.0032866" startTime="2025-05-10T15:46:17.5300730+02:00" endTime="2025-05-10T15:46:17.5300731+02:00" testType="13cdc9d9-ddb5-4fa4-a97d-d965ccfc6d4b" outcome="Passed" testListId="8c84fa94-04c1-424b-9868-57a2d4851a1d" relativeResultsDirectory="15f28e4d-30de-400a-b2e8-a08ed15d1d7c" />
    <UnitTestResult executionId="c581222c-f15e-48b4-8165-d2cab2c7b074" testId="43a5e444-2563-44e6-ad7b-dec7c336318a" testName="StudyJet.API.Tests.ControllerTests.AuthControllerTests.ResetPassword_ShouldReturnBadRequest_WhenUserNotFound" computerName="BHASBENZ" duration="00:00:00.0015121" startTime="2025-05-10T15:46:17.7048878+02:00" endTime="2025-05-10T15:46:17.7048878+02:00" testType="13cdc9d9-ddb5-4fa4-a97d-d965ccfc6d4b" outcome="Passed" testListId="8c84fa94-04c1-424b-9868-57a2d4851a1d" relativeResultsDirectory="c581222c-f15e-48b4-8165-d2cab2c7b074" />
    <UnitTestResult executionId="0a187d33-1564-4b91-ad0e-b9520c6a3141" testId="88a00776-c466-5215-35f0-ab61725a78da" testName="StudyJet.API.Tests.ServiceTests.CourseServiceTest.GetByIdAsync_ReturnsNull_WhenCourseDoesNotExist" computerName="BHASBENZ" duration="00:00:00.0009234" startTime="2025-05-10T15:46:17.6169941+02:00" endTime="2025-05-10T15:46:17.6169942+02:00" testType="13cdc9d9-ddb5-4fa4-a97d-d965ccfc6d4b" outcome="Passed" testListId="8c84fa94-04c1-424b-9868-57a2d4851a1d" relativeResultsDirectory="0a187d33-1564-4b91-ad0e-b9520c6a3141" />
    <UnitTestResult executionId="cba2e862-d1a1-4770-88a0-4adda5f138d7" testId="5a2d1d49-e8cf-0108-0ac6-7956d6d97c7e" testName="StudyJet.API.Tests.ServiceTests.AuthServiceTest.SendConfirmationEmailAsync_SuccessfulEmailSend_ReturnsSuccess" computerName="BHASBENZ" duration="00:00:00.0015439" startTime="2025-05-10T15:46:17.7369695+02:00" endTime="2025-05-10T15:46:17.7369696+02:00" testType="13cdc9d9-ddb5-4fa4-a97d-d965ccfc6d4b" outcome="Passed" testListId="8c84fa94-04c1-424b-9868-57a2d4851a1d" relativeResultsDirectory="cba2e862-d1a1-4770-88a0-4adda5f138d7" />
    <UnitTestResult executionId="d1c1b14d-a3a0-4d02-8c76-e48093908e88" testId="e9ea43a2-921e-9004-4d56-97c108057362" testName="StudyJet.API.Tests.ServiceTests.AuthServiceTest.LoginUserAsync_InvalidPassword_ThrowsUnauthorizedAccessException" computerName="BHASBENZ" duration="00:00:00.0023433" startTime="2025-05-10T15:46:17.7432023+02:00" endTime="2025-05-10T15:46:17.7432027+02:00" testType="13cdc9d9-ddb5-4fa4-a97d-d965ccfc6d4b" outcome="Passed" testListId="8c84fa94-04c1-424b-9868-57a2d4851a1d" relativeResultsDirectory="d1c1b14d-a3a0-4d02-8c76-e48093908e88" />
    <UnitTestResult executionId="e2578303-a351-4b98-95a1-bbef29a0d2cd" testId="de7a1910-4abe-c60b-f170-2d3b12ceb879" testName="StudyJet.API.Tests.ServiceTests.AuthServiceTest.GenerateEmailConfirmationLinkAsync_GeneratesValidLink" computerName="BHASBENZ" duration="00:00:00.0010041" startTime="2025-05-10T15:46:17.8047315+02:00" endTime="2025-05-10T15:46:17.8047318+02:00" testType="13cdc9d9-ddb5-4fa4-a97d-d965ccfc6d4b" outcome="Passed" testListId="8c84fa94-04c1-424b-9868-57a2d4851a1d" relativeResultsDirectory="e2578303-a351-4b98-95a1-bbef29a0d2cd" />
    <UnitTestResult executionId="abb7501f-bc4d-4ba8-978c-132a8f23895f" testId="13106235-8398-b9d9-7ec2-48fc45a5fda8" testName="StudyJet.API.Tests.RepositoryTests.CourseRepoTest.UpdateAsync_UpdatesCourse_WhenCourseExists" computerName="BHASBENZ" duration="00:00:00.0098428" startTime="2025-05-10T15:46:18.4333510+02:00" endTime="2025-05-10T15:46:18.4333513+02:00" testType="13cdc9d9-ddb5-4fa4-a97d-d965ccfc6d4b" outcome="Passed" testListId="8c84fa94-04c1-424b-9868-57a2d4851a1d" relativeResultsDirectory="abb7501f-bc4d-4ba8-978c-132a8f23895f" />
    <UnitTestResult executionId="d137acf1-c39f-44bc-be7b-77022842cefe" testId="8a5c7590-0eb2-4f6e-ec80-f8fb496895db" testName="StudyJet.API.Tests.RepositoryTests.NotificationRepoTest.CreateAsync_ShouldAddNotification_WhenNotificationIsValid" computerName="BHASBENZ" duration="00:00:00.0086776" startTime="2025-05-10T15:46:18.1118653+02:00" endTime="2025-05-10T15:46:18.1118653+02:00" testType="13cdc9d9-ddb5-4fa4-a97d-d965ccfc6d4b" outcome="Passed" testListId="8c84fa94-04c1-424b-9868-57a2d4851a1d" relativeResultsDirectory="d137acf1-c39f-44bc-be7b-77022842cefe" />
    <UnitTestResult executionId="33faac05-543b-4dc1-8ec4-bc809c2abc46" testId="e4c9cf14-12ab-7f9f-8cf5-aaa445e46125" testName="StudyJet.API.Tests.ControllerTests.WishlistControllerTest.GetWishlist_ShouldReturnOk_WhenUserIsAuthenticated" computerName="BHASBENZ" duration="00:00:00.0023533" startTime="2025-05-10T15:46:17.5627663+02:00" endTime="2025-05-10T15:46:17.5627664+02:00" testType="13cdc9d9-ddb5-4fa4-a97d-d965ccfc6d4b" outcome="Passed" testListId="8c84fa94-04c1-424b-9868-57a2d4851a1d" relativeResultsDirectory="33faac05-543b-4dc1-8ec4-bc809c2abc46" />
    <UnitTestResult executionId="2bda2eee-1629-45e6-b6eb-7222849cc213" testId="ea0eb7a3-aa96-5313-7b12-6a1ed929a83a" testName="StudyJet.API.Tests.ServiceTests.AuthServiceTest.Verify2FACodeAsync_InvalidCode_ReturnsFalse" computerName="BHASBENZ" duration="00:00:00.0012719" startTime="2025-05-10T15:46:17.8012308+02:00" endTime="2025-05-10T15:46:17.8012309+02:00" testType="13cdc9d9-ddb5-4fa4-a97d-d965ccfc6d4b" outcome="Passed" testListId="8c84fa94-04c1-424b-9868-57a2d4851a1d" relativeResultsDirectory="2bda2eee-1629-45e6-b6eb-7222849cc213" />
    <UnitTestResult executionId="c33ec46b-5f2c-4aaa-982c-7cbd1648c181" testId="bc8e7a7f-b5fe-5321-9387-41e970d05ffb" testName="StudyJet.API.Tests.ServiceTests.CourseServiceTest.ApprovePendingUpdatesAsync_ThrowsInvalidOperationException_WhenNoPendingUpdateExists" computerName="BHASBENZ" duration="00:00:00.0016705" startTime="2025-05-10T15:46:17.5871817+02:00" endTime="2025-05-10T15:46:17.5871818+02:00" testType="13cdc9d9-ddb5-4fa4-a97d-d965ccfc6d4b" outcome="Passed" testListId="8c84fa94-04c1-424b-9868-57a2d4851a1d" relativeResultsDirectory="c33ec46b-5f2c-4aaa-982c-7cbd1648c181" />
    <UnitTestResult executionId="885a7597-8e04-482b-b1f7-8fca8da41adb" testId="4425c0e6-fb99-d5f1-ff76-00d6580360fd" testName="StudyJet.API.Tests.RepositoryTests.UserPurchaseCourseRepoTest.SelectPurchasedCourseIdsAsync_ReturnsEmpty_WhenUserHasNoPurchases" computerName="BHASBENZ" duration="00:00:00.0013963" startTime="2025-05-10T15:46:18.1102976+02:00" endTime="2025-05-10T15:46:18.1102977+02:00" testType="13cdc9d9-ddb5-4fa4-a97d-d965ccfc6d4b" outcome="Passed" testListId="8c84fa94-04c1-424b-9868-57a2d4851a1d" relativeResultsDirectory="885a7597-8e04-482b-b1f7-8fca8da41adb" />
    <UnitTestResult executionId="45bc484b-abe2-4258-846b-cc813163dde1" testId="dac3487b-d381-6150-19bf-9b92ea367574" testName="StudyJet.API.Tests.ServiceTests.UserServiceTest.CountUserByRoleAsync_ReturnsCorrectCount_WhenUsersFound" computerName="BHASBENZ" duration="00:00:00.0025777" startTime="2025-05-10T15:46:17.6279513+02:00" endTime="2025-05-10T15:46:17.6279514+02:00" testType="13cdc9d9-ddb5-4fa4-a97d-d965ccfc6d4b" outcome="Passed" testListId="8c84fa94-04c1-424b-9868-57a2d4851a1d" relativeResultsDirectory="45bc484b-abe2-4258-846b-cc813163dde1" />
    <UnitTestResult executionId="4628ff86-b3f6-40fd-b21d-cd29ccbc6b88" testId="a40ff9a5-2f31-8458-14a3-f3e3fe9763e1" testName="StudyJet.API.Tests.RepositoryTests.WishlistRepoTest.DeleteCourseFromWishlistAsync_ReturnsFalse_WhenCourseNotInWishlist" computerName="BHASBENZ" duration="00:00:00.0014334" startTime="2025-05-10T15:46:18.1315741+02:00" endTime="2025-05-10T15:46:18.1315742+02:00" testType="13cdc9d9-ddb5-4fa4-a97d-d965ccfc6d4b" outcome="Passed" testListId="8c84fa94-04c1-424b-9868-57a2d4851a1d" relativeResultsDirectory="4628ff86-b3f6-40fd-b21d-cd29ccbc6b88" />
    <UnitTestResult executionId="ce2fc3c9-01e9-4459-8f25-f7be6ae62b5c" testId="b5b844b0-49e2-4a9e-3c36-9ff27d047a2a" testName="StudyJet.API.Tests.ControllerTests.CourseControllerTest.RejectCourse_ShouldReturnNotFound_WhenCourseRejectionFails" computerName="BHASBENZ" duration="00:00:00.0019092" startTime="2025-05-10T15:46:17.5556088+02:00" endTime="2025-05-10T15:46:17.5556090+02:00" testType="13cdc9d9-ddb5-4fa4-a97d-d965ccfc6d4b" outcome="Passed" testListId="8c84fa94-04c1-424b-9868-57a2d4851a1d" relativeResultsDirectory="ce2fc3c9-01e9-4459-8f25-f7be6ae62b5c" />
    <UnitTestResult executionId="a01b3c3a-3330-4e6d-a509-e11476b435c4" testId="5917cd42-9469-4ff3-cf2d-488fe41ec3f9" testName="StudyJet.API.Tests.RepositoryTests.NotificationRepoTest.UpdateAsync_Success" computerName="BHASBENZ" duration="00:00:00.0026897" startTime="2025-05-10T15:46:18.1163372+02:00" endTime="2025-05-10T15:46:18.1163374+02:00" testType="13cdc9d9-ddb5-4fa4-a97d-d965ccfc6d4b" outcome="Passed" testListId="8c84fa94-04c1-424b-9868-57a2d4851a1d" relativeResultsDirectory="a01b3c3a-3330-4e6d-a509-e11476b435c4" />
    <UnitTestResult executionId="6b035785-805b-430d-a66b-bb551f278111" testId="2731e003-37b3-7a3a-09f6-f54a6b0c9e53" testName="StudyJet.API.Tests.ServiceTests.AuthServiceTest.RegisterUserAsync_AllValid_ReturnsSuccess" computerName="BHASBENZ" duration="00:00:00.0026323" startTime="2025-05-10T15:46:17.8120120+02:00" endTime="2025-05-10T15:46:17.8120123+02:00" testType="13cdc9d9-ddb5-4fa4-a97d-d965ccfc6d4b" outcome="Passed" testListId="8c84fa94-04c1-424b-9868-57a2d4851a1d" relativeResultsDirectory="6b035785-805b-430d-a66b-bb551f278111" />
    <UnitTestResult executionId="33a9f474-18b3-4158-b51c-a5dbaffa50f0" testId="015f5187-ea42-9937-2523-4f0f673830cd" testName="StudyJet.API.Tests.RepositoryTests.CourseRepoTest.InsertAsync_WithValidCourse_InsertsAndReturnsCourse" computerName="BHASBENZ" duration="00:00:00.0049897" startTime="2025-05-10T15:46:18.3548376+02:00" endTime="2025-05-10T15:46:18.3548377+02:00" testType="13cdc9d9-ddb5-4fa4-a97d-d965ccfc6d4b" outcome="Passed" testListId="8c84fa94-04c1-424b-9868-57a2d4851a1d" relativeResultsDirectory="33a9f474-18b3-4158-b51c-a5dbaffa50f0" />
    <UnitTestResult executionId="26d1d390-c67f-4c0b-a009-1d20776c3ca0" testId="09b36d79-9cfa-4218-6751-afb2e11da2fb" testName="StudyJet.API.Tests.ControllerTests.CategoryControllerTest.AddCategory_ReturnsBadRequest_WhenCategoryDataIsInvalid" computerName="BHASBENZ" duration="00:00:00.0041135" startTime="2025-05-10T15:46:17.4737797+02:00" endTime="2025-05-10T15:46:17.4737798+02:00" testType="13cdc9d9-ddb5-4fa4-a97d-d965ccfc6d4b" outcome="Passed" testListId="8c84fa94-04c1-424b-9868-57a2d4851a1d" relativeResultsDirectory="26d1d390-c67f-4c0b-a009-1d20776c3ca0" />
    <UnitTestResult executionId="3268bb68-914f-4a9a-9235-2679990be432" testId="a4b71c45-3d91-c279-bf05-beefafda0f09" testName="StudyJet.API.Tests.ServiceTests.CourseServiceTest.GetByInstructorIdAsync_ThrowsArgumentException_WhenInstructorIdIsNullOrEmpty" computerName="BHASBENZ" duration="00:00:00.0009249" startTime="2025-05-10T15:46:17.5854037+02:00" endTime="2025-05-10T15:46:17.5854038+02:00" testType="13cdc9d9-ddb5-4fa4-a97d-d965ccfc6d4b" outcome="Passed" testListId="8c84fa94-04c1-424b-9868-57a2d4851a1d" relativeResultsDirectory="3268bb68-914f-4a9a-9235-2679990be432" />
    <UnitTestResult executionId="046235b6-0bdc-4b2b-b3ab-cf912c81104e" testId="3a1dcb71-5d6c-cae9-6b39-68615c884598" testName="StudyJet.API.Tests.RepositoryTests.CartRepoTest.SelectUserByIdAsync_UserNotFound_Failure" computerName="BHASBENZ" duration="00:00:00.0016197" startTime="2025-05-10T15:46:18.0804410+02:00" endTime="2025-05-10T15:46:18.0804411+02:00" testType="13cdc9d9-ddb5-4fa4-a97d-d965ccfc6d4b" outcome="Passed" testListId="8c84fa94-04c1-424b-9868-57a2d4851a1d" relativeResultsDirectory="046235b6-0bdc-4b2b-b3ab-cf912c81104e" />
    <UnitTestResult executionId="e50661c0-2270-4ed8-a2ec-4aae2b019d96" testId="0f5239fe-0e0c-b409-85d1-ea60347bf178" testName="StudyJet.API.Tests.ControllerTests.CartControllerTest.GetCartItems_ItemsInCart_ReturnsOk" computerName="BHASBENZ" duration="00:00:00.0030570" startTime="2025-05-10T15:46:17.5844392+02:00" endTime="2025-05-10T15:46:17.5844393+02:00" testType="13cdc9d9-ddb5-4fa4-a97d-d965ccfc6d4b" outcome="Passed" testListId="8c84fa94-04c1-424b-9868-57a2d4851a1d" relativeResultsDirectory="e50661c0-2270-4ed8-a2ec-4aae2b019d96" />
    <UnitTestResult executionId="01afe785-443e-428f-9326-61560bdcf4f4" testId="1c3a5dab-4f23-9a77-4ccc-08eb1fb56846" testName="StudyJet.API.Tests.RepositoryTests.NotificationRepoTest.SelectByUserIdAsync_ReturnsPagedResults_WhenPageSizeSpecified" computerName="BHASBENZ" duration="00:00:00.0066406" startTime="2025-05-10T15:46:18.1299919+02:00" endTime="2025-05-10T15:46:18.1299920+02:00" testType="13cdc9d9-ddb5-4fa4-a97d-d965ccfc6d4b" outcome="Passed" testListId="8c84fa94-04c1-424b-9868-57a2d4851a1d" relativeResultsDirectory="01afe785-443e-428f-9326-61560bdcf4f4" />
    <UnitTestResult executionId="91149074-5594-4e70-a62f-4a656271ad1b" testId="d09ad02c-b956-2906-ebb6-36ba3b7fcf51" testName="StudyJet.API.Tests.ControllerTests.CourseControllerTest.GetCoursesWithStudents_ReturnsUnauthorized_WhenUserNotAuthenticated" computerName="BHASBENZ" duration="00:00:00.0047613" startTime="2025-05-10T15:46:17.5495124+02:00" endTime="2025-05-10T15:46:17.5495124+02:00" testType="13cdc9d9-ddb5-4fa4-a97d-d965ccfc6d4b" outcome="Passed" testListId="8c84fa94-04c1-424b-9868-57a2d4851a1d" relativeResultsDirectory="91149074-5594-4e70-a62f-4a656271ad1b" />
    <UnitTestResult executionId="ac6ea5ab-b840-4f63-b5ec-38e311cc2ccb" testId="ebd68788-384c-436d-f5ca-aeb0723120ca" testName="StudyJet.API.Tests.ControllerTests.CourseControllerTest.GetPopularCourses_ShouldReturnOkWithEmptyList_WhenNoCoursesFound" computerName="BHASBENZ" duration="00:00:00.0019418" startTime="2025-05-10T15:46:17.6386954+02:00" endTime="2025-05-10T15:46:17.6386955+02:00" testType="13cdc9d9-ddb5-4fa4-a97d-d965ccfc6d4b" outcome="Passed" testListId="8c84fa94-04c1-424b-9868-57a2d4851a1d" relativeResultsDirectory="ac6ea5ab-b840-4f63-b5ec-38e311cc2ccb" />
    <UnitTestResult executionId="df949f9b-9e20-48c2-8e40-af3e20a14550" testId="2aa00e9a-fafe-8afa-2311-87da51a09bf9" testName="StudyJet.API.Tests.RepositoryTests.WishlistRepoTest.SelectWishlistByIdAsync_ReturnsEmpty_WhenUserHasNoWishlist" computerName="BHASBENZ" duration="00:00:00.0008649" startTime="2025-05-10T15:46:18.1414772+02:00" endTime="2025-05-10T15:46:18.1414773+02:00" testType="13cdc9d9-ddb5-4fa4-a97d-d965ccfc6d4b" outcome="Passed" testListId="8c84fa94-04c1-424b-9868-57a2d4851a1d" relativeResultsDirectory="df949f9b-9e20-48c2-8e40-af3e20a14550" />
    <UnitTestResult executionId="506552fb-926b-4f1e-8a7c-d5edebd06329" testId="d74ed8d9-fb78-853e-8c91-d977f724d433" testName="StudyJet.API.Tests.RepositoryTests.UserPurchaseCourseRepoTest.InsertPurchaseAsync_SuccessfullyInsertsPurchase_WhenValidData" computerName="BHASBENZ" duration="00:00:00.0073097" startTime="2025-05-10T15:46:18.1442562+02:00" endTime="2025-05-10T15:46:18.1442563+02:00" testType="13cdc9d9-ddb5-4fa4-a97d-d965ccfc6d4b" outcome="Passed" testListId="8c84fa94-04c1-424b-9868-57a2d4851a1d" relativeResultsDirectory="506552fb-926b-4f1e-8a7c-d5edebd06329" />
    <UnitTestResult executionId="3eccdcbd-c1aa-4c1a-b6d5-ab1e7a65d016" testId="56edc7be-c74e-8951-37fb-bdcccb4cb8a9" testName="StudyJet.API.Tests.ControllerTests.CategoryControllerTest.GetAllCategories_WhenServiceThrowsException_Returns500WithMessage" computerName="BHASBENZ" duration="00:00:00.0011507" startTime="2025-05-10T15:46:17.4812764+02:00" endTime="2025-05-10T15:46:17.4812765+02:00" testType="13cdc9d9-ddb5-4fa4-a97d-d965ccfc6d4b" outcome="Passed" testListId="8c84fa94-04c1-424b-9868-57a2d4851a1d" relativeResultsDirectory="3eccdcbd-c1aa-4c1a-b6d5-ab1e7a65d016" />
    <UnitTestResult executionId="a948e7f7-4bbb-4cf0-8367-546ac514d090" testId="7c7caab9-d99c-af01-f28d-fa02637c4be5" testName="StudyJet.API.Tests.RepositoryTests.CartRepoTest.SelectCartItemsAsync_NoItemsInCart" computerName="BHASBENZ" duration="00:00:00.0326048" startTime="2025-05-10T15:46:18.1304245+02:00" endTime="2025-05-10T15:46:18.1304247+02:00" testType="13cdc9d9-ddb5-4fa4-a97d-d965ccfc6d4b" outcome="Passed" testListId="8c84fa94-04c1-424b-9868-57a2d4851a1d" relativeResultsDirectory="a948e7f7-4bbb-4cf0-8367-546ac514d090" />
    <UnitTestResult executionId="45ff3811-37fd-4faf-9994-676f31aa0b89" testId="d003e7e6-921b-1169-f9a9-700084bb895d" testName="StudyJet.API.Tests.ControllerTests.CartControllerTest.RemoveFromCart_ValidUserAndCourse_ReturnsOk" computerName="BHASBENZ" duration="00:00:00.0009410" startTime="2025-05-10T15:46:17.5905211+02:00" endTime="2025-05-10T15:46:17.5905213+02:00" testType="13cdc9d9-ddb5-4fa4-a97d-d965ccfc6d4b" outcome="Passed" testListId="8c84fa94-04c1-424b-9868-57a2d4851a1d" relativeResultsDirectory="45ff3811-37fd-4faf-9994-676f31aa0b89" />
    <UnitTestResult executionId="6597e022-e7a6-4deb-a2d3-cf8375893120" testId="c03ebf93-dcee-4f07-2cff-1d23554ba366" testName="StudyJet.API.Tests.ControllerTests.CategoryControllerTest.GetAllCategories_ReturnsOkResult_WithListOfCategories" computerName="BHASBENZ" duration="00:00:00.0015266" startTime="2025-05-10T15:46:17.4746158+02:00" endTime="2025-05-10T15:46:17.4746158+02:00" testType="13cdc9d9-ddb5-4fa4-a97d-d965ccfc6d4b" outcome="Passed" testListId="8c84fa94-04c1-424b-9868-57a2d4851a1d" relativeResultsDirectory="6597e022-e7a6-4deb-a2d3-cf8375893120" />
    <UnitTestResult executionId="11f34b1d-a83a-4803-b37d-691c80c8c908" testId="f602c089-c1bb-9a98-8435-5804f9e76c9b" testName="StudyJet.API.Tests.ControllerTests.AuthControllerTests.Check2FAStatus_ShouldReturnInternalServerError_WhenExceptionOccurs" computerName="BHASBENZ" duration="00:00:00.0021897" startTime="2025-05-10T15:46:17.6306273+02:00" endTime="2025-05-10T15:46:17.6306274+02:00" testType="13cdc9d9-ddb5-4fa4-a97d-d965ccfc6d4b" outcome="Passed" testListId="8c84fa94-04c1-424b-9868-57a2d4851a1d" relativeResultsDirectory="11f34b1d-a83a-4803-b37d-691c80c8c908" />
    <UnitTestResult executionId="4d4e516e-a606-487a-ac7f-e06a695c335a" testId="ca634cf5-b7e8-fd4c-c359-d15b5a4cf5c3" testName="StudyJet.API.Tests.RepositoryTests.CourseRepoTest.RejectPendingUpdatesAsync_WhenPendingUpdateExists_RejectsAndReturnsTrue" computerName="BHASBENZ" duration="00:00:00.0051331" startTime="2025-05-10T15:46:18.2520125+02:00" endTime="2025-05-10T15:46:18.2520128+02:00" testType="13cdc9d9-ddb5-4fa4-a97d-d965ccfc6d4b" outcome="Passed" testListId="8c84fa94-04c1-424b-9868-57a2d4851a1d" relativeResultsDirectory="4d4e516e-a606-487a-ac7f-e06a695c335a" />
    <UnitTestResult executionId="c5d91204-ba52-42a9-8426-9840fae03dfb" testId="03a69edb-9e94-a366-6539-f6a93c1df523" testName="StudyJet.API.Tests.ServiceTests.CartServiceTest.RemoveCourseFromCartAsync_WhenCalled_ReturnsExpectedResult" computerName="BHASBENZ" duration="00:00:00.0031744" startTime="2025-05-10T15:46:17.4873204+02:00" endTime="2025-05-10T15:46:17.4873206+02:00" testType="13cdc9d9-ddb5-4fa4-a97d-d965ccfc6d4b" outcome="Passed" testListId="8c84fa94-04c1-424b-9868-57a2d4851a1d" relativeResultsDirectory="c5d91204-ba52-42a9-8426-9840fae03dfb" />
    <UnitTestResult executionId="6bd8e70e-2882-4cde-b3de-ecd7ece94439" testId="e4361ece-0f34-723b-8e1f-d7a7c38f72d4" testName="StudyJet.API.Tests.RepositoryTests.CourseRepoTest.SelectApprovedCoursesAsync_ReturnsOnlyApprovedCourses" computerName="BHASBENZ" duration="00:00:00.0017483" startTime="2025-05-10T15:46:18.4225748+02:00" endTime="2025-05-10T15:46:18.4225751+02:00" testType="13cdc9d9-ddb5-4fa4-a97d-d965ccfc6d4b" outcome="Passed" testListId="8c84fa94-04c1-424b-9868-57a2d4851a1d" relativeResultsDirectory="6bd8e70e-2882-4cde-b3de-ecd7ece94439" />
    <UnitTestResult executionId="6062c9cd-6f39-4c59-868e-d680da3ead4f" testId="5060cf81-5e7f-d4e6-5474-403bf18668d2" testName="StudyJet.API.Tests.ServiceTests.UserServiceTest.AddUserAsync_UserCreatedSuccessfully_ReturnsSuccess" computerName="BHASBENZ" duration="00:00:00.0023492" startTime="2025-05-10T15:46:17.6234580+02:00" endTime="2025-05-10T15:46:17.6234581+02:00" testType="13cdc9d9-ddb5-4fa4-a97d-d965ccfc6d4b" outcome="Passed" testListId="8c84fa94-04c1-424b-9868-57a2d4851a1d" relativeResultsDirectory="6062c9cd-6f39-4c59-868e-d680da3ead4f" />
    <UnitTestResult executionId="a48b688f-2987-448e-ac41-ea135e227c71" testId="6865a7d9-6559-c754-1461-8bb28b5f0016" testName="StudyJet.API.Tests.ServiceTests.EmailServiceTest.SendConfirmationEmailAsync_ReturnsFailure_WhenInputIsInvalid(email: &quot;user@example.com&quot;, link: &quot;&quot;)" computerName="BHASBENZ" duration="00:00:00.0000242" startTime="2025-05-10T15:46:17.5043094+02:00" endTime="2025-05-10T15:46:17.5043095+02:00" testType="13cdc9d9-ddb5-4fa4-a97d-d965ccfc6d4b" outcome="Passed" testListId="8c84fa94-04c1-424b-9868-57a2d4851a1d" relativeResultsDirectory="a48b688f-2987-448e-ac41-ea135e227c71" />
    <UnitTestResult executionId="14eb9fb4-813a-4a86-bd15-b13a8cdf3874" testId="1cc0a9ce-333e-6bd2-d571-9fed8bb72c84" testName="StudyJet.API.Tests.ServiceTests.UserServiceTest.AddUserAsync_UserCreationFails_ReturnsFailure" computerName="BHASBENZ" duration="00:00:00.0018017" startTime="2025-05-10T15:46:17.6253465+02:00" endTime="2025-05-10T15:46:17.6253466+02:00" testType="13cdc9d9-ddb5-4fa4-a97d-d965ccfc6d4b" outcome="Passed" testListId="8c84fa94-04c1-424b-9868-57a2d4851a1d" relativeResultsDirectory="14eb9fb4-813a-4a86-bd15-b13a8cdf3874" />
    <UnitTestResult executionId="ff17cc1a-6cdd-4fac-b8e3-b312c2cae19a" testId="62e494f7-31ca-2498-ee63-184c5194d3d8" testName="StudyJet.API.Tests.ControllerTests.CourseControllerTest.GetApprovedCourses_ShouldReturnOkWithApprovedCourses" computerName="BHASBENZ" duration="00:00:00.0010129" startTime="2025-05-10T15:46:17.6459806+02:00" endTime="2025-05-10T15:46:17.6459808+02:00" testType="13cdc9d9-ddb5-4fa4-a97d-d965ccfc6d4b" outcome="Passed" testListId="8c84fa94-04c1-424b-9868-57a2d4851a1d" relativeResultsDirectory="ff17cc1a-6cdd-4fac-b8e3-b312c2cae19a" />
    <UnitTestResult executionId="c8f6e244-e320-4215-a0b0-8741db9e1921" testId="6131c4bf-38b9-6207-a266-59a3fe8a6cb2" testName="StudyJet.API.Tests.RepositoryTests.UserPurchaseCourseRepoTest.SelectPurchasedCourseAsync_ReturnsEmptyList_WhenUserHasNoPurchases" computerName="BHASBENZ" duration="00:00:00.0007490" startTime="2025-05-10T15:46:18.1450506+02:00" endTime="2025-05-10T15:46:18.1450507+02:00" testType="13cdc9d9-ddb5-4fa4-a97d-d965ccfc6d4b" outcome="Passed" testListId="8c84fa94-04c1-424b-9868-57a2d4851a1d" relativeResultsDirectory="c8f6e244-e320-4215-a0b0-8741db9e1921" />
    <UnitTestResult executionId="d04de717-53ce-4d35-80fd-6e323aa34c6f" testId="8313d0a0-3f5a-71b9-40e3-58fd96581209" testName="StudyJet.API.Tests.ControllerTests.CategoryControllerTest.GetCategoryById_ReturnsOkResult_WhenCategoryExists" computerName="BHASBENZ" duration="00:00:00.0013576" startTime="2025-05-10T15:46:17.4800631+02:00" endTime="2025-05-10T15:46:17.4800632+02:00" testType="13cdc9d9-ddb5-4fa4-a97d-d965ccfc6d4b" outcome="Passed" testListId="8c84fa94-04c1-424b-9868-57a2d4851a1d" relativeResultsDirectory="d04de717-53ce-4d35-80fd-6e323aa34c6f" />
    <UnitTestResult executionId="bc403c13-67e4-4c77-9ae2-ca069204f68c" testId="526864aa-5f22-42e1-c696-302296443599" testName="StudyJet.API.Tests.ControllerTests.NotificationControllerTest.GetNotifications_ShouldReturnUnauthorized_WhenUserIdIsNotPresent" computerName="BHASBENZ" duration="00:00:00.0014660" startTime="2025-05-10T15:46:17.5514605+02:00" endTime="2025-05-10T15:46:17.5514608+02:00" testType="13cdc9d9-ddb5-4fa4-a97d-d965ccfc6d4b" outcome="Passed" testListId="8c84fa94-04c1-424b-9868-57a2d4851a1d" relativeResultsDirectory="bc403c13-67e4-4c77-9ae2-ca069204f68c" />
    <UnitTestResult executionId="8dd2cbae-56bb-4861-91ac-6b291ccd6935" testId="31dc1315-0c88-b773-6b76-aa852536afcd" testName="StudyJet.API.Tests.ControllerTests.UserControllerTest.CheckUsername_ShouldReturnBadRequest_WhenUsernameIsNullOrWhitespace" computerName="BHASBENZ" duration="00:00:00.0005545" startTime="2025-05-10T15:46:17.5298932+02:00" endTime="2025-05-10T15:46:17.5298932+02:00" testType="13cdc9d9-ddb5-4fa4-a97d-d965ccfc6d4b" outcome="Passed" testListId="8c84fa94-04c1-424b-9868-57a2d4851a1d" relativeResultsDirectory="8dd2cbae-56bb-4861-91ac-6b291ccd6935" />
    <UnitTestResult executionId="2f91d0ab-90ac-40cc-9dcf-f6d6b08d50cf" testId="4b28da60-51ac-f024-ffe9-398c9e20e6a0" testName="StudyJet.API.Tests.ControllerTests.CourseControllerTest.Create_ReturnsSuccess_WithValidRequest" computerName="BHASBENZ" duration="00:00:00.0044400" startTime="2025-05-10T15:46:17.5748500+02:00" endTime="2025-05-10T15:46:17.5748501+02:00" testType="13cdc9d9-ddb5-4fa4-a97d-d965ccfc6d4b" outcome="Passed" testListId="8c84fa94-04c1-424b-9868-57a2d4851a1d" relativeResultsDirectory="2f91d0ab-90ac-40cc-9dcf-f6d6b08d50cf" />
    <UnitTestResult executionId="26ada8ca-c26f-4229-923e-b5c9493538df" testId="1bc5ffc6-9388-e4be-bce9-f32ddb600f3f" testName="StudyJet.API.Tests.ServiceTests.CourseServiceTest.GetCoursesWithStudentsForInstructorAsync_ReturnsCoursesWithDetailedStudents" computerName="BHASBENZ" duration="00:00:00.0020022" startTime="2025-05-10T15:46:17.6210724+02:00" endTime="2025-05-10T15:46:17.6210724+02:00" testType="13cdc9d9-ddb5-4fa4-a97d-d965ccfc6d4b" outcome="Passed" testListId="8c84fa94-04c1-424b-9868-57a2d4851a1d" relativeResultsDirectory="26ada8ca-c26f-4229-923e-b5c9493538df" />
    <UnitTestResult executionId="050a80a5-59fa-4e99-8948-eeb9d0b46ce6" testId="1b509521-f549-94cb-9b76-1cda3c1f268c" testName="StudyJet.API.Tests.ServiceTests.AuthServiceTest.SendConfirmationEmailAsync_SuccessfulEmailSent_ReturnsSuccessResult" computerName="BHASBENZ" duration="00:00:00.0015499" startTime="2025-05-10T15:46:17.8837751+02:00" endTime="2025-05-10T15:46:17.8837752+02:00" testType="13cdc9d9-ddb5-4fa4-a97d-d965ccfc6d4b" outcome="Passed" testListId="8c84fa94-04c1-424b-9868-57a2d4851a1d" relativeResultsDirectory="050a80a5-59fa-4e99-8948-eeb9d0b46ce6" />
    <UnitTestResult executionId="73cbb8da-1020-4c86-8a0c-554108fb7a0a" testId="40e3caa8-1e02-05d4-6036-8357ce10b618" testName="StudyJet.API.Tests.ServiceTests.AuthServiceTest.Is2faEnabledAsync_ReturnsFalse_WhenUserDoesNotExist" computerName="BHASBENZ" duration="00:00:00.0012346" startTime="2025-05-10T15:46:17.8059880+02:00" endTime="2025-05-10T15:46:17.8059881+02:00" testType="13cdc9d9-ddb5-4fa4-a97d-d965ccfc6d4b" outcome="Passed" testListId="8c84fa94-04c1-424b-9868-57a2d4851a1d" relativeResultsDirectory="73cbb8da-1020-4c86-8a0c-554108fb7a0a" />
  </Results>
  <TestDefinitions>
    <UnitTest name="StudyJet.API.Tests.RepositoryTests.CourseRepoTest.SelectCourseUpdatesByStatusAsync_WhenStatusIsValid_ReturnsCorrectCourseUpdates" storage="c:\users\bhask\desktop\studyjet\studyjet.api.tests\bin\debug\net8.0\studyjet.api.tests.dll" id="9e45d5de-b6d7-885c-0c1a-786635c3ac2f">
      <Execution id="a8ab5d3e-a634-4d2e-887e-7ca784259d44" />
      <TestMethod codeBase="C:\Users\bhask\Desktop\StudyJet\StudyJet.API.Tests\bin\Debug\net8.0\StudyJet.API.Tests.dll" adapterTypeName="executor://xunit/VsTestRunner2/netcoreapp" className="StudyJet.API.Tests.RepositoryTests.CourseRepoTest" name="SelectCourseUpdatesByStatusAsync_WhenStatusIsValid_ReturnsCorrectCourseUpdates" />
    </UnitTest>
    <UnitTest name="StudyJet.API.Tests.ControllerTests.CategoryControllerTest.CategoryExists_ReturnsFalse_WhenCategoryDoesNotExist" storage="c:\users\bhask\desktop\studyjet\studyjet.api.tests\bin\debug\net8.0\studyjet.api.tests.dll" id="d4a49540-f388-6087-fe19-5b7d16216a72">
      <Execution id="3b2960c9-d7bc-48cb-8d61-3a17759a999c" />
      <TestMethod codeBase="C:\Users\bhask\Desktop\StudyJet\StudyJet.API.Tests\bin\Debug\net8.0\StudyJet.API.Tests.dll" adapterTypeName="executor://xunit/VsTestRunner2/netcoreapp" className="StudyJet.API.Tests.ControllerTests.CategoryControllerTest" name="CategoryExists_ReturnsFalse_WhenCategoryDoesNotExist" />
    </UnitTest>
    <UnitTest name="StudyJet.API.Tests.ServiceTests.CategoryServiceTest.DeleteAsync_ReturnsFalse_WhenCategoryDoesNotExist" storage="c:\users\bhask\desktop\studyjet\studyjet.api.tests\bin\debug\net8.0\studyjet.api.tests.dll" id="49f00847-88f5-6276-34f5-d1b710e4699b">
      <Execution id="43e7d674-5364-4824-ab7c-b81e125c7651" />
      <TestMethod codeBase="C:\Users\bhask\Desktop\StudyJet\StudyJet.API.Tests\bin\Debug\net8.0\StudyJet.API.Tests.dll" adapterTypeName="executor://xunit/VsTestRunner2/netcoreapp" className="StudyJet.API.Tests.ServiceTests.CategoryServiceTest" name="DeleteAsync_ReturnsFalse_WhenCategoryDoesNotExist" />
    </UnitTest>
    <UnitTest name="StudyJet.API.Tests.ServiceTests.CategoryServiceTest.AddAsync_ThrowsException_WhenInsertFails" storage="c:\users\bhask\desktop\studyjet\studyjet.api.tests\bin\debug\net8.0\studyjet.api.tests.dll" id="b3e640f4-fd3b-4b3f-fef5-5d361c675e6d">
      <Execution id="81bd6935-a14f-46e5-9b8f-331e305f8e71" />
      <TestMethod codeBase="C:\Users\bhask\Desktop\StudyJet\StudyJet.API.Tests\bin\Debug\net8.0\StudyJet.API.Tests.dll" adapterTypeName="executor://xunit/VsTestRunner2/netcoreapp" className="StudyJet.API.Tests.ServiceTests.CategoryServiceTest" name="AddAsync_ThrowsException_WhenInsertFails" />
    </UnitTest>
    <UnitTest name="StudyJet.API.Tests.ServiceTests.AuthServiceTest.GenerateQRCodeImage_SpecialCharactersInURI_ReturnsQRCodeImage" storage="c:\users\bhask\desktop\studyjet\studyjet.api.tests\bin\debug\net8.0\studyjet.api.tests.dll" id="9a208262-bbef-c2a7-ec67-8f36eb7bac06">
      <Execution id="101b7821-7d9d-4530-9f7e-1078a8aeeb50" />
      <TestMethod codeBase="C:\Users\bhask\Desktop\StudyJet\StudyJet.API.Tests\bin\Debug\net8.0\StudyJet.API.Tests.dll" adapterTypeName="executor://xunit/VsTestRunner2/netcoreapp" className="StudyJet.API.Tests.ServiceTests.AuthServiceTest" name="GenerateQRCodeImage_SpecialCharactersInURI_ReturnsQRCodeImage" />
    </UnitTest>
    <UnitTest name="StudyJet.API.Tests.ControllerTests.CartControllerTest.GetCartItems_ItemsInCart_ReturnsOk" storage="c:\users\bhask\desktop\studyjet\studyjet.api.tests\bin\debug\net8.0\studyjet.api.tests.dll" id="0f5239fe-0e0c-b409-85d1-ea60347bf178">
      <Execution id="e50661c0-2270-4ed8-a2ec-4aae2b019d96" />
      <TestMethod codeBase="C:\Users\bhask\Desktop\StudyJet\StudyJet.API.Tests\bin\Debug\net8.0\StudyJet.API.Tests.dll" adapterTypeName="executor://xunit/VsTestRunner2/netcoreapp" className="StudyJet.API.Tests.ControllerTests.CartControllerTest" name="GetCartItems_ItemsInCart_ReturnsOk" />
    </UnitTest>
    <UnitTest name="StudyJet.API.Tests.ServiceTests.AuthServiceTest.Disable2faAsync_ReturnsTrue_WhenUserExistsAndUpdateSucceeds" storage="c:\users\bhask\desktop\studyjet\studyjet.api.tests\bin\debug\net8.0\studyjet.api.tests.dll" id="30a407cc-63a6-0ebd-f86d-9b2fc6be9479">
      <Execution id="9a837ec9-d910-4977-9e84-8b04d407b884" />
      <TestMethod codeBase="C:\Users\bhask\Desktop\StudyJet\StudyJet.API.Tests\bin\Debug\net8.0\StudyJet.API.Tests.dll" adapterTypeName="executor://xunit/VsTestRunner2/netcoreapp" className="StudyJet.API.Tests.ServiceTests.AuthServiceTest" name="Disable2faAsync_ReturnsTrue_WhenUserExistsAndUpdateSucceeds" />
    </UnitTest>
    <UnitTest name="StudyJet.API.Tests.ControllerTests.CourseControllerTest.GetCoursesWithStudents_ReturnsCourses_WhenInstructorHasCourses" storage="c:\users\bhask\desktop\studyjet\studyjet.api.tests\bin\debug\net8.0\studyjet.api.tests.dll" id="cdb3b28d-aafc-0ea8-3b3d-caff163541ca">
      <Execution id="a91bee84-c9ec-460a-9b45-d373a7661e04" />
      <TestMethod codeBase="C:\Users\bhask\Desktop\StudyJet\StudyJet.API.Tests\bin\Debug\net8.0\StudyJet.API.Tests.dll" adapterTypeName="executor://xunit/VsTestRunner2/netcoreapp" className="StudyJet.API.Tests.ControllerTests.CourseControllerTest" name="GetCoursesWithStudents_ReturnsCourses_WhenInstructorHasCourses" />
    </UnitTest>
    <UnitTest name="StudyJet.API.Tests.RepositoryTests.UserRepoTest.SelectByEmailAsync_ReturnsUser_WhenEmailExists" storage="c:\users\bhask\desktop\studyjet\studyjet.api.tests\bin\debug\net8.0\studyjet.api.tests.dll" id="22ade453-581f-7752-0861-063047b89962">
      <Execution id="fe53003a-be7e-4808-9522-76ecb953653d" />
      <TestMethod codeBase="C:\Users\bhask\Desktop\StudyJet\StudyJet.API.Tests\bin\Debug\net8.0\StudyJet.API.Tests.dll" adapterTypeName="executor://xunit/VsTestRunner2/netcoreapp" className="StudyJet.API.Tests.RepositoryTests.UserRepoTest" name="SelectByEmailAsync_ReturnsUser_WhenEmailExists" />
    </UnitTest>
    <UnitTest name="StudyJet.API.Tests.ServiceTests.CartServiceTest.GetCartItemsAsync_ReturnsCartItemsFromRepo" storage="c:\users\bhask\desktop\studyjet\studyjet.api.tests\bin\debug\net8.0\studyjet.api.tests.dll" id="0cd44002-cb8c-3e36-c58e-fa96ae90518d">
      <Execution id="9c5eea99-1a6f-45d0-af80-a93cb083d1c0" />
      <TestMethod codeBase="C:\Users\bhask\Desktop\StudyJet\StudyJet.API.Tests\bin\Debug\net8.0\StudyJet.API.Tests.dll" adapterTypeName="executor://xunit/VsTestRunner2/netcoreapp" className="StudyJet.API.Tests.ServiceTests.CartServiceTest" name="GetCartItemsAsync_ReturnsCartItemsFromRepo" />
    </UnitTest>
    <UnitTest name="StudyJet.API.Tests.ControllerTests.AuthControllerTests.ResetPassword_ShouldReturnBadRequest_WhenModelStateIsInvalid" storage="c:\users\bhask\desktop\studyjet\studyjet.api.tests\bin\debug\net8.0\studyjet.api.tests.dll" id="e4c4294c-15a6-7d16-53e3-7ce2d6ebac15">
      <Execution id="3cf44405-9c5d-4483-aabe-7c7655e81f84" />
      <TestMethod codeBase="C:\Users\bhask\Desktop\StudyJet\StudyJet.API.Tests\bin\Debug\net8.0\StudyJet.API.Tests.dll" adapterTypeName="executor://xunit/VsTestRunner2/netcoreapp" className="StudyJet.API.Tests.ControllerTests.AuthControllerTests" name="ResetPassword_ShouldReturnBadRequest_WhenModelStateIsInvalid" />
    </UnitTest>
    <UnitTest name="StudyJet.API.Tests.RepositoryTests.CartRepoTest.SelectUserByIdAsync_Success" storage="c:\users\bhask\desktop\studyjet\studyjet.api.tests\bin\debug\net8.0\studyjet.api.tests.dll" id="aaaf219e-f528-609c-3e7b-ae8bdae93bf7">
      <Execution id="2b768c51-90a5-46b3-8d92-e5c081fd966e" />
      <TestMethod codeBase="C:\Users\bhask\Desktop\StudyJet\StudyJet.API.Tests\bin\Debug\net8.0\StudyJet.API.Tests.dll" adapterTypeName="executor://xunit/VsTestRunner2/netcoreapp" className="StudyJet.API.Tests.RepositoryTests.CartRepoTest" name="SelectUserByIdAsync_Success" />
    </UnitTest>
    <UnitTest name="StudyJet.API.Tests.ServiceTests.AuthServiceTest.RegisterUserAsync_PasswordsDoNotMatch_ReturnsPasswordMismatchError" storage="c:\users\bhask\desktop\studyjet\studyjet.api.tests\bin\debug\net8.0\studyjet.api.tests.dll" id="8ed6db83-21cd-2e7c-0b9b-61e0ebd7140d">
      <Execution id="45e10012-feab-4f4f-8593-b97468056226" />
      <TestMethod codeBase="C:\Users\bhask\Desktop\StudyJet\StudyJet.API.Tests\bin\Debug\net8.0\StudyJet.API.Tests.dll" adapterTypeName="executor://xunit/VsTestRunner2/netcoreapp" className="StudyJet.API.Tests.ServiceTests.AuthServiceTest" name="RegisterUserAsync_PasswordsDoNotMatch_ReturnsPasswordMismatchError" />
    </UnitTest>
    <UnitTest name="StudyJet.API.Tests.ServiceTests.UserServiceTest.CheckUsernameExistsAsync_UsernameExists_ReturnsTrue" storage="c:\users\bhask\desktop\studyjet\studyjet.api.tests\bin\debug\net8.0\studyjet.api.tests.dll" id="1cf9e394-5c39-ea65-7308-cf74797b3447">
      <Execution id="e9acc31f-9144-45cd-8b92-8b6054a44dcc" />
      <TestMethod codeBase="C:\Users\bhask\Desktop\StudyJet\StudyJet.API.Tests\bin\Debug\net8.0\StudyJet.API.Tests.dll" adapterTypeName="executor://xunit/VsTestRunner2/netcoreapp" className="StudyJet.API.Tests.ServiceTests.UserServiceTest" name="CheckUsernameExistsAsync_UsernameExists_ReturnsTrue" />
    </UnitTest>
    <UnitTest name="StudyJet.API.Tests.ServiceTests.AuthServiceTest.Disable2faAsync_ReturnsFalse_WhenUpdateFails" storage="c:\users\bhask\desktop\studyjet\studyjet.api.tests\bin\debug\net8.0\studyjet.api.tests.dll" id="22925fc5-125b-7a2d-4e4d-f06fcb41c624">
      <Execution id="8bfd297e-0487-485e-9159-7a15b64e61ba" />
      <TestMethod codeBase="C:\Users\bhask\Desktop\StudyJet\StudyJet.API.Tests\bin\Debug\net8.0\StudyJet.API.Tests.dll" adapterTypeName="executor://xunit/VsTestRunner2/netcoreapp" className="StudyJet.API.Tests.ServiceTests.AuthServiceTest" name="Disable2faAsync_ReturnsFalse_WhenUpdateFails" />
    </UnitTest>
    <UnitTest name="StudyJet.API.Tests.ServiceTests.AuthServiceTest.ChangePasswordAsync_ReturnsFalse_WhenPasswordChangeFails" storage="c:\users\bhask\desktop\studyjet\studyjet.api.tests\bin\debug\net8.0\studyjet.api.tests.dll" id="81362093-a83d-df5d-a833-bd4e13c177dc">
      <Execution id="d796ac31-62d5-47d3-a539-689e025edf8f" />
      <TestMethod codeBase="C:\Users\bhask\Desktop\StudyJet\StudyJet.API.Tests\bin\Debug\net8.0\StudyJet.API.Tests.dll" adapterTypeName="executor://xunit/VsTestRunner2/netcoreapp" className="StudyJet.API.Tests.ServiceTests.AuthServiceTest" name="ChangePasswordAsync_ReturnsFalse_WhenPasswordChangeFails" />
    </UnitTest>
    <UnitTest name="StudyJet.API.Tests.ControllerTests.WishlistControllerTest.AddToWishlist_ShouldReturnUnauthorized_WhenUserIsNotAuthenticated" storage="c:\users\bhask\desktop\studyjet\studyjet.api.tests\bin\debug\net8.0\studyjet.api.tests.dll" id="ac3a4c17-98ae-e81e-c821-42d65c27f1b2">
      <Execution id="9c0c731c-45bf-486c-a995-f4fd480593f7" />
      <TestMethod codeBase="C:\Users\bhask\Desktop\StudyJet\StudyJet.API.Tests\bin\Debug\net8.0\StudyJet.API.Tests.dll" adapterTypeName="executor://xunit/VsTestRunner2/netcoreapp" className="StudyJet.API.Tests.ControllerTests.WishlistControllerTest" name="AddToWishlist_ShouldReturnUnauthorized_WhenUserIsNotAuthenticated" />
    </UnitTest>
    <UnitTest name="StudyJet.API.Tests.RepositoryTests.CourseRepoTest.SelectPendingCourseUpdateAsync_WithNoPendingUpdate_ReturnsNull" storage="c:\users\bhask\desktop\studyjet\studyjet.api.tests\bin\debug\net8.0\studyjet.api.tests.dll" id="72f95707-286d-1651-07a7-6294cb1e50d2">
      <Execution id="226939af-42d5-48e9-bc54-21180354b8ec" />
      <TestMethod codeBase="C:\Users\bhask\Desktop\StudyJet\StudyJet.API.Tests\bin\Debug\net8.0\StudyJet.API.Tests.dll" adapterTypeName="executor://xunit/VsTestRunner2/netcoreapp" className="StudyJet.API.Tests.RepositoryTests.CourseRepoTest" name="SelectPendingCourseUpdateAsync_WithNoPendingUpdate_ReturnsNull" />
    </UnitTest>
    <UnitTest name="StudyJet.API.Tests.RepositoryTests.UserPurchaseCourseRepoTest.HasUserPurchasedCourseAsync_ReturnsFalse_WhenUserHasNotPurchasedCourse" storage="c:\users\bhask\desktop\studyjet\studyjet.api.tests\bin\debug\net8.0\studyjet.api.tests.dll" id="8e2fd792-5f07-b6b3-2935-52aac04b7ca4">
      <Execution id="62e25812-902c-45b2-be51-8ace82fb9bc1" />
      <TestMethod codeBase="C:\Users\bhask\Desktop\StudyJet\StudyJet.API.Tests\bin\Debug\net8.0\StudyJet.API.Tests.dll" adapterTypeName="executor://xunit/VsTestRunner2/netcoreapp" className="StudyJet.API.Tests.RepositoryTests.UserPurchaseCourseRepoTest" name="HasUserPurchasedCourseAsync_ReturnsFalse_WhenUserHasNotPurchasedCourse" />
    </UnitTest>
    <UnitTest name="StudyJet.API.Tests.ControllerTests.AuthControllerTests.VerifyTwoFactorLogin_ReturnsBadRequest_WhenTempTokenIsInvalidOrUserNotFound" storage="c:\users\bhask\desktop\studyjet\studyjet.api.tests\bin\debug\net8.0\studyjet.api.tests.dll" id="1d2b33a3-604b-9bdc-4833-515cb6f970fe">
      <Execution id="ba30c849-1c5a-4572-8119-be6111120b0b" />
      <TestMethod codeBase="C:\Users\bhask\Desktop\StudyJet\StudyJet.API.Tests\bin\Debug\net8.0\StudyJet.API.Tests.dll" adapterTypeName="executor://xunit/VsTestRunner2/netcoreapp" className="StudyJet.API.Tests.ControllerTests.AuthControllerTests" name="VerifyTwoFactorLogin_ReturnsBadRequest_WhenTempTokenIsInvalidOrUserNotFound" />
    </UnitTest>
    <UnitTest name="StudyJet.API.Tests.RepositoryTests.UserPurchaseCourseRepoTest.SelectSuggestedCoursesAsync_ReturnsLimitedCourses_WhenLimitIsSpecified" storage="c:\users\bhask\desktop\studyjet\studyjet.api.tests\bin\debug\net8.0\studyjet.api.tests.dll" id="9f63aeec-1e85-ece2-24bf-2b70ac3b4632">
      <Execution id="e84f7635-75e9-4728-980f-51fb22cdff97" />
      <TestMethod codeBase="C:\Users\bhask\Desktop\StudyJet\StudyJet.API.Tests\bin\Debug\net8.0\StudyJet.API.Tests.dll" adapterTypeName="executor://xunit/VsTestRunner2/netcoreapp" className="StudyJet.API.Tests.RepositoryTests.UserPurchaseCourseRepoTest" name="SelectSuggestedCoursesAsync_ReturnsLimitedCourses_WhenLimitIsSpecified" />
    </UnitTest>
    <UnitTest name="StudyJet.API.Tests.ServiceTests.AuthServiceTest.GetOrCreateAuthenticatorKeyAsync_Throws_WhenResetFails" storage="c:\users\bhask\desktop\studyjet\studyjet.api.tests\bin\debug\net8.0\studyjet.api.tests.dll" id="65b988ab-d2f9-16f6-b17b-7334b26a59a3">
      <Execution id="ab4dfe29-fe7e-4e74-a211-50ee76f289f1" />
      <TestMethod codeBase="C:\Users\bhask\Desktop\StudyJet\StudyJet.API.Tests\bin\Debug\net8.0\StudyJet.API.Tests.dll" adapterTypeName="executor://xunit/VsTestRunner2/netcoreapp" className="StudyJet.API.Tests.ServiceTests.AuthServiceTest" name="GetOrCreateAuthenticatorKeyAsync_Throws_WhenResetFails" />
    </UnitTest>
    <UnitTest name="StudyJet.API.Tests.ControllerTests.AuthControllerTests.VerifyTwoFactorLogin_ShouldReturnBadRequest_WhenInvalidModel" storage="c:\users\bhask\desktop\studyjet\studyjet.api.tests\bin\debug\net8.0\studyjet.api.tests.dll" id="3abe8e0c-b342-7616-e102-6b75e6bf1628">
      <Execution id="1e17f3e2-66fd-4119-9fca-3cc78547eb67" />
      <TestMethod codeBase="C:\Users\bhask\Desktop\StudyJet\StudyJet.API.Tests\bin\Debug\net8.0\StudyJet.API.Tests.dll" adapterTypeName="executor://xunit/VsTestRunner2/netcoreapp" className="StudyJet.API.Tests.ControllerTests.AuthControllerTests" name="VerifyTwoFactorLogin_ShouldReturnBadRequest_WhenInvalidModel" />
    </UnitTest>
    <UnitTest name="StudyJet.API.Tests.ControllerTests.CourseControllerTest.GetAll_ShouldReturnUnauthorized_WhenUserIsNotAdmin" storage="c:\users\bhask\desktop\studyjet\studyjet.api.tests\bin\debug\net8.0\studyjet.api.tests.dll" id="e4ff76fc-a330-75a4-b68c-2973a8ab42ac">
      <Execution id="a1a72af6-1f4c-4af7-98c7-2598cb887149" />
      <TestMethod codeBase="C:\Users\bhask\Desktop\StudyJet\StudyJet.API.Tests\bin\Debug\net8.0\StudyJet.API.Tests.dll" adapterTypeName="executor://xunit/VsTestRunner2/netcoreapp" className="StudyJet.API.Tests.ControllerTests.CourseControllerTest" name="GetAll_ShouldReturnUnauthorized_WhenUserIsNotAdmin" />
    </UnitTest>
    <UnitTest name="StudyJet.API.Tests.ControllerTests.CourseControllerTest.SubmitUpdate_ShouldReturnForbid_WhenInstructorIsNotOwner" storage="c:\users\bhask\desktop\studyjet\studyjet.api.tests\bin\debug\net8.0\studyjet.api.tests.dll" id="072b6a97-f9b5-78c5-0985-e38a0dde712b">
      <Execution id="9f18c410-9b91-46fb-a703-f18844a2b49d" />
      <TestMethod codeBase="C:\Users\bhask\Desktop\StudyJet\StudyJet.API.Tests\bin\Debug\net8.0\StudyJet.API.Tests.dll" adapterTypeName="executor://xunit/VsTestRunner2/netcoreapp" className="StudyJet.API.Tests.ControllerTests.CourseControllerTest" name="SubmitUpdate_ShouldReturnForbid_WhenInstructorIsNotOwner" />
    </UnitTest>
    <UnitTest name="StudyJet.API.Tests.ControllerTests.CartControllerTest.MoveToWishlist_CourseAlreadyInWishlist_ReturnsBadRequest" storage="c:\users\bhask\desktop\studyjet\studyjet.api.tests\bin\debug\net8.0\studyjet.api.tests.dll" id="a6b88e73-ac03-48e1-4c3c-2524f496de18">
      <Execution id="79c476e9-a185-45d5-8341-5227a9c3fb46" />
      <TestMethod codeBase="C:\Users\bhask\Desktop\StudyJet\StudyJet.API.Tests\bin\Debug\net8.0\StudyJet.API.Tests.dll" adapterTypeName="executor://xunit/VsTestRunner2/netcoreapp" className="StudyJet.API.Tests.ControllerTests.CartControllerTest" name="MoveToWishlist_CourseAlreadyInWishlist_ReturnsBadRequest" />
    </UnitTest>
    <UnitTest name="StudyJet.API.Tests.RepositoryTests.CourseRepoTest.SelectLatestCourseUpdateByCourseIdAsync_WhenUpdatesExist_ReturnsLatestUpdate" storage="c:\users\bhask\desktop\studyjet\studyjet.api.tests\bin\debug\net8.0\studyjet.api.tests.dll" id="c5273e4e-1ac7-28dd-def2-0f6e28bef8d4">
      <Execution id="b1a13ba3-a549-4f5a-9cd5-44b4d945f316" />
      <TestMethod codeBase="C:\Users\bhask\Desktop\StudyJet\StudyJet.API.Tests\bin\Debug\net8.0\StudyJet.API.Tests.dll" adapterTypeName="executor://xunit/VsTestRunner2/netcoreapp" className="StudyJet.API.Tests.RepositoryTests.CourseRepoTest" name="SelectLatestCourseUpdateByCourseIdAsync_WhenUpdatesExist_ReturnsLatestUpdate" />
    </UnitTest>
    <UnitTest name="StudyJet.API.Tests.ServiceTests.UserServiceTest.EnsureDefaultRoleExistsAsync_RoleExists_DoesNotCreateRole" storage="c:\users\bhask\desktop\studyjet\studyjet.api.tests\bin\debug\net8.0\studyjet.api.tests.dll" id="da71100d-5341-e7ea-348c-01683433b40e">
      <Execution id="d8d704a1-8bec-4177-b219-44768da9e17b" />
      <TestMethod codeBase="C:\Users\bhask\Desktop\StudyJet\StudyJet.API.Tests\bin\Debug\net8.0\StudyJet.API.Tests.dll" adapterTypeName="executor://xunit/VsTestRunner2/netcoreapp" className="StudyJet.API.Tests.ServiceTests.UserServiceTest" name="EnsureDefaultRoleExistsAsync_RoleExists_DoesNotCreateRole" />
    </UnitTest>
    <UnitTest name="StudyJet.API.Tests.ControllerTests.CategoryControllerTest.DeleteCategory_ReturnsBadRequest_WhenDeletionIsNotAllowed" storage="c:\users\bhask\desktop\studyjet\studyjet.api.tests\bin\debug\net8.0\studyjet.api.tests.dll" id="815d5a84-9c7d-fc91-705f-885e4e4c5065">
      <Execution id="ef6b5eb2-fc72-4297-a6bf-124eba494f6f" />
      <TestMethod codeBase="C:\Users\bhask\Desktop\StudyJet\StudyJet.API.Tests\bin\Debug\net8.0\StudyJet.API.Tests.dll" adapterTypeName="executor://xunit/VsTestRunner2/netcoreapp" className="StudyJet.API.Tests.ControllerTests.CategoryControllerTest" name="DeleteCategory_ReturnsBadRequest_WhenDeletionIsNotAllowed" />
    </UnitTest>
    <UnitTest name="StudyJet.API.Tests.ServiceTests.EmailServiceTest.SendConfirmationEmailAsync_ReturnsFailure_WhenInputIsInvalid(email: &quot;user@example.com&quot;, link: null)" storage="c:\users\bhask\desktop\studyjet\studyjet.api.tests\bin\debug\net8.0\studyjet.api.tests.dll" id="85f8173d-e567-a7b6-7ec5-984bfe168c93">
      <Execution id="af69fa5e-27de-4de8-9763-714ef83a7203" />
      <TestMethod codeBase="C:\Users\bhask\Desktop\StudyJet\StudyJet.API.Tests\bin\Debug\net8.0\StudyJet.API.Tests.dll" adapterTypeName="executor://xunit/VsTestRunner2/netcoreapp" className="StudyJet.API.Tests.ServiceTests.EmailServiceTest" name="SendConfirmationEmailAsync_ReturnsFailure_WhenInputIsInvalid" />
    </UnitTest>
    <UnitTest name="StudyJet.API.Tests.RepositoryTests.NotificationRepoTest.SelectByIdAsync_ReturnsNotificationWithRelationships_WhenExists" storage="c:\users\bhask\desktop\studyjet\studyjet.api.tests\bin\debug\net8.0\studyjet.api.tests.dll" id="39ee311f-91df-f8ba-ecd7-5d9e30b55567">
      <Execution id="6577037c-5e3a-41af-9a76-27cc1bc6db29" />
      <TestMethod codeBase="C:\Users\bhask\Desktop\StudyJet\StudyJet.API.Tests\bin\Debug\net8.0\StudyJet.API.Tests.dll" adapterTypeName="executor://xunit/VsTestRunner2/netcoreapp" className="StudyJet.API.Tests.RepositoryTests.NotificationRepoTest" name="SelectByIdAsync_ReturnsNotificationWithRelationships_WhenExists" />
    </UnitTest>
    <UnitTest name="StudyJet.API.Tests.RepositoryTests.UserRepoTest.CountUsersByRoleAsync_ShouldReturnZero_WhenRoleDoesNotExist" storage="c:\users\bhask\desktop\studyjet\studyjet.api.tests\bin\debug\net8.0\studyjet.api.tests.dll" id="023e9876-b001-6fba-aa90-f5f0c64fd03b">
      <Execution id="6aed2ca0-7a95-4c5a-a9f7-e190d9c89280" />
      <TestMethod codeBase="C:\Users\bhask\Desktop\StudyJet\StudyJet.API.Tests\bin\Debug\net8.0\StudyJet.API.Tests.dll" adapterTypeName="executor://xunit/VsTestRunner2/netcoreapp" className="StudyJet.API.Tests.RepositoryTests.UserRepoTest" name="CountUsersByRoleAsync_ShouldReturnZero_WhenRoleDoesNotExist" />
    </UnitTest>
    <UnitTest name="StudyJet.API.Tests.RepositoryTests.CartRepoTest.InsertCourseToCartAsync_UserNotFound_Failure" storage="c:\users\bhask\desktop\studyjet\studyjet.api.tests\bin\debug\net8.0\studyjet.api.tests.dll" id="6c2c7d5e-fb79-375c-9738-62361a016a9a">
      <Execution id="3352d25e-6c7b-48f7-a543-60c5b001d4f5" />
      <TestMethod codeBase="C:\Users\bhask\Desktop\StudyJet\StudyJet.API.Tests\bin\Debug\net8.0\StudyJet.API.Tests.dll" adapterTypeName="executor://xunit/VsTestRunner2/netcoreapp" className="StudyJet.API.Tests.RepositoryTests.CartRepoTest" name="InsertCourseToCartAsync_UserNotFound_Failure" />
    </UnitTest>
    <UnitTest name="StudyJet.API.Tests.ServiceTests.AuthServiceTest.PasswordSignInAsync_InvalidPassword_ReturnsFailed" storage="c:\users\bhask\desktop\studyjet\studyjet.api.tests\bin\debug\net8.0\studyjet.api.tests.dll" id="f23aee53-5d4d-fb5f-0177-0579bf3da97c">
      <Execution id="6f18d748-d645-4d59-9522-8dcc26b6e305" />
      <TestMethod codeBase="C:\Users\bhask\Desktop\StudyJet\StudyJet.API.Tests\bin\Debug\net8.0\StudyJet.API.Tests.dll" adapterTypeName="executor://xunit/VsTestRunner2/netcoreapp" className="StudyJet.API.Tests.ServiceTests.AuthServiceTest" name="PasswordSignInAsync_InvalidPassword_ReturnsFailed" />
    </UnitTest>
    <UnitTest name="StudyJet.API.Tests.ServiceTests.AuthServiceTest.SendConfirmationEmailAsync_SuccessfulEmailSend_ReturnsSuccess" storage="c:\users\bhask\desktop\studyjet\studyjet.api.tests\bin\debug\net8.0\studyjet.api.tests.dll" id="5a2d1d49-e8cf-0108-0ac6-7956d6d97c7e">
      <Execution id="cba2e862-d1a1-4770-88a0-4adda5f138d7" />
      <TestMethod codeBase="C:\Users\bhask\Desktop\StudyJet\StudyJet.API.Tests\bin\Debug\net8.0\StudyJet.API.Tests.dll" adapterTypeName="executor://xunit/VsTestRunner2/netcoreapp" className="StudyJet.API.Tests.ServiceTests.AuthServiceTest" name="SendConfirmationEmailAsync_SuccessfulEmailSend_ReturnsSuccess" />
    </UnitTest>
    <UnitTest name="StudyJet.API.Tests.ServiceTests.UserServiceTest.UpdateUserAsync_UpdateFails_ThrowsExceptionWithErrorMessage" storage="c:\users\bhask\desktop\studyjet\studyjet.api.tests\bin\debug\net8.0\studyjet.api.tests.dll" id="8d82d987-86ff-3aa3-6c9f-7545154f39bc">
      <Execution id="ab62f78d-b430-4cce-836f-b388c6b30c86" />
      <TestMethod codeBase="C:\Users\bhask\Desktop\StudyJet\StudyJet.API.Tests\bin\Debug\net8.0\StudyJet.API.Tests.dll" adapterTypeName="executor://xunit/VsTestRunner2/netcoreapp" className="StudyJet.API.Tests.ServiceTests.UserServiceTest" name="UpdateUserAsync_UpdateFails_ThrowsExceptionWithErrorMessage" />
    </UnitTest>
    <UnitTest name="StudyJet.API.Tests.ControllerTests.CourseControllerTest.ApproveCourse_ShouldReturnOk_WhenCourseIsApprovedSuccessfully" storage="c:\users\bhask\desktop\studyjet\studyjet.api.tests\bin\debug\net8.0\studyjet.api.tests.dll" id="f3905a30-df7b-b36b-c7a4-41c6b678fca0">
      <Execution id="6df9c5c6-95d1-422f-82eb-fcad31a8ccff" />
      <TestMethod codeBase="C:\Users\bhask\Desktop\StudyJet\StudyJet.API.Tests\bin\Debug\net8.0\StudyJet.API.Tests.dll" adapterTypeName="executor://xunit/VsTestRunner2/netcoreapp" className="StudyJet.API.Tests.ControllerTests.CourseControllerTest" name="ApproveCourse_ShouldReturnOk_WhenCourseIsApprovedSuccessfully" />
    </UnitTest>
    <UnitTest name="StudyJet.API.Tests.ControllerTests.CourseControllerTest.GetAll_ShouldReturnCourses_WhenUserIsAdmin" storage="c:\users\bhask\desktop\studyjet\studyjet.api.tests\bin\debug\net8.0\studyjet.api.tests.dll" id="7aa75c68-e3d8-a00a-1438-1687278c65e9">
      <Execution id="7d2a48b6-573c-462c-9f99-bec7cb199e24" />
      <TestMethod codeBase="C:\Users\bhask\Desktop\StudyJet\StudyJet.API.Tests\bin\Debug\net8.0\StudyJet.API.Tests.dll" adapterTypeName="executor://xunit/VsTestRunner2/netcoreapp" className="StudyJet.API.Tests.ControllerTests.CourseControllerTest" name="GetAll_ShouldReturnCourses_WhenUserIsAdmin" />
    </UnitTest>
    <UnitTest name="StudyJet.API.Tests.RepositoryTests.CourseRepoTest.SelectEnrolledStudentsByCourseIdAsync_WithInvalidCourseId_ReturnsNoStudents" storage="c:\users\bhask\desktop\studyjet\studyjet.api.tests\bin\debug\net8.0\studyjet.api.tests.dll" id="9a269ae8-c60c-2190-cc0e-c4a1c311b4df">
      <Execution id="3c2ae546-72f9-45ff-b4b6-98b11a52664e" />
      <TestMethod codeBase="C:\Users\bhask\Desktop\StudyJet\StudyJet.API.Tests\bin\Debug\net8.0\StudyJet.API.Tests.dll" adapterTypeName="executor://xunit/VsTestRunner2/netcoreapp" className="StudyJet.API.Tests.RepositoryTests.CourseRepoTest" name="SelectEnrolledStudentsByCourseIdAsync_WithInvalidCourseId_ReturnsNoStudents" />
    </UnitTest>
    <UnitTest name="StudyJet.API.Tests.RepositoryTests.NotificationRepoTest.SelectByIdAsync_ThrowsArgumentException_WhenIdIsInvalid" storage="c:\users\bhask\desktop\studyjet\studyjet.api.tests\bin\debug\net8.0\studyjet.api.tests.dll" id="73b8caf1-b3b9-837c-2285-f7d77bdc82cf">
      <Execution id="bc15b2fb-e67b-4db3-a44c-177517dcd0e4" />
      <TestMethod codeBase="C:\Users\bhask\Desktop\StudyJet\StudyJet.API.Tests\bin\Debug\net8.0\StudyJet.API.Tests.dll" adapterTypeName="executor://xunit/VsTestRunner2/netcoreapp" className="StudyJet.API.Tests.RepositoryTests.NotificationRepoTest" name="SelectByIdAsync_ThrowsArgumentException_WhenIdIsInvalid" />
    </UnitTest>
    <UnitTest name="StudyJet.API.Tests.ServiceTests.WishlistServiceTest.RemoveCourseFromWishlistAsync_Failure_ReturnsFalse" storage="c:\users\bhask\desktop\studyjet\studyjet.api.tests\bin\debug\net8.0\studyjet.api.tests.dll" id="8966220f-f610-c09a-3cb3-813490901740">
      <Execution id="5a4afb81-d956-43aa-90c9-52b7652d496f" />
      <TestMethod codeBase="C:\Users\bhask\Desktop\StudyJet\StudyJet.API.Tests\bin\Debug\net8.0\StudyJet.API.Tests.dll" adapterTypeName="executor://xunit/VsTestRunner2/netcoreapp" className="StudyJet.API.Tests.ServiceTests.WishlistServiceTest" name="RemoveCourseFromWishlistAsync_Failure_ReturnsFalse" />
    </UnitTest>
    <UnitTest name="StudyJet.API.Tests.ControllerTests.UserControllerTest.CountInstructors_ShouldReturnOk_WithInstructorCount" storage="c:\users\bhask\desktop\studyjet\studyjet.api.tests\bin\debug\net8.0\studyjet.api.tests.dll" id="e357a813-ac10-6570-b297-676dbc6e88f8">
      <Execution id="8a980730-5ea6-456b-b586-3e8a9c739f60" />
      <TestMethod codeBase="C:\Users\bhask\Desktop\StudyJet\StudyJet.API.Tests\bin\Debug\net8.0\StudyJet.API.Tests.dll" adapterTypeName="executor://xunit/VsTestRunner2/netcoreapp" className="StudyJet.API.Tests.ControllerTests.UserControllerTest" name="CountInstructors_ShouldReturnOk_WithInstructorCount" />
    </UnitTest>
    <UnitTest name="StudyJet.API.Tests.ServiceTests.AuthServiceTest.GenerateQRCodeImage_ValidInput_ReturnsQRCodeImage" storage="c:\users\bhask\desktop\studyjet\studyjet.api.tests\bin\debug\net8.0\studyjet.api.tests.dll" id="e6d6bf0a-d95f-0082-0025-d0f58a78886d">
      <Execution id="9c38b1fa-5604-4d44-addc-cc14e12c92b1" />
      <TestMethod codeBase="C:\Users\bhask\Desktop\StudyJet\StudyJet.API.Tests\bin\Debug\net8.0\StudyJet.API.Tests.dll" adapterTypeName="executor://xunit/VsTestRunner2/netcoreapp" className="StudyJet.API.Tests.ServiceTests.AuthServiceTest" name="GenerateQRCodeImage_ValidInput_ReturnsQRCodeImage" />
    </UnitTest>
    <UnitTest name="StudyJet.API.Tests.ControllerTests.CategoryControllerTest.AddCategory_ReturnsCreatedAtAction_WhenCategoryIsCreatedSuccessfully" storage="c:\users\bhask\desktop\studyjet\studyjet.api.tests\bin\debug\net8.0\studyjet.api.tests.dll" id="ab0a7420-3b35-0e07-03f2-f3d9e4837503">
      <Execution id="1340eb23-1deb-462b-8ed8-cf80d3b63a02" />
      <TestMethod codeBase="C:\Users\bhask\Desktop\StudyJet\StudyJet.API.Tests\bin\Debug\net8.0\StudyJet.API.Tests.dll" adapterTypeName="executor://xunit/VsTestRunner2/netcoreapp" className="StudyJet.API.Tests.ControllerTests.CategoryControllerTest" name="AddCategory_ReturnsCreatedAtAction_WhenCategoryIsCreatedSuccessfully" />
    </UnitTest>
    <UnitTest name="StudyJet.API.Tests.ServiceTests.CourseServiceTest.SearchCoursesAsync_ReturnsEmptyList_WhenRepositoryReturnsEmpty" storage="c:\users\bhask\desktop\studyjet\studyjet.api.tests\bin\debug\net8.0\studyjet.api.tests.dll" id="c4465975-30f6-b1a6-7660-7c450743394f">
      <Execution id="ca80db47-5cb8-4d59-aefb-3c86d2a7982e" />
      <TestMethod codeBase="C:\Users\bhask\Desktop\StudyJet\StudyJet.API.Tests\bin\Debug\net8.0\StudyJet.API.Tests.dll" adapterTypeName="executor://xunit/VsTestRunner2/netcoreapp" className="StudyJet.API.Tests.ServiceTests.CourseServiceTest" name="SearchCoursesAsync_ReturnsEmptyList_WhenRepositoryReturnsEmpty" />
    </UnitTest>
    <UnitTest name="StudyJet.API.Tests.ServiceTests.AuthServiceTest.GetOrCreateAuthenticatorKeyAsync_ResetsKey_WhenKeyIsNullOrEmpty" storage="c:\users\bhask\desktop\studyjet\studyjet.api.tests\bin\debug\net8.0\studyjet.api.tests.dll" id="7b73f4a6-e5d5-f7df-ff1f-ff0a91530f5a">
      <Execution id="9ff72b32-856a-4b35-bb07-678c6500dd42" />
      <TestMethod codeBase="C:\Users\bhask\Desktop\StudyJet\StudyJet.API.Tests\bin\Debug\net8.0\StudyJet.API.Tests.dll" adapterTypeName="executor://xunit/VsTestRunner2/netcoreapp" className="StudyJet.API.Tests.ServiceTests.AuthServiceTest" name="GetOrCreateAuthenticatorKeyAsync_ResetsKey_WhenKeyIsNullOrEmpty" />
    </UnitTest>
    <UnitTest name="StudyJet.API.Tests.ControllerTests.AuthControllerTests.Login_ReturnsUnauthorized_WhenEmailNotConfirmed" storage="c:\users\bhask\desktop\studyjet\studyjet.api.tests\bin\debug\net8.0\studyjet.api.tests.dll" id="4984aba4-2863-7349-de28-5053a8122937">
      <Execution id="8e5b4391-1d60-425d-a852-8a0977a6bb78" />
      <TestMethod codeBase="C:\Users\bhask\Desktop\StudyJet\StudyJet.API.Tests\bin\Debug\net8.0\StudyJet.API.Tests.dll" adapterTypeName="executor://xunit/VsTestRunner2/netcoreapp" className="StudyJet.API.Tests.ControllerTests.AuthControllerTests" name="Login_ReturnsUnauthorized_WhenEmailNotConfirmed" />
    </UnitTest>
    <UnitTest name="StudyJet.API.Tests.ServiceTests.CourseServiceTest.RejectCourseAsync_ReturnsTrue_WhenCourseExists" storage="c:\users\bhask\desktop\studyjet\studyjet.api.tests\bin\debug\net8.0\studyjet.api.tests.dll" id="2007156b-6be7-b348-5c65-0dee274af9a7">
      <Execution id="fdf7eeb1-4aec-4b16-8028-a602b61b097e" />
      <TestMethod codeBase="C:\Users\bhask\Desktop\StudyJet\StudyJet.API.Tests\bin\Debug\net8.0\StudyJet.API.Tests.dll" adapterTypeName="executor://xunit/VsTestRunner2/netcoreapp" className="StudyJet.API.Tests.ServiceTests.CourseServiceTest" name="RejectCourseAsync_ReturnsTrue_WhenCourseExists" />
    </UnitTest>
    <UnitTest name="StudyJet.API.Tests.ServiceTests.CourseServiceTest.GetCoursesWithStudentsForInstructorAsync_ReturnsEmptyList_WhenInstructorHasNoCourses" storage="c:\users\bhask\desktop\studyjet\studyjet.api.tests\bin\debug\net8.0\studyjet.api.tests.dll" id="063f0479-5b0a-eefb-f015-b7b4d089863c">
      <Execution id="28883afc-6bb0-4345-a388-0d9f03cf26be" />
      <TestMethod codeBase="C:\Users\bhask\Desktop\StudyJet\StudyJet.API.Tests\bin\Debug\net8.0\StudyJet.API.Tests.dll" adapterTypeName="executor://xunit/VsTestRunner2/netcoreapp" className="StudyJet.API.Tests.ServiceTests.CourseServiceTest" name="GetCoursesWithStudentsForInstructorAsync_ReturnsEmptyList_WhenInstructorHasNoCourses" />
    </UnitTest>
    <UnitTest name="StudyJet.API.Tests.ServiceTests.CartServiceTest.AddToCartAsync_WithValidCourse_AddsCourseToCart" storage="c:\users\bhask\desktop\studyjet\studyjet.api.tests\bin\debug\net8.0\studyjet.api.tests.dll" id="f503367b-6b09-19ec-3e4f-efc9b07630a6">
      <Execution id="4c9956c5-fa3e-4abc-89f1-176bab7f2d65" />
      <TestMethod codeBase="C:\Users\bhask\Desktop\StudyJet\StudyJet.API.Tests\bin\Debug\net8.0\StudyJet.API.Tests.dll" adapterTypeName="executor://xunit/VsTestRunner2/netcoreapp" className="StudyJet.API.Tests.ServiceTests.CartServiceTest" name="AddToCartAsync_WithValidCourse_AddsCourseToCart" />
    </UnitTest>
    <UnitTest name="StudyJet.API.Tests.ServiceTests.FileStorageServiceTest.SaveCVAsync_ShouldSaveFile_WhenValidFile" storage="c:\users\bhask\desktop\studyjet\studyjet.api.tests\bin\debug\net8.0\studyjet.api.tests.dll" id="449cdbc4-8c96-72d9-db36-ca0ee70f2d16">
      <Execution id="ef61f650-2c85-4240-9ca3-707e2f095fbf" />
      <TestMethod codeBase="C:\Users\bhask\Desktop\StudyJet\StudyJet.API.Tests\bin\Debug\net8.0\StudyJet.API.Tests.dll" adapterTypeName="executor://xunit/VsTestRunner2/netcoreapp" className="StudyJet.API.Tests.ServiceTests.FileStorageServiceTest" name="SaveCVAsync_ShouldSaveFile_WhenValidFile" />
    </UnitTest>
    <UnitTest name="StudyJet.API.Tests.ServiceTests.NotificationServiceTest.GetNotificationByUserIdAsync_ShouldReturnNotifications_WhenUserIdIsValid" storage="c:\users\bhask\desktop\studyjet\studyjet.api.tests\bin\debug\net8.0\studyjet.api.tests.dll" id="a8205c24-5dab-aa54-ccb6-90a13414be22">
      <Execution id="a9a37e12-30d5-4a04-a1a4-8e3a6100a1da" />
      <TestMethod codeBase="C:\Users\bhask\Desktop\StudyJet\StudyJet.API.Tests\bin\Debug\net8.0\StudyJet.API.Tests.dll" adapterTypeName="executor://xunit/VsTestRunner2/netcoreapp" className="StudyJet.API.Tests.ServiceTests.NotificationServiceTest" name="GetNotificationByUserIdAsync_ShouldReturnNotifications_WhenUserIdIsValid" />
    </UnitTest>
    <UnitTest name="StudyJet.API.Tests.ServiceTests.UserServiceTest.CountInstructorAsync_ReturnsZero_WhenNoInstructorsFound" storage="c:\users\bhask\desktop\studyjet\studyjet.api.tests\bin\debug\net8.0\studyjet.api.tests.dll" id="802797a7-9f42-332e-6c4e-e658daf0f6b5">
      <Execution id="1c459b11-32d9-48a3-a9f6-3a64c1e809c0" />
      <TestMethod codeBase="C:\Users\bhask\Desktop\StudyJet\StudyJet.API.Tests\bin\Debug\net8.0\StudyJet.API.Tests.dll" adapterTypeName="executor://xunit/VsTestRunner2/netcoreapp" className="StudyJet.API.Tests.ServiceTests.UserServiceTest" name="CountInstructorAsync_ReturnsZero_WhenNoInstructorsFound" />
    </UnitTest>
    <UnitTest name="StudyJet.API.Tests.ServiceTests.UserServiceTest.AddUserAsync_UserCreationFails_ReturnsFailure" storage="c:\users\bhask\desktop\studyjet\studyjet.api.tests\bin\debug\net8.0\studyjet.api.tests.dll" id="1cc0a9ce-333e-6bd2-d571-9fed8bb72c84">
      <Execution id="14eb9fb4-813a-4a86-bd15-b13a8cdf3874" />
      <TestMethod codeBase="C:\Users\bhask\Desktop\StudyJet\StudyJet.API.Tests\bin\Debug\net8.0\StudyJet.API.Tests.dll" adapterTypeName="executor://xunit/VsTestRunner2/netcoreapp" className="StudyJet.API.Tests.ServiceTests.UserServiceTest" name="AddUserAsync_UserCreationFails_ReturnsFailure" />
    </UnitTest>
    <UnitTest name="StudyJet.API.Tests.RepositoryTests.CartRepoTest.SelectUserByIdAsync_UserNotFound_Failure" storage="c:\users\bhask\desktop\studyjet\studyjet.api.tests\bin\debug\net8.0\studyjet.api.tests.dll" id="3a1dcb71-5d6c-cae9-6b39-68615c884598">
      <Execution id="046235b6-0bdc-4b2b-b3ab-cf912c81104e" />
      <TestMethod codeBase="C:\Users\bhask\Desktop\StudyJet\StudyJet.API.Tests\bin\Debug\net8.0\StudyJet.API.Tests.dll" adapterTypeName="executor://xunit/VsTestRunner2/netcoreapp" className="StudyJet.API.Tests.RepositoryTests.CartRepoTest" name="SelectUserByIdAsync_UserNotFound_Failure" />
    </UnitTest>
    <UnitTest name="StudyJet.API.Tests.ServiceTests.UserPurchaseCourseServiceTest.PurchaseCourseAsync_ReturnsFalse_WhenUserNotFound" storage="c:\users\bhask\desktop\studyjet\studyjet.api.tests\bin\debug\net8.0\studyjet.api.tests.dll" id="1925bbd1-e628-d569-a00f-8d8654e6bd15">
      <Execution id="4f22d370-d10b-4232-9ca0-a9888eff49f3" />
      <TestMethod codeBase="C:\Users\bhask\Desktop\StudyJet\StudyJet.API.Tests\bin\Debug\net8.0\StudyJet.API.Tests.dll" adapterTypeName="executor://xunit/VsTestRunner2/netcoreapp" className="StudyJet.API.Tests.ServiceTests.UserPurchaseCourseServiceTest" name="PurchaseCourseAsync_ReturnsFalse_WhenUserNotFound" />
    </UnitTest>
    <UnitTest name="StudyJet.API.Tests.ControllerTests.CourseControllerTest.RejectPendingUpdates_ShouldReturnNotFound_WhenNoPendingUpdateFound" storage="c:\users\bhask\desktop\studyjet\studyjet.api.tests\bin\debug\net8.0\studyjet.api.tests.dll" id="4d6d8f76-175f-98f7-1287-f19a3491106b">
      <Execution id="c21d6afb-5375-489a-a617-fea56b4affce" />
      <TestMethod codeBase="C:\Users\bhask\Desktop\StudyJet\StudyJet.API.Tests\bin\Debug\net8.0\StudyJet.API.Tests.dll" adapterTypeName="executor://xunit/VsTestRunner2/netcoreapp" className="StudyJet.API.Tests.ControllerTests.CourseControllerTest" name="RejectPendingUpdates_ShouldReturnNotFound_WhenNoPendingUpdateFound" />
    </UnitTest>
    <UnitTest name="StudyJet.API.Tests.ControllerTests.AuthControllerTests.VerifyPassword_ShouldReturnNotFound_WhenExceptionOccurs" storage="c:\users\bhask\desktop\studyjet\studyjet.api.tests\bin\debug\net8.0\studyjet.api.tests.dll" id="4836758b-8b7f-1de3-7d79-7255f5121ae3">
      <Execution id="fb03f403-484a-4e3c-99ca-43d3dfb67b6a" />
      <TestMethod codeBase="C:\Users\bhask\Desktop\StudyJet\StudyJet.API.Tests\bin\Debug\net8.0\StudyJet.API.Tests.dll" adapterTypeName="executor://xunit/VsTestRunner2/netcoreapp" className="StudyJet.API.Tests.ControllerTests.AuthControllerTests" name="VerifyPassword_ShouldReturnNotFound_WhenExceptionOccurs" />
    </UnitTest>
    <UnitTest name="StudyJet.API.Tests.ServiceTests.CategoryServiceTest.UpdateAsync_ThrowsKeyNotFoundException_WhenCategoryDoesNotExist" storage="c:\users\bhask\desktop\studyjet\studyjet.api.tests\bin\debug\net8.0\studyjet.api.tests.dll" id="d87e746a-e128-524e-c383-834aac5b26fb">
      <Execution id="d5a13e98-9373-41b9-808e-43c386a959df" />
      <TestMethod codeBase="C:\Users\bhask\Desktop\StudyJet\StudyJet.API.Tests\bin\Debug\net8.0\StudyJet.API.Tests.dll" adapterTypeName="executor://xunit/VsTestRunner2/netcoreapp" className="StudyJet.API.Tests.ServiceTests.CategoryServiceTest" name="UpdateAsync_ThrowsKeyNotFoundException_WhenCategoryDoesNotExist" />
    </UnitTest>
    <UnitTest name="StudyJet.API.Tests.ServiceTests.NotificationServiceTest.CreateNotificationAsync_ShouldCreateNotification_WhenValidInputs" storage="c:\users\bhask\desktop\studyjet\studyjet.api.tests\bin\debug\net8.0\studyjet.api.tests.dll" id="3d5152d5-d037-6edd-0d7a-c4679e7a181b">
      <Execution id="f3e5d71a-ab2c-41cd-8d3a-87154b67ee3d" />
      <TestMethod codeBase="C:\Users\bhask\Desktop\StudyJet\StudyJet.API.Tests\bin\Debug\net8.0\StudyJet.API.Tests.dll" adapterTypeName="executor://xunit/VsTestRunner2/netcoreapp" className="StudyJet.API.Tests.ServiceTests.NotificationServiceTest" name="CreateNotificationAsync_ShouldCreateNotification_WhenValidInputs" />
    </UnitTest>
    <UnitTest name="StudyJet.API.Tests.RepositoryTests.CourseRepoTest.SelectTotalCoursesAsync_ReturnsCorrectCount_WhenCoursesExist" storage="c:\users\bhask\desktop\studyjet\studyjet.api.tests\bin\debug\net8.0\studyjet.api.tests.dll" id="520cea6c-f5db-1385-93fa-5c415173d0f0">
      <Execution id="35fc5ef0-9885-4316-83b9-55d7b7f05c02" />
      <TestMethod codeBase="C:\Users\bhask\Desktop\StudyJet\StudyJet.API.Tests\bin\Debug\net8.0\StudyJet.API.Tests.dll" adapterTypeName="executor://xunit/VsTestRunner2/netcoreapp" className="StudyJet.API.Tests.RepositoryTests.CourseRepoTest" name="SelectTotalCoursesAsync_ReturnsCorrectCount_WhenCoursesExist" />
    </UnitTest>
    <UnitTest name="StudyJet.API.Tests.ServiceTests.CourseServiceTest.RejectCourseAsync_ReturnsFalse_WhenCourseDoesNotExist" storage="c:\users\bhask\desktop\studyjet\studyjet.api.tests\bin\debug\net8.0\studyjet.api.tests.dll" id="8825a973-7776-bc44-5544-8ae65ca4efe1">
      <Execution id="f3503259-d577-4dcf-8d2e-db57fe693824" />
      <TestMethod codeBase="C:\Users\bhask\Desktop\StudyJet\StudyJet.API.Tests\bin\Debug\net8.0\StudyJet.API.Tests.dll" adapterTypeName="executor://xunit/VsTestRunner2/netcoreapp" className="StudyJet.API.Tests.ServiceTests.CourseServiceTest" name="RejectCourseAsync_ReturnsFalse_WhenCourseDoesNotExist" />
    </UnitTest>
    <UnitTest name="StudyJet.API.Tests.ServiceTests.UserServiceTest.GetUserByEmailAsync_EmailExists_ReturnsUser" storage="c:\users\bhask\desktop\studyjet\studyjet.api.tests\bin\debug\net8.0\studyjet.api.tests.dll" id="a7538247-2f24-1a3d-a492-b1f4b1803c1f">
      <Execution id="4c06f250-c74b-44f4-a8c9-60e3fbfe2a28" />
      <TestMethod codeBase="C:\Users\bhask\Desktop\StudyJet\StudyJet.API.Tests\bin\Debug\net8.0\StudyJet.API.Tests.dll" adapterTypeName="executor://xunit/VsTestRunner2/netcoreapp" className="StudyJet.API.Tests.ServiceTests.UserServiceTest" name="GetUserByEmailAsync_EmailExists_ReturnsUser" />
    </UnitTest>
    <UnitTest name="StudyJet.API.Tests.ServiceTests.CourseServiceTest.UpdateAsync_UpdatesCourse_WhenCourseExists" storage="c:\users\bhask\desktop\studyjet\studyjet.api.tests\bin\debug\net8.0\studyjet.api.tests.dll" id="2dc6eba9-eed8-7d8f-86bc-f6ade9eb6fe1">
      <Execution id="83c316ee-b209-4bb6-aabf-8fc0adcfac0b" />
      <TestMethod codeBase="C:\Users\bhask\Desktop\StudyJet\StudyJet.API.Tests\bin\Debug\net8.0\StudyJet.API.Tests.dll" adapterTypeName="executor://xunit/VsTestRunner2/netcoreapp" className="StudyJet.API.Tests.ServiceTests.CourseServiceTest" name="UpdateAsync_UpdatesCourse_WhenCourseExists" />
    </UnitTest>
    <UnitTest name="StudyJet.API.Tests.ServiceTests.CourseServiceTest.AddAsync_ReturnsCourseId_WhenCourseIsAddedSuccessfully" storage="c:\users\bhask\desktop\studyjet\studyjet.api.tests\bin\debug\net8.0\studyjet.api.tests.dll" id="d8bb1fc8-24c2-0bca-bbfa-aae9c86da534">
      <Execution id="c9383911-e927-43f4-92dd-8c8fb659a955" />
      <TestMethod codeBase="C:\Users\bhask\Desktop\StudyJet\StudyJet.API.Tests\bin\Debug\net8.0\StudyJet.API.Tests.dll" adapterTypeName="executor://xunit/VsTestRunner2/netcoreapp" className="StudyJet.API.Tests.ServiceTests.CourseServiceTest" name="AddAsync_ReturnsCourseId_WhenCourseIsAddedSuccessfully" />
    </UnitTest>
    <UnitTest name="StudyJet.API.Tests.ServiceTests.WishlistServiceTest.GetWishlistAsync_UserHasWishlist_ReturnsWishlist" storage="c:\users\bhask\desktop\studyjet\studyjet.api.tests\bin\debug\net8.0\studyjet.api.tests.dll" id="f5faf611-2edc-d98d-b0cd-5a896ed27412">
      <Execution id="ce791385-e901-4ac7-acc5-e9d7a7a7b5d4" />
      <TestMethod codeBase="C:\Users\bhask\Desktop\StudyJet\StudyJet.API.Tests\bin\Debug\net8.0\StudyJet.API.Tests.dll" adapterTypeName="executor://xunit/VsTestRunner2/netcoreapp" className="StudyJet.API.Tests.ServiceTests.WishlistServiceTest" name="GetWishlistAsync_UserHasWishlist_ReturnsWishlist" />
    </UnitTest>
    <UnitTest name="StudyJet.API.Tests.ControllerTests.CourseControllerTest.Search_ShouldReturnBadRequest_WhenQueryIsInvalid(query: null)" storage="c:\users\bhask\desktop\studyjet\studyjet.api.tests\bin\debug\net8.0\studyjet.api.tests.dll" id="b4971d51-4161-8e2c-d3ce-d821bb382a36">
      <Execution id="1d0c93b1-75ba-467b-88dc-80f97143e327" />
      <TestMethod codeBase="C:\Users\bhask\Desktop\StudyJet\StudyJet.API.Tests\bin\Debug\net8.0\StudyJet.API.Tests.dll" adapterTypeName="executor://xunit/VsTestRunner2/netcoreapp" className="StudyJet.API.Tests.ControllerTests.CourseControllerTest" name="Search_ShouldReturnBadRequest_WhenQueryIsInvalid" />
    </UnitTest>
    <UnitTest name="StudyJet.API.Tests.ControllerTests.AuthControllerTests.Login_ReturnsOk_When2FARequired" storage="c:\users\bhask\desktop\studyjet\studyjet.api.tests\bin\debug\net8.0\studyjet.api.tests.dll" id="2a06e29e-4f08-ab8d-a2c7-71b1d4f43808">
      <Execution id="eff91ecd-e45b-4bef-b6e8-14f1c252b1f6" />
      <TestMethod codeBase="C:\Users\bhask\Desktop\StudyJet\StudyJet.API.Tests\bin\Debug\net8.0\StudyJet.API.Tests.dll" adapterTypeName="executor://xunit/VsTestRunner2/netcoreapp" className="StudyJet.API.Tests.ControllerTests.AuthControllerTests" name="Login_ReturnsOk_When2FARequired" />
    </UnitTest>
    <UnitTest name="StudyJet.API.Tests.RepositoryTests.NotificationRepoTest.SelectByUserIdAsync_ReturnsNotifications_ForValidUser" storage="c:\users\bhask\desktop\studyjet\studyjet.api.tests\bin\debug\net8.0\studyjet.api.tests.dll" id="90a4cf45-266a-5b4e-c31a-fcfc79a050cf">
      <Execution id="6521093c-0475-4f0b-b274-31715aa43701" />
      <TestMethod codeBase="C:\Users\bhask\Desktop\StudyJet\StudyJet.API.Tests\bin\Debug\net8.0\StudyJet.API.Tests.dll" adapterTypeName="executor://xunit/VsTestRunner2/netcoreapp" className="StudyJet.API.Tests.RepositoryTests.NotificationRepoTest" name="SelectByUserIdAsync_ReturnsNotifications_ForValidUser" />
    </UnitTest>
    <UnitTest name="StudyJet.API.Tests.ServiceTests.AuthServiceTest.Generate2FASecretAsync_UserHasAuthenticatorKey_ReturnsKey" storage="c:\users\bhask\desktop\studyjet\studyjet.api.tests\bin\debug\net8.0\studyjet.api.tests.dll" id="851d9af6-c0eb-4ecc-fd0f-eafe2e1d187d">
      <Execution id="ef86f937-77ca-453b-9410-136d3ecfc1f0" />
      <TestMethod codeBase="C:\Users\bhask\Desktop\StudyJet\StudyJet.API.Tests\bin\Debug\net8.0\StudyJet.API.Tests.dll" adapterTypeName="executor://xunit/VsTestRunner2/netcoreapp" className="StudyJet.API.Tests.ServiceTests.AuthServiceTest" name="Generate2FASecretAsync_UserHasAuthenticatorKey_ReturnsKey" />
    </UnitTest>
    <UnitTest name="StudyJet.API.Tests.RepositoryTests.CourseRepoTest.SelectCourseForUpdateAsync_WithValidCourseAndInstructor_ReturnsCourseUpdateDTO" storage="c:\users\bhask\desktop\studyjet\studyjet.api.tests\bin\debug\net8.0\studyjet.api.tests.dll" id="de273a74-9d59-9bfe-13a2-26dc8d6a86b8">
      <Execution id="fe8ef77e-a86f-4426-aef4-13248443fa1a" />
      <TestMethod codeBase="C:\Users\bhask\Desktop\StudyJet\StudyJet.API.Tests\bin\Debug\net8.0\StudyJet.API.Tests.dll" adapterTypeName="executor://xunit/VsTestRunner2/netcoreapp" className="StudyJet.API.Tests.RepositoryTests.CourseRepoTest" name="SelectCourseForUpdateAsync_WithValidCourseAndInstructor_ReturnsCourseUpdateDTO" />
    </UnitTest>
    <UnitTest name="StudyJet.API.Tests.RepositoryTests.CourseRepoTest.SubmitCourseUpdateAsync_WithValidData_SavesPendingUpdate" storage="c:\users\bhask\desktop\studyjet\studyjet.api.tests\bin\debug\net8.0\studyjet.api.tests.dll" id="4d7f6dee-61a4-3347-a5f7-9a3379549a66">
      <Execution id="1a893a7f-7bee-4ddc-8278-00afe2b0d4ae" />
      <TestMethod codeBase="C:\Users\bhask\Desktop\StudyJet\StudyJet.API.Tests\bin\Debug\net8.0\StudyJet.API.Tests.dll" adapterTypeName="executor://xunit/VsTestRunner2/netcoreapp" className="StudyJet.API.Tests.RepositoryTests.CourseRepoTest" name="SubmitCourseUpdateAsync_WithValidData_SavesPendingUpdate" />
    </UnitTest>
    <UnitTest name="StudyJet.API.Tests.ServiceTests.CartServiceTest.GetUserByIdAsync_WithValidUserId_ReturnsUser" storage="c:\users\bhask\desktop\studyjet\studyjet.api.tests\bin\debug\net8.0\studyjet.api.tests.dll" id="c6612e0e-e3a4-5811-c578-9e65fc5db96a">
      <Execution id="1d7ceb7f-5cc7-4e70-8fd0-3744b5459137" />
      <TestMethod codeBase="C:\Users\bhask\Desktop\StudyJet\StudyJet.API.Tests\bin\Debug\net8.0\StudyJet.API.Tests.dll" adapterTypeName="executor://xunit/VsTestRunner2/netcoreapp" className="StudyJet.API.Tests.ServiceTests.CartServiceTest" name="GetUserByIdAsync_WithValidUserId_ReturnsUser" />
    </UnitTest>
    <UnitTest name="StudyJet.API.Tests.ServiceTests.AuthServiceTest.LoginUserAsync_UserNotFound_ThrowsUnauthorizedAccessException" storage="c:\users\bhask\desktop\studyjet\studyjet.api.tests\bin\debug\net8.0\studyjet.api.tests.dll" id="5c5a732c-9ff7-93f8-4573-21456b693aa5">
      <Execution id="f325eebf-39a4-4233-a9dc-8d8be9b18fb6" />
      <TestMethod codeBase="C:\Users\bhask\Desktop\StudyJet\StudyJet.API.Tests\bin\Debug\net8.0\StudyJet.API.Tests.dll" adapterTypeName="executor://xunit/VsTestRunner2/netcoreapp" className="StudyJet.API.Tests.ServiceTests.AuthServiceTest" name="LoginUserAsync_UserNotFound_ThrowsUnauthorizedAccessException" />
    </UnitTest>
    <UnitTest name="StudyJet.API.Tests.ControllerTests.UserPurchaseCourseControllerTest.CreateCheckoutSession_ShouldReturnOk_WhenValidRequest" storage="c:\users\bhask\desktop\studyjet\studyjet.api.tests\bin\debug\net8.0\studyjet.api.tests.dll" id="1759184b-2998-5320-8cb6-c202082fc836">
      <Execution id="421a1b9b-3aa2-4ac7-86ce-4ee8eff948ea" />
      <TestMethod codeBase="C:\Users\bhask\Desktop\StudyJet\StudyJet.API.Tests\bin\Debug\net8.0\StudyJet.API.Tests.dll" adapterTypeName="executor://xunit/VsTestRunner2/netcoreapp" className="StudyJet.API.Tests.ControllerTests.UserPurchaseCourseControllerTest" name="CreateCheckoutSession_ShouldReturnOk_WhenValidRequest" />
    </UnitTest>
    <UnitTest name="StudyJet.API.Tests.ServiceTests.AuthServiceTest.RegisterUserAsync_SuccessfulRegistration_ReturnsSuccess" storage="c:\users\bhask\desktop\studyjet\studyjet.api.tests\bin\debug\net8.0\studyjet.api.tests.dll" id="8d0fddf9-f921-a3e6-350c-f73f326782ec">
      <Execution id="156d6ebb-865e-48ee-aecc-588aa7fff8bb" />
      <TestMethod codeBase="C:\Users\bhask\Desktop\StudyJet\StudyJet.API.Tests\bin\Debug\net8.0\StudyJet.API.Tests.dll" adapterTypeName="executor://xunit/VsTestRunner2/netcoreapp" className="StudyJet.API.Tests.ServiceTests.AuthServiceTest" name="RegisterUserAsync_SuccessfulRegistration_ReturnsSuccess" />
    </UnitTest>
    <UnitTest name="StudyJet.API.Tests.RepositoryTests.UserPurchaseCourseRepoTest.InsertPurchaseAsync_SuccessfullyInsertsPurchase_WhenValidData" storage="c:\users\bhask\desktop\studyjet\studyjet.api.tests\bin\debug\net8.0\studyjet.api.tests.dll" id="d74ed8d9-fb78-853e-8c91-d977f724d433">
      <Execution id="506552fb-926b-4f1e-8a7c-d5edebd06329" />
      <TestMethod codeBase="C:\Users\bhask\Desktop\StudyJet\StudyJet.API.Tests\bin\Debug\net8.0\StudyJet.API.Tests.dll" adapterTypeName="executor://xunit/VsTestRunner2/netcoreapp" className="StudyJet.API.Tests.RepositoryTests.UserPurchaseCourseRepoTest" name="InsertPurchaseAsync_SuccessfullyInsertsPurchase_WhenValidData" />
    </UnitTest>
    <UnitTest name="StudyJet.API.Tests.RepositoryTests.UserRepoTest.SelectByEmailAsync_ReturnsNull_WhenEmailDoesNotExist" storage="c:\users\bhask\desktop\studyjet\studyjet.api.tests\bin\debug\net8.0\studyjet.api.tests.dll" id="d3b487e5-9478-917b-7f98-f69aa1a02076">
      <Execution id="9a714dc5-6fda-48fa-8420-43eb3a1806a2" />
      <TestMethod codeBase="C:\Users\bhask\Desktop\StudyJet\StudyJet.API.Tests\bin\Debug\net8.0\StudyJet.API.Tests.dll" adapterTypeName="executor://xunit/VsTestRunner2/netcoreapp" className="StudyJet.API.Tests.RepositoryTests.UserRepoTest" name="SelectByEmailAsync_ReturnsNull_WhenEmailDoesNotExist" />
    </UnitTest>
    <UnitTest name="StudyJet.API.Tests.ServiceTests.AuthServiceTest.Initiate2faSetupAsync_ThrowsArgumentNullException_WhenUserIsNull" storage="c:\users\bhask\desktop\studyjet\studyjet.api.tests\bin\debug\net8.0\studyjet.api.tests.dll" id="2dbc2cd7-4d03-4059-6bb3-429ac35ca97d">
      <Execution id="9333f54c-8d66-42c8-af7e-61ddb5cfc712" />
      <TestMethod codeBase="C:\Users\bhask\Desktop\StudyJet\StudyJet.API.Tests\bin\Debug\net8.0\StudyJet.API.Tests.dll" adapterTypeName="executor://xunit/VsTestRunner2/netcoreapp" className="StudyJet.API.Tests.ServiceTests.AuthServiceTest" name="Initiate2faSetupAsync_ThrowsArgumentNullException_WhenUserIsNull" />
    </UnitTest>
    <UnitTest name="StudyJet.API.Tests.RepositoryTests.CourseRepoTest.SelectByIdsAsync_WhenNoMatchingCourseIds_ReturnsEmptyList" storage="c:\users\bhask\desktop\studyjet\studyjet.api.tests\bin\debug\net8.0\studyjet.api.tests.dll" id="2fb63336-32da-131f-62ce-aa6a957662b3">
      <Execution id="3b4de50e-00ba-4a53-a979-5cb598c47c83" />
      <TestMethod codeBase="C:\Users\bhask\Desktop\StudyJet\StudyJet.API.Tests\bin\Debug\net8.0\StudyJet.API.Tests.dll" adapterTypeName="executor://xunit/VsTestRunner2/netcoreapp" className="StudyJet.API.Tests.RepositoryTests.CourseRepoTest" name="SelectByIdsAsync_WhenNoMatchingCourseIds_ReturnsEmptyList" />
    </UnitTest>
    <UnitTest name="StudyJet.API.Tests.ControllerTests.AuthControllerTests.ChangePassword_ShouldReturnBadRequest_WhenCurrentPasswordIsIncorrect" storage="c:\users\bhask\desktop\studyjet\studyjet.api.tests\bin\debug\net8.0\studyjet.api.tests.dll" id="0a6da548-6b15-1307-3cfa-e16e5e9fe386">
      <Execution id="3a8a7f63-8ede-4c5b-8bf6-2c7f0c8611bc" />
      <TestMethod codeBase="C:\Users\bhask\Desktop\StudyJet\StudyJet.API.Tests\bin\Debug\net8.0\StudyJet.API.Tests.dll" adapterTypeName="executor://xunit/VsTestRunner2/netcoreapp" className="StudyJet.API.Tests.ControllerTests.AuthControllerTests" name="ChangePassword_ShouldReturnBadRequest_WhenCurrentPasswordIsIncorrect" />
    </UnitTest>
    <UnitTest name="StudyJet.API.Tests.ServiceTests.AuthServiceTest.ResetPasswordAsync_ReturnsFailure_WhenNewPasswordIsSameAsCurrent" storage="c:\users\bhask\desktop\studyjet\studyjet.api.tests\bin\debug\net8.0\studyjet.api.tests.dll" id="d8628a50-1eb6-5711-552c-6c5d37dacb02">
      <Execution id="ac58d5fb-4089-41ec-a2d5-d5082c9cb842" />
      <TestMethod codeBase="C:\Users\bhask\Desktop\StudyJet\StudyJet.API.Tests\bin\Debug\net8.0\StudyJet.API.Tests.dll" adapterTypeName="executor://xunit/VsTestRunner2/netcoreapp" className="StudyJet.API.Tests.ServiceTests.AuthServiceTest" name="ResetPasswordAsync_ReturnsFailure_WhenNewPasswordIsSameAsCurrent" />
    </UnitTest>
    <UnitTest name="StudyJet.API.Tests.ServiceTests.AuthServiceTest.Is2faEnabledAsync_ReturnsFalse_When2faIsNotEnabled" storage="c:\users\bhask\desktop\studyjet\studyjet.api.tests\bin\debug\net8.0\studyjet.api.tests.dll" id="5c0e148f-866a-7cee-8a22-78a39fc1c300">
      <Execution id="d2e9c708-6075-470e-a777-d55dce9bdbb3" />
      <TestMethod codeBase="C:\Users\bhask\Desktop\StudyJet\StudyJet.API.Tests\bin\Debug\net8.0\StudyJet.API.Tests.dll" adapterTypeName="executor://xunit/VsTestRunner2/netcoreapp" className="StudyJet.API.Tests.ServiceTests.AuthServiceTest" name="Is2faEnabledAsync_ReturnsFalse_When2faIsNotEnabled" />
    </UnitTest>
    <UnitTest name="StudyJet.API.Tests.ServiceTests.AuthServiceTest.LoginUserAsync_EmailNotConfirmed_ThrowsInvalidOperationException" storage="c:\users\bhask\desktop\studyjet\studyjet.api.tests\bin\debug\net8.0\studyjet.api.tests.dll" id="a81cee90-9225-7b08-16c3-d566bcb8578a">
      <Execution id="90176aa9-ddb3-48a1-9a43-dafc1a0959e4" />
      <TestMethod codeBase="C:\Users\bhask\Desktop\StudyJet\StudyJet.API.Tests\bin\Debug\net8.0\StudyJet.API.Tests.dll" adapterTypeName="executor://xunit/VsTestRunner2/netcoreapp" className="StudyJet.API.Tests.ServiceTests.AuthServiceTest" name="LoginUserAsync_EmailNotConfirmed_ThrowsInvalidOperationException" />
    </UnitTest>
    <UnitTest name="StudyJet.API.Tests.ControllerTests.CartControllerTest.GetCourseDetails_UserNotAuthenticated_ReturnsUnauthorized" storage="c:\users\bhask\desktop\studyjet\studyjet.api.tests\bin\debug\net8.0\studyjet.api.tests.dll" id="c9ac6b04-0202-9feb-9e97-278f01806034">
      <Execution id="9ea3c257-506f-47bf-8b82-b3b1c9d4a137" />
      <TestMethod codeBase="C:\Users\bhask\Desktop\StudyJet\StudyJet.API.Tests\bin\Debug\net8.0\StudyJet.API.Tests.dll" adapterTypeName="executor://xunit/VsTestRunner2/netcoreapp" className="StudyJet.API.Tests.ControllerTests.CartControllerTest" name="GetCourseDetails_UserNotAuthenticated_ReturnsUnauthorized" />
    </UnitTest>
    <UnitTest name="StudyJet.API.Tests.ControllerTests.CategoryControllerTest.GetAllCategories_ReturnsOkResult_WithListOfCategories" storage="c:\users\bhask\desktop\studyjet\studyjet.api.tests\bin\debug\net8.0\studyjet.api.tests.dll" id="c03ebf93-dcee-4f07-2cff-1d23554ba366">
      <Execution id="6597e022-e7a6-4deb-a2d3-cf8375893120" />
      <TestMethod codeBase="C:\Users\bhask\Desktop\StudyJet\StudyJet.API.Tests\bin\Debug\net8.0\StudyJet.API.Tests.dll" adapterTypeName="executor://xunit/VsTestRunner2/netcoreapp" className="StudyJet.API.Tests.ControllerTests.CategoryControllerTest" name="GetAllCategories_ReturnsOkResult_WithListOfCategories" />
    </UnitTest>
    <UnitTest name="StudyJet.API.Tests.RepositoryTests.CourseRepoTest.ApprovePendingUpdatesAsync_WithNoPendingUpdate_ReturnsFalse" storage="c:\users\bhask\desktop\studyjet\studyjet.api.tests\bin\debug\net8.0\studyjet.api.tests.dll" id="66500c30-1acd-a54f-d4dd-6dc048e47df2">
      <Execution id="32086822-773c-45c6-b138-229a66d402e3" />
      <TestMethod codeBase="C:\Users\bhask\Desktop\StudyJet\StudyJet.API.Tests\bin\Debug\net8.0\StudyJet.API.Tests.dll" adapterTypeName="executor://xunit/VsTestRunner2/netcoreapp" className="StudyJet.API.Tests.RepositoryTests.CourseRepoTest" name="ApprovePendingUpdatesAsync_WithNoPendingUpdate_ReturnsFalse" />
    </UnitTest>
    <UnitTest name="StudyJet.API.Tests.RepositoryTests.UserRepoTest.EmailExistsAsync_ShouldReturnTrue_WhenEmailExists" storage="c:\users\bhask\desktop\studyjet\studyjet.api.tests\bin\debug\net8.0\studyjet.api.tests.dll" id="32ef234b-4157-3e8e-035c-7cc1206562ea">
      <Execution id="b43dac12-366e-438d-b513-befce9ef6c95" />
      <TestMethod codeBase="C:\Users\bhask\Desktop\StudyJet\StudyJet.API.Tests\bin\Debug\net8.0\StudyJet.API.Tests.dll" adapterTypeName="executor://xunit/VsTestRunner2/netcoreapp" className="StudyJet.API.Tests.RepositoryTests.UserRepoTest" name="EmailExistsAsync_ShouldReturnTrue_WhenEmailExists" />
    </UnitTest>
    <UnitTest name="StudyJet.API.Tests.ControllerTests.CategoryControllerTest.GetAllCategories_WhenServiceThrowsException_Returns500WithMessage" storage="c:\users\bhask\desktop\studyjet\studyjet.api.tests\bin\debug\net8.0\studyjet.api.tests.dll" id="56edc7be-c74e-8951-37fb-bdcccb4cb8a9">
      <Execution id="3eccdcbd-c1aa-4c1a-b6d5-ab1e7a65d016" />
      <TestMethod codeBase="C:\Users\bhask\Desktop\StudyJet\StudyJet.API.Tests\bin\Debug\net8.0\StudyJet.API.Tests.dll" adapterTypeName="executor://xunit/VsTestRunner2/netcoreapp" className="StudyJet.API.Tests.ControllerTests.CategoryControllerTest" name="GetAllCategories_WhenServiceThrowsException_Returns500WithMessage" />
    </UnitTest>
    <UnitTest name="StudyJet.API.Tests.RepositoryTests.NotificationRepoTest.SelectByUserIdAsync_ShouldThrowArgumentException_WhenUserIdIsInvalid(invalidUserId: null)" storage="c:\users\bhask\desktop\studyjet\studyjet.api.tests\bin\debug\net8.0\studyjet.api.tests.dll" id="7fe96e11-6d3c-8e3d-5a2b-ee85098cd0e0">
      <Execution id="8f04e8fa-26e8-460a-b4d7-841961451298" />
      <TestMethod codeBase="C:\Users\bhask\Desktop\StudyJet\StudyJet.API.Tests\bin\Debug\net8.0\StudyJet.API.Tests.dll" adapterTypeName="executor://xunit/VsTestRunner2/netcoreapp" className="StudyJet.API.Tests.RepositoryTests.NotificationRepoTest" name="SelectByUserIdAsync_ShouldThrowArgumentException_WhenUserIdIsInvalid" />
    </UnitTest>
    <UnitTest name="StudyJet.API.Tests.RepositoryTests.CartRepoTest.DeleteCourseFromCartAsync_UserNotFound_Failure" storage="c:\users\bhask\desktop\studyjet\studyjet.api.tests\bin\debug\net8.0\studyjet.api.tests.dll" id="6b4a6bd5-46ad-d0a7-623d-cc0e9c736c7a">
      <Execution id="56278fd2-61da-4471-9010-85cca6c857e8" />
      <TestMethod codeBase="C:\Users\bhask\Desktop\StudyJet\StudyJet.API.Tests\bin\Debug\net8.0\StudyJet.API.Tests.dll" adapterTypeName="executor://xunit/VsTestRunner2/netcoreapp" className="StudyJet.API.Tests.RepositoryTests.CartRepoTest" name="DeleteCourseFromCartAsync_UserNotFound_Failure" />
    </UnitTest>
    <UnitTest name="StudyJet.API.Tests.ServiceTests.FileStorageServiceTest.SaveCVAsync_ShouldThrowArgumentException_WhenInvalidFileType" storage="c:\users\bhask\desktop\studyjet\studyjet.api.tests\bin\debug\net8.0\studyjet.api.tests.dll" id="8698395f-d51c-d5ec-eb2e-745b32950005">
      <Execution id="ee3ace9f-cdab-46d4-bb9a-a47122fea743" />
      <TestMethod codeBase="C:\Users\bhask\Desktop\StudyJet\StudyJet.API.Tests\bin\Debug\net8.0\StudyJet.API.Tests.dll" adapterTypeName="executor://xunit/VsTestRunner2/netcoreapp" className="StudyJet.API.Tests.ServiceTests.FileStorageServiceTest" name="SaveCVAsync_ShouldThrowArgumentException_WhenInvalidFileType" />
    </UnitTest>
    <UnitTest name="StudyJet.API.Tests.ControllerTests.CourseControllerTest.Create_ReturnsBadRequest_WhenImageMissing" storage="c:\users\bhask\desktop\studyjet\studyjet.api.tests\bin\debug\net8.0\studyjet.api.tests.dll" id="1af981a5-c262-8424-6c4a-fbd900837d1c">
      <Execution id="d50e4f7e-6471-4dbb-a5f2-aec1681f432e" />
      <TestMethod codeBase="C:\Users\bhask\Desktop\StudyJet\StudyJet.API.Tests\bin\Debug\net8.0\StudyJet.API.Tests.dll" adapterTypeName="executor://xunit/VsTestRunner2/netcoreapp" className="StudyJet.API.Tests.ControllerTests.CourseControllerTest" name="Create_ReturnsBadRequest_WhenImageMissing" />
    </UnitTest>
    <UnitTest name="StudyJet.API.Tests.ControllerTests.AuthControllerTests.Check2FAStatus_ShouldReturnBadRequest_WhenUserIdNotFound" storage="c:\users\bhask\desktop\studyjet\studyjet.api.tests\bin\debug\net8.0\studyjet.api.tests.dll" id="0d3c9e41-8fee-2664-398f-364458d77c65">
      <Execution id="8f007c0b-4ee6-4cd2-94f5-17f8863d6ee0" />
      <TestMethod codeBase="C:\Users\bhask\Desktop\StudyJet\StudyJet.API.Tests\bin\Debug\net8.0\StudyJet.API.Tests.dll" adapterTypeName="executor://xunit/VsTestRunner2/netcoreapp" className="StudyJet.API.Tests.ControllerTests.AuthControllerTests" name="Check2FAStatus_ShouldReturnBadRequest_WhenUserIdNotFound" />
    </UnitTest>
    <UnitTest name="StudyJet.API.Tests.RepositoryTests.CourseRepoTest.SelectCoursesWithStudentsForInstructorAsync_WithInvalidInstructorId_ReturnsEmptyList" storage="c:\users\bhask\desktop\studyjet\studyjet.api.tests\bin\debug\net8.0\studyjet.api.tests.dll" id="d60c6de5-a913-ebdc-a7ad-7ced9fc8c76d">
      <Execution id="5574671f-6adc-4db8-85c1-0fc325d864c2" />
      <TestMethod codeBase="C:\Users\bhask\Desktop\StudyJet\StudyJet.API.Tests\bin\Debug\net8.0\StudyJet.API.Tests.dll" adapterTypeName="executor://xunit/VsTestRunner2/netcoreapp" className="StudyJet.API.Tests.RepositoryTests.CourseRepoTest" name="SelectCoursesWithStudentsForInstructorAsync_WithInvalidInstructorId_ReturnsEmptyList" />
    </UnitTest>
    <UnitTest name="StudyJet.API.Tests.ServiceTests.CategoryServiceTest.ExistsAsync_ReturnsFalse_WhenCategoryDoesNotExist" storage="c:\users\bhask\desktop\studyjet\studyjet.api.tests\bin\debug\net8.0\studyjet.api.tests.dll" id="72d82c37-1655-c01b-97d8-8158c1b555da">
      <Execution id="28239add-cda0-4b26-b36b-0586a1bd7afb" />
      <TestMethod codeBase="C:\Users\bhask\Desktop\StudyJet\StudyJet.API.Tests\bin\Debug\net8.0\StudyJet.API.Tests.dll" adapterTypeName="executor://xunit/VsTestRunner2/netcoreapp" className="StudyJet.API.Tests.ServiceTests.CategoryServiceTest" name="ExistsAsync_ReturnsFalse_WhenCategoryDoesNotExist" />
    </UnitTest>
    <UnitTest name="StudyJet.API.Tests.ServiceTests.CourseServiceTest.GetCourseForUpdateAsync_ReturnsCourse_WhenCourseExistsAndInstructorOwnsIt" storage="c:\users\bhask\desktop\studyjet\studyjet.api.tests\bin\debug\net8.0\studyjet.api.tests.dll" id="5e9a3480-2ebd-e735-a466-7810ed1aef77">
      <Execution id="cff6fbc7-3aa0-4103-b194-384cfa3bcdd9" />
      <TestMethod codeBase="C:\Users\bhask\Desktop\StudyJet\StudyJet.API.Tests\bin\Debug\net8.0\StudyJet.API.Tests.dll" adapterTypeName="executor://xunit/VsTestRunner2/netcoreapp" className="StudyJet.API.Tests.ServiceTests.CourseServiceTest" name="GetCourseForUpdateAsync_ReturnsCourse_WhenCourseExistsAndInstructorOwnsIt" />
    </UnitTest>
    <UnitTest name="StudyJet.API.Tests.RepositoryTests.NotificationRepoTest.CreateAsync_ShouldThrowArgumentNullException_WhenNotificationIsNull" storage="c:\users\bhask\desktop\studyjet\studyjet.api.tests\bin\debug\net8.0\studyjet.api.tests.dll" id="0c4ee749-a8bd-6552-f244-adf1ea1fa26e">
      <Execution id="dd37a929-efbe-468d-a359-e1b60742c2c6" />
      <TestMethod codeBase="C:\Users\bhask\Desktop\StudyJet\StudyJet.API.Tests\bin\Debug\net8.0\StudyJet.API.Tests.dll" adapterTypeName="executor://xunit/VsTestRunner2/netcoreapp" className="StudyJet.API.Tests.RepositoryTests.NotificationRepoTest" name="CreateAsync_ShouldThrowArgumentNullException_WhenNotificationIsNull" />
    </UnitTest>
    <UnitTest name="StudyJet.API.Tests.RepositoryTests.CourseRepoTest.SelectByIdsAsync_WhenValidCourseIds_ReturnsCorrectCourses" storage="c:\users\bhask\desktop\studyjet\studyjet.api.tests\bin\debug\net8.0\studyjet.api.tests.dll" id="8686fcda-b82f-4f90-3802-2825e0e0f898">
      <Execution id="a9ee6876-ba3e-417b-95ed-ee5d69d890b7" />
      <TestMethod codeBase="C:\Users\bhask\Desktop\StudyJet\StudyJet.API.Tests\bin\Debug\net8.0\StudyJet.API.Tests.dll" adapterTypeName="executor://xunit/VsTestRunner2/netcoreapp" className="StudyJet.API.Tests.RepositoryTests.CourseRepoTest" name="SelectByIdsAsync_WhenValidCourseIds_ReturnsCorrectCourses" />
    </UnitTest>
    <UnitTest name="StudyJet.API.Tests.ControllerTests.NotificationControllerTest.NotifyInstructorOnCourseStatus_ShouldReturnBadRequest_WhenFieldsAreMissing" storage="c:\users\bhask\desktop\studyjet\studyjet.api.tests\bin\debug\net8.0\studyjet.api.tests.dll" id="0351110a-2003-fbfb-72e1-9a197fc89eb8">
      <Execution id="68acbc1a-6aca-4868-9e18-0a95e7f13dae" />
      <TestMethod codeBase="C:\Users\bhask\Desktop\StudyJet\StudyJet.API.Tests\bin\Debug\net8.0\StudyJet.API.Tests.dll" adapterTypeName="executor://xunit/VsTestRunner2/netcoreapp" className="StudyJet.API.Tests.ControllerTests.NotificationControllerTest" name="NotifyInstructorOnCourseStatus_ShouldReturnBadRequest_WhenFieldsAreMissing" />
    </UnitTest>
    <UnitTest name="StudyJet.API.Tests.ControllerTests.AuthControllerTests.VerifyTwoFactorLogin_ReturnsUnauthorized_When2FACodeIsInvalid" storage="c:\users\bhask\desktop\studyjet\studyjet.api.tests\bin\debug\net8.0\studyjet.api.tests.dll" id="5e51d84d-a178-1a41-f97f-a49a49538476">
      <Execution id="816efd42-5f91-412c-98da-04296c29ca61" />
      <TestMethod codeBase="C:\Users\bhask\Desktop\StudyJet\StudyJet.API.Tests\bin\Debug\net8.0\StudyJet.API.Tests.dll" adapterTypeName="executor://xunit/VsTestRunner2/netcoreapp" className="StudyJet.API.Tests.ControllerTests.AuthControllerTests" name="VerifyTwoFactorLogin_ReturnsUnauthorized_When2FACodeIsInvalid" />
    </UnitTest>
    <UnitTest name="StudyJet.API.Tests.ServiceTests.NotificationServiceTest.CreateNotificationAsync_ShouldThrowArgumentException_WhenUserIdIsNull" storage="c:\users\bhask\desktop\studyjet\studyjet.api.tests\bin\debug\net8.0\studyjet.api.tests.dll" id="217de2f4-2257-40fd-c677-e3d8dd150b06">
      <Execution id="dcb4ba64-00ad-4ab4-8106-6959998cc521" />
      <TestMethod codeBase="C:\Users\bhask\Desktop\StudyJet\StudyJet.API.Tests\bin\Debug\net8.0\StudyJet.API.Tests.dll" adapterTypeName="executor://xunit/VsTestRunner2/netcoreapp" className="StudyJet.API.Tests.ServiceTests.NotificationServiceTest" name="CreateNotificationAsync_ShouldThrowArgumentException_WhenUserIdIsNull" />
    </UnitTest>
    <UnitTest name="StudyJet.API.Tests.RepositoryTests.CartRepoTest.DeleteCourseFromCartAsync_Success" storage="c:\users\bhask\desktop\studyjet\studyjet.api.tests\bin\debug\net8.0\studyjet.api.tests.dll" id="f53e6a38-f2f8-c86e-c930-43a1752d87ee">
      <Execution id="5e91322a-0934-44cf-bb17-17429d1ac247" />
      <TestMethod codeBase="C:\Users\bhask\Desktop\StudyJet\StudyJet.API.Tests\bin\Debug\net8.0\StudyJet.API.Tests.dll" adapterTypeName="executor://xunit/VsTestRunner2/netcoreapp" className="StudyJet.API.Tests.RepositoryTests.CartRepoTest" name="DeleteCourseFromCartAsync_Success" />
    </UnitTest>
    <UnitTest name="StudyJet.API.Tests.ControllerTests.UploadCVControllerTest.UploadCV_ShouldReturnBadRequest_WhenNoFileIsUploaded" storage="c:\users\bhask\desktop\studyjet\studyjet.api.tests\bin\debug\net8.0\studyjet.api.tests.dll" id="eea1d943-69dd-6336-221d-1e301c2b756f">
      <Execution id="3c45c82f-0de9-4ee8-9499-fd2bf5d6f14e" />
      <TestMethod codeBase="C:\Users\bhask\Desktop\StudyJet\StudyJet.API.Tests\bin\Debug\net8.0\StudyJet.API.Tests.dll" adapterTypeName="executor://xunit/VsTestRunner2/netcoreapp" className="StudyJet.API.Tests.ControllerTests.UploadCVControllerTest" name="UploadCV_ShouldReturnBadRequest_WhenNoFileIsUploaded" />
    </UnitTest>
    <UnitTest name="StudyJet.API.Tests.ServiceTests.CourseServiceTest.ApproveCourseAsync_ReturnsFalse_WhenCourseDoesNotExist" storage="c:\users\bhask\desktop\studyjet\studyjet.api.tests\bin\debug\net8.0\studyjet.api.tests.dll" id="426aad65-d2b6-17bd-e911-b0191573fdc5">
      <Execution id="19795e6a-36ca-4363-91e3-171547657f63" />
      <TestMethod codeBase="C:\Users\bhask\Desktop\StudyJet\StudyJet.API.Tests\bin\Debug\net8.0\StudyJet.API.Tests.dll" adapterTypeName="executor://xunit/VsTestRunner2/netcoreapp" className="StudyJet.API.Tests.ServiceTests.CourseServiceTest" name="ApproveCourseAsync_ReturnsFalse_WhenCourseDoesNotExist" />
    </UnitTest>
    <UnitTest name="StudyJet.API.Tests.ControllerTests.AuthControllerTests.VerifyTwoFactorLogin_ReturnsBadRequest_WhenUserNotFound" storage="c:\users\bhask\desktop\studyjet\studyjet.api.tests\bin\debug\net8.0\studyjet.api.tests.dll" id="79f79b3b-0c7f-5341-bec3-147e8a8c8f9f">
      <Execution id="6f8c7b7a-2b04-45c6-8be3-c11a8bba0e12" />
      <TestMethod codeBase="C:\Users\bhask\Desktop\StudyJet\StudyJet.API.Tests\bin\Debug\net8.0\StudyJet.API.Tests.dll" adapterTypeName="executor://xunit/VsTestRunner2/netcoreapp" className="StudyJet.API.Tests.ControllerTests.AuthControllerTests" name="VerifyTwoFactorLogin_ReturnsBadRequest_WhenUserNotFound" />
    </UnitTest>
    <UnitTest name="StudyJet.API.Tests.ControllerTests.UserPurchaseCourseControllerTest.StripeWebhook_ShouldReturnOk_WhenCheckoutSessionCompletedWithValidMetadata" storage="c:\users\bhask\desktop\studyjet\studyjet.api.tests\bin\debug\net8.0\studyjet.api.tests.dll" id="05e4b5d7-6f38-903c-8741-1562dee46a31">
      <Execution id="07a6e853-2dff-4dcb-abee-328064304fad" />
      <TestMethod codeBase="C:\Users\bhask\Desktop\StudyJet\StudyJet.API.Tests\bin\Debug\net8.0\StudyJet.API.Tests.dll" adapterTypeName="executor://xunit/VsTestRunner2/netcoreapp" className="StudyJet.API.Tests.ControllerTests.UserPurchaseCourseControllerTest" name="StripeWebhook_ShouldReturnOk_WhenCheckoutSessionCompletedWithValidMetadata" />
    </UnitTest>
    <UnitTest name="StudyJet.API.Tests.ServiceTests.UserServiceTest.UpdateUserAsync_UserIsNull_ThrowsArgumentNullException" storage="c:\users\bhask\desktop\studyjet\studyjet.api.tests\bin\debug\net8.0\studyjet.api.tests.dll" id="aed0339f-cf15-0db0-cd6c-7a1b6ceaa703">
      <Execution id="b436cdf2-8dd0-44d1-a483-0ca8a8cf637d" />
      <TestMethod codeBase="C:\Users\bhask\Desktop\StudyJet\StudyJet.API.Tests\bin\Debug\net8.0\StudyJet.API.Tests.dll" adapterTypeName="executor://xunit/VsTestRunner2/netcoreapp" className="StudyJet.API.Tests.ServiceTests.UserServiceTest" name="UpdateUserAsync_UserIsNull_ThrowsArgumentNullException" />
    </UnitTest>
    <UnitTest name="StudyJet.API.Tests.ServiceTests.UserServiceTest.RegisterInstructorAsync_ReturnsFailure_WhenEmailAlreadyExists" storage="c:\users\bhask\desktop\studyjet\studyjet.api.tests\bin\debug\net8.0\studyjet.api.tests.dll" id="26243b88-5763-f0b7-110c-cadd29f55768">
      <Execution id="cdffb39e-e449-4d6d-aeac-1409a287d8f8" />
      <TestMethod codeBase="C:\Users\bhask\Desktop\StudyJet\StudyJet.API.Tests\bin\Debug\net8.0\StudyJet.API.Tests.dll" adapterTypeName="executor://xunit/VsTestRunner2/netcoreapp" className="StudyJet.API.Tests.ServiceTests.UserServiceTest" name="RegisterInstructorAsync_ReturnsFailure_WhenEmailAlreadyExists" />
    </UnitTest>
    <UnitTest name="StudyJet.API.Tests.ServiceTests.UserServiceTest.GetUserByRolesAsync_ReturnsUserAdminDTOList" storage="c:\users\bhask\desktop\studyjet\studyjet.api.tests\bin\debug\net8.0\studyjet.api.tests.dll" id="a1f8f5b1-8367-a3ae-5feb-8d3b8583ab9f">
      <Execution id="72abe7b7-c05a-4ace-9178-622bc0c72b82" />
      <TestMethod codeBase="C:\Users\bhask\Desktop\StudyJet\StudyJet.API.Tests\bin\Debug\net8.0\StudyJet.API.Tests.dll" adapterTypeName="executor://xunit/VsTestRunner2/netcoreapp" className="StudyJet.API.Tests.ServiceTests.UserServiceTest" name="GetUserByRolesAsync_ReturnsUserAdminDTOList" />
    </UnitTest>
    <UnitTest name="StudyJet.API.Tests.ControllerTests.NotificationControllerTest.NotifyInstructorOnCourseStatus_ShouldReturnOk_WhenNotificationIsSent" storage="c:\users\bhask\desktop\studyjet\studyjet.api.tests\bin\debug\net8.0\studyjet.api.tests.dll" id="1654516e-4b7b-53e2-aebe-3d696461b251">
      <Execution id="88e013de-e152-41e5-9330-41f4cdd3638e" />
      <TestMethod codeBase="C:\Users\bhask\Desktop\StudyJet\StudyJet.API.Tests\bin\Debug\net8.0\StudyJet.API.Tests.dll" adapterTypeName="executor://xunit/VsTestRunner2/netcoreapp" className="StudyJet.API.Tests.ControllerTests.NotificationControllerTest" name="NotifyInstructorOnCourseStatus_ShouldReturnOk_WhenNotificationIsSent" />
    </UnitTest>
    <UnitTest name="StudyJet.API.Tests.ControllerTests.CourseControllerTest.SubmitUpdate_ShouldReturnBadRequest_WhenUpdateDtoIsNull" storage="c:\users\bhask\desktop\studyjet\studyjet.api.tests\bin\debug\net8.0\studyjet.api.tests.dll" id="1faa6c6d-77c7-7165-e488-ede693f2a39f">
      <Execution id="f8106bac-2f45-437f-ab80-5ed37a9d3766" />
      <TestMethod codeBase="C:\Users\bhask\Desktop\StudyJet\StudyJet.API.Tests\bin\Debug\net8.0\StudyJet.API.Tests.dll" adapterTypeName="executor://xunit/VsTestRunner2/netcoreapp" className="StudyJet.API.Tests.ControllerTests.CourseControllerTest" name="SubmitUpdate_ShouldReturnBadRequest_WhenUpdateDtoIsNull" />
    </UnitTest>
    <UnitTest name="StudyJet.API.Tests.RepositoryTests.CategoryRepoTest.SelectAllAsync_ReturnsEmptyList_WhenNoApprovedCoursesExist" storage="c:\users\bhask\desktop\studyjet\studyjet.api.tests\bin\debug\net8.0\studyjet.api.tests.dll" id="12d44fd1-df0b-a3cf-7ecf-e6d4bd638a80">
      <Execution id="9b92808f-3693-40b5-a202-e8cc3fe14a37" />
      <TestMethod codeBase="C:\Users\bhask\Desktop\StudyJet\StudyJet.API.Tests\bin\Debug\net8.0\StudyJet.API.Tests.dll" adapterTypeName="executor://xunit/VsTestRunner2/netcoreapp" className="StudyJet.API.Tests.RepositoryTests.CategoryRepoTest" name="SelectAllAsync_ReturnsEmptyList_WhenNoApprovedCoursesExist" />
    </UnitTest>
    <UnitTest name="StudyJet.API.Tests.ControllerTests.AuthControllerTests.Register_ReturnsBadRequest_WhenEmailExists" storage="c:\users\bhask\desktop\studyjet\studyjet.api.tests\bin\debug\net8.0\studyjet.api.tests.dll" id="76980d06-4849-c2b4-edd7-cbe7a5afad18">
      <Execution id="15354354-5815-46fa-a0dd-4b9e0652fff1" />
      <TestMethod codeBase="C:\Users\bhask\Desktop\StudyJet\StudyJet.API.Tests\bin\Debug\net8.0\StudyJet.API.Tests.dll" adapterTypeName="executor://xunit/VsTestRunner2/netcoreapp" className="StudyJet.API.Tests.ControllerTests.AuthControllerTests" name="Register_ReturnsBadRequest_WhenEmailExists" />
    </UnitTest>
    <UnitTest name="StudyJet.API.Tests.ServiceTests.CourseServiceTest.GetByIdAsync_ReturnsNull_WhenCourseDoesNotExist" storage="c:\users\bhask\desktop\studyjet\studyjet.api.tests\bin\debug\net8.0\studyjet.api.tests.dll" id="88a00776-c466-5215-35f0-ab61725a78da">
      <Execution id="0a187d33-1564-4b91-ad0e-b9520c6a3141" />
      <TestMethod codeBase="C:\Users\bhask\Desktop\StudyJet\StudyJet.API.Tests\bin\Debug\net8.0\StudyJet.API.Tests.dll" adapterTypeName="executor://xunit/VsTestRunner2/netcoreapp" className="StudyJet.API.Tests.ServiceTests.CourseServiceTest" name="GetByIdAsync_ReturnsNull_WhenCourseDoesNotExist" />
    </UnitTest>
    <UnitTest name="StudyJet.API.Tests.RepositoryTests.CourseRepoTest.SelectLatestCourseUpdateByCourseIdAsync_WhenNoMatchingUpdates_ReturnsNull" storage="c:\users\bhask\desktop\studyjet\studyjet.api.tests\bin\debug\net8.0\studyjet.api.tests.dll" id="6e940373-3747-e978-d729-18ec0b6b00fd">
      <Execution id="d8cab369-6dee-4a37-8ed9-ade3ead23cc8" />
      <TestMethod codeBase="C:\Users\bhask\Desktop\StudyJet\StudyJet.API.Tests\bin\Debug\net8.0\StudyJet.API.Tests.dll" adapterTypeName="executor://xunit/VsTestRunner2/netcoreapp" className="StudyJet.API.Tests.RepositoryTests.CourseRepoTest" name="SelectLatestCourseUpdateByCourseIdAsync_WhenNoMatchingUpdates_ReturnsNull" />
    </UnitTest>
    <UnitTest name="StudyJet.API.Tests.ControllerTests.CourseControllerTest.ApprovePendingUpdate_ShouldReturnNotFound_WhenNoPendingUpdateFound" storage="c:\users\bhask\desktop\studyjet\studyjet.api.tests\bin\debug\net8.0\studyjet.api.tests.dll" id="ee06f83f-edeb-44c6-f3e2-01f66d482cee">
      <Execution id="c59fb0d4-f395-4705-b104-d8fb34378bf1" />
      <TestMethod codeBase="C:\Users\bhask\Desktop\StudyJet\StudyJet.API.Tests\bin\Debug\net8.0\StudyJet.API.Tests.dll" adapterTypeName="executor://xunit/VsTestRunner2/netcoreapp" className="StudyJet.API.Tests.ControllerTests.CourseControllerTest" name="ApprovePendingUpdate_ShouldReturnNotFound_WhenNoPendingUpdateFound" />
    </UnitTest>
    <UnitTest name="StudyJet.API.Tests.ControllerTests.CategoryControllerTest.GetCategoryById_ReturnsNotFoundResult_WhenCategoryDoesNotExist" storage="c:\users\bhask\desktop\studyjet\studyjet.api.tests\bin\debug\net8.0\studyjet.api.tests.dll" id="78ba5ad9-2b4d-1a30-5fde-34494e322f27">
      <Execution id="9a3ff0bf-904d-4687-9511-b45210c16164" />
      <TestMethod codeBase="C:\Users\bhask\Desktop\StudyJet\StudyJet.API.Tests\bin\Debug\net8.0\StudyJet.API.Tests.dll" adapterTypeName="executor://xunit/VsTestRunner2/netcoreapp" className="StudyJet.API.Tests.ControllerTests.CategoryControllerTest" name="GetCategoryById_ReturnsNotFoundResult_WhenCategoryDoesNotExist" />
    </UnitTest>
    <UnitTest name="StudyJet.API.Tests.ServiceTests.CourseServiceTest.RejectPendingUpdatesAsync_ReturnsTrue_WhenPendingUpdateExists" storage="c:\users\bhask\desktop\studyjet\studyjet.api.tests\bin\debug\net8.0\studyjet.api.tests.dll" id="1079428f-041b-776b-9aca-ce290321e979">
      <Execution id="4be46efb-8493-492b-a4af-0118e78b6130" />
      <TestMethod codeBase="C:\Users\bhask\Desktop\StudyJet\StudyJet.API.Tests\bin\Debug\net8.0\StudyJet.API.Tests.dll" adapterTypeName="executor://xunit/VsTestRunner2/netcoreapp" className="StudyJet.API.Tests.ServiceTests.CourseServiceTest" name="RejectPendingUpdatesAsync_ReturnsTrue_WhenPendingUpdateExists" />
    </UnitTest>
    <UnitTest name="StudyJet.API.Tests.RepositoryTests.CourseRepoTest.RejectPendingUpdatesAsync_WhenPendingUpdateExists_RejectsAndReturnsTrue" storage="c:\users\bhask\desktop\studyjet\studyjet.api.tests\bin\debug\net8.0\studyjet.api.tests.dll" id="ca634cf5-b7e8-fd4c-c359-d15b5a4cf5c3">
      <Execution id="4d4e516e-a606-487a-ac7f-e06a695c335a" />
      <TestMethod codeBase="C:\Users\bhask\Desktop\StudyJet\StudyJet.API.Tests\bin\Debug\net8.0\StudyJet.API.Tests.dll" adapterTypeName="executor://xunit/VsTestRunner2/netcoreapp" className="StudyJet.API.Tests.RepositoryTests.CourseRepoTest" name="RejectPendingUpdatesAsync_WhenPendingUpdateExists_RejectsAndReturnsTrue" />
    </UnitTest>
    <UnitTest name="StudyJet.API.Tests.ControllerTests.AuthControllerTests.VerifyTwoFactorLogin_ReturnsOk_When2FACodeIsValid" storage="c:\users\bhask\desktop\studyjet\studyjet.api.tests\bin\debug\net8.0\studyjet.api.tests.dll" id="a9cea389-eccc-b906-c938-fa2e78bb3586">
      <Execution id="53693ace-c137-43d6-a516-23b786749a1c" />
      <TestMethod codeBase="C:\Users\bhask\Desktop\StudyJet\StudyJet.API.Tests\bin\Debug\net8.0\StudyJet.API.Tests.dll" adapterTypeName="executor://xunit/VsTestRunner2/netcoreapp" className="StudyJet.API.Tests.ControllerTests.AuthControllerTests" name="VerifyTwoFactorLogin_ReturnsOk_When2FACodeIsValid" />
    </UnitTest>
    <UnitTest name="StudyJet.API.Tests.ServiceTests.AuthServiceTest.Generate2FAQrCodeUri_ValidInputs_ReturnsCorrectUri" storage="c:\users\bhask\desktop\studyjet\studyjet.api.tests\bin\debug\net8.0\studyjet.api.tests.dll" id="60ec8fbf-18d7-0354-34da-cbf43e741666">
      <Execution id="9ef6780f-4b3b-491d-a596-d93640f71299" />
      <TestMethod codeBase="C:\Users\bhask\Desktop\StudyJet\StudyJet.API.Tests\bin\Debug\net8.0\StudyJet.API.Tests.dll" adapterTypeName="executor://xunit/VsTestRunner2/netcoreapp" className="StudyJet.API.Tests.ServiceTests.AuthServiceTest" name="Generate2FAQrCodeUri_ValidInputs_ReturnsCorrectUri" />
    </UnitTest>
    <UnitTest name="StudyJet.API.Tests.ServiceTests.NotificationServiceTest.NotifyAdminForCourseAdditionOrUpdateAsync_ShouldThrowException_WhenInstructorNotFound" storage="c:\users\bhask\desktop\studyjet\studyjet.api.tests\bin\debug\net8.0\studyjet.api.tests.dll" id="82865ef5-223e-e172-081c-0d2e4554cac5">
      <Execution id="fc0fe4e9-8cd5-4573-88c3-90412a071930" />
      <TestMethod codeBase="C:\Users\bhask\Desktop\StudyJet\StudyJet.API.Tests\bin\Debug\net8.0\StudyJet.API.Tests.dll" adapterTypeName="executor://xunit/VsTestRunner2/netcoreapp" className="StudyJet.API.Tests.ServiceTests.NotificationServiceTest" name="NotifyAdminForCourseAdditionOrUpdateAsync_ShouldThrowException_WhenInstructorNotFound" />
    </UnitTest>
    <UnitTest name="StudyJet.API.Tests.RepositoryTests.CourseRepoTest.SelectCourseUpdatesByStatusAsync_WhenNoMatchingStatus_ReturnsEmpty" storage="c:\users\bhask\desktop\studyjet\studyjet.api.tests\bin\debug\net8.0\studyjet.api.tests.dll" id="6e9768bd-3dff-b8bf-0a41-b259cf1f2fe2">
      <Execution id="a00d6efe-f0b2-48b6-abd6-4b6ac36e3c2a" />
      <TestMethod codeBase="C:\Users\bhask\Desktop\StudyJet\StudyJet.API.Tests\bin\Debug\net8.0\StudyJet.API.Tests.dll" adapterTypeName="executor://xunit/VsTestRunner2/netcoreapp" className="StudyJet.API.Tests.RepositoryTests.CourseRepoTest" name="SelectCourseUpdatesByStatusAsync_WhenNoMatchingStatus_ReturnsEmpty" />
    </UnitTest>
    <UnitTest name="StudyJet.API.Tests.ServiceTests.CategoryServiceTest.ExistsAsync_ReturnsTrue_WhenCategoryExists" storage="c:\users\bhask\desktop\studyjet\studyjet.api.tests\bin\debug\net8.0\studyjet.api.tests.dll" id="cc704c1e-d7c7-7f64-8392-d274a4f80e51">
      <Execution id="5300e973-40ba-4e29-9c50-b14ff49e6e9f" />
      <TestMethod codeBase="C:\Users\bhask\Desktop\StudyJet\StudyJet.API.Tests\bin\Debug\net8.0\StudyJet.API.Tests.dll" adapterTypeName="executor://xunit/VsTestRunner2/netcoreapp" className="StudyJet.API.Tests.ServiceTests.CategoryServiceTest" name="ExistsAsync_ReturnsTrue_WhenCategoryExists" />
    </UnitTest>
    <UnitTest name="StudyJet.API.Tests.ServiceTests.AuthServiceTest.Is2faEnabledAsync_ReturnsTrue_When2faIsEnabled" storage="c:\users\bhask\desktop\studyjet\studyjet.api.tests\bin\debug\net8.0\studyjet.api.tests.dll" id="50b66496-efff-99c3-084e-faacc3c9fe18">
      <Execution id="4b2320d8-21c4-4e24-ab47-207613f7c287" />
      <TestMethod codeBase="C:\Users\bhask\Desktop\StudyJet\StudyJet.API.Tests\bin\Debug\net8.0\StudyJet.API.Tests.dll" adapterTypeName="executor://xunit/VsTestRunner2/netcoreapp" className="StudyJet.API.Tests.ServiceTests.AuthServiceTest" name="Is2faEnabledAsync_ReturnsTrue_When2faIsEnabled" />
    </UnitTest>
    <UnitTest name="StudyJet.API.Tests.ControllerTests.UserControllerTest.CheckEmailExists_ShouldReturnBadRequest_WhenEmailIsNullOrWhitespace" storage="c:\users\bhask\desktop\studyjet\studyjet.api.tests\bin\debug\net8.0\studyjet.api.tests.dll" id="3b052de9-e85a-308b-b176-cf11977094d4">
      <Execution id="fbcbf7dd-1274-4f20-b58c-896f08cc88c2" />
      <TestMethod codeBase="C:\Users\bhask\Desktop\StudyJet\StudyJet.API.Tests\bin\Debug\net8.0\StudyJet.API.Tests.dll" adapterTypeName="executor://xunit/VsTestRunner2/netcoreapp" className="StudyJet.API.Tests.ControllerTests.UserControllerTest" name="CheckEmailExists_ShouldReturnBadRequest_WhenEmailIsNullOrWhitespace" />
    </UnitTest>
    <UnitTest name="StudyJet.API.Tests.ServiceTests.EmailServiceTest.SendConfirmationEmailAsync_ReturnsFailure_WhenInvalidEmailIsProvided" storage="c:\users\bhask\desktop\studyjet\studyjet.api.tests\bin\debug\net8.0\studyjet.api.tests.dll" id="f29988ac-9988-7861-6435-4efee7509ba3">
      <Execution id="d6ce39e4-3475-41e2-bf30-7836ed827c12" />
      <TestMethod codeBase="C:\Users\bhask\Desktop\StudyJet\StudyJet.API.Tests\bin\Debug\net8.0\StudyJet.API.Tests.dll" adapterTypeName="executor://xunit/VsTestRunner2/netcoreapp" className="StudyJet.API.Tests.ServiceTests.EmailServiceTest" name="SendConfirmationEmailAsync_ReturnsFailure_WhenInvalidEmailIsProvided" />
    </UnitTest>
    <UnitTest name="StudyJet.API.Tests.ControllerTests.AuthControllerTests.Confirm2FA_ShouldReturnOk_When2FACodeIsValid" storage="c:\users\bhask\desktop\studyjet\studyjet.api.tests\bin\debug\net8.0\studyjet.api.tests.dll" id="c3ac7dfb-2adb-68ca-6587-73bca9f62d8b">
      <Execution id="b9f1772d-5eea-48d6-a874-bfa164006913" />
      <TestMethod codeBase="C:\Users\bhask\Desktop\StudyJet\StudyJet.API.Tests\bin\Debug\net8.0\StudyJet.API.Tests.dll" adapterTypeName="executor://xunit/VsTestRunner2/netcoreapp" className="StudyJet.API.Tests.ControllerTests.AuthControllerTests" name="Confirm2FA_ShouldReturnOk_When2FACodeIsValid" />
    </UnitTest>
    <UnitTest name="StudyJet.API.Tests.ServiceTests.UserPurchaseCourseServiceTest.GetSuggestedCoursesAsync_ThrowsException_WhenRepoFails" storage="c:\users\bhask\desktop\studyjet\studyjet.api.tests\bin\debug\net8.0\studyjet.api.tests.dll" id="23515fb5-1e84-5024-7d5a-b5fbed1a9bb2">
      <Execution id="f6823a15-19f5-4b2a-8cd9-d3ed3f3a2bf5" />
      <TestMethod codeBase="C:\Users\bhask\Desktop\StudyJet\StudyJet.API.Tests\bin\Debug\net8.0\StudyJet.API.Tests.dll" adapterTypeName="executor://xunit/VsTestRunner2/netcoreapp" className="StudyJet.API.Tests.ServiceTests.UserPurchaseCourseServiceTest" name="GetSuggestedCoursesAsync_ThrowsException_WhenRepoFails" />
    </UnitTest>
    <UnitTest name="StudyJet.API.Tests.ControllerTests.CartControllerTest.RemoveFromCart_ValidUserAndCourse_ReturnsOk" storage="c:\users\bhask\desktop\studyjet\studyjet.api.tests\bin\debug\net8.0\studyjet.api.tests.dll" id="d003e7e6-921b-1169-f9a9-700084bb895d">
      <Execution id="45ff3811-37fd-4faf-9994-676f31aa0b89" />
      <TestMethod codeBase="C:\Users\bhask\Desktop\StudyJet\StudyJet.API.Tests\bin\Debug\net8.0\StudyJet.API.Tests.dll" adapterTypeName="executor://xunit/VsTestRunner2/netcoreapp" className="StudyJet.API.Tests.ControllerTests.CartControllerTest" name="RemoveFromCart_ValidUserAndCourse_ReturnsOk" />
    </UnitTest>
    <UnitTest name="StudyJet.API.Tests.RepositoryTests.CourseRepoTest.SelectTotalCoursesAsync_ReturnsZero_WhenNoCoursesExist" storage="c:\users\bhask\desktop\studyjet\studyjet.api.tests\bin\debug\net8.0\studyjet.api.tests.dll" id="a1e006b8-4ea7-1cac-ac1a-becbf533413c">
      <Execution id="642cd5d4-26b4-46b3-96ed-644543a1c9e0" />
      <TestMethod codeBase="C:\Users\bhask\Desktop\StudyJet\StudyJet.API.Tests\bin\Debug\net8.0\StudyJet.API.Tests.dll" adapterTypeName="executor://xunit/VsTestRunner2/netcoreapp" className="StudyJet.API.Tests.RepositoryTests.CourseRepoTest" name="SelectTotalCoursesAsync_ReturnsZero_WhenNoCoursesExist" />
    </UnitTest>
    <UnitTest name="StudyJet.API.Tests.ControllerTests.AuthControllerTests.VerifyTwoFactorLogin_ReturnsInternalServerError_WhenExceptionOccurs" storage="c:\users\bhask\desktop\studyjet\studyjet.api.tests\bin\debug\net8.0\studyjet.api.tests.dll" id="2865fcc5-503b-a0c7-87e3-f89aa795ba12">
      <Execution id="92387f10-a32d-4e17-af1b-58bae91cbd80" />
      <TestMethod codeBase="C:\Users\bhask\Desktop\StudyJet\StudyJet.API.Tests\bin\Debug\net8.0\StudyJet.API.Tests.dll" adapterTypeName="executor://xunit/VsTestRunner2/netcoreapp" className="StudyJet.API.Tests.ControllerTests.AuthControllerTests" name="VerifyTwoFactorLogin_ReturnsInternalServerError_WhenExceptionOccurs" />
    </UnitTest>
    <UnitTest name="StudyJet.API.Tests.RepositoryTests.CourseRepoTest.SelectAllAsync_WhenInstructorNotInDb_ReturnsCourseWithNullInstructor" storage="c:\users\bhask\desktop\studyjet\studyjet.api.tests\bin\debug\net8.0\studyjet.api.tests.dll" id="cbb5fc80-dc11-81e7-a9df-69b035bfbfe3">
      <Execution id="3fa6eafc-274e-4274-a806-f5cb45061e63" />
      <TestMethod codeBase="C:\Users\bhask\Desktop\StudyJet\StudyJet.API.Tests\bin\Debug\net8.0\StudyJet.API.Tests.dll" adapterTypeName="executor://xunit/VsTestRunner2/netcoreapp" className="StudyJet.API.Tests.RepositoryTests.CourseRepoTest" name="SelectAllAsync_WhenInstructorNotInDb_ReturnsCourseWithNullInstructor" />
    </UnitTest>
    <UnitTest name="StudyJet.API.Tests.ControllerTests.UserControllerTest.CountStudents_ShouldReturnOk_WithStudentCount" storage="c:\users\bhask\desktop\studyjet\studyjet.api.tests\bin\debug\net8.0\studyjet.api.tests.dll" id="bb7f8eb5-9450-ab37-0f74-7123290f5cf5">
      <Execution id="d447557c-91bd-4fe5-861a-c824ea25a6be" />
      <TestMethod codeBase="C:\Users\bhask\Desktop\StudyJet\StudyJet.API.Tests\bin\Debug\net8.0\StudyJet.API.Tests.dll" adapterTypeName="executor://xunit/VsTestRunner2/netcoreapp" className="StudyJet.API.Tests.ControllerTests.UserControllerTest" name="CountStudents_ShouldReturnOk_WithStudentCount" />
    </UnitTest>
    <UnitTest name="StudyJet.API.Tests.ControllerTests.UserControllerTest.CheckEmailExists_ShouldReturnOk_WithEmailExistsTrue" storage="c:\users\bhask\desktop\studyjet\studyjet.api.tests\bin\debug\net8.0\studyjet.api.tests.dll" id="2dde1d18-a3c6-6f35-5102-adef91fa2476">
      <Execution id="33b6b1f2-f086-41a4-834e-e9a17bb49ea0" />
      <TestMethod codeBase="C:\Users\bhask\Desktop\StudyJet\StudyJet.API.Tests\bin\Debug\net8.0\StudyJet.API.Tests.dll" adapterTypeName="executor://xunit/VsTestRunner2/netcoreapp" className="StudyJet.API.Tests.ControllerTests.UserControllerTest" name="CheckEmailExists_ShouldReturnOk_WithEmailExistsTrue" />
    </UnitTest>
    <UnitTest name="StudyJet.API.Tests.RepositoryTests.CourseRepoTest.SelectPendingUpdatesByInstructorIdAsync_WithNoPendingUpdates_ReturnsEmptyList" storage="c:\users\bhask\desktop\studyjet\studyjet.api.tests\bin\debug\net8.0\studyjet.api.tests.dll" id="fe4cb2fa-b33f-1a3a-7203-1aaf9c8578e6">
      <Execution id="c2a1c7d2-6fea-4e05-a077-7b1a37f06f79" />
      <TestMethod codeBase="C:\Users\bhask\Desktop\StudyJet\StudyJet.API.Tests\bin\Debug\net8.0\StudyJet.API.Tests.dll" adapterTypeName="executor://xunit/VsTestRunner2/netcoreapp" className="StudyJet.API.Tests.RepositoryTests.CourseRepoTest" name="SelectPendingUpdatesByInstructorIdAsync_WithNoPendingUpdates_ReturnsEmptyList" />
    </UnitTest>
    <UnitTest name="StudyJet.API.Tests.ServiceTests.CourseServiceTest.GetTotalCoursesAsync_ReturnsZero_WhenNoCoursesExist" storage="c:\users\bhask\desktop\studyjet\studyjet.api.tests\bin\debug\net8.0\studyjet.api.tests.dll" id="7b28daca-da6a-d31c-eee1-19c97844786c">
      <Execution id="a14ec542-ed8d-4512-9b81-e3775e018331" />
      <TestMethod codeBase="C:\Users\bhask\Desktop\StudyJet\StudyJet.API.Tests\bin\Debug\net8.0\StudyJet.API.Tests.dll" adapterTypeName="executor://xunit/VsTestRunner2/netcoreapp" className="StudyJet.API.Tests.ServiceTests.CourseServiceTest" name="GetTotalCoursesAsync_ReturnsZero_WhenNoCoursesExist" />
    </UnitTest>
    <UnitTest name="StudyJet.API.Tests.ControllerTests.CourseControllerTest.RejectCourse_ShouldReturnNotFound_WhenCourseRejectionFails" storage="c:\users\bhask\desktop\studyjet\studyjet.api.tests\bin\debug\net8.0\studyjet.api.tests.dll" id="b5b844b0-49e2-4a9e-3c36-9ff27d047a2a">
      <Execution id="ce2fc3c9-01e9-4459-8f25-f7be6ae62b5c" />
      <TestMethod codeBase="C:\Users\bhask\Desktop\StudyJet\StudyJet.API.Tests\bin\Debug\net8.0\StudyJet.API.Tests.dll" adapterTypeName="executor://xunit/VsTestRunner2/netcoreapp" className="StudyJet.API.Tests.ControllerTests.CourseControllerTest" name="RejectCourse_ShouldReturnNotFound_WhenCourseRejectionFails" />
    </UnitTest>
    <UnitTest name="StudyJet.API.Tests.RepositoryTests.NotificationRepoTest.CreateAsync_ShouldAddNotification_WhenNotificationIsValid" storage="c:\users\bhask\desktop\studyjet\studyjet.api.tests\bin\debug\net8.0\studyjet.api.tests.dll" id="8a5c7590-0eb2-4f6e-ec80-f8fb496895db">
      <Execution id="d137acf1-c39f-44bc-be7b-77022842cefe" />
      <TestMethod codeBase="C:\Users\bhask\Desktop\StudyJet\StudyJet.API.Tests\bin\Debug\net8.0\StudyJet.API.Tests.dll" adapterTypeName="executor://xunit/VsTestRunner2/netcoreapp" className="StudyJet.API.Tests.RepositoryTests.NotificationRepoTest" name="CreateAsync_ShouldAddNotification_WhenNotificationIsValid" />
    </UnitTest>
    <UnitTest name="StudyJet.API.Tests.ControllerTests.UploadCVControllerTest.UploadCV_ShouldReturnOk_WhenFileIsUploadedSuccessfully" storage="c:\users\bhask\desktop\studyjet\studyjet.api.tests\bin\debug\net8.0\studyjet.api.tests.dll" id="29a98b3c-bab7-8b31-6040-19f6b34064ba">
      <Execution id="97dc403a-b273-48f9-98eb-a7c4bf71c61a" />
      <TestMethod codeBase="C:\Users\bhask\Desktop\StudyJet\StudyJet.API.Tests\bin\Debug\net8.0\StudyJet.API.Tests.dll" adapterTypeName="executor://xunit/VsTestRunner2/netcoreapp" className="StudyJet.API.Tests.ControllerTests.UploadCVControllerTest" name="UploadCV_ShouldReturnOk_WhenFileIsUploadedSuccessfully" />
    </UnitTest>
    <UnitTest name="StudyJet.API.Tests.RepositoryTests.CourseRepoTest.SelectCourseByStatusAsync_ReturnsCoursesWithMatchingStatus" storage="c:\users\bhask\desktop\studyjet\studyjet.api.tests\bin\debug\net8.0\studyjet.api.tests.dll" id="d889a9e2-03a7-628c-8277-72416ba1d17a">
      <Execution id="8aef3356-2b7f-4b60-af19-e1da76493654" />
      <TestMethod codeBase="C:\Users\bhask\Desktop\StudyJet\StudyJet.API.Tests\bin\Debug\net8.0\StudyJet.API.Tests.dll" adapterTypeName="executor://xunit/VsTestRunner2/netcoreapp" className="StudyJet.API.Tests.RepositoryTests.CourseRepoTest" name="SelectCourseByStatusAsync_ReturnsCoursesWithMatchingStatus" />
    </UnitTest>
    <UnitTest name="StudyJet.API.Tests.ServiceTests.AuthServiceTest.Confirm2faSetupAsync_ThrowsArgumentNullException_WhenUserIsNull" storage="c:\users\bhask\desktop\studyjet\studyjet.api.tests\bin\debug\net8.0\studyjet.api.tests.dll" id="36543f9a-b7db-2bd7-d1ee-42737050beaa">
      <Execution id="09fcf821-5a62-4546-80b3-c1209e67967e" />
      <TestMethod codeBase="C:\Users\bhask\Desktop\StudyJet\StudyJet.API.Tests\bin\Debug\net8.0\StudyJet.API.Tests.dll" adapterTypeName="executor://xunit/VsTestRunner2/netcoreapp" className="StudyJet.API.Tests.ServiceTests.AuthServiceTest" name="Confirm2faSetupAsync_ThrowsArgumentNullException_WhenUserIsNull" />
    </UnitTest>
    <UnitTest name="StudyJet.API.Tests.RepositoryTests.CourseRepoTest.SelectPopularCoursesAsync_ReturnsEmptyList_WhenNoPopularCourses" storage="c:\users\bhask\desktop\studyjet\studyjet.api.tests\bin\debug\net8.0\studyjet.api.tests.dll" id="5b234383-ec9d-c8eb-5d2d-69bd82f2cd2e">
      <Execution id="7993222c-25b7-4cbb-9fdf-0d1fe9e90927" />
      <TestMethod codeBase="C:\Users\bhask\Desktop\StudyJet\StudyJet.API.Tests\bin\Debug\net8.0\StudyJet.API.Tests.dll" adapterTypeName="executor://xunit/VsTestRunner2/netcoreapp" className="StudyJet.API.Tests.RepositoryTests.CourseRepoTest" name="SelectPopularCoursesAsync_ReturnsEmptyList_WhenNoPopularCourses" />
    </UnitTest>
    <UnitTest name="StudyJet.API.Tests.ControllerTests.AuthControllerTests.VerifyTwoFactorLogin_ShouldReturnBadRequest_WhenTempTokenInvalid" storage="c:\users\bhask\desktop\studyjet\studyjet.api.tests\bin\debug\net8.0\studyjet.api.tests.dll" id="352195bd-0f1a-5fe2-4b84-7735e670122f">
      <Execution id="25ecb699-7610-4f9a-8ba0-db7450f0be51" />
      <TestMethod codeBase="C:\Users\bhask\Desktop\StudyJet\StudyJet.API.Tests\bin\Debug\net8.0\StudyJet.API.Tests.dll" adapterTypeName="executor://xunit/VsTestRunner2/netcoreapp" className="StudyJet.API.Tests.ControllerTests.AuthControllerTests" name="VerifyTwoFactorLogin_ShouldReturnBadRequest_WhenTempTokenInvalid" />
    </UnitTest>
    <UnitTest name="StudyJet.API.Tests.RepositoryTests.WishlistRepoTest.SelectWishlistByIdAsync_ReturnsWishlist_WhenUserExists" storage="c:\users\bhask\desktop\studyjet\studyjet.api.tests\bin\debug\net8.0\studyjet.api.tests.dll" id="542478ea-31d0-6f47-765f-fc3827b8a4c7">
      <Execution id="66695b68-d222-4cc7-bf6c-1d6e09346199" />
      <TestMethod codeBase="C:\Users\bhask\Desktop\StudyJet\StudyJet.API.Tests\bin\Debug\net8.0\StudyJet.API.Tests.dll" adapterTypeName="executor://xunit/VsTestRunner2/netcoreapp" className="StudyJet.API.Tests.RepositoryTests.WishlistRepoTest" name="SelectWishlistByIdAsync_ReturnsWishlist_WhenUserExists" />
    </UnitTest>
    <UnitTest name="StudyJet.API.Tests.ServiceTests.AuthServiceTest.GetOrCreateAuthenticatorKeyAsync_ReturnsExistingKey_WhenKeyAlreadyExists" storage="c:\users\bhask\desktop\studyjet\studyjet.api.tests\bin\debug\net8.0\studyjet.api.tests.dll" id="b8eddd1c-a36f-e61f-1394-8feaedd8e90a">
      <Execution id="a3908ec3-3346-4702-86fe-ddd1f772a0b5" />
      <TestMethod codeBase="C:\Users\bhask\Desktop\StudyJet\StudyJet.API.Tests\bin\Debug\net8.0\StudyJet.API.Tests.dll" adapterTypeName="executor://xunit/VsTestRunner2/netcoreapp" className="StudyJet.API.Tests.ServiceTests.AuthServiceTest" name="GetOrCreateAuthenticatorKeyAsync_ReturnsExistingKey_WhenKeyAlreadyExists" />
    </UnitTest>
    <UnitTest name="StudyJet.API.Tests.RepositoryTests.CourseRepoTest.SelectApprovedCoursesAsync_ReturnsEmptyList_WhenNoApprovedCourses" storage="c:\users\bhask\desktop\studyjet\studyjet.api.tests\bin\debug\net8.0\studyjet.api.tests.dll" id="99568696-9869-e364-b2b6-7958fbf65ddf">
      <Execution id="6631d518-c520-44bb-b022-90963bdba2e0" />
      <TestMethod codeBase="C:\Users\bhask\Desktop\StudyJet\StudyJet.API.Tests\bin\Debug\net8.0\StudyJet.API.Tests.dll" adapterTypeName="executor://xunit/VsTestRunner2/netcoreapp" className="StudyJet.API.Tests.RepositoryTests.CourseRepoTest" name="SelectApprovedCoursesAsync_ReturnsEmptyList_WhenNoApprovedCourses" />
    </UnitTest>
    <UnitTest name="StudyJet.API.Tests.ServiceTests.CourseServiceTest.GetPopularCoursesAsync_ReturnsPopularCourses_WhenCoursesExist" storage="c:\users\bhask\desktop\studyjet\studyjet.api.tests\bin\debug\net8.0\studyjet.api.tests.dll" id="e29979d4-768e-3d85-09dc-ef03a8c586ed">
      <Execution id="e2776949-d9a3-48dc-913d-3bdf1d7d048b" />
      <TestMethod codeBase="C:\Users\bhask\Desktop\StudyJet\StudyJet.API.Tests\bin\Debug\net8.0\StudyJet.API.Tests.dll" adapterTypeName="executor://xunit/VsTestRunner2/netcoreapp" className="StudyJet.API.Tests.ServiceTests.CourseServiceTest" name="GetPopularCoursesAsync_ReturnsPopularCourses_WhenCoursesExist" />
    </UnitTest>
    <UnitTest name="StudyJet.API.Tests.ControllerTests.AuthControllerTests.ChangePassword_ShouldReturnOk_WhenPasswordChangedSuccessfully" storage="c:\users\bhask\desktop\studyjet\studyjet.api.tests\bin\debug\net8.0\studyjet.api.tests.dll" id="04b32f80-74af-52cd-9ab5-3ff823b15218">
      <Execution id="31da1a03-38cd-4404-b48a-012508eba591" />
      <TestMethod codeBase="C:\Users\bhask\Desktop\StudyJet\StudyJet.API.Tests\bin\Debug\net8.0\StudyJet.API.Tests.dll" adapterTypeName="executor://xunit/VsTestRunner2/netcoreapp" className="StudyJet.API.Tests.ControllerTests.AuthControllerTests" name="ChangePassword_ShouldReturnOk_WhenPasswordChangedSuccessfully" />
    </UnitTest>
    <UnitTest name="StudyJet.API.Tests.ServiceTests.WishlistServiceTest.GetWishlistAsync_UserHasNoWishlist_ReturnsEmptyList" storage="c:\users\bhask\desktop\studyjet\studyjet.api.tests\bin\debug\net8.0\studyjet.api.tests.dll" id="d04e18c5-208a-c02f-3f68-eb3389d7a52a">
      <Execution id="eab40fbc-6c03-4972-bd66-a1d41ba3a833" />
      <TestMethod codeBase="C:\Users\bhask\Desktop\StudyJet\StudyJet.API.Tests\bin\Debug\net8.0\StudyJet.API.Tests.dll" adapterTypeName="executor://xunit/VsTestRunner2/netcoreapp" className="StudyJet.API.Tests.ServiceTests.WishlistServiceTest" name="GetWishlistAsync_UserHasNoWishlist_ReturnsEmptyList" />
    </UnitTest>
    <UnitTest name="StudyJet.API.Tests.RepositoryTests.CourseRepoTest.SelectTotalCoursesByInstructorIdAsync_WithNullOrEmptyInstructorId_ThrowsArgumentException(instructorId: null)" storage="c:\users\bhask\desktop\studyjet\studyjet.api.tests\bin\debug\net8.0\studyjet.api.tests.dll" id="2fe16215-8724-4af9-4abe-b19c1f106c39">
      <Execution id="39537584-b13a-42e4-81ff-ba6957c98118" />
      <TestMethod codeBase="C:\Users\bhask\Desktop\StudyJet\StudyJet.API.Tests\bin\Debug\net8.0\StudyJet.API.Tests.dll" adapterTypeName="executor://xunit/VsTestRunner2/netcoreapp" className="StudyJet.API.Tests.RepositoryTests.CourseRepoTest" name="SelectTotalCoursesByInstructorIdAsync_WithNullOrEmptyInstructorId_ThrowsArgumentException" />
    </UnitTest>
    <UnitTest name="StudyJet.API.Tests.ControllerTests.AuthControllerTests.RegisterInstructor_ReturnsBadRequest_WhenFailed" storage="c:\users\bhask\desktop\studyjet\studyjet.api.tests\bin\debug\net8.0\studyjet.api.tests.dll" id="bc8b2ba6-7560-66da-18de-6bf7310d2a19">
      <Execution id="e00960ae-fa2c-4daa-a65c-57c07cab5d3a" />
      <TestMethod codeBase="C:\Users\bhask\Desktop\StudyJet\StudyJet.API.Tests\bin\Debug\net8.0\StudyJet.API.Tests.dll" adapterTypeName="executor://xunit/VsTestRunner2/netcoreapp" className="StudyJet.API.Tests.ControllerTests.AuthControllerTests" name="RegisterInstructor_ReturnsBadRequest_WhenFailed" />
    </UnitTest>
    <UnitTest name="StudyJet.API.Tests.ControllerTests.AuthControllerTests.Register_ReturnsOk_WhenRegistrationSucceeds" storage="c:\users\bhask\desktop\studyjet\studyjet.api.tests\bin\debug\net8.0\studyjet.api.tests.dll" id="d98f7e08-65e3-49ac-4e71-06c263e89e63">
      <Execution id="909b9f9c-451a-42a7-9b68-792666984ab4" />
      <TestMethod codeBase="C:\Users\bhask\Desktop\StudyJet\StudyJet.API.Tests\bin\Debug\net8.0\StudyJet.API.Tests.dll" adapterTypeName="executor://xunit/VsTestRunner2/netcoreapp" className="StudyJet.API.Tests.ControllerTests.AuthControllerTests" name="Register_ReturnsOk_WhenRegistrationSucceeds" />
    </UnitTest>
    <UnitTest name="StudyJet.API.Tests.ControllerTests.AuthControllerTests.VerifyPassword_ShouldReturnOk_WhenPasswordIsValid" storage="c:\users\bhask\desktop\studyjet\studyjet.api.tests\bin\debug\net8.0\studyjet.api.tests.dll" id="776e1352-88cf-2af4-2831-59a9a8c72f3f">
      <Execution id="088d95a7-2a03-44d0-a259-bf30fa89e91f" />
      <TestMethod codeBase="C:\Users\bhask\Desktop\StudyJet\StudyJet.API.Tests\bin\Debug\net8.0\StudyJet.API.Tests.dll" adapterTypeName="executor://xunit/VsTestRunner2/netcoreapp" className="StudyJet.API.Tests.ControllerTests.AuthControllerTests" name="VerifyPassword_ShouldReturnOk_WhenPasswordIsValid" />
    </UnitTest>
    <UnitTest name="StudyJet.API.Tests.ControllerTests.NotificationControllerTest.GetNotifications_ShouldReturnUnauthorized_WhenUserIdIsNotPresent" storage="c:\users\bhask\desktop\studyjet\studyjet.api.tests\bin\debug\net8.0\studyjet.api.tests.dll" id="526864aa-5f22-42e1-c696-302296443599">
      <Execution id="bc403c13-67e4-4c77-9ae2-ca069204f68c" />
      <TestMethod codeBase="C:\Users\bhask\Desktop\StudyJet\StudyJet.API.Tests\bin\Debug\net8.0\StudyJet.API.Tests.dll" adapterTypeName="executor://xunit/VsTestRunner2/netcoreapp" className="StudyJet.API.Tests.ControllerTests.NotificationControllerTest" name="GetNotifications_ShouldReturnUnauthorized_WhenUserIdIsNotPresent" />
    </UnitTest>
    <UnitTest name="StudyJet.API.Tests.ServiceTests.UserServiceTest.AddUserAsync_UserCreatedSuccessfully_ReturnsSuccess" storage="c:\users\bhask\desktop\studyjet\studyjet.api.tests\bin\debug\net8.0\studyjet.api.tests.dll" id="5060cf81-5e7f-d4e6-5474-403bf18668d2">
      <Execution id="6062c9cd-6f39-4c59-868e-d680da3ead4f" />
      <TestMethod codeBase="C:\Users\bhask\Desktop\StudyJet\StudyJet.API.Tests\bin\Debug\net8.0\StudyJet.API.Tests.dll" adapterTypeName="executor://xunit/VsTestRunner2/netcoreapp" className="StudyJet.API.Tests.ServiceTests.UserServiceTest" name="AddUserAsync_UserCreatedSuccessfully_ReturnsSuccess" />
    </UnitTest>
    <UnitTest name="StudyJet.API.Tests.ServiceTests.CategoryServiceTest.UpdateAsync_UpdatesCategory_WhenCategoryExists" storage="c:\users\bhask\desktop\studyjet\studyjet.api.tests\bin\debug\net8.0\studyjet.api.tests.dll" id="de13656f-5f16-52cb-da97-3ffc5fa93774">
      <Execution id="49213d5c-5f26-4ec5-83d6-a1346304fa21" />
      <TestMethod codeBase="C:\Users\bhask\Desktop\StudyJet\StudyJet.API.Tests\bin\Debug\net8.0\StudyJet.API.Tests.dll" adapterTypeName="executor://xunit/VsTestRunner2/netcoreapp" className="StudyJet.API.Tests.ServiceTests.CategoryServiceTest" name="UpdateAsync_UpdatesCategory_WhenCategoryExists" />
    </UnitTest>
    <UnitTest name="StudyJet.API.Tests.ServiceTests.UserServiceTest.CheckIfEmailExistsAsync_EmailDoesNotExist_ReturnsFalse" storage="c:\users\bhask\desktop\studyjet\studyjet.api.tests\bin\debug\net8.0\studyjet.api.tests.dll" id="430b4922-efa3-5dde-cdce-3d3dbb505df6">
      <Execution id="a45c54f8-9026-4887-a43a-8f56bb97d7aa" />
      <TestMethod codeBase="C:\Users\bhask\Desktop\StudyJet\StudyJet.API.Tests\bin\Debug\net8.0\StudyJet.API.Tests.dll" adapterTypeName="executor://xunit/VsTestRunner2/netcoreapp" className="StudyJet.API.Tests.ServiceTests.UserServiceTest" name="CheckIfEmailExistsAsync_EmailDoesNotExist_ReturnsFalse" />
    </UnitTest>
    <UnitTest name="StudyJet.API.Tests.RepositoryTests.CategoryRepoTest.ExistsAsync_ShouldReturnTrue_WhenCategoryExists" storage="c:\users\bhask\desktop\studyjet\studyjet.api.tests\bin\debug\net8.0\studyjet.api.tests.dll" id="7003e643-6399-c3da-ad64-984ffffa52db">
      <Execution id="942983c9-ee16-4c82-aa66-49a20f07100d" />
      <TestMethod codeBase="C:\Users\bhask\Desktop\StudyJet\StudyJet.API.Tests\bin\Debug\net8.0\StudyJet.API.Tests.dll" adapterTypeName="executor://xunit/VsTestRunner2/netcoreapp" className="StudyJet.API.Tests.RepositoryTests.CategoryRepoTest" name="ExistsAsync_ShouldReturnTrue_WhenCategoryExists" />
    </UnitTest>
    <UnitTest name="StudyJet.API.Tests.ServiceTests.NotificationServiceTest.GetNotificationByUserIdAsync_ShouldThrowArgumentException_WhenUserIdIsInvalid(invalidUserId: &quot;&quot;)" storage="c:\users\bhask\desktop\studyjet\studyjet.api.tests\bin\debug\net8.0\studyjet.api.tests.dll" id="d7775649-5b8a-468f-188a-4d8d2bd9602e">
      <Execution id="d7eb7749-1315-4483-b31e-51f832a2cd13" />
      <TestMethod codeBase="C:\Users\bhask\Desktop\StudyJet\StudyJet.API.Tests\bin\Debug\net8.0\StudyJet.API.Tests.dll" adapterTypeName="executor://xunit/VsTestRunner2/netcoreapp" className="StudyJet.API.Tests.ServiceTests.NotificationServiceTest" name="GetNotificationByUserIdAsync_ShouldThrowArgumentException_WhenUserIdIsInvalid" />
    </UnitTest>
    <UnitTest name="StudyJet.API.Tests.RepositoryTests.CartRepoTest.SelectCartItemsAsync_NoItemsInCart" storage="c:\users\bhask\desktop\studyjet\studyjet.api.tests\bin\debug\net8.0\studyjet.api.tests.dll" id="7c7caab9-d99c-af01-f28d-fa02637c4be5">
      <Execution id="a948e7f7-4bbb-4cf0-8367-546ac514d090" />
      <TestMethod codeBase="C:\Users\bhask\Desktop\StudyJet\StudyJet.API.Tests\bin\Debug\net8.0\StudyJet.API.Tests.dll" adapterTypeName="executor://xunit/VsTestRunner2/netcoreapp" className="StudyJet.API.Tests.RepositoryTests.CartRepoTest" name="SelectCartItemsAsync_NoItemsInCart" />
    </UnitTest>
    <UnitTest name="StudyJet.API.Tests.RepositoryTests.CourseRepoTest.SelectCoursesWithStudentsForInstructorAsync_WithValidInstructorId_ReturnsCoursesWithStudents" storage="c:\users\bhask\desktop\studyjet\studyjet.api.tests\bin\debug\net8.0\studyjet.api.tests.dll" id="cf035b26-f9ea-e63b-94de-8116c3b1e8d3">
      <Execution id="6309f8a4-0108-4ec3-bcf6-d873b5915a2e" />
      <TestMethod codeBase="C:\Users\bhask\Desktop\StudyJet\StudyJet.API.Tests\bin\Debug\net8.0\StudyJet.API.Tests.dll" adapterTypeName="executor://xunit/VsTestRunner2/netcoreapp" className="StudyJet.API.Tests.RepositoryTests.CourseRepoTest" name="SelectCoursesWithStudentsForInstructorAsync_WithValidInstructorId_ReturnsCoursesWithStudents" />
    </UnitTest>
    <UnitTest name="StudyJet.API.Tests.RepositoryTests.UserPurchaseCourseRepoTest.SelectPurchasedCourseAsync_ReturnsEmptyList_WhenUserHasNoPurchases" storage="c:\users\bhask\desktop\studyjet\studyjet.api.tests\bin\debug\net8.0\studyjet.api.tests.dll" id="6131c4bf-38b9-6207-a266-59a3fe8a6cb2">
      <Execution id="c8f6e244-e320-4215-a0b0-8741db9e1921" />
      <TestMethod codeBase="C:\Users\bhask\Desktop\StudyJet\StudyJet.API.Tests\bin\Debug\net8.0\StudyJet.API.Tests.dll" adapterTypeName="executor://xunit/VsTestRunner2/netcoreapp" className="StudyJet.API.Tests.RepositoryTests.UserPurchaseCourseRepoTest" name="SelectPurchasedCourseAsync_ReturnsEmptyList_WhenUserHasNoPurchases" />
    </UnitTest>
    <UnitTest name="StudyJet.API.Tests.RepositoryTests.CourseRepoTest.SelectTotalCoursesByInstructorIdAsync_WithNullOrEmptyInstructorId_ThrowsArgumentException(instructorId: &quot;&quot;)" storage="c:\users\bhask\desktop\studyjet\studyjet.api.tests\bin\debug\net8.0\studyjet.api.tests.dll" id="0d4ae29e-fc99-27e1-f381-9444ca8ac9a7">
      <Execution id="b66e137e-5a67-4471-95b8-2708c5b0c5a4" />
      <TestMethod codeBase="C:\Users\bhask\Desktop\StudyJet\StudyJet.API.Tests\bin\Debug\net8.0\StudyJet.API.Tests.dll" adapterTypeName="executor://xunit/VsTestRunner2/netcoreapp" className="StudyJet.API.Tests.RepositoryTests.CourseRepoTest" name="SelectTotalCoursesByInstructorIdAsync_WithNullOrEmptyInstructorId_ThrowsArgumentException" />
    </UnitTest>
    <UnitTest name="StudyJet.API.Tests.RepositoryTests.CourseRepoTest.SearchCoursesAsync_WithMatchingQuery_ReturnsExpectedCourses" storage="c:\users\bhask\desktop\studyjet\studyjet.api.tests\bin\debug\net8.0\studyjet.api.tests.dll" id="b6b97568-eb2e-3f27-0ad3-d271bf5188de">
      <Execution id="9ac14bb9-cf70-4ade-bf0f-8d35677dd8c9" />
      <TestMethod codeBase="C:\Users\bhask\Desktop\StudyJet\StudyJet.API.Tests\bin\Debug\net8.0\StudyJet.API.Tests.dll" adapterTypeName="executor://xunit/VsTestRunner2/netcoreapp" className="StudyJet.API.Tests.RepositoryTests.CourseRepoTest" name="SearchCoursesAsync_WithMatchingQuery_ReturnsExpectedCourses" />
    </UnitTest>
    <UnitTest name="StudyJet.API.Tests.ServiceTests.CartServiceTest.AddToCartAsync_CourseAlreadyInCart_ThrowsInvalidOperationException" storage="c:\users\bhask\desktop\studyjet\studyjet.api.tests\bin\debug\net8.0\studyjet.api.tests.dll" id="31eae4ca-38de-3826-789b-3976060d42dd">
      <Execution id="20448ca0-67fc-4b60-958e-c3332ded4eae" />
      <TestMethod codeBase="C:\Users\bhask\Desktop\StudyJet\StudyJet.API.Tests\bin\Debug\net8.0\StudyJet.API.Tests.dll" adapterTypeName="executor://xunit/VsTestRunner2/netcoreapp" className="StudyJet.API.Tests.ServiceTests.CartServiceTest" name="AddToCartAsync_CourseAlreadyInCart_ThrowsInvalidOperationException" />
    </UnitTest>
    <UnitTest name="StudyJet.API.Tests.ControllerTests.CourseControllerTest.Search_ShouldReturnBadRequest_WhenQueryIsInvalid(query: &quot;a&quot;)" storage="c:\users\bhask\desktop\studyjet\studyjet.api.tests\bin\debug\net8.0\studyjet.api.tests.dll" id="fc37987b-cfa8-dd10-eeeb-e0bf079ab3c5">
      <Execution id="e28f4311-9521-48ca-9a4a-2bcf746c6055" />
      <TestMethod codeBase="C:\Users\bhask\Desktop\StudyJet\StudyJet.API.Tests\bin\Debug\net8.0\StudyJet.API.Tests.dll" adapterTypeName="executor://xunit/VsTestRunner2/netcoreapp" className="StudyJet.API.Tests.ControllerTests.CourseControllerTest" name="Search_ShouldReturnBadRequest_WhenQueryIsInvalid" />
    </UnitTest>
    <UnitTest name="StudyJet.API.Tests.ServiceTests.CategoryServiceTest.DeleteAsync_ReturnsTrue_WhenCategoryExistsAndIsDeleted" storage="c:\users\bhask\desktop\studyjet\studyjet.api.tests\bin\debug\net8.0\studyjet.api.tests.dll" id="10d3f586-0863-9a84-848d-4ab224e0b9df">
      <Execution id="5f03aaae-2b52-40a0-a770-7ffefd2c47f5" />
      <TestMethod codeBase="C:\Users\bhask\Desktop\StudyJet\StudyJet.API.Tests\bin\Debug\net8.0\StudyJet.API.Tests.dll" adapterTypeName="executor://xunit/VsTestRunner2/netcoreapp" className="StudyJet.API.Tests.ServiceTests.CategoryServiceTest" name="DeleteAsync_ReturnsTrue_WhenCategoryExistsAndIsDeleted" />
    </UnitTest>
    <UnitTest name="StudyJet.API.Tests.ServiceTests.UserServiceTest.GetUserRolesAsync_UserHasRoles_ReturnsRolesList" storage="c:\users\bhask\desktop\studyjet\studyjet.api.tests\bin\debug\net8.0\studyjet.api.tests.dll" id="05d5e07f-5407-18ba-1042-b1c88b9045e3">
      <Execution id="5b7b3665-b44b-4c35-b82b-5c5f5c988d21" />
      <TestMethod codeBase="C:\Users\bhask\Desktop\StudyJet\StudyJet.API.Tests\bin\Debug\net8.0\StudyJet.API.Tests.dll" adapterTypeName="executor://xunit/VsTestRunner2/netcoreapp" className="StudyJet.API.Tests.ServiceTests.UserServiceTest" name="GetUserRolesAsync_UserHasRoles_ReturnsRolesList" />
    </UnitTest>
    <UnitTest name="StudyJet.API.Tests.ControllerTests.AuthControllerTests.VerifyPassword_ShouldReturnBadRequest_WhenPasswordIsInvalid" storage="c:\users\bhask\desktop\studyjet\studyjet.api.tests\bin\debug\net8.0\studyjet.api.tests.dll" id="c6442d0b-85ec-cba2-3524-c28bd0f75732">
      <Execution id="c31012a4-f7b5-475f-ae64-de9f8ee280d8" />
      <TestMethod codeBase="C:\Users\bhask\Desktop\StudyJet\StudyJet.API.Tests\bin\Debug\net8.0\StudyJet.API.Tests.dll" adapterTypeName="executor://xunit/VsTestRunner2/netcoreapp" className="StudyJet.API.Tests.ControllerTests.AuthControllerTests" name="VerifyPassword_ShouldReturnBadRequest_WhenPasswordIsInvalid" />
    </UnitTest>
    <UnitTest name="StudyJet.API.Tests.RepositoryTests.CourseRepoTest.RejectCourseAsync_WithValidCourseId_UpdatesStatusAndReturnsTrue" storage="c:\users\bhask\desktop\studyjet\studyjet.api.tests\bin\debug\net8.0\studyjet.api.tests.dll" id="4bf81e9d-d5c6-5377-c3c3-69dc0a9c23bc">
      <Execution id="81676867-1bca-4511-8b55-c77639f3c0fc" />
      <TestMethod codeBase="C:\Users\bhask\Desktop\StudyJet\StudyJet.API.Tests\bin\Debug\net8.0\StudyJet.API.Tests.dll" adapterTypeName="executor://xunit/VsTestRunner2/netcoreapp" className="StudyJet.API.Tests.RepositoryTests.CourseRepoTest" name="RejectCourseAsync_WithValidCourseId_UpdatesStatusAndReturnsTrue" />
    </UnitTest>
    <UnitTest name="StudyJet.API.Tests.ServiceTests.CategoryServiceTest.GetByIdAsync_ReturnsNull_WhenCategoryDoesNotExist" storage="c:\users\bhask\desktop\studyjet\studyjet.api.tests\bin\debug\net8.0\studyjet.api.tests.dll" id="200b28c1-e178-261b-cb73-d8722fdfa8c2">
      <Execution id="3f396b12-f319-470d-af8c-9d56f9ec57be" />
      <TestMethod codeBase="C:\Users\bhask\Desktop\StudyJet\StudyJet.API.Tests\bin\Debug\net8.0\StudyJet.API.Tests.dll" adapterTypeName="executor://xunit/VsTestRunner2/netcoreapp" className="StudyJet.API.Tests.ServiceTests.CategoryServiceTest" name="GetByIdAsync_ReturnsNull_WhenCategoryDoesNotExist" />
    </UnitTest>
    <UnitTest name="StudyJet.API.Tests.ControllerTests.UserPurchaseCourseControllerTest.GetSuggestedCourses_ShouldReturnUnauthorized_WhenUserIsNotAuthenticated" storage="c:\users\bhask\desktop\studyjet\studyjet.api.tests\bin\debug\net8.0\studyjet.api.tests.dll" id="065d0e2c-ebff-a26a-edb7-3d12f81bec08">
      <Execution id="46929c3e-da3b-4499-9c7e-2ff7968f058b" />
      <TestMethod codeBase="C:\Users\bhask\Desktop\StudyJet\StudyJet.API.Tests\bin\Debug\net8.0\StudyJet.API.Tests.dll" adapterTypeName="executor://xunit/VsTestRunner2/netcoreapp" className="StudyJet.API.Tests.ControllerTests.UserPurchaseCourseControllerTest" name="GetSuggestedCourses_ShouldReturnUnauthorized_WhenUserIsNotAuthenticated" />
    </UnitTest>
    <UnitTest name="StudyJet.API.Tests.ServiceTests.WishlistServiceTest.IsCourseInWishlistAsync_CourseNotInWishlist_ReturnsFalse" storage="c:\users\bhask\desktop\studyjet\studyjet.api.tests\bin\debug\net8.0\studyjet.api.tests.dll" id="1e8ce3de-7334-3a9a-37d6-7ffab1030452">
      <Execution id="029ca751-99b1-41bf-923a-fa4762d06fd2" />
      <TestMethod codeBase="C:\Users\bhask\Desktop\StudyJet\StudyJet.API.Tests\bin\Debug\net8.0\StudyJet.API.Tests.dll" adapterTypeName="executor://xunit/VsTestRunner2/netcoreapp" className="StudyJet.API.Tests.ServiceTests.WishlistServiceTest" name="IsCourseInWishlistAsync_CourseNotInWishlist_ReturnsFalse" />
    </UnitTest>
    <UnitTest name="StudyJet.API.Tests.ServiceTests.CourseServiceTest.SubmitCourseUpdateAsync_ReturnsTrue_WhenUpdateIsSuccessful" storage="c:\users\bhask\desktop\studyjet\studyjet.api.tests\bin\debug\net8.0\studyjet.api.tests.dll" id="2e688f83-ebef-1820-9e5f-849a23d1ecd3">
      <Execution id="c0e52063-2687-40b9-b9a9-046e3828a6c3" />
      <TestMethod codeBase="C:\Users\bhask\Desktop\StudyJet\StudyJet.API.Tests\bin\Debug\net8.0\StudyJet.API.Tests.dll" adapterTypeName="executor://xunit/VsTestRunner2/netcoreapp" className="StudyJet.API.Tests.ServiceTests.CourseServiceTest" name="SubmitCourseUpdateAsync_ReturnsTrue_WhenUpdateIsSuccessful" />
    </UnitTest>
    <UnitTest name="StudyJet.API.Tests.ServiceTests.AuthServiceTest.LoginUserAsync_InvalidPassword_ThrowsUnauthorizedAccessException" storage="c:\users\bhask\desktop\studyjet\studyjet.api.tests\bin\debug\net8.0\studyjet.api.tests.dll" id="e9ea43a2-921e-9004-4d56-97c108057362">
      <Execution id="d1c1b14d-a3a0-4d02-8c76-e48093908e88" />
      <TestMethod codeBase="C:\Users\bhask\Desktop\StudyJet\StudyJet.API.Tests\bin\Debug\net8.0\StudyJet.API.Tests.dll" adapterTypeName="executor://xunit/VsTestRunner2/netcoreapp" className="StudyJet.API.Tests.ServiceTests.AuthServiceTest" name="LoginUserAsync_InvalidPassword_ThrowsUnauthorizedAccessException" />
    </UnitTest>
    <UnitTest name="StudyJet.API.Tests.RepositoryTests.WishlistRepoTest.InsertCourseToWishlistAsync_ReturnsFalse_WhenCourseAlreadyInWishlist" storage="c:\users\bhask\desktop\studyjet\studyjet.api.tests\bin\debug\net8.0\studyjet.api.tests.dll" id="c8d67a1a-0bfb-23b6-47a6-117589e1e205">
      <Execution id="f99c4a41-57cd-4b92-a7c7-090ad2d81f14" />
      <TestMethod codeBase="C:\Users\bhask\Desktop\StudyJet\StudyJet.API.Tests\bin\Debug\net8.0\StudyJet.API.Tests.dll" adapterTypeName="executor://xunit/VsTestRunner2/netcoreapp" className="StudyJet.API.Tests.RepositoryTests.WishlistRepoTest" name="InsertCourseToWishlistAsync_ReturnsFalse_WhenCourseAlreadyInWishlist" />
    </UnitTest>
    <UnitTest name="StudyJet.API.Tests.ServiceTests.AuthServiceTest.Verify2FACodeAsync_InvalidCode_ReturnsFalse" storage="c:\users\bhask\desktop\studyjet\studyjet.api.tests\bin\debug\net8.0\studyjet.api.tests.dll" id="ea0eb7a3-aa96-5313-7b12-6a1ed929a83a">
      <Execution id="2bda2eee-1629-45e6-b6eb-7222849cc213" />
      <TestMethod codeBase="C:\Users\bhask\Desktop\StudyJet\StudyJet.API.Tests\bin\Debug\net8.0\StudyJet.API.Tests.dll" adapterTypeName="executor://xunit/VsTestRunner2/netcoreapp" className="StudyJet.API.Tests.ServiceTests.AuthServiceTest" name="Verify2FACodeAsync_InvalidCode_ReturnsFalse" />
    </UnitTest>
    <UnitTest name="StudyJet.API.Tests.RepositoryTests.CourseRepoTest.SelectTitleByIdAsync_ThrowsException_WhenCourseNotFound" storage="c:\users\bhask\desktop\studyjet\studyjet.api.tests\bin\debug\net8.0\studyjet.api.tests.dll" id="e4fd0a3b-ed0d-9275-c9dd-0cce32e5e3d0">
      <Execution id="6fbfe704-b9e7-4da3-b523-cacbc778fad8" />
      <TestMethod codeBase="C:\Users\bhask\Desktop\StudyJet\StudyJet.API.Tests\bin\Debug\net8.0\StudyJet.API.Tests.dll" adapterTypeName="executor://xunit/VsTestRunner2/netcoreapp" className="StudyJet.API.Tests.RepositoryTests.CourseRepoTest" name="SelectTitleByIdAsync_ThrowsException_WhenCourseNotFound" />
    </UnitTest>
    <UnitTest name="StudyJet.API.Tests.RepositoryTests.CourseRepoTest.RejectPendingUpdatesAsync_WhenNoPendingUpdateExists_ReturnsFalse" storage="c:\users\bhask\desktop\studyjet\studyjet.api.tests\bin\debug\net8.0\studyjet.api.tests.dll" id="bda718a8-11c3-0223-8818-c26577e6bd3c">
      <Execution id="76508cfa-7f34-41df-a725-f621a49a30a3" />
      <TestMethod codeBase="C:\Users\bhask\Desktop\StudyJet\StudyJet.API.Tests\bin\Debug\net8.0\StudyJet.API.Tests.dll" adapterTypeName="executor://xunit/VsTestRunner2/netcoreapp" className="StudyJet.API.Tests.RepositoryTests.CourseRepoTest" name="RejectPendingUpdatesAsync_WhenNoPendingUpdateExists_ReturnsFalse" />
    </UnitTest>
    <UnitTest name="StudyJet.API.Tests.ServiceTests.AuthServiceTest.RegisterUserAsync_AllValid_ReturnsSuccess" storage="c:\users\bhask\desktop\studyjet\studyjet.api.tests\bin\debug\net8.0\studyjet.api.tests.dll" id="2731e003-37b3-7a3a-09f6-f54a6b0c9e53">
      <Execution id="6b035785-805b-430d-a66b-bb551f278111" />
      <TestMethod codeBase="C:\Users\bhask\Desktop\StudyJet\StudyJet.API.Tests\bin\Debug\net8.0\StudyJet.API.Tests.dll" adapterTypeName="executor://xunit/VsTestRunner2/netcoreapp" className="StudyJet.API.Tests.ServiceTests.AuthServiceTest" name="RegisterUserAsync_AllValid_ReturnsSuccess" />
    </UnitTest>
    <UnitTest name="StudyJet.API.Tests.ControllerTests.CourseControllerTest.GetCoursesByInstructor_ShouldReturnCourses_WhenInstructorIdIsValid" storage="c:\users\bhask\desktop\studyjet\studyjet.api.tests\bin\debug\net8.0\studyjet.api.tests.dll" id="aa9daa07-6580-043b-0583-e8ebbe71d8f0">
      <Execution id="c51e96d7-8150-4366-b822-2df26ff77b52" />
      <TestMethod codeBase="C:\Users\bhask\Desktop\StudyJet\StudyJet.API.Tests\bin\Debug\net8.0\StudyJet.API.Tests.dll" adapterTypeName="executor://xunit/VsTestRunner2/netcoreapp" className="StudyJet.API.Tests.ControllerTests.CourseControllerTest" name="GetCoursesByInstructor_ShouldReturnCourses_WhenInstructorIdIsValid" />
    </UnitTest>
    <UnitTest name="StudyJet.API.Tests.RepositoryTests.CourseRepoTest.SelectTitleByIdAsync_ReturnsCourseDetails_WhenCourseExists" storage="c:\users\bhask\desktop\studyjet\studyjet.api.tests\bin\debug\net8.0\studyjet.api.tests.dll" id="e8b6ce4f-85bb-5105-1110-341a0ba15f9f">
      <Execution id="de68f93d-3a2a-4b07-aaf7-1769285d931c" />
      <TestMethod codeBase="C:\Users\bhask\Desktop\StudyJet\StudyJet.API.Tests\bin\Debug\net8.0\StudyJet.API.Tests.dll" adapterTypeName="executor://xunit/VsTestRunner2/netcoreapp" className="StudyJet.API.Tests.RepositoryTests.CourseRepoTest" name="SelectTitleByIdAsync_ReturnsCourseDetails_WhenCourseExists" />
    </UnitTest>
    <UnitTest name="StudyJet.API.Tests.ServiceTests.AuthServiceTest.RegisterUserAsync_EmailSendingFails_ReturnsEmailSendingError" storage="c:\users\bhask\desktop\studyjet\studyjet.api.tests\bin\debug\net8.0\studyjet.api.tests.dll" id="b946093b-a65c-fefb-8362-85583c09ea3a">
      <Execution id="40e0b61b-cae8-4cac-bc66-94b396bff2f3" />
      <TestMethod codeBase="C:\Users\bhask\Desktop\StudyJet\StudyJet.API.Tests\bin\Debug\net8.0\StudyJet.API.Tests.dll" adapterTypeName="executor://xunit/VsTestRunner2/netcoreapp" className="StudyJet.API.Tests.ServiceTests.AuthServiceTest" name="RegisterUserAsync_EmailSendingFails_ReturnsEmailSendingError" />
    </UnitTest>
    <UnitTest name="StudyJet.API.Tests.ServiceTests.UserServiceTest.CountStudentAsync_ReturnsZero_WhenNoStudentsFound" storage="c:\users\bhask\desktop\studyjet\studyjet.api.tests\bin\debug\net8.0\studyjet.api.tests.dll" id="fad155c6-f10c-386f-97d6-2c466de7c23c">
      <Execution id="99f547db-2406-4390-9490-33ef74951eb9" />
      <TestMethod codeBase="C:\Users\bhask\Desktop\StudyJet\StudyJet.API.Tests\bin\Debug\net8.0\StudyJet.API.Tests.dll" adapterTypeName="executor://xunit/VsTestRunner2/netcoreapp" className="StudyJet.API.Tests.ServiceTests.UserServiceTest" name="CountStudentAsync_ReturnsZero_WhenNoStudentsFound" />
    </UnitTest>
    <UnitTest name="StudyJet.API.Tests.ServiceTests.AuthServiceTest.RegisterUserAsync_UserCreationFails_ReturnsUserCreationError" storage="c:\users\bhask\desktop\studyjet\studyjet.api.tests\bin\debug\net8.0\studyjet.api.tests.dll" id="281d1394-1bd5-084f-32d8-e3920aed3b26">
      <Execution id="ba94d8b1-8e30-4356-8975-d36362bea40c" />
      <TestMethod codeBase="C:\Users\bhask\Desktop\StudyJet\StudyJet.API.Tests\bin\Debug\net8.0\StudyJet.API.Tests.dll" adapterTypeName="executor://xunit/VsTestRunner2/netcoreapp" className="StudyJet.API.Tests.ServiceTests.AuthServiceTest" name="RegisterUserAsync_UserCreationFails_ReturnsUserCreationError" />
    </UnitTest>
    <UnitTest name="StudyJet.API.Tests.ControllerTests.AuthControllerTests.ResetPassword_ShouldReturnBadRequest_WhenUserNotFound" storage="c:\users\bhask\desktop\studyjet\studyjet.api.tests\bin\debug\net8.0\studyjet.api.tests.dll" id="43a5e444-2563-44e6-ad7b-dec7c336318a">
      <Execution id="c581222c-f15e-48b4-8165-d2cab2c7b074" />
      <TestMethod codeBase="C:\Users\bhask\Desktop\StudyJet\StudyJet.API.Tests\bin\Debug\net8.0\StudyJet.API.Tests.dll" adapterTypeName="executor://xunit/VsTestRunner2/netcoreapp" className="StudyJet.API.Tests.ControllerTests.AuthControllerTests" name="ResetPassword_ShouldReturnBadRequest_WhenUserNotFound" />
    </UnitTest>
    <UnitTest name="StudyJet.API.Tests.ControllerTests.CourseControllerTest.GetPendingCourses_ShouldReturnOkWithPendingCourses" storage="c:\users\bhask\desktop\studyjet\studyjet.api.tests\bin\debug\net8.0\studyjet.api.tests.dll" id="0587d6b5-c8b7-e8cd-b0b2-d85c4eb95adb">
      <Execution id="2cf00ad4-6a36-46b8-a3d1-80be9867df19" />
      <TestMethod codeBase="C:\Users\bhask\Desktop\StudyJet\StudyJet.API.Tests\bin\Debug\net8.0\StudyJet.API.Tests.dll" adapterTypeName="executor://xunit/VsTestRunner2/netcoreapp" className="StudyJet.API.Tests.ControllerTests.CourseControllerTest" name="GetPendingCourses_ShouldReturnOkWithPendingCourses" />
    </UnitTest>
    <UnitTest name="StudyJet.API.Tests.ServiceTests.CategoryServiceTest.GetAllAsync_ThrowsException_WhenRepoFails" storage="c:\users\bhask\desktop\studyjet\studyjet.api.tests\bin\debug\net8.0\studyjet.api.tests.dll" id="58b46aad-97fb-08ea-340f-9bc22c8889b5">
      <Execution id="5a2efecf-c4f2-4bc5-9147-888880269ca9" />
      <TestMethod codeBase="C:\Users\bhask\Desktop\StudyJet\StudyJet.API.Tests\bin\Debug\net8.0\StudyJet.API.Tests.dll" adapterTypeName="executor://xunit/VsTestRunner2/netcoreapp" className="StudyJet.API.Tests.ServiceTests.CategoryServiceTest" name="GetAllAsync_ThrowsException_WhenRepoFails" />
    </UnitTest>
    <UnitTest name="StudyJet.API.Tests.ControllerTests.CourseControllerTest.SubmitUpdate_ShouldReturnOk_WhenCourseUpdateIsSuccessful" storage="c:\users\bhask\desktop\studyjet\studyjet.api.tests\bin\debug\net8.0\studyjet.api.tests.dll" id="d766e4a5-f485-1dc7-fc0f-f91d6f19b234">
      <Execution id="25b1a64a-67de-4fad-b551-485137ef1903" />
      <TestMethod codeBase="C:\Users\bhask\Desktop\StudyJet\StudyJet.API.Tests\bin\Debug\net8.0\StudyJet.API.Tests.dll" adapterTypeName="executor://xunit/VsTestRunner2/netcoreapp" className="StudyJet.API.Tests.ControllerTests.CourseControllerTest" name="SubmitUpdate_ShouldReturnOk_WhenCourseUpdateIsSuccessful" />
    </UnitTest>
    <UnitTest name="StudyJet.API.Tests.ServiceTests.UserServiceTest.GetUserByEmailAsync_EmailDoesNotExist_ReturnsNull" storage="c:\users\bhask\desktop\studyjet\studyjet.api.tests\bin\debug\net8.0\studyjet.api.tests.dll" id="817d1c97-34cc-19ec-1202-abfdf9d74be3">
      <Execution id="f7f8e670-b8f7-446d-9905-4a97789075c9" />
      <TestMethod codeBase="C:\Users\bhask\Desktop\StudyJet\StudyJet.API.Tests\bin\Debug\net8.0\StudyJet.API.Tests.dll" adapterTypeName="executor://xunit/VsTestRunner2/netcoreapp" className="StudyJet.API.Tests.ServiceTests.UserServiceTest" name="GetUserByEmailAsync_EmailDoesNotExist_ReturnsNull" />
    </UnitTest>
    <UnitTest name="StudyJet.API.Tests.RepositoryTests.CourseRepoTest.SelectPopularCoursesAsync_ReturnsPopularApprovedCourses" storage="c:\users\bhask\desktop\studyjet\studyjet.api.tests\bin\debug\net8.0\studyjet.api.tests.dll" id="8a41e963-0fcb-ac6b-51f8-9dd3233f2958">
      <Execution id="e97cb3f8-f1d5-4e61-b60f-164f360a285a" />
      <TestMethod codeBase="C:\Users\bhask\Desktop\StudyJet\StudyJet.API.Tests\bin\Debug\net8.0\StudyJet.API.Tests.dll" adapterTypeName="executor://xunit/VsTestRunner2/netcoreapp" className="StudyJet.API.Tests.RepositoryTests.CourseRepoTest" name="SelectPopularCoursesAsync_ReturnsPopularApprovedCourses" />
    </UnitTest>
    <UnitTest name="StudyJet.API.Tests.ControllerTests.AuthControllerTests.Register_ReturnsBadRequest_WhenRegistrationFails" storage="c:\users\bhask\desktop\studyjet\studyjet.api.tests\bin\debug\net8.0\studyjet.api.tests.dll" id="2a697358-b084-c4d6-a2d5-ba820de8fb1d">
      <Execution id="2a4cedb9-9ea9-48bb-86e4-124fcb5bbc93" />
      <TestMethod codeBase="C:\Users\bhask\Desktop\StudyJet\StudyJet.API.Tests\bin\Debug\net8.0\StudyJet.API.Tests.dll" adapterTypeName="executor://xunit/VsTestRunner2/netcoreapp" className="StudyJet.API.Tests.ControllerTests.AuthControllerTests" name="Register_ReturnsBadRequest_WhenRegistrationFails" />
    </UnitTest>
    <UnitTest name="StudyJet.API.Tests.RepositoryTests.NotificationRepoTest.UpdateAsync_Success" storage="c:\users\bhask\desktop\studyjet\studyjet.api.tests\bin\debug\net8.0\studyjet.api.tests.dll" id="5917cd42-9469-4ff3-cf2d-488fe41ec3f9">
      <Execution id="a01b3c3a-3330-4e6d-a509-e11476b435c4" />
      <TestMethod codeBase="C:\Users\bhask\Desktop\StudyJet\StudyJet.API.Tests\bin\Debug\net8.0\StudyJet.API.Tests.dll" adapterTypeName="executor://xunit/VsTestRunner2/netcoreapp" className="StudyJet.API.Tests.RepositoryTests.NotificationRepoTest" name="UpdateAsync_Success" />
    </UnitTest>
    <UnitTest name="StudyJet.API.Tests.ServiceTests.AuthServiceTest.RegisterUserAsync_UsernameAlreadyExists_ReturnsUsernameInUseError" storage="c:\users\bhask\desktop\studyjet\studyjet.api.tests\bin\debug\net8.0\studyjet.api.tests.dll" id="29004455-da0c-a9e9-2aad-680c38422f19">
      <Execution id="00c6fcd4-783c-4fc7-9c7d-64efc0bd269d" />
      <TestMethod codeBase="C:\Users\bhask\Desktop\StudyJet\StudyJet.API.Tests\bin\Debug\net8.0\StudyJet.API.Tests.dll" adapterTypeName="executor://xunit/VsTestRunner2/netcoreapp" className="StudyJet.API.Tests.ServiceTests.AuthServiceTest" name="RegisterUserAsync_UsernameAlreadyExists_ReturnsUsernameInUseError" />
    </UnitTest>
    <UnitTest name="StudyJet.API.Tests.ControllerTests.AuthControllerTests.ForgotPassword_ShouldReturnBadRequest_WhenModelStateIsInvalid" storage="c:\users\bhask\desktop\studyjet\studyjet.api.tests\bin\debug\net8.0\studyjet.api.tests.dll" id="514034c1-9180-007f-c828-030ece337836">
      <Execution id="0215761f-0ad1-409c-9873-99aa34b65b56" />
      <TestMethod codeBase="C:\Users\bhask\Desktop\StudyJet\StudyJet.API.Tests\bin\Debug\net8.0\StudyJet.API.Tests.dll" adapterTypeName="executor://xunit/VsTestRunner2/netcoreapp" className="StudyJet.API.Tests.ControllerTests.AuthControllerTests" name="ForgotPassword_ShouldReturnBadRequest_WhenModelStateIsInvalid" />
    </UnitTest>
    <UnitTest name="StudyJet.API.Tests.ServiceTests.UserServiceTest.GetUserByIdAsync_UserExists_ReturnsUser" storage="c:\users\bhask\desktop\studyjet\studyjet.api.tests\bin\debug\net8.0\studyjet.api.tests.dll" id="0cda3cf7-e2a9-8495-a33f-f100c5912a7e">
      <Execution id="481205b3-242d-4409-982b-8449721ab606" />
      <TestMethod codeBase="C:\Users\bhask\Desktop\StudyJet\StudyJet.API.Tests\bin\Debug\net8.0\StudyJet.API.Tests.dll" adapterTypeName="executor://xunit/VsTestRunner2/netcoreapp" className="StudyJet.API.Tests.ServiceTests.UserServiceTest" name="GetUserByIdAsync_UserExists_ReturnsUser" />
    </UnitTest>
    <UnitTest name="StudyJet.API.Tests.ServiceTests.UserServiceTest.ValidatePassword_PasswordsMatch_ReturnsTrue" storage="c:\users\bhask\desktop\studyjet\studyjet.api.tests\bin\debug\net8.0\studyjet.api.tests.dll" id="6328e0b7-11f3-a352-c800-45c803757bb9">
      <Execution id="b3eefdba-a1ee-4bc7-b65c-56fec7763679" />
      <TestMethod codeBase="C:\Users\bhask\Desktop\StudyJet\StudyJet.API.Tests\bin\Debug\net8.0\StudyJet.API.Tests.dll" adapterTypeName="executor://xunit/VsTestRunner2/netcoreapp" className="StudyJet.API.Tests.ServiceTests.UserServiceTest" name="ValidatePassword_PasswordsMatch_ReturnsTrue" />
    </UnitTest>
    <UnitTest name="StudyJet.API.Tests.ServiceTests.CourseServiceTest.GetPendingCoursesAsync_ReturnsEmptyList_WhenRepositoryReturnsEmptyList" storage="c:\users\bhask\desktop\studyjet\studyjet.api.tests\bin\debug\net8.0\studyjet.api.tests.dll" id="b66499a9-2476-2776-c0e1-04fcca7ff636">
      <Execution id="6f03d825-381b-4988-a8e8-882764420031" />
      <TestMethod codeBase="C:\Users\bhask\Desktop\StudyJet\StudyJet.API.Tests\bin\Debug\net8.0\StudyJet.API.Tests.dll" adapterTypeName="executor://xunit/VsTestRunner2/netcoreapp" className="StudyJet.API.Tests.ServiceTests.CourseServiceTest" name="GetPendingCoursesAsync_ReturnsEmptyList_WhenRepositoryReturnsEmptyList" />
    </UnitTest>
    <UnitTest name="StudyJet.API.Tests.ServiceTests.AuthServiceTest.GenerateQRCodeImage_EmptyInput_ThrowsArgumentNullException" storage="c:\users\bhask\desktop\studyjet\studyjet.api.tests\bin\debug\net8.0\studyjet.api.tests.dll" id="c7144d7d-f9af-ba6f-5ee2-79ade54546d3">
      <Execution id="87aedecf-035e-4f25-bd7b-3d5761714797" />
      <TestMethod codeBase="C:\Users\bhask\Desktop\StudyJet\StudyJet.API.Tests\bin\Debug\net8.0\StudyJet.API.Tests.dll" adapterTypeName="executor://xunit/VsTestRunner2/netcoreapp" className="StudyJet.API.Tests.ServiceTests.AuthServiceTest" name="GenerateQRCodeImage_EmptyInput_ThrowsArgumentNullException" />
    </UnitTest>
    <UnitTest name="StudyJet.API.Tests.ServiceTests.CourseServiceTest.SearchCoursesAsync_CallsRepositoryMethod" storage="c:\users\bhask\desktop\studyjet\studyjet.api.tests\bin\debug\net8.0\studyjet.api.tests.dll" id="efd6a7c7-4fe7-21be-c31f-55a96ad30260">
      <Execution id="d18d5c10-41ff-449d-aaac-e849d3799ec6" />
      <TestMethod codeBase="C:\Users\bhask\Desktop\StudyJet\StudyJet.API.Tests\bin\Debug\net8.0\StudyJet.API.Tests.dll" adapterTypeName="executor://xunit/VsTestRunner2/netcoreapp" className="StudyJet.API.Tests.ServiceTests.CourseServiceTest" name="SearchCoursesAsync_CallsRepositoryMethod" />
    </UnitTest>
    <UnitTest name="StudyJet.API.Tests.ServiceTests.AuthServiceTest.ForgotPasswordAsync_ReturnsTrue_WhenEmailExistsAndEmailIsSent" storage="c:\users\bhask\desktop\studyjet\studyjet.api.tests\bin\debug\net8.0\studyjet.api.tests.dll" id="e4132d7b-5391-2df8-560a-77a923b20704">
      <Execution id="e390bdf2-f0a9-45c4-9cd1-0d9fbf01605e" />
      <TestMethod codeBase="C:\Users\bhask\Desktop\StudyJet\StudyJet.API.Tests\bin\Debug\net8.0\StudyJet.API.Tests.dll" adapterTypeName="executor://xunit/VsTestRunner2/netcoreapp" className="StudyJet.API.Tests.ServiceTests.AuthServiceTest" name="ForgotPasswordAsync_ReturnsTrue_WhenEmailExistsAndEmailIsSent" />
    </UnitTest>
    <UnitTest name="StudyJet.API.Tests.ServiceTests.NotificationServiceTest.GetNotificationByIdAsync_ShouldThrowArgumentException_WhenIdIsInvalid" storage="c:\users\bhask\desktop\studyjet\studyjet.api.tests\bin\debug\net8.0\studyjet.api.tests.dll" id="b862715e-e6c1-ac5b-5ade-0430feee07d5">
      <Execution id="6d5ca895-9b23-4667-bef1-43ffc6edaf8e" />
      <TestMethod codeBase="C:\Users\bhask\Desktop\StudyJet\StudyJet.API.Tests\bin\Debug\net8.0\StudyJet.API.Tests.dll" adapterTypeName="executor://xunit/VsTestRunner2/netcoreapp" className="StudyJet.API.Tests.ServiceTests.NotificationServiceTest" name="GetNotificationByIdAsync_ShouldThrowArgumentException_WhenIdIsInvalid" />
    </UnitTest>
    <UnitTest name="StudyJet.API.Tests.ServiceTests.CategoryServiceTest.GetAllAsync_ReturnsMappedCategoryResponseDTOList_Success" storage="c:\users\bhask\desktop\studyjet\studyjet.api.tests\bin\debug\net8.0\studyjet.api.tests.dll" id="d5dd3c61-93ed-4b16-53d4-5841c448022c">
      <Execution id="277bf521-b96d-4f02-8aec-20e8fe7321b2" />
      <TestMethod codeBase="C:\Users\bhask\Desktop\StudyJet\StudyJet.API.Tests\bin\Debug\net8.0\StudyJet.API.Tests.dll" adapterTypeName="executor://xunit/VsTestRunner2/netcoreapp" className="StudyJet.API.Tests.ServiceTests.CategoryServiceTest" name="GetAllAsync_ReturnsMappedCategoryResponseDTOList_Success" />
    </UnitTest>
    <UnitTest name="StudyJet.API.Tests.RepositoryTests.CourseRepoTest.SelectCourseByStatusAsync_ReturnsEmptyListWhenNoMatches" storage="c:\users\bhask\desktop\studyjet\studyjet.api.tests\bin\debug\net8.0\studyjet.api.tests.dll" id="bf5f1c0c-0811-39c1-8826-ca5a3cb97937">
      <Execution id="63f5b174-9fc2-4a61-8546-795b77aba4d4" />
      <TestMethod codeBase="C:\Users\bhask\Desktop\StudyJet\StudyJet.API.Tests\bin\Debug\net8.0\StudyJet.API.Tests.dll" adapterTypeName="executor://xunit/VsTestRunner2/netcoreapp" className="StudyJet.API.Tests.RepositoryTests.CourseRepoTest" name="SelectCourseByStatusAsync_ReturnsEmptyListWhenNoMatches" />
    </UnitTest>
    <UnitTest name="StudyJet.API.Tests.ControllerTests.WishlistControllerTest.IsCourseInWishlist_ShouldReturnOkWithStatus_WhenUserIsAuthenticated" storage="c:\users\bhask\desktop\studyjet\studyjet.api.tests\bin\debug\net8.0\studyjet.api.tests.dll" id="6e513a5e-c463-1be5-2bed-c4d3d542e951">
      <Execution id="c4906c4b-cda8-4768-8648-fcf7ec5c134a" />
      <TestMethod codeBase="C:\Users\bhask\Desktop\StudyJet\StudyJet.API.Tests\bin\Debug\net8.0\StudyJet.API.Tests.dll" adapterTypeName="executor://xunit/VsTestRunner2/netcoreapp" className="StudyJet.API.Tests.ControllerTests.WishlistControllerTest" name="IsCourseInWishlist_ShouldReturnOkWithStatus_WhenUserIsAuthenticated" />
    </UnitTest>
    <UnitTest name="StudyJet.API.Tests.RepositoryTests.CartRepoTest.IsCourseInCartAsync_Success" storage="c:\users\bhask\desktop\studyjet\studyjet.api.tests\bin\debug\net8.0\studyjet.api.tests.dll" id="4a26c366-cdec-0021-c93b-6e2013b096aa">
      <Execution id="781d5073-fa4a-4ffd-b06e-a83184e2072d" />
      <TestMethod codeBase="C:\Users\bhask\Desktop\StudyJet\StudyJet.API.Tests\bin\Debug\net8.0\StudyJet.API.Tests.dll" adapterTypeName="executor://xunit/VsTestRunner2/netcoreapp" className="StudyJet.API.Tests.RepositoryTests.CartRepoTest" name="IsCourseInCartAsync_Success" />
    </UnitTest>
    <UnitTest name="StudyJet.API.Tests.ServiceTests.CourseServiceTest.GetPopularCoursesAsync_ReturnsEmptyList_WhenNoPopularCoursesExist" storage="c:\users\bhask\desktop\studyjet\studyjet.api.tests\bin\debug\net8.0\studyjet.api.tests.dll" id="cfbc59d0-7d37-8e89-026f-d711cb89ee0e">
      <Execution id="660030cf-86f3-450f-afe5-a470be44f3a9" />
      <TestMethod codeBase="C:\Users\bhask\Desktop\StudyJet\StudyJet.API.Tests\bin\Debug\net8.0\StudyJet.API.Tests.dll" adapterTypeName="executor://xunit/VsTestRunner2/netcoreapp" className="StudyJet.API.Tests.ServiceTests.CourseServiceTest" name="GetPopularCoursesAsync_ReturnsEmptyList_WhenNoPopularCoursesExist" />
    </UnitTest>
    <UnitTest name="StudyJet.API.Tests.ControllerTests.AuthControllerTests.Confirm2FA_ShouldReturnBadRequest_When2FACodeIsInvalid" storage="c:\users\bhask\desktop\studyjet\studyjet.api.tests\bin\debug\net8.0\studyjet.api.tests.dll" id="f12b7750-289f-85fb-dfb4-62d75e27ce0d">
      <Execution id="09efccbf-7408-4b34-99c4-cb502560caaf" />
      <TestMethod codeBase="C:\Users\bhask\Desktop\StudyJet\StudyJet.API.Tests\bin\Debug\net8.0\StudyJet.API.Tests.dll" adapterTypeName="executor://xunit/VsTestRunner2/netcoreapp" className="StudyJet.API.Tests.ControllerTests.AuthControllerTests" name="Confirm2FA_ShouldReturnBadRequest_When2FACodeIsInvalid" />
    </UnitTest>
    <UnitTest name="StudyJet.API.Tests.RepositoryTests.CourseRepoTest.DeleteAsync_WithValidCourseId_DeletesCourseAndReturnsTrue" storage="c:\users\bhask\desktop\studyjet\studyjet.api.tests\bin\debug\net8.0\studyjet.api.tests.dll" id="12110751-cec5-829a-8231-c1d0ad71aab4">
      <Execution id="74e4169f-53a7-446d-ad65-cbab911affa0" />
      <TestMethod codeBase="C:\Users\bhask\Desktop\StudyJet\StudyJet.API.Tests\bin\Debug\net8.0\StudyJet.API.Tests.dll" adapterTypeName="executor://xunit/VsTestRunner2/netcoreapp" className="StudyJet.API.Tests.RepositoryTests.CourseRepoTest" name="DeleteAsync_WithValidCourseId_DeletesCourseAndReturnsTrue" />
    </UnitTest>
    <UnitTest name="StudyJet.API.Tests.ControllerTests.UploadCVControllerTest.UploadCV_ShouldReturnBadRequest_WhenUploadFails" storage="c:\users\bhask\desktop\studyjet\studyjet.api.tests\bin\debug\net8.0\studyjet.api.tests.dll" id="47c49f1b-c1aa-5338-e34c-f51ade6a7211">
      <Execution id="810d6dfa-e9a1-4415-92b0-dedd58bf445d" />
      <TestMethod codeBase="C:\Users\bhask\Desktop\StudyJet\StudyJet.API.Tests\bin\Debug\net8.0\StudyJet.API.Tests.dll" adapterTypeName="executor://xunit/VsTestRunner2/netcoreapp" className="StudyJet.API.Tests.ControllerTests.UploadCVControllerTest" name="UploadCV_ShouldReturnBadRequest_WhenUploadFails" />
    </UnitTest>
    <UnitTest name="StudyJet.API.Tests.RepositoryTests.UserPurchaseCourseRepoTest.HasUserPurchasedCourseAsync_ReturnsTrue_WhenUserHasPurchasedCourse" storage="c:\users\bhask\desktop\studyjet\studyjet.api.tests\bin\debug\net8.0\studyjet.api.tests.dll" id="84240f79-54bf-f751-1731-e9fd18356f1f">
      <Execution id="c26f7186-f3eb-4515-b1b1-4206a49ff197" />
      <TestMethod codeBase="C:\Users\bhask\Desktop\StudyJet\StudyJet.API.Tests\bin\Debug\net8.0\StudyJet.API.Tests.dll" adapterTypeName="executor://xunit/VsTestRunner2/netcoreapp" className="StudyJet.API.Tests.RepositoryTests.UserPurchaseCourseRepoTest" name="HasUserPurchasedCourseAsync_ReturnsTrue_WhenUserHasPurchasedCourse" />
    </UnitTest>
    <UnitTest name="StudyJet.API.Tests.RepositoryTests.CourseRepoTest.SelectTotalCoursesByInstructorIdAsync_WithValidInstructorId_ReturnsCorrectCount" storage="c:\users\bhask\desktop\studyjet\studyjet.api.tests\bin\debug\net8.0\studyjet.api.tests.dll" id="d3dda3bf-5671-5cc1-9af1-ec633b69861e">
      <Execution id="96b65dbb-c429-423b-ab18-c813cf13240e" />
      <TestMethod codeBase="C:\Users\bhask\Desktop\StudyJet\StudyJet.API.Tests\bin\Debug\net8.0\StudyJet.API.Tests.dll" adapterTypeName="executor://xunit/VsTestRunner2/netcoreapp" className="StudyJet.API.Tests.RepositoryTests.CourseRepoTest" name="SelectTotalCoursesByInstructorIdAsync_WithValidInstructorId_ReturnsCorrectCount" />
    </UnitTest>
    <UnitTest name="StudyJet.API.Tests.ServiceTests.UserPurchaseCourseServiceTest.GetSuggestedCoursesAsync_ReturnsSuggestedCourses" storage="c:\users\bhask\desktop\studyjet\studyjet.api.tests\bin\debug\net8.0\studyjet.api.tests.dll" id="5e6541c2-250c-0e22-d1eb-215ead3a5561">
      <Execution id="338c87dd-9e4d-4c0a-a2e4-74e74b8399e2" />
      <TestMethod codeBase="C:\Users\bhask\Desktop\StudyJet\StudyJet.API.Tests\bin\Debug\net8.0\StudyJet.API.Tests.dll" adapterTypeName="executor://xunit/VsTestRunner2/netcoreapp" className="StudyJet.API.Tests.ServiceTests.UserPurchaseCourseServiceTest" name="GetSuggestedCoursesAsync_ReturnsSuggestedCourses" />
    </UnitTest>
    <UnitTest name="StudyJet.API.Tests.RepositoryTests.CartRepoTest.InsertCourseToCartAsync_Success" storage="c:\users\bhask\desktop\studyjet\studyjet.api.tests\bin\debug\net8.0\studyjet.api.tests.dll" id="08b63b6a-b269-f035-9089-63c09d6ba363">
      <Execution id="5df16e29-4810-449c-928b-7638e12d822e" />
      <TestMethod codeBase="C:\Users\bhask\Desktop\StudyJet\StudyJet.API.Tests\bin\Debug\net8.0\StudyJet.API.Tests.dll" adapterTypeName="executor://xunit/VsTestRunner2/netcoreapp" className="StudyJet.API.Tests.RepositoryTests.CartRepoTest" name="InsertCourseToCartAsync_Success" />
    </UnitTest>
    <UnitTest name="StudyJet.API.Tests.RepositoryTests.CourseRepoTest.SelectApprovedCoursesAsync_ReturnsOnlyApprovedCourses" storage="c:\users\bhask\desktop\studyjet\studyjet.api.tests\bin\debug\net8.0\studyjet.api.tests.dll" id="e4361ece-0f34-723b-8e1f-d7a7c38f72d4">
      <Execution id="6bd8e70e-2882-4cde-b3de-ecd7ece94439" />
      <TestMethod codeBase="C:\Users\bhask\Desktop\StudyJet\StudyJet.API.Tests\bin\Debug\net8.0\StudyJet.API.Tests.dll" adapterTypeName="executor://xunit/VsTestRunner2/netcoreapp" className="StudyJet.API.Tests.RepositoryTests.CourseRepoTest" name="SelectApprovedCoursesAsync_ReturnsOnlyApprovedCourses" />
    </UnitTest>
    <UnitTest name="StudyJet.API.Tests.ControllerTests.CourseControllerTest.GetTotalCourses_ShouldReturnOk_WhenUserIsNotAdmin_ButAuthorizationIsNotEnforcedInUnitTest" storage="c:\users\bhask\desktop\studyjet\studyjet.api.tests\bin\debug\net8.0\studyjet.api.tests.dll" id="2ce8a734-6590-6f0f-d189-c86d39bb5e7d">
      <Execution id="0211a557-33d3-4180-bf75-bb16ec6e6ea3" />
      <TestMethod codeBase="C:\Users\bhask\Desktop\StudyJet\StudyJet.API.Tests\bin\Debug\net8.0\StudyJet.API.Tests.dll" adapterTypeName="executor://xunit/VsTestRunner2/netcoreapp" className="StudyJet.API.Tests.ControllerTests.CourseControllerTest" name="GetTotalCourses_ShouldReturnOk_WhenUserIsNotAdmin_ButAuthorizationIsNotEnforcedInUnitTest" />
    </UnitTest>
    <UnitTest name="StudyJet.API.Tests.ServiceTests.CourseServiceTest.GetEnrolledStudentsByCourseIdAsync_ReturnsEnrolledStudents_WhenCourseHasStudents" storage="c:\users\bhask\desktop\studyjet\studyjet.api.tests\bin\debug\net8.0\studyjet.api.tests.dll" id="ab06cc7d-d3d6-e64b-24ea-edefcf65a512">
      <Execution id="e57819c0-307f-4d05-b243-a681348cbd4b" />
      <TestMethod codeBase="C:\Users\bhask\Desktop\StudyJet\StudyJet.API.Tests\bin\Debug\net8.0\StudyJet.API.Tests.dll" adapterTypeName="executor://xunit/VsTestRunner2/netcoreapp" className="StudyJet.API.Tests.ServiceTests.CourseServiceTest" name="GetEnrolledStudentsByCourseIdAsync_ReturnsEnrolledStudents_WhenCourseHasStudents" />
    </UnitTest>
    <UnitTest name="StudyJet.API.Tests.ServiceTests.AuthServiceTest.Is2faEnabledAsync_ReturnsFalse_WhenUserDoesNotExist" storage="c:\users\bhask\desktop\studyjet\studyjet.api.tests\bin\debug\net8.0\studyjet.api.tests.dll" id="40e3caa8-1e02-05d4-6036-8357ce10b618">
      <Execution id="73cbb8da-1020-4c86-8a0c-554108fb7a0a" />
      <TestMethod codeBase="C:\Users\bhask\Desktop\StudyJet\StudyJet.API.Tests\bin\Debug\net8.0\StudyJet.API.Tests.dll" adapterTypeName="executor://xunit/VsTestRunner2/netcoreapp" className="StudyJet.API.Tests.ServiceTests.AuthServiceTest" name="Is2faEnabledAsync_ReturnsFalse_WhenUserDoesNotExist" />
    </UnitTest>
    <UnitTest name="StudyJet.API.Tests.ControllerTests.WishlistControllerTest.AddToWishlist_ShouldReturnOk_WhenCourseSuccessfullyAdded" storage="c:\users\bhask\desktop\studyjet\studyjet.api.tests\bin\debug\net8.0\studyjet.api.tests.dll" id="6c34085f-88c0-8a6b-8f57-024b88ac3b3e">
      <Execution id="8b459158-098b-4924-82d7-f9ab7f5c92fe" />
      <TestMethod codeBase="C:\Users\bhask\Desktop\StudyJet\StudyJet.API.Tests\bin\Debug\net8.0\StudyJet.API.Tests.dll" adapterTypeName="executor://xunit/VsTestRunner2/netcoreapp" className="StudyJet.API.Tests.ControllerTests.WishlistControllerTest" name="AddToWishlist_ShouldReturnOk_WhenCourseSuccessfullyAdded" />
    </UnitTest>
    <UnitTest name="StudyJet.API.Tests.ServiceTests.CourseServiceTest.ApprovePendingUpdatesAsync_ThrowsInvalidOperationException_WhenNoPendingUpdateExists" storage="c:\users\bhask\desktop\studyjet\studyjet.api.tests\bin\debug\net8.0\studyjet.api.tests.dll" id="bc8e7a7f-b5fe-5321-9387-41e970d05ffb">
      <Execution id="c33ec46b-5f2c-4aaa-982c-7cbd1648c181" />
      <TestMethod codeBase="C:\Users\bhask\Desktop\StudyJet\StudyJet.API.Tests\bin\Debug\net8.0\StudyJet.API.Tests.dll" adapterTypeName="executor://xunit/VsTestRunner2/netcoreapp" className="StudyJet.API.Tests.ServiceTests.CourseServiceTest" name="ApprovePendingUpdatesAsync_ThrowsInvalidOperationException_WhenNoPendingUpdateExists" />
    </UnitTest>
    <UnitTest name="StudyJet.API.Tests.RepositoryTests.CategoryRepoTest.ExistsAsync_ShouldReturnFalse_WhenCategoryDoesNotExist" storage="c:\users\bhask\desktop\studyjet\studyjet.api.tests\bin\debug\net8.0\studyjet.api.tests.dll" id="dd96b09f-2499-b240-37e1-9462f50b5d7f">
      <Execution id="54d52296-9b48-4e07-aa34-369b7d01e5d0" />
      <TestMethod codeBase="C:\Users\bhask\Desktop\StudyJet\StudyJet.API.Tests\bin\Debug\net8.0\StudyJet.API.Tests.dll" adapterTypeName="executor://xunit/VsTestRunner2/netcoreapp" className="StudyJet.API.Tests.RepositoryTests.CategoryRepoTest" name="ExistsAsync_ShouldReturnFalse_WhenCategoryDoesNotExist" />
    </UnitTest>
    <UnitTest name="StudyJet.API.Tests.ControllerTests.AuthControllerTests.Login_ReturnsUnauthorized_WhenUserNotFound" storage="c:\users\bhask\desktop\studyjet\studyjet.api.tests\bin\debug\net8.0\studyjet.api.tests.dll" id="96b76209-ff17-9ee7-21a4-963d1dc9ce10">
      <Execution id="75d9d27a-64f6-4e64-bf43-ea55d8a06f54" />
      <TestMethod codeBase="C:\Users\bhask\Desktop\StudyJet\StudyJet.API.Tests\bin\Debug\net8.0\StudyJet.API.Tests.dll" adapterTypeName="executor://xunit/VsTestRunner2/netcoreapp" className="StudyJet.API.Tests.ControllerTests.AuthControllerTests" name="Login_ReturnsUnauthorized_WhenUserNotFound" />
    </UnitTest>
    <UnitTest name="StudyJet.API.Tests.RepositoryTests.CategoryRepoTest.InsertAsync_ShouldThrowException_WhenNameIsMissing" storage="c:\users\bhask\desktop\studyjet\studyjet.api.tests\bin\debug\net8.0\studyjet.api.tests.dll" id="3da7d8fe-ecfe-98d1-3dad-94c854357c70">
      <Execution id="a1366eb5-be0a-4b2e-8c6a-465bbc5fdb0c" />
      <TestMethod codeBase="C:\Users\bhask\Desktop\StudyJet\StudyJet.API.Tests\bin\Debug\net8.0\StudyJet.API.Tests.dll" adapterTypeName="executor://xunit/VsTestRunner2/netcoreapp" className="StudyJet.API.Tests.RepositoryTests.CategoryRepoTest" name="InsertAsync_ShouldThrowException_WhenNameIsMissing" />
    </UnitTest>
    <UnitTest name="StudyJet.API.Tests.RepositoryTests.CategoryRepoTest.DeleteAsync_ReturnsTrueAndDeletesCategory_WhenCategoryExists" storage="c:\users\bhask\desktop\studyjet\studyjet.api.tests\bin\debug\net8.0\studyjet.api.tests.dll" id="64f4e058-dee0-89fa-cca3-8feb3393055f">
      <Execution id="59312215-0b40-44e1-8d2e-fb00c3efe76e" />
      <TestMethod codeBase="C:\Users\bhask\Desktop\StudyJet\StudyJet.API.Tests\bin\Debug\net8.0\StudyJet.API.Tests.dll" adapterTypeName="executor://xunit/VsTestRunner2/netcoreapp" className="StudyJet.API.Tests.RepositoryTests.CategoryRepoTest" name="DeleteAsync_ReturnsTrueAndDeletesCategory_WhenCategoryExists" />
    </UnitTest>
    <UnitTest name="StudyJet.API.Tests.RepositoryTests.CourseRepoTest.UpdateAsync_ThrowsException_WhenCourseNotFound" storage="c:\users\bhask\desktop\studyjet\studyjet.api.tests\bin\debug\net8.0\studyjet.api.tests.dll" id="c00a8bae-440c-9c5b-2479-e39d49d9d588">
      <Execution id="1af69476-a417-45c4-b6d7-2fb372af3abe" />
      <TestMethod codeBase="C:\Users\bhask\Desktop\StudyJet\StudyJet.API.Tests\bin\Debug\net8.0\StudyJet.API.Tests.dll" adapterTypeName="executor://xunit/VsTestRunner2/netcoreapp" className="StudyJet.API.Tests.RepositoryTests.CourseRepoTest" name="UpdateAsync_ThrowsException_WhenCourseNotFound" />
    </UnitTest>
    <UnitTest name="StudyJet.API.Tests.ControllerTests.CourseControllerTest.RejectPendingUpdates_ShouldReturnOk_WhenUpdateIsRejectedSuccessfully" storage="c:\users\bhask\desktop\studyjet\studyjet.api.tests\bin\debug\net8.0\studyjet.api.tests.dll" id="28f2d463-9d24-3f6e-dbb3-81b6ff8e5f5c">
      <Execution id="42eb5292-d7ec-4582-b051-996aaed1b0e4" />
      <TestMethod codeBase="C:\Users\bhask\Desktop\StudyJet\StudyJet.API.Tests\bin\Debug\net8.0\StudyJet.API.Tests.dll" adapterTypeName="executor://xunit/VsTestRunner2/netcoreapp" className="StudyJet.API.Tests.ControllerTests.CourseControllerTest" name="RejectPendingUpdates_ShouldReturnOk_WhenUpdateIsRejectedSuccessfully" />
    </UnitTest>
    <UnitTest name="StudyJet.API.Tests.ControllerTests.CartControllerTest.RemoveFromCart_UserNotAuthenticated_ReturnsUnauthorized" storage="c:\users\bhask\desktop\studyjet\studyjet.api.tests\bin\debug\net8.0\studyjet.api.tests.dll" id="77544d7c-7bf1-2d31-004a-69feb71c072c">
      <Execution id="cd195fa7-2caa-4294-a0c3-a5aecda7a66d" />
      <TestMethod codeBase="C:\Users\bhask\Desktop\StudyJet\StudyJet.API.Tests\bin\Debug\net8.0\StudyJet.API.Tests.dll" adapterTypeName="executor://xunit/VsTestRunner2/netcoreapp" className="StudyJet.API.Tests.ControllerTests.CartControllerTest" name="RemoveFromCart_UserNotAuthenticated_ReturnsUnauthorized" />
    </UnitTest>
    <UnitTest name="StudyJet.API.Tests.ControllerTests.CourseControllerTest.GetCoursesWithStudents_ReturnsUnauthorized_WhenUserNotAuthenticated" storage="c:\users\bhask\desktop\studyjet\studyjet.api.tests\bin\debug\net8.0\studyjet.api.tests.dll" id="d09ad02c-b956-2906-ebb6-36ba3b7fcf51">
      <Execution id="91149074-5594-4e70-a62f-4a656271ad1b" />
      <TestMethod codeBase="C:\Users\bhask\Desktop\StudyJet\StudyJet.API.Tests\bin\Debug\net8.0\StudyJet.API.Tests.dll" adapterTypeName="executor://xunit/VsTestRunner2/netcoreapp" className="StudyJet.API.Tests.ControllerTests.CourseControllerTest" name="GetCoursesWithStudents_ReturnsUnauthorized_WhenUserNotAuthenticated" />
    </UnitTest>
    <UnitTest name="StudyJet.API.Tests.RepositoryTests.CourseRepoTest.SubmitCourseUpdateAsync_WithInvalidCourseId_ReturnsFalse" storage="c:\users\bhask\desktop\studyjet\studyjet.api.tests\bin\debug\net8.0\studyjet.api.tests.dll" id="fc2e3c92-6ace-1729-5aa8-d4f4c6826dd6">
      <Execution id="cbe1ebba-8ad5-4691-a535-ffe9a2d7485d" />
      <TestMethod codeBase="C:\Users\bhask\Desktop\StudyJet\StudyJet.API.Tests\bin\Debug\net8.0\StudyJet.API.Tests.dll" adapterTypeName="executor://xunit/VsTestRunner2/netcoreapp" className="StudyJet.API.Tests.RepositoryTests.CourseRepoTest" name="SubmitCourseUpdateAsync_WithInvalidCourseId_ReturnsFalse" />
    </UnitTest>
    <UnitTest name="StudyJet.API.Tests.ControllerTests.UploadCVControllerTest.UploadCV_ShouldReturnBadRequest_WhenFileIsNotPDF" storage="c:\users\bhask\desktop\studyjet\studyjet.api.tests\bin\debug\net8.0\studyjet.api.tests.dll" id="e4744be2-2ab3-5ed2-8ba4-2de162fb8e8f">
      <Execution id="0675ed7b-d62c-4e7d-ba3e-a17f3e37990c" />
      <TestMethod codeBase="C:\Users\bhask\Desktop\StudyJet\StudyJet.API.Tests\bin\Debug\net8.0\StudyJet.API.Tests.dll" adapterTypeName="executor://xunit/VsTestRunner2/netcoreapp" className="StudyJet.API.Tests.ControllerTests.UploadCVControllerTest" name="UploadCV_ShouldReturnBadRequest_WhenFileIsNotPDF" />
    </UnitTest>
    <UnitTest name="StudyJet.API.Tests.ControllerTests.UserPurchaseCourseControllerTest.StripeWebhook_ShouldReturnUnauthorized_WhenStripeSignatureHeaderMissing" storage="c:\users\bhask\desktop\studyjet\studyjet.api.tests\bin\debug\net8.0\studyjet.api.tests.dll" id="11c2de4d-20aa-4e77-b53b-72a1c8165a12">
      <Execution id="30d9eac7-32aa-49e0-a670-7653fdef6a7b" />
      <TestMethod codeBase="C:\Users\bhask\Desktop\StudyJet\StudyJet.API.Tests\bin\Debug\net8.0\StudyJet.API.Tests.dll" adapterTypeName="executor://xunit/VsTestRunner2/netcoreapp" className="StudyJet.API.Tests.ControllerTests.UserPurchaseCourseControllerTest" name="StripeWebhook_ShouldReturnUnauthorized_WhenStripeSignatureHeaderMissing" />
    </UnitTest>
    <UnitTest name="StudyJet.API.Tests.ServiceTests.UserServiceTest.CountInstructorAsync_ReturnsCorrectCount_WhenInstructorsExist" storage="c:\users\bhask\desktop\studyjet\studyjet.api.tests\bin\debug\net8.0\studyjet.api.tests.dll" id="9a732e6c-a9a4-411f-f581-1e37dbe98c9d">
      <Execution id="6bdfbe1e-1ccc-4a5d-aa6b-1c9114b94e82" />
      <TestMethod codeBase="C:\Users\bhask\Desktop\StudyJet\StudyJet.API.Tests\bin\Debug\net8.0\StudyJet.API.Tests.dll" adapterTypeName="executor://xunit/VsTestRunner2/netcoreapp" className="StudyJet.API.Tests.ServiceTests.UserServiceTest" name="CountInstructorAsync_ReturnsCorrectCount_WhenInstructorsExist" />
    </UnitTest>
    <UnitTest name="StudyJet.API.Tests.ServiceTests.AuthServiceTest.ResetPasswordAsync_ReturnsSuccess_WhenPasswordResetIsSuccessful" storage="c:\users\bhask\desktop\studyjet\studyjet.api.tests\bin\debug\net8.0\studyjet.api.tests.dll" id="f4a276c0-c59e-21e6-b1f7-b5e310737831">
      <Execution id="9f6a9539-c3df-4937-a0ca-1478d7102151" />
      <TestMethod codeBase="C:\Users\bhask\Desktop\StudyJet\StudyJet.API.Tests\bin\Debug\net8.0\StudyJet.API.Tests.dll" adapterTypeName="executor://xunit/VsTestRunner2/netcoreapp" className="StudyJet.API.Tests.ServiceTests.AuthServiceTest" name="ResetPasswordAsync_ReturnsSuccess_WhenPasswordResetIsSuccessful" />
    </UnitTest>
    <UnitTest name="StudyJet.API.Tests.RepositoryTests.CategoryRepoTest.UpdateAsync_ShouldUpdateCategory_WhenCategoryExists" storage="c:\users\bhask\desktop\studyjet\studyjet.api.tests\bin\debug\net8.0\studyjet.api.tests.dll" id="aa9ed586-bfd7-f654-3a7d-55e9db065925">
      <Execution id="9a3ea5d9-2061-442a-8ad9-4b4eb1f926d1" />
      <TestMethod codeBase="C:\Users\bhask\Desktop\StudyJet\StudyJet.API.Tests\bin\Debug\net8.0\StudyJet.API.Tests.dll" adapterTypeName="executor://xunit/VsTestRunner2/netcoreapp" className="StudyJet.API.Tests.RepositoryTests.CategoryRepoTest" name="UpdateAsync_ShouldUpdateCategory_WhenCategoryExists" />
    </UnitTest>
    <UnitTest name="StudyJet.API.Tests.ServiceTests.CourseServiceTest.ApproveCourseAsync_ReturnsTrue_WhenCourseExists" storage="c:\users\bhask\desktop\studyjet\studyjet.api.tests\bin\debug\net8.0\studyjet.api.tests.dll" id="87104e30-4670-162f-dc31-580043011163">
      <Execution id="2000b069-c7c4-4eaa-9c89-d19f906ad097" />
      <TestMethod codeBase="C:\Users\bhask\Desktop\StudyJet\StudyJet.API.Tests\bin\Debug\net8.0\StudyJet.API.Tests.dll" adapterTypeName="executor://xunit/VsTestRunner2/netcoreapp" className="StudyJet.API.Tests.ServiceTests.CourseServiceTest" name="ApproveCourseAsync_ReturnsTrue_WhenCourseExists" />
    </UnitTest>
    <UnitTest name="StudyJet.API.Tests.RepositoryTests.CourseRepoTest.SearchCoursesAsync_WithNonMatchingQuery_ReturnsEmptyList" storage="c:\users\bhask\desktop\studyjet\studyjet.api.tests\bin\debug\net8.0\studyjet.api.tests.dll" id="96b63aca-f9eb-a171-f439-a4dbc33ce580">
      <Execution id="05e5aee2-7246-4623-83c5-0c9d36e9c93c" />
      <TestMethod codeBase="C:\Users\bhask\Desktop\StudyJet\StudyJet.API.Tests\bin\Debug\net8.0\StudyJet.API.Tests.dll" adapterTypeName="executor://xunit/VsTestRunner2/netcoreapp" className="StudyJet.API.Tests.RepositoryTests.CourseRepoTest" name="SearchCoursesAsync_WithNonMatchingQuery_ReturnsEmptyList" />
    </UnitTest>
    <UnitTest name="StudyJet.API.Tests.RepositoryTests.WishlistRepoTest.SelectWishlistByIdAsync_ReturnsEmpty_WhenUserHasNoWishlist" storage="c:\users\bhask\desktop\studyjet\studyjet.api.tests\bin\debug\net8.0\studyjet.api.tests.dll" id="2aa00e9a-fafe-8afa-2311-87da51a09bf9">
      <Execution id="df949f9b-9e20-48c2-8e40-af3e20a14550" />
      <TestMethod codeBase="C:\Users\bhask\Desktop\StudyJet\StudyJet.API.Tests\bin\Debug\net8.0\StudyJet.API.Tests.dll" adapterTypeName="executor://xunit/VsTestRunner2/netcoreapp" className="StudyJet.API.Tests.RepositoryTests.WishlistRepoTest" name="SelectWishlistByIdAsync_ReturnsEmpty_WhenUserHasNoWishlist" />
    </UnitTest>
    <UnitTest name="StudyJet.API.Tests.ServiceTests.NotificationServiceTest.UpdateNotificationAsync_ShouldThrowArgumentNullException_WhenNotificationIsNull" storage="c:\users\bhask\desktop\studyjet\studyjet.api.tests\bin\debug\net8.0\studyjet.api.tests.dll" id="18e5b927-3565-48db-2c90-b337807149e6">
      <Execution id="1870c601-48d0-471e-9036-be9cc40183c3" />
      <TestMethod codeBase="C:\Users\bhask\Desktop\StudyJet\StudyJet.API.Tests\bin\Debug\net8.0\StudyJet.API.Tests.dll" adapterTypeName="executor://xunit/VsTestRunner2/netcoreapp" className="StudyJet.API.Tests.ServiceTests.NotificationServiceTest" name="UpdateNotificationAsync_ShouldThrowArgumentNullException_WhenNotificationIsNull" />
    </UnitTest>
    <UnitTest name="StudyJet.API.Tests.ControllerTests.CourseControllerTest.Search_ShouldReturnNotFound_WhenNoCoursesMatch" storage="c:\users\bhask\desktop\studyjet\studyjet.api.tests\bin\debug\net8.0\studyjet.api.tests.dll" id="7bba4696-6425-48ac-79e6-35c7c5bcc1c5">
      <Execution id="87614e4b-7089-4d15-a02f-010241926732" />
      <TestMethod codeBase="C:\Users\bhask\Desktop\StudyJet\StudyJet.API.Tests\bin\Debug\net8.0\StudyJet.API.Tests.dll" adapterTypeName="executor://xunit/VsTestRunner2/netcoreapp" className="StudyJet.API.Tests.ControllerTests.CourseControllerTest" name="Search_ShouldReturnNotFound_WhenNoCoursesMatch" />
    </UnitTest>
    <UnitTest name="StudyJet.API.Tests.ServiceTests.EmailServiceTest.SendConfirmationEmailAsync_ReturnsFailure_WhenInputIsInvalid(email: null, link: &quot;http://example.com&quot;)" storage="c:\users\bhask\desktop\studyjet\studyjet.api.tests\bin\debug\net8.0\studyjet.api.tests.dll" id="0a4717ee-74d8-b47a-942e-85402ebb7c56">
      <Execution id="352e2cf7-169d-4eff-a56d-15a00da56409" />
      <TestMethod codeBase="C:\Users\bhask\Desktop\StudyJet\StudyJet.API.Tests\bin\Debug\net8.0\StudyJet.API.Tests.dll" adapterTypeName="executor://xunit/VsTestRunner2/netcoreapp" className="StudyJet.API.Tests.ServiceTests.EmailServiceTest" name="SendConfirmationEmailAsync_ReturnsFailure_WhenInputIsInvalid" />
    </UnitTest>
    <UnitTest name="StudyJet.API.Tests.ServiceTests.CourseServiceTest.GetCoursesWithStudentsForInstructorAsync_ReturnsCoursesWithDetailedStudents" storage="c:\users\bhask\desktop\studyjet\studyjet.api.tests\bin\debug\net8.0\studyjet.api.tests.dll" id="1bc5ffc6-9388-e4be-bce9-f32ddb600f3f">
      <Execution id="26ada8ca-c26f-4229-923e-b5c9493538df" />
      <TestMethod codeBase="C:\Users\bhask\Desktop\StudyJet\StudyJet.API.Tests\bin\Debug\net8.0\StudyJet.API.Tests.dll" adapterTypeName="executor://xunit/VsTestRunner2/netcoreapp" className="StudyJet.API.Tests.ServiceTests.CourseServiceTest" name="GetCoursesWithStudentsForInstructorAsync_ReturnsCoursesWithDetailedStudents" />
    </UnitTest>
    <UnitTest name="StudyJet.API.Tests.RepositoryTests.UserPurchaseCourseRepoTest.SelectSuggestedCoursesAsync_ReturnsSuggestedCourses_WhenUserHasNotPurchasedAnyCourses" storage="c:\users\bhask\desktop\studyjet\studyjet.api.tests\bin\debug\net8.0\studyjet.api.tests.dll" id="aec98bd5-178f-6157-6378-071cb0ba5a0b">
      <Execution id="1cebd4c2-bde8-4c2c-b837-d00173fc50ae" />
      <TestMethod codeBase="C:\Users\bhask\Desktop\StudyJet\StudyJet.API.Tests\bin\Debug\net8.0\StudyJet.API.Tests.dll" adapterTypeName="executor://xunit/VsTestRunner2/netcoreapp" className="StudyJet.API.Tests.RepositoryTests.UserPurchaseCourseRepoTest" name="SelectSuggestedCoursesAsync_ReturnsSuggestedCourses_WhenUserHasNotPurchasedAnyCourses" />
    </UnitTest>
    <UnitTest name="StudyJet.API.Tests.ControllerTests.CourseControllerTest.GetApprovedCourses_ShouldReturnOkWithApprovedCourses" storage="c:\users\bhask\desktop\studyjet\studyjet.api.tests\bin\debug\net8.0\studyjet.api.tests.dll" id="62e494f7-31ca-2498-ee63-184c5194d3d8">
      <Execution id="ff17cc1a-6cdd-4fac-b8e3-b312c2cae19a" />
      <TestMethod codeBase="C:\Users\bhask\Desktop\StudyJet\StudyJet.API.Tests\bin\Debug\net8.0\StudyJet.API.Tests.dll" adapterTypeName="executor://xunit/VsTestRunner2/netcoreapp" className="StudyJet.API.Tests.ControllerTests.CourseControllerTest" name="GetApprovedCourses_ShouldReturnOkWithApprovedCourses" />
    </UnitTest>
    <UnitTest name="StudyJet.API.Tests.ControllerTests.AuthControllerTests.Disable2FA_ShouldReturnUnauthorized_WhenUserIdNotFoundInClaims" storage="c:\users\bhask\desktop\studyjet\studyjet.api.tests\bin\debug\net8.0\studyjet.api.tests.dll" id="40e62659-7cf5-8b92-3e98-4128021d509a">
      <Execution id="8a373cdf-5ab6-41d5-8ddd-1ace117f276a" />
      <TestMethod codeBase="C:\Users\bhask\Desktop\StudyJet\StudyJet.API.Tests\bin\Debug\net8.0\StudyJet.API.Tests.dll" adapterTypeName="executor://xunit/VsTestRunner2/netcoreapp" className="StudyJet.API.Tests.ControllerTests.AuthControllerTests" name="Disable2FA_ShouldReturnUnauthorized_WhenUserIdNotFoundInClaims" />
    </UnitTest>
    <UnitTest name="StudyJet.API.Tests.RepositoryTests.CourseRepoTest.ApproveCourseAsync_WithInvalidCourseId_ReturnsFalse" storage="c:\users\bhask\desktop\studyjet\studyjet.api.tests\bin\debug\net8.0\studyjet.api.tests.dll" id="db2f73ea-e402-c039-fcb5-971541c5bb86">
      <Execution id="bc67a348-3d03-4485-bfd6-95a26e2aebe6" />
      <TestMethod codeBase="C:\Users\bhask\Desktop\StudyJet\StudyJet.API.Tests\bin\Debug\net8.0\StudyJet.API.Tests.dll" adapterTypeName="executor://xunit/VsTestRunner2/netcoreapp" className="StudyJet.API.Tests.RepositoryTests.CourseRepoTest" name="ApproveCourseAsync_WithInvalidCourseId_ReturnsFalse" />
    </UnitTest>
    <UnitTest name="StudyJet.API.Tests.ServiceTests.CartServiceTest.IsCourseInCartAsync_WhenCalled_ReturnsExpectedResult" storage="c:\users\bhask\desktop\studyjet\studyjet.api.tests\bin\debug\net8.0\studyjet.api.tests.dll" id="c97948a2-c28a-bd73-b6d6-2e91b0feaac4">
      <Execution id="073c4538-63cf-43ca-8206-ff3e55ddbb3a" />
      <TestMethod codeBase="C:\Users\bhask\Desktop\StudyJet\StudyJet.API.Tests\bin\Debug\net8.0\StudyJet.API.Tests.dll" adapterTypeName="executor://xunit/VsTestRunner2/netcoreapp" className="StudyJet.API.Tests.ServiceTests.CartServiceTest" name="IsCourseInCartAsync_WhenCalled_ReturnsExpectedResult" />
    </UnitTest>
    <UnitTest name="StudyJet.API.Tests.ControllerTests.CourseControllerTest.GetPendingCourses_ShouldReturnOkWithEmptyList_WhenNoPendingCourses" storage="c:\users\bhask\desktop\studyjet\studyjet.api.tests\bin\debug\net8.0\studyjet.api.tests.dll" id="ecefaebc-5d96-fe6d-9ebd-c54c9e3e9cd9">
      <Execution id="086e38a9-a8c7-4057-9d05-c693ff6a7ff0" />
      <TestMethod codeBase="C:\Users\bhask\Desktop\StudyJet\StudyJet.API.Tests\bin\Debug\net8.0\StudyJet.API.Tests.dll" adapterTypeName="executor://xunit/VsTestRunner2/netcoreapp" className="StudyJet.API.Tests.ControllerTests.CourseControllerTest" name="GetPendingCourses_ShouldReturnOkWithEmptyList_WhenNoPendingCourses" />
    </UnitTest>
    <UnitTest name="StudyJet.API.Tests.ServiceTests.AuthServiceTest.GenerateQRCodeImage_NullInput_ThrowsArgumentNullException" storage="c:\users\bhask\desktop\studyjet\studyjet.api.tests\bin\debug\net8.0\studyjet.api.tests.dll" id="829521f1-c80f-d35f-1275-be83127f8e7f">
      <Execution id="11a34f7b-5100-4813-a04a-645f6713cf34" />
      <TestMethod codeBase="C:\Users\bhask\Desktop\StudyJet\StudyJet.API.Tests\bin\Debug\net8.0\StudyJet.API.Tests.dll" adapterTypeName="executor://xunit/VsTestRunner2/netcoreapp" className="StudyJet.API.Tests.ServiceTests.AuthServiceTest" name="GenerateQRCodeImage_NullInput_ThrowsArgumentNullException" />
    </UnitTest>
    <UnitTest name="StudyJet.API.Tests.ServiceTests.AuthServiceTest.PasswordSignInAsync_ValidPassword_ReturnsSuccess" storage="c:\users\bhask\desktop\studyjet\studyjet.api.tests\bin\debug\net8.0\studyjet.api.tests.dll" id="fee158cc-0b96-4f70-91d7-8597234dd39a">
      <Execution id="a1f1e2ba-c733-49bf-a98f-3f12aaeae4ee" />
      <TestMethod codeBase="C:\Users\bhask\Desktop\StudyJet\StudyJet.API.Tests\bin\Debug\net8.0\StudyJet.API.Tests.dll" adapterTypeName="executor://xunit/VsTestRunner2/netcoreapp" className="StudyJet.API.Tests.ServiceTests.AuthServiceTest" name="PasswordSignInAsync_ValidPassword_ReturnsSuccess" />
    </UnitTest>
    <UnitTest name="StudyJet.API.Tests.ControllerTests.WishlistControllerTest.GetWishlist_ShouldReturnUnauthorized_WhenUserIsNotAuthenticated" storage="c:\users\bhask\desktop\studyjet\studyjet.api.tests\bin\debug\net8.0\studyjet.api.tests.dll" id="d3e437bb-4829-4a25-ceff-0fd2c6056580">
      <Execution id="757a412d-576e-48fa-ab55-cb724bce59b3" />
      <TestMethod codeBase="C:\Users\bhask\Desktop\StudyJet\StudyJet.API.Tests\bin\Debug\net8.0\StudyJet.API.Tests.dll" adapterTypeName="executor://xunit/VsTestRunner2/netcoreapp" className="StudyJet.API.Tests.ControllerTests.WishlistControllerTest" name="GetWishlist_ShouldReturnUnauthorized_WhenUserIsNotAuthenticated" />
    </UnitTest>
    <UnitTest name="StudyJet.API.Tests.RepositoryTests.CourseRepoTest.SelectPendingUpdatesByInstructorIdAsync_WithValidInstructorId_ReturnsPendingUpdates" storage="c:\users\bhask\desktop\studyjet\studyjet.api.tests\bin\debug\net8.0\studyjet.api.tests.dll" id="3f630587-2960-4cfb-d45c-e4f56e77a82c">
      <Execution id="b8c44579-97a3-4924-90db-af803ec2f059" />
      <TestMethod codeBase="C:\Users\bhask\Desktop\StudyJet\StudyJet.API.Tests\bin\Debug\net8.0\StudyJet.API.Tests.dll" adapterTypeName="executor://xunit/VsTestRunner2/netcoreapp" className="StudyJet.API.Tests.RepositoryTests.CourseRepoTest" name="SelectPendingUpdatesByInstructorIdAsync_WithValidInstructorId_ReturnsPendingUpdates" />
    </UnitTest>
    <UnitTest name="StudyJet.API.Tests.ServiceTests.UserServiceTest.CountUserByRoleAsync_ReturnsZero_WhenNoUsersFound" storage="c:\users\bhask\desktop\studyjet\studyjet.api.tests\bin\debug\net8.0\studyjet.api.tests.dll" id="8500e031-7bd2-eb5a-8f4d-b4c7e84a79aa">
      <Execution id="a43ddf1b-e3a5-45ca-a411-a900e3631953" />
      <TestMethod codeBase="C:\Users\bhask\Desktop\StudyJet\StudyJet.API.Tests\bin\Debug\net8.0\StudyJet.API.Tests.dll" adapterTypeName="executor://xunit/VsTestRunner2/netcoreapp" className="StudyJet.API.Tests.ServiceTests.UserServiceTest" name="CountUserByRoleAsync_ReturnsZero_WhenNoUsersFound" />
    </UnitTest>
    <UnitTest name="StudyJet.API.Tests.RepositoryTests.CategoryRepoTest.SelectAllAsync_ReturnsApprovedCategoriesWithCourses_WhenDataExists" storage="c:\users\bhask\desktop\studyjet\studyjet.api.tests\bin\debug\net8.0\studyjet.api.tests.dll" id="fb478e0f-892b-e248-e0ab-4e9d1994c880">
      <Execution id="45077219-4246-49ad-aa68-f4fd6c8003d1" />
      <TestMethod codeBase="C:\Users\bhask\Desktop\StudyJet\StudyJet.API.Tests\bin\Debug\net8.0\StudyJet.API.Tests.dll" adapterTypeName="executor://xunit/VsTestRunner2/netcoreapp" className="StudyJet.API.Tests.RepositoryTests.CategoryRepoTest" name="SelectAllAsync_ReturnsApprovedCategoriesWithCourses_WhenDataExists" />
    </UnitTest>
    <UnitTest name="StudyJet.API.Tests.ServiceTests.AuthServiceTest.GenerateEmailConfirmationLinkAsync_GeneratesValidLink" storage="c:\users\bhask\desktop\studyjet\studyjet.api.tests\bin\debug\net8.0\studyjet.api.tests.dll" id="de7a1910-4abe-c60b-f170-2d3b12ceb879">
      <Execution id="e2578303-a351-4b98-95a1-bbef29a0d2cd" />
      <TestMethod codeBase="C:\Users\bhask\Desktop\StudyJet\StudyJet.API.Tests\bin\Debug\net8.0\StudyJet.API.Tests.dll" adapterTypeName="executor://xunit/VsTestRunner2/netcoreapp" className="StudyJet.API.Tests.ServiceTests.AuthServiceTest" name="GenerateEmailConfirmationLinkAsync_GeneratesValidLink" />
    </UnitTest>
    <UnitTest name="StudyJet.API.Tests.ServiceTests.AuthServiceTest.Initiate2faSetupAsync_ReturnsSuccess_WithValidKeyAndQrCodeImage" storage="c:\users\bhask\desktop\studyjet\studyjet.api.tests\bin\debug\net8.0\studyjet.api.tests.dll" id="00252135-e90f-05da-4b00-ffe7a21ed026">
      <Execution id="ef102a08-71b9-44cc-95ee-9f69ef620df5" />
      <TestMethod codeBase="C:\Users\bhask\Desktop\StudyJet\StudyJet.API.Tests\bin\Debug\net8.0\StudyJet.API.Tests.dll" adapterTypeName="executor://xunit/VsTestRunner2/netcoreapp" className="StudyJet.API.Tests.ServiceTests.AuthServiceTest" name="Initiate2faSetupAsync_ReturnsSuccess_WithValidKeyAndQrCodeImage" />
    </UnitTest>
    <UnitTest name="StudyJet.API.Tests.ServiceTests.EmailServiceTest.SendConfirmationEmailAsync_ReturnsFailure_WhenInputIsInvalid(email: &quot;&quot;, link: &quot;http://example.com&quot;)" storage="c:\users\bhask\desktop\studyjet\studyjet.api.tests\bin\debug\net8.0\studyjet.api.tests.dll" id="fbcaffdb-b3c8-0f4e-dd72-95b2ae0caf60">
      <Execution id="815b683d-15c4-4ebc-b61f-155c15c587e4" />
      <TestMethod codeBase="C:\Users\bhask\Desktop\StudyJet\StudyJet.API.Tests\bin\Debug\net8.0\StudyJet.API.Tests.dll" adapterTypeName="executor://xunit/VsTestRunner2/netcoreapp" className="StudyJet.API.Tests.ServiceTests.EmailServiceTest" name="SendConfirmationEmailAsync_ReturnsFailure_WhenInputIsInvalid" />
    </UnitTest>
    <UnitTest name="StudyJet.API.Tests.ControllerTests.CategoryControllerTest.GetCategoryById_ReturnsOkResult_WhenCategoryExists" storage="c:\users\bhask\desktop\studyjet\studyjet.api.tests\bin\debug\net8.0\studyjet.api.tests.dll" id="8313d0a0-3f5a-71b9-40e3-58fd96581209">
      <Execution id="d04de717-53ce-4d35-80fd-6e323aa34c6f" />
      <TestMethod codeBase="C:\Users\bhask\Desktop\StudyJet\StudyJet.API.Tests\bin\Debug\net8.0\StudyJet.API.Tests.dll" adapterTypeName="executor://xunit/VsTestRunner2/netcoreapp" className="StudyJet.API.Tests.ControllerTests.CategoryControllerTest" name="GetCategoryById_ReturnsOkResult_WhenCategoryExists" />
    </UnitTest>
    <UnitTest name="StudyJet.API.Tests.ServiceTests.UserPurchaseCourseServiceTest.PurchaseCourseAsync_ReturnsTrue_WhenNewCoursesPurchased" storage="c:\users\bhask\desktop\studyjet\studyjet.api.tests\bin\debug\net8.0\studyjet.api.tests.dll" id="516d88f3-8ff2-f889-8f14-ea9bdead51f7">
      <Execution id="f5b5ca58-5396-479d-8513-0e880c0143cd" />
      <TestMethod codeBase="C:\Users\bhask\Desktop\StudyJet\StudyJet.API.Tests\bin\Debug\net8.0\StudyJet.API.Tests.dll" adapterTypeName="executor://xunit/VsTestRunner2/netcoreapp" className="StudyJet.API.Tests.ServiceTests.UserPurchaseCourseServiceTest" name="PurchaseCourseAsync_ReturnsTrue_WhenNewCoursesPurchased" />
    </UnitTest>
    <UnitTest name="StudyJet.API.Tests.ControllerTests.AuthControllerTests.Register_ReturnsBadRequest_WhenUsernameExists" storage="c:\users\bhask\desktop\studyjet\studyjet.api.tests\bin\debug\net8.0\studyjet.api.tests.dll" id="48d6cf19-0e38-b25e-a0ea-cef3a4e4f8c8">
      <Execution id="c2b9fd38-65d9-4235-adca-756c32749c8a" />
      <TestMethod codeBase="C:\Users\bhask\Desktop\StudyJet\StudyJet.API.Tests\bin\Debug\net8.0\StudyJet.API.Tests.dll" adapterTypeName="executor://xunit/VsTestRunner2/netcoreapp" className="StudyJet.API.Tests.ControllerTests.AuthControllerTests" name="Register_ReturnsBadRequest_WhenUsernameExists" />
    </UnitTest>
    <UnitTest name="StudyJet.API.Tests.RepositoryTests.CourseRepoTest.InsertAsync_WithNullCourse_ThrowsArgumentNullException" storage="c:\users\bhask\desktop\studyjet\studyjet.api.tests\bin\debug\net8.0\studyjet.api.tests.dll" id="4d3aef9a-b337-27ef-1ff3-22fb8aa9ef59">
      <Execution id="2cff5678-9f3a-41d7-a562-206d7ef039ea" />
      <TestMethod codeBase="C:\Users\bhask\Desktop\StudyJet\StudyJet.API.Tests\bin\Debug\net8.0\StudyJet.API.Tests.dll" adapterTypeName="executor://xunit/VsTestRunner2/netcoreapp" className="StudyJet.API.Tests.RepositoryTests.CourseRepoTest" name="InsertAsync_WithNullCourse_ThrowsArgumentNullException" />
    </UnitTest>
    <UnitTest name="StudyJet.API.Tests.ServiceTests.CourseServiceTest.GetByInstructorIdAsync_ThrowsArgumentException_WhenInstructorIdIsNullOrEmpty" storage="c:\users\bhask\desktop\studyjet\studyjet.api.tests\bin\debug\net8.0\studyjet.api.tests.dll" id="a4b71c45-3d91-c279-bf05-beefafda0f09">
      <Execution id="3268bb68-914f-4a9a-9235-2679990be432" />
      <TestMethod codeBase="C:\Users\bhask\Desktop\StudyJet\StudyJet.API.Tests\bin\Debug\net8.0\StudyJet.API.Tests.dll" adapterTypeName="executor://xunit/VsTestRunner2/netcoreapp" className="StudyJet.API.Tests.ServiceTests.CourseServiceTest" name="GetByInstructorIdAsync_ThrowsArgumentException_WhenInstructorIdIsNullOrEmpty" />
    </UnitTest>
    <UnitTest name="StudyJet.API.Tests.ControllerTests.CartControllerTest.GetCourseDetails_CourseNotFound_ReturnsNotFound" storage="c:\users\bhask\desktop\studyjet\studyjet.api.tests\bin\debug\net8.0\studyjet.api.tests.dll" id="720e1514-1e40-794d-7812-0a4ddbcbaff6">
      <Execution id="a81dda9a-8ac5-416c-936a-195e4cc1e93d" />
      <TestMethod codeBase="C:\Users\bhask\Desktop\StudyJet\StudyJet.API.Tests\bin\Debug\net8.0\StudyJet.API.Tests.dll" adapterTypeName="executor://xunit/VsTestRunner2/netcoreapp" className="StudyJet.API.Tests.ControllerTests.CartControllerTest" name="GetCourseDetails_CourseNotFound_ReturnsNotFound" />
    </UnitTest>
    <UnitTest name="StudyJet.API.Tests.ServiceTests.AuthServiceTest.GenerateEmailConfirmationLinkAsync_ShouldReturnError_WhenTokenIsInvalid" storage="c:\users\bhask\desktop\studyjet\studyjet.api.tests\bin\debug\net8.0\studyjet.api.tests.dll" id="a916340f-44e0-88f7-422a-884b4d9b4adb">
      <Execution id="e6a699e7-0281-4988-8ce0-1aec33dbd7c1" />
      <TestMethod codeBase="C:\Users\bhask\Desktop\StudyJet\StudyJet.API.Tests\bin\Debug\net8.0\StudyJet.API.Tests.dll" adapterTypeName="executor://xunit/VsTestRunner2/netcoreapp" className="StudyJet.API.Tests.ServiceTests.AuthServiceTest" name="GenerateEmailConfirmationLinkAsync_ShouldReturnError_WhenTokenIsInvalid" />
    </UnitTest>
    <UnitTest name="StudyJet.API.Tests.ControllerTests.CategoryControllerTest.AddCategory_ReturnsBadRequest_WhenCategoryDataIsInvalid" storage="c:\users\bhask\desktop\studyjet\studyjet.api.tests\bin\debug\net8.0\studyjet.api.tests.dll" id="09b36d79-9cfa-4218-6751-afb2e11da2fb">
      <Execution id="26d1d390-c67f-4c0b-a009-1d20776c3ca0" />
      <TestMethod codeBase="C:\Users\bhask\Desktop\StudyJet\StudyJet.API.Tests\bin\Debug\net8.0\StudyJet.API.Tests.dll" adapterTypeName="executor://xunit/VsTestRunner2/netcoreapp" className="StudyJet.API.Tests.ControllerTests.CategoryControllerTest" name="AddCategory_ReturnsBadRequest_WhenCategoryDataIsInvalid" />
    </UnitTest>
    <UnitTest name="StudyJet.API.Tests.RepositoryTests.UserRepoTest.CountUsersByRoleAsync_ShouldReturnCorrectCount_WhenRoleExists" storage="c:\users\bhask\desktop\studyjet\studyjet.api.tests\bin\debug\net8.0\studyjet.api.tests.dll" id="449a6cc3-f7b5-1084-055b-e025f3fdddb8">
      <Execution id="37d57bed-cee7-49e1-b3f0-8e3b2f9cd308" />
      <TestMethod codeBase="C:\Users\bhask\Desktop\StudyJet\StudyJet.API.Tests\bin\Debug\net8.0\StudyJet.API.Tests.dll" adapterTypeName="executor://xunit/VsTestRunner2/netcoreapp" className="StudyJet.API.Tests.RepositoryTests.UserRepoTest" name="CountUsersByRoleAsync_ShouldReturnCorrectCount_WhenRoleExists" />
    </UnitTest>
    <UnitTest name="StudyJet.API.Tests.ControllerTests.CourseControllerTest.GetPopularCourses_ShouldReturnOkWithEmptyList_WhenNoCoursesFound" storage="c:\users\bhask\desktop\studyjet\studyjet.api.tests\bin\debug\net8.0\studyjet.api.tests.dll" id="ebd68788-384c-436d-f5ca-aeb0723120ca">
      <Execution id="ac6ea5ab-b840-4f63-b5ec-38e311cc2ccb" />
      <TestMethod codeBase="C:\Users\bhask\Desktop\StudyJet\StudyJet.API.Tests\bin\Debug\net8.0\StudyJet.API.Tests.dll" adapterTypeName="executor://xunit/VsTestRunner2/netcoreapp" className="StudyJet.API.Tests.ControllerTests.CourseControllerTest" name="GetPopularCourses_ShouldReturnOkWithEmptyList_WhenNoCoursesFound" />
    </UnitTest>
    <UnitTest name="StudyJet.API.Tests.ControllerTests.UserControllerTest.GetUsersByRole_ShouldReturnBadRequest_WhenRoleIsNullOrEmpty" storage="c:\users\bhask\desktop\studyjet\studyjet.api.tests\bin\debug\net8.0\studyjet.api.tests.dll" id="4f146125-779e-04ef-8802-3532d953dd08">
      <Execution id="ec014706-1715-4a53-94f2-f00a06711bf3" />
      <TestMethod codeBase="C:\Users\bhask\Desktop\StudyJet\StudyJet.API.Tests\bin\Debug\net8.0\StudyJet.API.Tests.dll" adapterTypeName="executor://xunit/VsTestRunner2/netcoreapp" className="StudyJet.API.Tests.ControllerTests.UserControllerTest" name="GetUsersByRole_ShouldReturnBadRequest_WhenRoleIsNullOrEmpty" />
    </UnitTest>
    <UnitTest name="StudyJet.API.Tests.ServiceTests.UserServiceTest.AssignUserRoleAsync_Failure_ReturnsFailedIdentityResult" storage="c:\users\bhask\desktop\studyjet\studyjet.api.tests\bin\debug\net8.0\studyjet.api.tests.dll" id="d2d90214-0443-9de7-cdcf-3187221b6a8b">
      <Execution id="f71a16e3-f0d1-4e81-b898-a887e33319a9" />
      <TestMethod codeBase="C:\Users\bhask\Desktop\StudyJet\StudyJet.API.Tests\bin\Debug\net8.0\StudyJet.API.Tests.dll" adapterTypeName="executor://xunit/VsTestRunner2/netcoreapp" className="StudyJet.API.Tests.ServiceTests.UserServiceTest" name="AssignUserRoleAsync_Failure_ReturnsFailedIdentityResult" />
    </UnitTest>
    <UnitTest name="StudyJet.API.Tests.ControllerTests.AuthControllerTests.RegisterInstructor_ReturnsOk_WhenSuccess" storage="c:\users\bhask\desktop\studyjet\studyjet.api.tests\bin\debug\net8.0\studyjet.api.tests.dll" id="7737de8c-1f69-9081-7937-218f05027910">
      <Execution id="85fd52f6-0e57-40e7-b66d-44885eb883da" />
      <TestMethod codeBase="C:\Users\bhask\Desktop\StudyJet\StudyJet.API.Tests\bin\Debug\net8.0\StudyJet.API.Tests.dll" adapterTypeName="executor://xunit/VsTestRunner2/netcoreapp" className="StudyJet.API.Tests.ControllerTests.AuthControllerTests" name="RegisterInstructor_ReturnsOk_WhenSuccess" />
    </UnitTest>
    <UnitTest name="StudyJet.API.Tests.ControllerTests.AuthControllerTests.Login_ReturnsOk_WhenSuccess" storage="c:\users\bhask\desktop\studyjet\studyjet.api.tests\bin\debug\net8.0\studyjet.api.tests.dll" id="e56af006-c0dc-fe24-11ff-5497f76bf1c8">
      <Execution id="3c822011-11c1-4f48-a1c4-0d11fceeaa03" />
      <TestMethod codeBase="C:\Users\bhask\Desktop\StudyJet\StudyJet.API.Tests\bin\Debug\net8.0\StudyJet.API.Tests.dll" adapterTypeName="executor://xunit/VsTestRunner2/netcoreapp" className="StudyJet.API.Tests.ControllerTests.AuthControllerTests" name="Login_ReturnsOk_WhenSuccess" />
    </UnitTest>
    <UnitTest name="StudyJet.API.Tests.ServiceTests.AuthServiceTest.ChangePasswordAsync_ReturnsFalse_WhenUserIdIsNullOrEmpty" storage="c:\users\bhask\desktop\studyjet\studyjet.api.tests\bin\debug\net8.0\studyjet.api.tests.dll" id="fc86c617-e53c-9d12-6669-79cb101a8cc8">
      <Execution id="9a4d75ce-1052-4b12-abc9-1b26e35918b4" />
      <TestMethod codeBase="C:\Users\bhask\Desktop\StudyJet\StudyJet.API.Tests\bin\Debug\net8.0\StudyJet.API.Tests.dll" adapterTypeName="executor://xunit/VsTestRunner2/netcoreapp" className="StudyJet.API.Tests.ServiceTests.AuthServiceTest" name="ChangePasswordAsync_ReturnsFalse_WhenUserIdIsNullOrEmpty" />
    </UnitTest>
    <UnitTest name="StudyJet.API.Tests.ServiceTests.CategoryServiceTest.AddAsync_ReturnsCategoryId_WhenCategoryIsAddedSuccessfully" storage="c:\users\bhask\desktop\studyjet\studyjet.api.tests\bin\debug\net8.0\studyjet.api.tests.dll" id="3fd9654e-91fd-0616-25b8-b818e61d42b4">
      <Execution id="b3335fe6-5359-4f46-aa98-cf32abb707b7" />
      <TestMethod codeBase="C:\Users\bhask\Desktop\StudyJet\StudyJet.API.Tests\bin\Debug\net8.0\StudyJet.API.Tests.dll" adapterTypeName="executor://xunit/VsTestRunner2/netcoreapp" className="StudyJet.API.Tests.ServiceTests.CategoryServiceTest" name="AddAsync_ReturnsCategoryId_WhenCategoryIsAddedSuccessfully" />
    </UnitTest>
    <UnitTest name="StudyJet.API.Tests.ServiceTests.CourseServiceTest.GetPendingCoursesAsync_ReturnsCourses_WhenRepositoryReturnsCourses" storage="c:\users\bhask\desktop\studyjet\studyjet.api.tests\bin\debug\net8.0\studyjet.api.tests.dll" id="bffa3255-5e9a-0774-4fe8-a20e6519e0ca">
      <Execution id="720de0d6-9947-4226-9083-dfa10810d135" />
      <TestMethod codeBase="C:\Users\bhask\Desktop\StudyJet\StudyJet.API.Tests\bin\Debug\net8.0\StudyJet.API.Tests.dll" adapterTypeName="executor://xunit/VsTestRunner2/netcoreapp" className="StudyJet.API.Tests.ServiceTests.CourseServiceTest" name="GetPendingCoursesAsync_ReturnsCourses_WhenRepositoryReturnsCourses" />
    </UnitTest>
    <UnitTest name="StudyJet.API.Tests.RepositoryTests.CourseRepoTest.SelectCourseForUpdateAsync_WithInvalidInstructorOrCourse_ReturnsNull" storage="c:\users\bhask\desktop\studyjet\studyjet.api.tests\bin\debug\net8.0\studyjet.api.tests.dll" id="48f02a8a-4721-7c18-c851-cf1e84e7313c">
      <Execution id="7cc6538a-eec3-4207-b6af-0c1f889827c1" />
      <TestMethod codeBase="C:\Users\bhask\Desktop\StudyJet\StudyJet.API.Tests\bin\Debug\net8.0\StudyJet.API.Tests.dll" adapterTypeName="executor://xunit/VsTestRunner2/netcoreapp" className="StudyJet.API.Tests.RepositoryTests.CourseRepoTest" name="SelectCourseForUpdateAsync_WithInvalidInstructorOrCourse_ReturnsNull" />
    </UnitTest>
    <UnitTest name="StudyJet.API.Tests.ServiceTests.CourseServiceTest.GetTotalCoursesByInstructorIdAsync_ReturnsZero_WhenInstructorHasNoCourses" storage="c:\users\bhask\desktop\studyjet\studyjet.api.tests\bin\debug\net8.0\studyjet.api.tests.dll" id="1a35fe7a-bd20-3e5a-5982-9eaef72db6d9">
      <Execution id="f8f409b3-2121-4fb7-bc29-5513d0ae68f9" />
      <TestMethod codeBase="C:\Users\bhask\Desktop\StudyJet\StudyJet.API.Tests\bin\Debug\net8.0\StudyJet.API.Tests.dll" adapterTypeName="executor://xunit/VsTestRunner2/netcoreapp" className="StudyJet.API.Tests.ServiceTests.CourseServiceTest" name="GetTotalCoursesByInstructorIdAsync_ReturnsZero_WhenInstructorHasNoCourses" />
    </UnitTest>
    <UnitTest name="StudyJet.API.Tests.RepositoryTests.WishlistRepoTest.DeleteCourseFromWishlistAsync_ReturnsFalse_WhenUserNotFound" storage="c:\users\bhask\desktop\studyjet\studyjet.api.tests\bin\debug\net8.0\studyjet.api.tests.dll" id="d57e9866-04ac-a383-2e34-7f4f59f87c43">
      <Execution id="0fd2713a-b9c9-416d-9046-1b3d44a6fac9" />
      <TestMethod codeBase="C:\Users\bhask\Desktop\StudyJet\StudyJet.API.Tests\bin\Debug\net8.0\StudyJet.API.Tests.dll" adapterTypeName="executor://xunit/VsTestRunner2/netcoreapp" className="StudyJet.API.Tests.RepositoryTests.WishlistRepoTest" name="DeleteCourseFromWishlistAsync_ReturnsFalse_WhenUserNotFound" />
    </UnitTest>
    <UnitTest name="StudyJet.API.Tests.ServiceTests.CartServiceTest.GetCourseDetailsAsync_WithValidCourseId_ReturnsCourse" storage="c:\users\bhask\desktop\studyjet\studyjet.api.tests\bin\debug\net8.0\studyjet.api.tests.dll" id="2084e446-fc0c-cde2-b26b-222885074932">
      <Execution id="86591cb9-1386-4ae2-ad05-0fe26767d4bd" />
      <TestMethod codeBase="C:\Users\bhask\Desktop\StudyJet\StudyJet.API.Tests\bin\Debug\net8.0\StudyJet.API.Tests.dll" adapterTypeName="executor://xunit/VsTestRunner2/netcoreapp" className="StudyJet.API.Tests.ServiceTests.CartServiceTest" name="GetCourseDetailsAsync_WithValidCourseId_ReturnsCourse" />
    </UnitTest>
    <UnitTest name="StudyJet.API.Tests.ServiceTests.UserServiceTest.CheckIfEmailExistsAsync_EmailExists_ReturnsTrue" storage="c:\users\bhask\desktop\studyjet\studyjet.api.tests\bin\debug\net8.0\studyjet.api.tests.dll" id="669de3d9-b9c6-6572-5a90-3512e0cc8072">
      <Execution id="518dca96-8a7a-4ff6-816d-fb979a0cd1ba" />
      <TestMethod codeBase="C:\Users\bhask\Desktop\StudyJet\StudyJet.API.Tests\bin\Debug\net8.0\StudyJet.API.Tests.dll" adapterTypeName="executor://xunit/VsTestRunner2/netcoreapp" className="StudyJet.API.Tests.ServiceTests.UserServiceTest" name="CheckIfEmailExistsAsync_EmailExists_ReturnsTrue" />
    </UnitTest>
    <UnitTest name="StudyJet.API.Tests.ServiceTests.UserServiceTest.GetUserByRolesAsync_ReturnsEmptyList_WhenNoUsersFound" storage="c:\users\bhask\desktop\studyjet\studyjet.api.tests\bin\debug\net8.0\studyjet.api.tests.dll" id="e75f9b1d-f88b-b357-72f4-1bfa5fc211c7">
      <Execution id="5e4b4b7f-d4ae-4609-b088-d43b1761f416" />
      <TestMethod codeBase="C:\Users\bhask\Desktop\StudyJet\StudyJet.API.Tests\bin\Debug\net8.0\StudyJet.API.Tests.dll" adapterTypeName="executor://xunit/VsTestRunner2/netcoreapp" className="StudyJet.API.Tests.ServiceTests.UserServiceTest" name="GetUserByRolesAsync_ReturnsEmptyList_WhenNoUsersFound" />
    </UnitTest>
    <UnitTest name="StudyJet.API.Tests.ControllerTests.WishlistControllerTest.RemoveFromWishlist_ShouldReturnUnauthorized_WhenUserIsNotAuthenticated" storage="c:\users\bhask\desktop\studyjet\studyjet.api.tests\bin\debug\net8.0\studyjet.api.tests.dll" id="b5498d8b-977f-6b54-2e67-e71a9801fae1">
      <Execution id="280ae239-3041-4d5c-b691-b07a721bf583" />
      <TestMethod codeBase="C:\Users\bhask\Desktop\StudyJet\StudyJet.API.Tests\bin\Debug\net8.0\StudyJet.API.Tests.dll" adapterTypeName="executor://xunit/VsTestRunner2/netcoreapp" className="StudyJet.API.Tests.ControllerTests.WishlistControllerTest" name="RemoveFromWishlist_ShouldReturnUnauthorized_WhenUserIsNotAuthenticated" />
    </UnitTest>
    <UnitTest name="StudyJet.API.Tests.RepositoryTests.UserRepoTest.EmailExistsAsync_ShouldReturnFalse_WhenEmailDoesNotExist" storage="c:\users\bhask\desktop\studyjet\studyjet.api.tests\bin\debug\net8.0\studyjet.api.tests.dll" id="da8b7a48-3310-9646-d625-5fc59e464c7f">
      <Execution id="a23e8563-34ee-4a69-8f9e-0033e0f57175" />
      <TestMethod codeBase="C:\Users\bhask\Desktop\StudyJet\StudyJet.API.Tests\bin\Debug\net8.0\StudyJet.API.Tests.dll" adapterTypeName="executor://xunit/VsTestRunner2/netcoreapp" className="StudyJet.API.Tests.RepositoryTests.UserRepoTest" name="EmailExistsAsync_ShouldReturnFalse_WhenEmailDoesNotExist" />
    </UnitTest>
    <UnitTest name="StudyJet.API.Tests.ServiceTests.CourseServiceTest.GetApprovedCoursesAsync_ReturnsEmptyList_WhenRepositoryReturnsEmptyList" storage="c:\users\bhask\desktop\studyjet\studyjet.api.tests\bin\debug\net8.0\studyjet.api.tests.dll" id="230130f7-297c-e0f1-b879-99e4da61fa09">
      <Execution id="5b95f8e6-d282-4429-b74b-9a4a0907cd13" />
      <TestMethod codeBase="C:\Users\bhask\Desktop\StudyJet\StudyJet.API.Tests\bin\Debug\net8.0\StudyJet.API.Tests.dll" adapterTypeName="executor://xunit/VsTestRunner2/netcoreapp" className="StudyJet.API.Tests.ServiceTests.CourseServiceTest" name="GetApprovedCoursesAsync_ReturnsEmptyList_WhenRepositoryReturnsEmptyList" />
    </UnitTest>
    <UnitTest name="StudyJet.API.Tests.ServiceTests.UserServiceTest.RegisterInstructorAsync_ReturnsSuccess_WhenInstructorIsRegistered" storage="c:\users\bhask\desktop\studyjet\studyjet.api.tests\bin\debug\net8.0\studyjet.api.tests.dll" id="f885c55d-8e7d-f2a5-99fe-94fef4831655">
      <Execution id="eef8f263-992f-45bd-8a57-a7a20dd6befb" />
      <TestMethod codeBase="C:\Users\bhask\Desktop\StudyJet\StudyJet.API.Tests\bin\Debug\net8.0\StudyJet.API.Tests.dll" adapterTypeName="executor://xunit/VsTestRunner2/netcoreapp" className="StudyJet.API.Tests.ServiceTests.UserServiceTest" name="RegisterInstructorAsync_ReturnsSuccess_WhenInstructorIsRegistered" />
    </UnitTest>
    <UnitTest name="StudyJet.API.Tests.RepositoryTests.CategoryRepoTest.UpdateAsync_ShouldThrowException_WhenCategoryNameIsMissing" storage="c:\users\bhask\desktop\studyjet\studyjet.api.tests\bin\debug\net8.0\studyjet.api.tests.dll" id="ff47728d-4353-1ee9-a66e-b39166811572">
      <Execution id="ba5f2889-37b6-4e99-93ac-997379bcdfc2" />
      <TestMethod codeBase="C:\Users\bhask\Desktop\StudyJet\StudyJet.API.Tests\bin\Debug\net8.0\StudyJet.API.Tests.dll" adapterTypeName="executor://xunit/VsTestRunner2/netcoreapp" className="StudyJet.API.Tests.RepositoryTests.CategoryRepoTest" name="UpdateAsync_ShouldThrowException_WhenCategoryNameIsMissing" />
    </UnitTest>
    <UnitTest name="StudyJet.API.Tests.RepositoryTests.CourseRepoTest.SelectAllAsync_ReturnsAllCourses_WithInstructorAndCategory" storage="c:\users\bhask\desktop\studyjet\studyjet.api.tests\bin\debug\net8.0\studyjet.api.tests.dll" id="ed4e7905-a9e4-ac98-64af-fccd07cf2f7f">
      <Execution id="417dce8a-6c40-4089-b40e-3f7a58eba2de" />
      <TestMethod codeBase="C:\Users\bhask\Desktop\StudyJet\StudyJet.API.Tests\bin\Debug\net8.0\StudyJet.API.Tests.dll" adapterTypeName="executor://xunit/VsTestRunner2/netcoreapp" className="StudyJet.API.Tests.RepositoryTests.CourseRepoTest" name="SelectAllAsync_ReturnsAllCourses_WithInstructorAndCategory" />
    </UnitTest>
    <UnitTest name="StudyJet.API.Tests.ServiceTests.NotificationServiceTest.GetNotificationByUserIdAsync_ShouldThrowArgumentException_WhenUserIdIsInvalid(invalidUserId: null)" storage="c:\users\bhask\desktop\studyjet\studyjet.api.tests\bin\debug\net8.0\studyjet.api.tests.dll" id="9a003b43-9a0e-bc08-006b-c3617ce95e65">
      <Execution id="f890330f-59f3-4d72-9f86-73abf7626faf" />
      <TestMethod codeBase="C:\Users\bhask\Desktop\StudyJet\StudyJet.API.Tests\bin\Debug\net8.0\StudyJet.API.Tests.dll" adapterTypeName="executor://xunit/VsTestRunner2/netcoreapp" className="StudyJet.API.Tests.ServiceTests.NotificationServiceTest" name="GetNotificationByUserIdAsync_ShouldThrowArgumentException_WhenUserIdIsInvalid" />
    </UnitTest>
    <UnitTest name="StudyJet.API.Tests.RepositoryTests.CartRepoTest.SelectCourseDetailsAsync_Success" storage="c:\users\bhask\desktop\studyjet\studyjet.api.tests\bin\debug\net8.0\studyjet.api.tests.dll" id="9e029bb4-c79a-1d31-78bf-b3ef93113574">
      <Execution id="92a1588b-8316-4b7e-b667-31f26cd6215e" />
      <TestMethod codeBase="C:\Users\bhask\Desktop\StudyJet\StudyJet.API.Tests\bin\Debug\net8.0\StudyJet.API.Tests.dll" adapterTypeName="executor://xunit/VsTestRunner2/netcoreapp" className="StudyJet.API.Tests.RepositoryTests.CartRepoTest" name="SelectCourseDetailsAsync_Success" />
    </UnitTest>
    <UnitTest name="StudyJet.API.Tests.ServiceTests.CourseServiceTest.GetTotalCoursesByInstructorIdAsync_ReturnsTotalCourses_WhenInstructorHasCourses" storage="c:\users\bhask\desktop\studyjet\studyjet.api.tests\bin\debug\net8.0\studyjet.api.tests.dll" id="61f1ec6e-550c-5fb9-7072-675a621a4169">
      <Execution id="d5c63990-482b-43da-af97-2a9626ff609f" />
      <TestMethod codeBase="C:\Users\bhask\Desktop\StudyJet\StudyJet.API.Tests\bin\Debug\net8.0\StudyJet.API.Tests.dll" adapterTypeName="executor://xunit/VsTestRunner2/netcoreapp" className="StudyJet.API.Tests.ServiceTests.CourseServiceTest" name="GetTotalCoursesByInstructorIdAsync_ReturnsTotalCourses_WhenInstructorHasCourses" />
    </UnitTest>
    <UnitTest name="StudyJet.API.Tests.RepositoryTests.CourseRepoTest.ApproveCourseAsync_WithValidCourseId_UpdatesStatusAndReturnsTrue" storage="c:\users\bhask\desktop\studyjet\studyjet.api.tests\bin\debug\net8.0\studyjet.api.tests.dll" id="971903ac-7423-e640-def9-6b6fc606e378">
      <Execution id="ec3ea774-7e20-435d-8baa-cc961f3fdbfc" />
      <TestMethod codeBase="C:\Users\bhask\Desktop\StudyJet\StudyJet.API.Tests\bin\Debug\net8.0\StudyJet.API.Tests.dll" adapterTypeName="executor://xunit/VsTestRunner2/netcoreapp" className="StudyJet.API.Tests.RepositoryTests.CourseRepoTest" name="ApproveCourseAsync_WithValidCourseId_UpdatesStatusAndReturnsTrue" />
    </UnitTest>
    <UnitTest name="StudyJet.API.Tests.RepositoryTests.CategoryRepoTest.SelectByIdAsync_ShouldThrowException_WhenCategoryDoesNotExist" storage="c:\users\bhask\desktop\studyjet\studyjet.api.tests\bin\debug\net8.0\studyjet.api.tests.dll" id="6cc5b1f6-36aa-d32a-e44d-49239addac6e">
      <Execution id="b30d18c9-040c-45a3-b046-bd3638bceea4" />
      <TestMethod codeBase="C:\Users\bhask\Desktop\StudyJet\StudyJet.API.Tests\bin\Debug\net8.0\StudyJet.API.Tests.dll" adapterTypeName="executor://xunit/VsTestRunner2/netcoreapp" className="StudyJet.API.Tests.RepositoryTests.CategoryRepoTest" name="SelectByIdAsync_ShouldThrowException_WhenCategoryDoesNotExist" />
    </UnitTest>
    <UnitTest name="StudyJet.API.Tests.RepositoryTests.CategoryRepoTest.DeleteAsync_ReturnsFalse_WhenCategoryDoesNotExist" storage="c:\users\bhask\desktop\studyjet\studyjet.api.tests\bin\debug\net8.0\studyjet.api.tests.dll" id="8b892458-533a-8bb3-f0c1-8b554fa308b9">
      <Execution id="b4f06b6f-c379-4e1a-95b1-1e56538e55ac" />
      <TestMethod codeBase="C:\Users\bhask\Desktop\StudyJet\StudyJet.API.Tests\bin\Debug\net8.0\StudyJet.API.Tests.dll" adapterTypeName="executor://xunit/VsTestRunner2/netcoreapp" className="StudyJet.API.Tests.RepositoryTests.CategoryRepoTest" name="DeleteAsync_ReturnsFalse_WhenCategoryDoesNotExist" />
    </UnitTest>
    <UnitTest name="StudyJet.API.Tests.ServiceTests.AuthServiceTest.ChangePasswordAsync_ReturnsTrue_WhenPasswordChangeIsSuccessful" storage="c:\users\bhask\desktop\studyjet\studyjet.api.tests\bin\debug\net8.0\studyjet.api.tests.dll" id="a19051bb-4d4c-9694-910b-84fddff9ba39">
      <Execution id="a3f17bbe-352b-4145-ad37-59c634b460af" />
      <TestMethod codeBase="C:\Users\bhask\Desktop\StudyJet\StudyJet.API.Tests\bin\Debug\net8.0\StudyJet.API.Tests.dll" adapterTypeName="executor://xunit/VsTestRunner2/netcoreapp" className="StudyJet.API.Tests.ServiceTests.AuthServiceTest" name="ChangePasswordAsync_ReturnsTrue_WhenPasswordChangeIsSuccessful" />
    </UnitTest>
    <UnitTest name="StudyJet.API.Tests.ServiceTests.AuthServiceTest.RegisterUserAsync_EmailAlreadyExists_ReturnsEmailInUserError" storage="c:\users\bhask\desktop\studyjet\studyjet.api.tests\bin\debug\net8.0\studyjet.api.tests.dll" id="fce0fa63-c667-0584-bc3c-e609a5b13271">
      <Execution id="16b058a6-06f9-4c22-ba82-79a4b4467388" />
      <TestMethod codeBase="C:\Users\bhask\Desktop\StudyJet\StudyJet.API.Tests\bin\Debug\net8.0\StudyJet.API.Tests.dll" adapterTypeName="executor://xunit/VsTestRunner2/netcoreapp" className="StudyJet.API.Tests.ServiceTests.AuthServiceTest" name="RegisterUserAsync_EmailAlreadyExists_ReturnsEmailInUserError" />
    </UnitTest>
    <UnitTest name="StudyJet.API.Tests.ServiceTests.CourseServiceTest.ExistsAsync_ReturnsTrue_WhenCourseExists" storage="c:\users\bhask\desktop\studyjet\studyjet.api.tests\bin\debug\net8.0\studyjet.api.tests.dll" id="dde78b97-7a32-0743-6672-9324e69bbf10">
      <Execution id="d479e247-13e9-4956-9d49-0c3d0abee931" />
      <TestMethod codeBase="C:\Users\bhask\Desktop\StudyJet\StudyJet.API.Tests\bin\Debug\net8.0\StudyJet.API.Tests.dll" adapterTypeName="executor://xunit/VsTestRunner2/netcoreapp" className="StudyJet.API.Tests.ServiceTests.CourseServiceTest" name="ExistsAsync_ReturnsTrue_WhenCourseExists" />
    </UnitTest>
    <UnitTest name="StudyJet.API.Tests.ControllerTests.WishlistControllerTest.IsCourseInWishlist_ShouldReturnUnauthorized_WhenUserIsNotAuthenticated" storage="c:\users\bhask\desktop\studyjet\studyjet.api.tests\bin\debug\net8.0\studyjet.api.tests.dll" id="39bc4265-de65-ed4f-cb60-d78390a9b194">
      <Execution id="a481146c-29e4-4ca0-8c61-ef5719a28283" />
      <TestMethod codeBase="C:\Users\bhask\Desktop\StudyJet\StudyJet.API.Tests\bin\Debug\net8.0\StudyJet.API.Tests.dll" adapterTypeName="executor://xunit/VsTestRunner2/netcoreapp" className="StudyJet.API.Tests.ControllerTests.WishlistControllerTest" name="IsCourseInWishlist_ShouldReturnUnauthorized_WhenUserIsNotAuthenticated" />
    </UnitTest>
    <UnitTest name="StudyJet.API.Tests.ServiceTests.EmailServiceTest.SendConfirmationEmailAsync_ReturnsFailure_WhenConfigValuesMissing" storage="c:\users\bhask\desktop\studyjet\studyjet.api.tests\bin\debug\net8.0\studyjet.api.tests.dll" id="d1263ada-1330-3ab1-121a-1307509e8dbe">
      <Execution id="358752be-10b2-47fb-a243-1ed3d127494a" />
      <TestMethod codeBase="C:\Users\bhask\Desktop\StudyJet\StudyJet.API.Tests\bin\Debug\net8.0\StudyJet.API.Tests.dll" adapterTypeName="executor://xunit/VsTestRunner2/netcoreapp" className="StudyJet.API.Tests.ServiceTests.EmailServiceTest" name="SendConfirmationEmailAsync_ReturnsFailure_WhenConfigValuesMissing" />
    </UnitTest>
    <UnitTest name="StudyJet.API.Tests.ControllerTests.CategoryControllerTest.UpdateCategory_ReturnsBadRequest_WhenUpdateIsNotAllowed" storage="c:\users\bhask\desktop\studyjet\studyjet.api.tests\bin\debug\net8.0\studyjet.api.tests.dll" id="15afc427-565c-ddd1-318c-2eeea5a1bba6">
      <Execution id="8106cd14-afba-4c4f-ba0a-8609e2aac05a" />
      <TestMethod codeBase="C:\Users\bhask\Desktop\StudyJet\StudyJet.API.Tests\bin\Debug\net8.0\StudyJet.API.Tests.dll" adapterTypeName="executor://xunit/VsTestRunner2/netcoreapp" className="StudyJet.API.Tests.ControllerTests.CategoryControllerTest" name="UpdateCategory_ReturnsBadRequest_WhenUpdateIsNotAllowed" />
    </UnitTest>
    <UnitTest name="StudyJet.API.Tests.RepositoryTests.NotificationRepoTest.UpdateAsync_NullNotification" storage="c:\users\bhask\desktop\studyjet\studyjet.api.tests\bin\debug\net8.0\studyjet.api.tests.dll" id="5a736391-49dc-bc35-5d8a-0f7b066aa2ec">
      <Execution id="e9dd61cc-dea7-494b-b36c-5780abb2845b" />
      <TestMethod codeBase="C:\Users\bhask\Desktop\StudyJet\StudyJet.API.Tests\bin\Debug\net8.0\StudyJet.API.Tests.dll" adapterTypeName="executor://xunit/VsTestRunner2/netcoreapp" className="StudyJet.API.Tests.RepositoryTests.NotificationRepoTest" name="UpdateAsync_NullNotification" />
    </UnitTest>
    <UnitTest name="StudyJet.API.Tests.RepositoryTests.CourseRepoTest.ExistsAsync_WhenCourseDoesNotExist_ReturnsFalse" storage="c:\users\bhask\desktop\studyjet\studyjet.api.tests\bin\debug\net8.0\studyjet.api.tests.dll" id="db9f57e3-e383-635c-aa80-756cd5f10152">
      <Execution id="edb8bb6f-56b1-46c0-941d-22f5afd0e951" />
      <TestMethod codeBase="C:\Users\bhask\Desktop\StudyJet\StudyJet.API.Tests\bin\Debug\net8.0\StudyJet.API.Tests.dll" adapterTypeName="executor://xunit/VsTestRunner2/netcoreapp" className="StudyJet.API.Tests.RepositoryTests.CourseRepoTest" name="ExistsAsync_WhenCourseDoesNotExist_ReturnsFalse" />
    </UnitTest>
    <UnitTest name="StudyJet.API.Tests.RepositoryTests.UserPurchaseCourseRepoTest.InsertPurchaseAsync_Fails_WhenRequiredFieldsAreMissing" storage="c:\users\bhask\desktop\studyjet\studyjet.api.tests\bin\debug\net8.0\studyjet.api.tests.dll" id="37e453a4-c28b-5319-c87d-094ff8079edc">
      <Execution id="f8637030-2f43-48da-95b7-6a33bc385928" />
      <TestMethod codeBase="C:\Users\bhask\Desktop\StudyJet\StudyJet.API.Tests\bin\Debug\net8.0\StudyJet.API.Tests.dll" adapterTypeName="executor://xunit/VsTestRunner2/netcoreapp" className="StudyJet.API.Tests.RepositoryTests.UserPurchaseCourseRepoTest" name="InsertPurchaseAsync_Fails_WhenRequiredFieldsAreMissing" />
    </UnitTest>
    <UnitTest name="StudyJet.API.Tests.ServiceTests.WishlistServiceTest.AddCourseToWishlistAsync_Failure_ReturnsFalse" storage="c:\users\bhask\desktop\studyjet\studyjet.api.tests\bin\debug\net8.0\studyjet.api.tests.dll" id="b7ceca62-4cff-7b27-8772-dc0907a494a7">
      <Execution id="f15ce4d2-5a92-4985-90f0-7c272206cc0c" />
      <TestMethod codeBase="C:\Users\bhask\Desktop\StudyJet\StudyJet.API.Tests\bin\Debug\net8.0\StudyJet.API.Tests.dll" adapterTypeName="executor://xunit/VsTestRunner2/netcoreapp" className="StudyJet.API.Tests.ServiceTests.WishlistServiceTest" name="AddCourseToWishlistAsync_Failure_ReturnsFalse" />
    </UnitTest>
    <UnitTest name="StudyJet.API.Tests.ServiceTests.CourseServiceTest.SubmitCourseUpdateAsync_ThrowsArgumentNullException_WhenUpdateDtoIsNull" storage="c:\users\bhask\desktop\studyjet\studyjet.api.tests\bin\debug\net8.0\studyjet.api.tests.dll" id="dec3b024-9fbf-448d-a2d0-4a8c00721a24">
      <Execution id="0fda767a-3f68-4f8f-ba0c-9c880c3b2e44" />
      <TestMethod codeBase="C:\Users\bhask\Desktop\StudyJet\StudyJet.API.Tests\bin\Debug\net8.0\StudyJet.API.Tests.dll" adapterTypeName="executor://xunit/VsTestRunner2/netcoreapp" className="StudyJet.API.Tests.ServiceTests.CourseServiceTest" name="SubmitCourseUpdateAsync_ThrowsArgumentNullException_WhenUpdateDtoIsNull" />
    </UnitTest>
    <UnitTest name="StudyJet.API.Tests.ControllerTests.AuthControllerTests.ConfirmationEmail_ReturnsRedirect_WhenSuccessful" storage="c:\users\bhask\desktop\studyjet\studyjet.api.tests\bin\debug\net8.0\studyjet.api.tests.dll" id="d3b09c41-3892-e466-01fa-1e432e106e48">
      <Execution id="c6c89e3b-db31-4cd3-aa56-87c99a6bd533" />
      <TestMethod codeBase="C:\Users\bhask\Desktop\StudyJet\StudyJet.API.Tests\bin\Debug\net8.0\StudyJet.API.Tests.dll" adapterTypeName="executor://xunit/VsTestRunner2/netcoreapp" className="StudyJet.API.Tests.ControllerTests.AuthControllerTests" name="ConfirmationEmail_ReturnsRedirect_WhenSuccessful" />
    </UnitTest>
    <UnitTest name="StudyJet.API.Tests.RepositoryTests.CourseRepoTest.SelectPendingCoursesAsync_WhenNoPendingCoursesExist_ReturnsEmptyList" storage="c:\users\bhask\desktop\studyjet\studyjet.api.tests\bin\debug\net8.0\studyjet.api.tests.dll" id="751acf85-be50-97cc-4c26-6ba611e1dfe3">
      <Execution id="fe5acdeb-8fb5-4a7c-8ff9-a5c7b75ec5c2" />
      <TestMethod codeBase="C:\Users\bhask\Desktop\StudyJet\StudyJet.API.Tests\bin\Debug\net8.0\StudyJet.API.Tests.dll" adapterTypeName="executor://xunit/VsTestRunner2/netcoreapp" className="StudyJet.API.Tests.RepositoryTests.CourseRepoTest" name="SelectPendingCoursesAsync_WhenNoPendingCoursesExist_ReturnsEmptyList" />
    </UnitTest>
    <UnitTest name="StudyJet.API.Tests.RepositoryTests.CourseRepoTest.ExistsAsync_WhenCourseExists_ReturnsTrue" storage="c:\users\bhask\desktop\studyjet\studyjet.api.tests\bin\debug\net8.0\studyjet.api.tests.dll" id="f099fbd3-cadb-8ca7-bfa5-28a6068292c9">
      <Execution id="bd827d03-d9f0-4464-9260-2b1c33774977" />
      <TestMethod codeBase="C:\Users\bhask\Desktop\StudyJet\StudyJet.API.Tests\bin\Debug\net8.0\StudyJet.API.Tests.dll" adapterTypeName="executor://xunit/VsTestRunner2/netcoreapp" className="StudyJet.API.Tests.RepositoryTests.CourseRepoTest" name="ExistsAsync_WhenCourseExists_ReturnsTrue" />
    </UnitTest>
    <UnitTest name="StudyJet.API.Tests.ControllerTests.UserControllerTest.CheckUsername_ShouldReturnBadRequest_WhenUsernameIsNullOrWhitespace" storage="c:\users\bhask\desktop\studyjet\studyjet.api.tests\bin\debug\net8.0\studyjet.api.tests.dll" id="31dc1315-0c88-b773-6b76-aa852536afcd">
      <Execution id="8dd2cbae-56bb-4861-91ac-6b291ccd6935" />
      <TestMethod codeBase="C:\Users\bhask\Desktop\StudyJet\StudyJet.API.Tests\bin\Debug\net8.0\StudyJet.API.Tests.dll" adapterTypeName="executor://xunit/VsTestRunner2/netcoreapp" className="StudyJet.API.Tests.ControllerTests.UserControllerTest" name="CheckUsername_ShouldReturnBadRequest_WhenUsernameIsNullOrWhitespace" />
    </UnitTest>
    <UnitTest name="StudyJet.API.Tests.RepositoryTests.CategoryRepoTest.SelectByIdAsync_ReturnsCategoryWithApprovedCourses_WhenExists" storage="c:\users\bhask\desktop\studyjet\studyjet.api.tests\bin\debug\net8.0\studyjet.api.tests.dll" id="ba911d44-58f8-b81c-1f82-a0621d6354da">
      <Execution id="e4b4195d-915d-415e-a8de-1ca526497557" />
      <TestMethod codeBase="C:\Users\bhask\Desktop\StudyJet\StudyJet.API.Tests\bin\Debug\net8.0\StudyJet.API.Tests.dll" adapterTypeName="executor://xunit/VsTestRunner2/netcoreapp" className="StudyJet.API.Tests.RepositoryTests.CategoryRepoTest" name="SelectByIdAsync_ReturnsCategoryWithApprovedCourses_WhenExists" />
    </UnitTest>
    <UnitTest name="StudyJet.API.Tests.ControllerTests.CourseControllerTest.GetTotalCourses_ShouldReturnOkWithTotal_WhenUserIsAdmin" storage="c:\users\bhask\desktop\studyjet\studyjet.api.tests\bin\debug\net8.0\studyjet.api.tests.dll" id="6afebca4-7c68-b68f-60ea-257b1293b45b">
      <Execution id="f1f6249f-3105-4193-918c-f86e60ae50cb" />
      <TestMethod codeBase="C:\Users\bhask\Desktop\StudyJet\StudyJet.API.Tests\bin\Debug\net8.0\StudyJet.API.Tests.dll" adapterTypeName="executor://xunit/VsTestRunner2/netcoreapp" className="StudyJet.API.Tests.ControllerTests.CourseControllerTest" name="GetTotalCourses_ShouldReturnOkWithTotal_WhenUserIsAdmin" />
    </UnitTest>
    <UnitTest name="StudyJet.API.Tests.RepositoryTests.UserPurchaseCourseRepoTest.SelectPurchasedCourseIdsAsync_ReturnsEmpty_WhenUserHasNoPurchases" storage="c:\users\bhask\desktop\studyjet\studyjet.api.tests\bin\debug\net8.0\studyjet.api.tests.dll" id="4425c0e6-fb99-d5f1-ff76-00d6580360fd">
      <Execution id="885a7597-8e04-482b-b1f7-8fca8da41adb" />
      <TestMethod codeBase="C:\Users\bhask\Desktop\StudyJet\StudyJet.API.Tests\bin\Debug\net8.0\StudyJet.API.Tests.dll" adapterTypeName="executor://xunit/VsTestRunner2/netcoreapp" className="StudyJet.API.Tests.RepositoryTests.UserPurchaseCourseRepoTest" name="SelectPurchasedCourseIdsAsync_ReturnsEmpty_WhenUserHasNoPurchases" />
    </UnitTest>
    <UnitTest name="StudyJet.API.Tests.ServiceTests.WishlistServiceTest.IsCourseInWishlistAsync_CourseInWishlist_ReturnsTrue" storage="c:\users\bhask\desktop\studyjet\studyjet.api.tests\bin\debug\net8.0\studyjet.api.tests.dll" id="6c9445b0-d167-6baf-5c36-da12aa3a3446">
      <Execution id="f97b2331-8174-4363-af0c-2145c43d936a" />
      <TestMethod codeBase="C:\Users\bhask\Desktop\StudyJet\StudyJet.API.Tests\bin\Debug\net8.0\StudyJet.API.Tests.dll" adapterTypeName="executor://xunit/VsTestRunner2/netcoreapp" className="StudyJet.API.Tests.ServiceTests.WishlistServiceTest" name="IsCourseInWishlistAsync_CourseInWishlist_ReturnsTrue" />
    </UnitTest>
    <UnitTest name="StudyJet.API.Tests.ControllerTests.CourseControllerTest.Search_ShouldReturnBadRequest_WhenQueryIsInvalid(query: &quot;&quot;)" storage="c:\users\bhask\desktop\studyjet\studyjet.api.tests\bin\debug\net8.0\studyjet.api.tests.dll" id="fdcfb0cf-6cbe-21f0-b114-ae70fea0a32d">
      <Execution id="fe6c6f14-1192-4d56-a77a-8107c89aed0a" />
      <TestMethod codeBase="C:\Users\bhask\Desktop\StudyJet\StudyJet.API.Tests\bin\Debug\net8.0\StudyJet.API.Tests.dll" adapterTypeName="executor://xunit/VsTestRunner2/netcoreapp" className="StudyJet.API.Tests.ControllerTests.CourseControllerTest" name="Search_ShouldReturnBadRequest_WhenQueryIsInvalid" />
    </UnitTest>
    <UnitTest name="StudyJet.API.Tests.RepositoryTests.CartRepoTest.SelectCourseDetailsAsync_CourseNotFound_Failure" storage="c:\users\bhask\desktop\studyjet\studyjet.api.tests\bin\debug\net8.0\studyjet.api.tests.dll" id="1882ad1d-b517-965c-50d0-173d4af9bc20">
      <Execution id="c04a201f-f69a-45b0-a6fe-89c75a23d1d5" />
      <TestMethod codeBase="C:\Users\bhask\Desktop\StudyJet\StudyJet.API.Tests\bin\Debug\net8.0\StudyJet.API.Tests.dll" adapterTypeName="executor://xunit/VsTestRunner2/netcoreapp" className="StudyJet.API.Tests.RepositoryTests.CartRepoTest" name="SelectCourseDetailsAsync_CourseNotFound_Failure" />
    </UnitTest>
    <UnitTest name="StudyJet.API.Tests.ServiceTests.NotificationServiceTest.GetNotificationByIdAsync_ShouldReturnNotification_WhenValidId" storage="c:\users\bhask\desktop\studyjet\studyjet.api.tests\bin\debug\net8.0\studyjet.api.tests.dll" id="c5cd8ed8-4748-92a4-ef59-81862a123923">
      <Execution id="34c304b6-17c9-493a-a52f-1e17d1ea31e7" />
      <TestMethod codeBase="C:\Users\bhask\Desktop\StudyJet\StudyJet.API.Tests\bin\Debug\net8.0\StudyJet.API.Tests.dll" adapterTypeName="executor://xunit/VsTestRunner2/netcoreapp" className="StudyJet.API.Tests.ServiceTests.NotificationServiceTest" name="GetNotificationByIdAsync_ShouldReturnNotification_WhenValidId" />
    </UnitTest>
    <UnitTest name="StudyJet.API.Tests.ControllerTests.CourseControllerTest.GetById_ShouldReturnNotFound_WhenCourseDoesNotExist" storage="c:\users\bhask\desktop\studyjet\studyjet.api.tests\bin\debug\net8.0\studyjet.api.tests.dll" id="3e933234-ad8b-f31d-38cc-1d4845cce8df">
      <Execution id="9f40c022-74e1-4b3f-a1f6-d20bf27adf41" />
      <TestMethod codeBase="C:\Users\bhask\Desktop\StudyJet\StudyJet.API.Tests\bin\Debug\net8.0\StudyJet.API.Tests.dll" adapterTypeName="executor://xunit/VsTestRunner2/netcoreapp" className="StudyJet.API.Tests.ControllerTests.CourseControllerTest" name="GetById_ShouldReturnNotFound_WhenCourseDoesNotExist" />
    </UnitTest>
    <UnitTest name="StudyJet.API.Tests.ServiceTests.UserServiceTest.GetUserByIdAsync_UserDoesNotExist_ReturnsNull" storage="c:\users\bhask\desktop\studyjet\studyjet.api.tests\bin\debug\net8.0\studyjet.api.tests.dll" id="7f2d98de-2d90-386a-eb57-220db7e81fb5">
      <Execution id="3804e0fd-c934-4df7-976a-a2145e31b1a6" />
      <TestMethod codeBase="C:\Users\bhask\Desktop\StudyJet\StudyJet.API.Tests\bin\Debug\net8.0\StudyJet.API.Tests.dll" adapterTypeName="executor://xunit/VsTestRunner2/netcoreapp" className="StudyJet.API.Tests.ServiceTests.UserServiceTest" name="GetUserByIdAsync_UserDoesNotExist_ReturnsNull" />
    </UnitTest>
    <UnitTest name="StudyJet.API.Tests.ServiceTests.CategoryServiceTest.GetByIdAsync_ReturnsCategoryResponseDTO_WhenCategoryExists" storage="c:\users\bhask\desktop\studyjet\studyjet.api.tests\bin\debug\net8.0\studyjet.api.tests.dll" id="258e4244-8686-b06e-f707-26e52cd3d460">
      <Execution id="997692ed-7980-484f-8f32-745c4aade62b" />
      <TestMethod codeBase="C:\Users\bhask\Desktop\StudyJet\StudyJet.API.Tests\bin\Debug\net8.0\StudyJet.API.Tests.dll" adapterTypeName="executor://xunit/VsTestRunner2/netcoreapp" className="StudyJet.API.Tests.ServiceTests.CategoryServiceTest" name="GetByIdAsync_ReturnsCategoryResponseDTO_WhenCategoryExists" />
    </UnitTest>
    <UnitTest name="StudyJet.API.Tests.ControllerTests.CartControllerTest.MoveToWishlist_ValidUser_CourseNotInWishlist_ReturnsOk" storage="c:\users\bhask\desktop\studyjet\studyjet.api.tests\bin\debug\net8.0\studyjet.api.tests.dll" id="dbf9e601-1bbe-d042-a564-ff568b0330e0">
      <Execution id="e98fb200-aedd-433b-b6e6-49a563bc4cd6" />
      <TestMethod codeBase="C:\Users\bhask\Desktop\StudyJet\StudyJet.API.Tests\bin\Debug\net8.0\StudyJet.API.Tests.dll" adapterTypeName="executor://xunit/VsTestRunner2/netcoreapp" className="StudyJet.API.Tests.ControllerTests.CartControllerTest" name="MoveToWishlist_ValidUser_CourseNotInWishlist_ReturnsOk" />
    </UnitTest>
    <UnitTest name="StudyJet.API.Tests.RepositoryTests.UserPurchaseCourseRepoTest.SelectPurchasedCourseAsync_ReturnsCourses_WhenUserHasPurchases" storage="c:\users\bhask\desktop\studyjet\studyjet.api.tests\bin\debug\net8.0\studyjet.api.tests.dll" id="5970311a-f40e-9443-a2b0-0bfae0d69fa9">
      <Execution id="332c9921-f31f-42b8-9f58-87f7b1d61f54" />
      <TestMethod codeBase="C:\Users\bhask\Desktop\StudyJet\StudyJet.API.Tests\bin\Debug\net8.0\StudyJet.API.Tests.dll" adapterTypeName="executor://xunit/VsTestRunner2/netcoreapp" className="StudyJet.API.Tests.RepositoryTests.UserPurchaseCourseRepoTest" name="SelectPurchasedCourseAsync_ReturnsCourses_WhenUserHasPurchases" />
    </UnitTest>
    <UnitTest name="StudyJet.API.Tests.ServiceTests.FileStorageServiceTest.SaveImageAsync_ShouldThrowArgumentException_WhenFileIsNullOrEmpty" storage="c:\users\bhask\desktop\studyjet\studyjet.api.tests\bin\debug\net8.0\studyjet.api.tests.dll" id="446cbc81-927a-2b07-7683-15dc5deab96f">
      <Execution id="7df730ac-2342-4bbf-a119-8e28b0852257" />
      <TestMethod codeBase="C:\Users\bhask\Desktop\StudyJet\StudyJet.API.Tests\bin\Debug\net8.0\StudyJet.API.Tests.dll" adapterTypeName="executor://xunit/VsTestRunner2/netcoreapp" className="StudyJet.API.Tests.ServiceTests.FileStorageServiceTest" name="SaveImageAsync_ShouldThrowArgumentException_WhenFileIsNullOrEmpty" />
    </UnitTest>
    <UnitTest name="StudyJet.API.Tests.ServiceTests.CourseServiceTest.UpdateAsync_ThrowsException_WhenCourseNotFound" storage="c:\users\bhask\desktop\studyjet\studyjet.api.tests\bin\debug\net8.0\studyjet.api.tests.dll" id="b3a4d3f3-70d2-e865-f57b-299ee2742098">
      <Execution id="15f28e4d-30de-400a-b2e8-a08ed15d1d7c" />
      <TestMethod codeBase="C:\Users\bhask\Desktop\StudyJet\StudyJet.API.Tests\bin\Debug\net8.0\StudyJet.API.Tests.dll" adapterTypeName="executor://xunit/VsTestRunner2/netcoreapp" className="StudyJet.API.Tests.ServiceTests.CourseServiceTest" name="UpdateAsync_ThrowsException_WhenCourseNotFound" />
    </UnitTest>
    <UnitTest name="StudyJet.API.Tests.ControllerTests.CourseControllerTest.Create_ReturnsSuccess_WithValidRequest" storage="c:\users\bhask\desktop\studyjet\studyjet.api.tests\bin\debug\net8.0\studyjet.api.tests.dll" id="4b28da60-51ac-f024-ffe9-398c9e20e6a0">
      <Execution id="2f91d0ab-90ac-40cc-9dcf-f6d6b08d50cf" />
      <TestMethod codeBase="C:\Users\bhask\Desktop\StudyJet\StudyJet.API.Tests\bin\Debug\net8.0\StudyJet.API.Tests.dll" adapterTypeName="executor://xunit/VsTestRunner2/netcoreapp" className="StudyJet.API.Tests.ControllerTests.CourseControllerTest" name="Create_ReturnsSuccess_WithValidRequest" />
    </UnitTest>
    <UnitTest name="StudyJet.API.Tests.ServiceTests.CourseServiceTest.ApprovePendingUpdatesAsync_ReturnsTrue_WhenPendingUpdateExists" storage="c:\users\bhask\desktop\studyjet\studyjet.api.tests\bin\debug\net8.0\studyjet.api.tests.dll" id="a5418571-537e-d773-41af-a342cc8d1966">
      <Execution id="77240ef0-a83a-479c-b716-7f5a7438a640" />
      <TestMethod codeBase="C:\Users\bhask\Desktop\StudyJet\StudyJet.API.Tests\bin\Debug\net8.0\StudyJet.API.Tests.dll" adapterTypeName="executor://xunit/VsTestRunner2/netcoreapp" className="StudyJet.API.Tests.ServiceTests.CourseServiceTest" name="ApprovePendingUpdatesAsync_ReturnsTrue_WhenPendingUpdateExists" />
    </UnitTest>
    <UnitTest name="StudyJet.API.Tests.RepositoryTests.CourseRepoTest.SelectByIdAsync_ThrowsKeyNotFoundException_WhenNotExists" storage="c:\users\bhask\desktop\studyjet\studyjet.api.tests\bin\debug\net8.0\studyjet.api.tests.dll" id="d0174b57-c799-1293-8b40-1ce39b2aabe9">
      <Execution id="fb0fa3cb-4593-4b9c-ab9b-aa86bb2930a7" />
      <TestMethod codeBase="C:\Users\bhask\Desktop\StudyJet\StudyJet.API.Tests\bin\Debug\net8.0\StudyJet.API.Tests.dll" adapterTypeName="executor://xunit/VsTestRunner2/netcoreapp" className="StudyJet.API.Tests.RepositoryTests.CourseRepoTest" name="SelectByIdAsync_ThrowsKeyNotFoundException_WhenNotExists" />
    </UnitTest>
    <UnitTest name="StudyJet.API.Tests.ServiceTests.CourseServiceTest.GetAllAsync_ReturnsCoursesWithUpdates_WhenCoursesAndUpdatesExist" storage="c:\users\bhask\desktop\studyjet\studyjet.api.tests\bin\debug\net8.0\studyjet.api.tests.dll" id="ba26d002-e2c7-3672-d244-43c4aa6f3f4d">
      <Execution id="6ae31460-533b-48e8-a2e7-7d600d0bbbb2" />
      <TestMethod codeBase="C:\Users\bhask\Desktop\StudyJet\StudyJet.API.Tests\bin\Debug\net8.0\StudyJet.API.Tests.dll" adapterTypeName="executor://xunit/VsTestRunner2/netcoreapp" className="StudyJet.API.Tests.ServiceTests.CourseServiceTest" name="GetAllAsync_ReturnsCoursesWithUpdates_WhenCoursesAndUpdatesExist" />
    </UnitTest>
    <UnitTest name="StudyJet.API.Tests.ServiceTests.WishlistServiceTest.RemoveCourseFromWishlistAsync_Success_ReturnsTrue" storage="c:\users\bhask\desktop\studyjet\studyjet.api.tests\bin\debug\net8.0\studyjet.api.tests.dll" id="a7c1f78e-3c0c-78a5-5751-ff7ed81b7710">
      <Execution id="09385b9b-5b62-450c-8018-49d2bf570a38" />
      <TestMethod codeBase="C:\Users\bhask\Desktop\StudyJet\StudyJet.API.Tests\bin\Debug\net8.0\StudyJet.API.Tests.dll" adapterTypeName="executor://xunit/VsTestRunner2/netcoreapp" className="StudyJet.API.Tests.ServiceTests.WishlistServiceTest" name="RemoveCourseFromWishlistAsync_Success_ReturnsTrue" />
    </UnitTest>
    <UnitTest name="StudyJet.API.Tests.ControllerTests.AuthControllerTests.ResetPassword_ShouldReturnOk_WhenPasswordResetSucceeds" storage="c:\users\bhask\desktop\studyjet\studyjet.api.tests\bin\debug\net8.0\studyjet.api.tests.dll" id="e3954466-ac55-f282-6c66-a95f1d617adc">
      <Execution id="2bf1a4be-bce8-41dc-adc9-775bb905f9fc" />
      <TestMethod codeBase="C:\Users\bhask\Desktop\StudyJet\StudyJet.API.Tests\bin\Debug\net8.0\StudyJet.API.Tests.dll" adapterTypeName="executor://xunit/VsTestRunner2/netcoreapp" className="StudyJet.API.Tests.ControllerTests.AuthControllerTests" name="ResetPassword_ShouldReturnOk_WhenPasswordResetSucceeds" />
    </UnitTest>
    <UnitTest name="StudyJet.API.Tests.RepositoryTests.CourseRepoTest.UpdateAsync_UpdatesCourse_WhenCourseExists" storage="c:\users\bhask\desktop\studyjet\studyjet.api.tests\bin\debug\net8.0\studyjet.api.tests.dll" id="13106235-8398-b9d9-7ec2-48fc45a5fda8">
      <Execution id="abb7501f-bc4d-4ba8-978c-132a8f23895f" />
      <TestMethod codeBase="C:\Users\bhask\Desktop\StudyJet\StudyJet.API.Tests\bin\Debug\net8.0\StudyJet.API.Tests.dll" adapterTypeName="executor://xunit/VsTestRunner2/netcoreapp" className="StudyJet.API.Tests.RepositoryTests.CourseRepoTest" name="UpdateAsync_UpdatesCourse_WhenCourseExists" />
    </UnitTest>
    <UnitTest name="StudyJet.API.Tests.ServiceTests.AuthServiceTest.ResetPasswordAsync_ReturnsFailure_WhenUserNotFound" storage="c:\users\bhask\desktop\studyjet\studyjet.api.tests\bin\debug\net8.0\studyjet.api.tests.dll" id="6e9365e5-7c27-69e2-f0a3-799849f18a8f">
      <Execution id="0f981b5f-9d06-4dfb-a0c8-f0dcd9890a92" />
      <TestMethod codeBase="C:\Users\bhask\Desktop\StudyJet\StudyJet.API.Tests\bin\Debug\net8.0\StudyJet.API.Tests.dll" adapterTypeName="executor://xunit/VsTestRunner2/netcoreapp" className="StudyJet.API.Tests.ServiceTests.AuthServiceTest" name="ResetPasswordAsync_ReturnsFailure_WhenUserNotFound" />
    </UnitTest>
    <UnitTest name="StudyJet.API.Tests.RepositoryTests.CourseRepoTest.RejectCourseAsync_WithInvalidCourseId_ReturnsFalse" storage="c:\users\bhask\desktop\studyjet\studyjet.api.tests\bin\debug\net8.0\studyjet.api.tests.dll" id="9be68876-ddc1-832a-7a2c-40f2528e8685">
      <Execution id="ff06230c-8fe6-4eea-b5be-cb6f41704dc7" />
      <TestMethod codeBase="C:\Users\bhask\Desktop\StudyJet\StudyJet.API.Tests\bin\Debug\net8.0\StudyJet.API.Tests.dll" adapterTypeName="executor://xunit/VsTestRunner2/netcoreapp" className="StudyJet.API.Tests.RepositoryTests.CourseRepoTest" name="RejectCourseAsync_WithInvalidCourseId_ReturnsFalse" />
    </UnitTest>
    <UnitTest name="StudyJet.API.Tests.ControllerTests.CourseControllerTest.ApproveCourse_ShouldReturnNotFound_WhenCourseApprovalFails" storage="c:\users\bhask\desktop\studyjet\studyjet.api.tests\bin\debug\net8.0\studyjet.api.tests.dll" id="24c51b4b-2c4e-f0d4-334e-4fe3e22f2e07">
      <Execution id="4c0abdcb-9cfc-40fe-b202-92639d479340" />
      <TestMethod codeBase="C:\Users\bhask\Desktop\StudyJet\StudyJet.API.Tests\bin\Debug\net8.0\StudyJet.API.Tests.dll" adapterTypeName="executor://xunit/VsTestRunner2/netcoreapp" className="StudyJet.API.Tests.ControllerTests.CourseControllerTest" name="ApproveCourse_ShouldReturnNotFound_WhenCourseApprovalFails" />
    </UnitTest>
    <UnitTest name="StudyJet.API.Tests.ServiceTests.CourseServiceTest.GetApprovedCoursesAsync_ReturnsCourses_WhenRepositoryReturnsCourses" storage="c:\users\bhask\desktop\studyjet\studyjet.api.tests\bin\debug\net8.0\studyjet.api.tests.dll" id="716c040a-b9ea-d8de-5427-0d2dc20a558f">
      <Execution id="e5a986ba-aa9d-49ac-97df-ab94f1ad7f33" />
      <TestMethod codeBase="C:\Users\bhask\Desktop\StudyJet\StudyJet.API.Tests\bin\Debug\net8.0\StudyJet.API.Tests.dll" adapterTypeName="executor://xunit/VsTestRunner2/netcoreapp" className="StudyJet.API.Tests.ServiceTests.CourseServiceTest" name="GetApprovedCoursesAsync_ReturnsCourses_WhenRepositoryReturnsCourses" />
    </UnitTest>
    <UnitTest name="StudyJet.API.Tests.ControllerTests.UserPurchaseCourseControllerTest.GetPurchasedCourse_ShouldReturnUnauthorized_WhenUserIdIsMissing" storage="c:\users\bhask\desktop\studyjet\studyjet.api.tests\bin\debug\net8.0\studyjet.api.tests.dll" id="52e93586-135e-0007-f081-0c91c6c0b97b">
      <Execution id="f8fe41b6-ca02-4c65-a943-899e652d7945" />
      <TestMethod codeBase="C:\Users\bhask\Desktop\StudyJet\StudyJet.API.Tests\bin\Debug\net8.0\StudyJet.API.Tests.dll" adapterTypeName="executor://xunit/VsTestRunner2/netcoreapp" className="StudyJet.API.Tests.ControllerTests.UserPurchaseCourseControllerTest" name="GetPurchasedCourse_ShouldReturnUnauthorized_WhenUserIdIsMissing" />
    </UnitTest>
    <UnitTest name="StudyJet.API.Tests.ServiceTests.WishlistServiceTest.AddCourseToWishlistAsync_Success_ReturnsTrue" storage="c:\users\bhask\desktop\studyjet\studyjet.api.tests\bin\debug\net8.0\studyjet.api.tests.dll" id="55d1c600-efe6-01e5-1e03-4f91d5c8206a">
      <Execution id="609309a3-d3f1-4312-9afc-e00f97dbbcb7" />
      <TestMethod codeBase="C:\Users\bhask\Desktop\StudyJet\StudyJet.API.Tests\bin\Debug\net8.0\StudyJet.API.Tests.dll" adapterTypeName="executor://xunit/VsTestRunner2/netcoreapp" className="StudyJet.API.Tests.ServiceTests.WishlistServiceTest" name="AddCourseToWishlistAsync_Success_ReturnsTrue" />
    </UnitTest>
    <UnitTest name="StudyJet.API.Tests.ControllerTests.WishlistControllerTest.GetWishlist_ShouldReturnOk_WhenUserIsAuthenticated" storage="c:\users\bhask\desktop\studyjet\studyjet.api.tests\bin\debug\net8.0\studyjet.api.tests.dll" id="e4c9cf14-12ab-7f9f-8cf5-aaa445e46125">
      <Execution id="33faac05-543b-4dc1-8ec4-bc809c2abc46" />
      <TestMethod codeBase="C:\Users\bhask\Desktop\StudyJet\StudyJet.API.Tests\bin\Debug\net8.0\StudyJet.API.Tests.dll" adapterTypeName="executor://xunit/VsTestRunner2/netcoreapp" className="StudyJet.API.Tests.ControllerTests.WishlistControllerTest" name="GetWishlist_ShouldReturnOk_WhenUserIsAuthenticated" />
    </UnitTest>
    <UnitTest name="StudyJet.API.Tests.ServiceTests.AuthServiceTest.SendConfirmationEmailAsync_SuccessfulEmailSent_ReturnsSuccessResult" storage="c:\users\bhask\desktop\studyjet\studyjet.api.tests\bin\debug\net8.0\studyjet.api.tests.dll" id="1b509521-f549-94cb-9b76-1cda3c1f268c">
      <Execution id="050a80a5-59fa-4e99-8948-eeb9d0b46ce6" />
      <TestMethod codeBase="C:\Users\bhask\Desktop\StudyJet\StudyJet.API.Tests\bin\Debug\net8.0\StudyJet.API.Tests.dll" adapterTypeName="executor://xunit/VsTestRunner2/netcoreapp" className="StudyJet.API.Tests.ServiceTests.AuthServiceTest" name="SendConfirmationEmailAsync_SuccessfulEmailSent_ReturnsSuccessResult" />
    </UnitTest>
    <UnitTest name="StudyJet.API.Tests.RepositoryTests.CourseRepoTest.SelectAllAsync_WhenNoCourses_ReturnsEmptyList" storage="c:\users\bhask\desktop\studyjet\studyjet.api.tests\bin\debug\net8.0\studyjet.api.tests.dll" id="05bedbbe-9715-4dd4-e9a6-bb171d9f7899">
      <Execution id="b80b216e-d90b-4800-855c-58257c76fabb" />
      <TestMethod codeBase="C:\Users\bhask\Desktop\StudyJet\StudyJet.API.Tests\bin\Debug\net8.0\StudyJet.API.Tests.dll" adapterTypeName="executor://xunit/VsTestRunner2/netcoreapp" className="StudyJet.API.Tests.RepositoryTests.CourseRepoTest" name="SelectAllAsync_WhenNoCourses_ReturnsEmptyList" />
    </UnitTest>
    <UnitTest name="StudyJet.API.Tests.ServiceTests.CourseServiceTest.GetCourseForUpdateAsync_ReturnsNull_WhenCourseDoesNotExistOrInstructorDoesNotOwnIt" storage="c:\users\bhask\desktop\studyjet\studyjet.api.tests\bin\debug\net8.0\studyjet.api.tests.dll" id="9be9f8e0-74c9-35e7-9b5a-a7e08e98223e">
      <Execution id="92ffd874-0714-4c39-85cc-fb12779b3886" />
      <TestMethod codeBase="C:\Users\bhask\Desktop\StudyJet\StudyJet.API.Tests\bin\Debug\net8.0\StudyJet.API.Tests.dll" adapterTypeName="executor://xunit/VsTestRunner2/netcoreapp" className="StudyJet.API.Tests.ServiceTests.CourseServiceTest" name="GetCourseForUpdateAsync_ReturnsNull_WhenCourseDoesNotExistOrInstructorDoesNotOwnIt" />
    </UnitTest>
    <UnitTest name="StudyJet.API.Tests.ServiceTests.AuthServiceTest.RegisterUserAsync_RoleAssignmentFails_ReturnsRoleAssignmentError" storage="c:\users\bhask\desktop\studyjet\studyjet.api.tests\bin\debug\net8.0\studyjet.api.tests.dll" id="230565f3-14ad-f21a-b4bb-8e26e8acbeaa">
      <Execution id="d26f6c2c-ddee-4fe4-b605-762b3d714167" />
      <TestMethod codeBase="C:\Users\bhask\Desktop\StudyJet\StudyJet.API.Tests\bin\Debug\net8.0\StudyJet.API.Tests.dll" adapterTypeName="executor://xunit/VsTestRunner2/netcoreapp" className="StudyJet.API.Tests.ServiceTests.AuthServiceTest" name="RegisterUserAsync_RoleAssignmentFails_ReturnsRoleAssignmentError" />
    </UnitTest>
    <UnitTest name="StudyJet.API.Tests.RepositoryTests.WishlistRepoTest.DeleteCourseFromWishlistAsync_ReturnsTrue_WhenCourseIsInWishlist" storage="c:\users\bhask\desktop\studyjet\studyjet.api.tests\bin\debug\net8.0\studyjet.api.tests.dll" id="d2518d90-24f6-7e67-00a5-7a05c168dee3">
      <Execution id="f9e6bd35-e089-40f8-9f30-24cf00e66a06" />
      <TestMethod codeBase="C:\Users\bhask\Desktop\StudyJet\StudyJet.API.Tests\bin\Debug\net8.0\StudyJet.API.Tests.dll" adapterTypeName="executor://xunit/VsTestRunner2/netcoreapp" className="StudyJet.API.Tests.RepositoryTests.WishlistRepoTest" name="DeleteCourseFromWishlistAsync_ReturnsTrue_WhenCourseIsInWishlist" />
    </UnitTest>
    <UnitTest name="StudyJet.API.Tests.ServiceTests.CourseServiceTest.GetEnrolledStudentsByCourseIdAsync_ReturnsEmptyList_WhenNoStudentsAreEnrolled" storage="c:\users\bhask\desktop\studyjet\studyjet.api.tests\bin\debug\net8.0\studyjet.api.tests.dll" id="9180ce6b-77d3-22dd-c74d-ff78aa0e8f9e">
      <Execution id="c566e41b-72b7-4634-a6dc-20ff5093f2f1" />
      <TestMethod codeBase="C:\Users\bhask\Desktop\StudyJet\StudyJet.API.Tests\bin\Debug\net8.0\StudyJet.API.Tests.dll" adapterTypeName="executor://xunit/VsTestRunner2/netcoreapp" className="StudyJet.API.Tests.ServiceTests.CourseServiceTest" name="GetEnrolledStudentsByCourseIdAsync_ReturnsEmptyList_WhenNoStudentsAreEnrolled" />
    </UnitTest>
    <UnitTest name="StudyJet.API.Tests.ServiceTests.CourseServiceTest.GetTotalCoursesAsync_ReturnsTotalCount_WhenCoursesExist" storage="c:\users\bhask\desktop\studyjet\studyjet.api.tests\bin\debug\net8.0\studyjet.api.tests.dll" id="27c3bd67-d53d-0ad4-d4d8-0c317f2a80be">
      <Execution id="5c3390ec-7c67-4bfa-8096-6125cc4c6d7f" />
      <TestMethod codeBase="C:\Users\bhask\Desktop\StudyJet\StudyJet.API.Tests\bin\Debug\net8.0\StudyJet.API.Tests.dll" adapterTypeName="executor://xunit/VsTestRunner2/netcoreapp" className="StudyJet.API.Tests.ServiceTests.CourseServiceTest" name="GetTotalCoursesAsync_ReturnsTotalCount_WhenCoursesExist" />
    </UnitTest>
    <UnitTest name="StudyJet.API.Tests.ControllerTests.CourseControllerTest.GetCourseForUpdate_ShouldReturnNotFound_WhenCourseIsNotFoundOrNoUpdatesAvailable" storage="c:\users\bhask\desktop\studyjet\studyjet.api.tests\bin\debug\net8.0\studyjet.api.tests.dll" id="fb0bee82-09ca-8773-471f-f04f4493e245">
      <Execution id="2b90ef09-8f68-446e-bc9d-8f217674daae" />
      <TestMethod codeBase="C:\Users\bhask\Desktop\StudyJet\StudyJet.API.Tests\bin\Debug\net8.0\StudyJet.API.Tests.dll" adapterTypeName="executor://xunit/VsTestRunner2/netcoreapp" className="StudyJet.API.Tests.ControllerTests.CourseControllerTest" name="GetCourseForUpdate_ShouldReturnNotFound_WhenCourseIsNotFoundOrNoUpdatesAvailable" />
    </UnitTest>
    <UnitTest name="StudyJet.API.Tests.ControllerTests.CourseControllerTest.GetPopularCourses_ShouldReturnOkWithCourses" storage="c:\users\bhask\desktop\studyjet\studyjet.api.tests\bin\debug\net8.0\studyjet.api.tests.dll" id="a122e1b9-e968-55ff-66f4-79b775b0ede0">
      <Execution id="e122dd76-bbfc-4747-80d9-00acf10bf3b9" />
      <TestMethod codeBase="C:\Users\bhask\Desktop\StudyJet\StudyJet.API.Tests\bin\Debug\net8.0\StudyJet.API.Tests.dll" adapterTypeName="executor://xunit/VsTestRunner2/netcoreapp" className="StudyJet.API.Tests.ControllerTests.CourseControllerTest" name="GetPopularCourses_ShouldReturnOkWithCourses" />
    </UnitTest>
    <UnitTest name="StudyJet.API.Tests.ControllerTests.UserControllerTest.GetUsersByRole_ShouldReturnNotFound_WhenNoUsersExistWithGivenRole" storage="c:\users\bhask\desktop\studyjet\studyjet.api.tests\bin\debug\net8.0\studyjet.api.tests.dll" id="eb7401cd-ed36-e604-08c3-1580f229793d">
      <Execution id="78473d59-8c29-4ec4-9dce-54740ee21899" />
      <TestMethod codeBase="C:\Users\bhask\Desktop\StudyJet\StudyJet.API.Tests\bin\Debug\net8.0\StudyJet.API.Tests.dll" adapterTypeName="executor://xunit/VsTestRunner2/netcoreapp" className="StudyJet.API.Tests.ControllerTests.UserControllerTest" name="GetUsersByRole_ShouldReturnNotFound_WhenNoUsersExistWithGivenRole" />
    </UnitTest>
    <UnitTest name="StudyJet.API.Tests.ServiceTests.AuthServiceTest.Confirm2faSetupAsync_ReturnsFailure_WhenInvalidCodeIsProvided" storage="c:\users\bhask\desktop\studyjet\studyjet.api.tests\bin\debug\net8.0\studyjet.api.tests.dll" id="bbe10179-7406-55fb-0e5b-83178ee0c727">
      <Execution id="16209b89-4c23-485f-a11d-785d349e91e1" />
      <TestMethod codeBase="C:\Users\bhask\Desktop\StudyJet\StudyJet.API.Tests\bin\Debug\net8.0\StudyJet.API.Tests.dll" adapterTypeName="executor://xunit/VsTestRunner2/netcoreapp" className="StudyJet.API.Tests.ServiceTests.AuthServiceTest" name="Confirm2faSetupAsync_ReturnsFailure_WhenInvalidCodeIsProvided" />
    </UnitTest>
    <UnitTest name="StudyJet.API.Tests.ServiceTests.AuthServiceTest.Confirm2faSetupAsync_ReturnsSuccess_WhenValidCodeIsProvided" storage="c:\users\bhask\desktop\studyjet\studyjet.api.tests\bin\debug\net8.0\studyjet.api.tests.dll" id="4b07bb4b-6b47-09f8-f13a-9425cdfdcfe1">
      <Execution id="7bbaeb27-0fcc-4c2c-aab2-5ec1687950f0" />
      <TestMethod codeBase="C:\Users\bhask\Desktop\StudyJet\StudyJet.API.Tests\bin\Debug\net8.0\StudyJet.API.Tests.dll" adapterTypeName="executor://xunit/VsTestRunner2/netcoreapp" className="StudyJet.API.Tests.ServiceTests.AuthServiceTest" name="Confirm2faSetupAsync_ReturnsSuccess_WhenValidCodeIsProvided" />
    </UnitTest>
    <UnitTest name="StudyJet.API.Tests.ServiceTests.UserServiceTest.RegisterInstructorAsync_ReturnsFailure_WhenUsernameAlreadyExists" storage="c:\users\bhask\desktop\studyjet\studyjet.api.tests\bin\debug\net8.0\studyjet.api.tests.dll" id="1eb9fc06-23e2-b42c-07f7-98108527f980">
      <Execution id="5a384130-d533-4d46-a7fd-8f156e8c0d32" />
      <TestMethod codeBase="C:\Users\bhask\Desktop\StudyJet\StudyJet.API.Tests\bin\Debug\net8.0\StudyJet.API.Tests.dll" adapterTypeName="executor://xunit/VsTestRunner2/netcoreapp" className="StudyJet.API.Tests.ServiceTests.UserServiceTest" name="RegisterInstructorAsync_ReturnsFailure_WhenUsernameAlreadyExists" />
    </UnitTest>
    <UnitTest name="StudyJet.API.Tests.ControllerTests.AuthControllerTests.ChangePassword_ShouldReturnBadRequest_WhenUserIdNotFoundInToken" storage="c:\users\bhask\desktop\studyjet\studyjet.api.tests\bin\debug\net8.0\studyjet.api.tests.dll" id="aa3e1bca-4b4e-df30-4e0c-eb2b3f35650d">
      <Execution id="e0d9b75b-c929-46fa-ad7c-48ed06bfaec7" />
      <TestMethod codeBase="C:\Users\bhask\Desktop\StudyJet\StudyJet.API.Tests\bin\Debug\net8.0\StudyJet.API.Tests.dll" adapterTypeName="executor://xunit/VsTestRunner2/netcoreapp" className="StudyJet.API.Tests.ControllerTests.AuthControllerTests" name="ChangePassword_ShouldReturnBadRequest_WhenUserIdNotFoundInToken" />
    </UnitTest>
    <UnitTest name="StudyJet.API.Tests.RepositoryTests.CourseRepoTest.DeleteAsync_WithNonExistentCourseId_ReturnsFalse" storage="c:\users\bhask\desktop\studyjet\studyjet.api.tests\bin\debug\net8.0\studyjet.api.tests.dll" id="c544190e-5d1c-816c-b334-344172002680">
      <Execution id="53cd37f6-a94a-45a7-9855-4dd52a75b6b4" />
      <TestMethod codeBase="C:\Users\bhask\Desktop\StudyJet\StudyJet.API.Tests\bin\Debug\net8.0\StudyJet.API.Tests.dll" adapterTypeName="executor://xunit/VsTestRunner2/netcoreapp" className="StudyJet.API.Tests.RepositoryTests.CourseRepoTest" name="DeleteAsync_WithNonExistentCourseId_ReturnsFalse" />
    </UnitTest>
    <UnitTest name="StudyJet.API.Tests.ServiceTests.UserServiceTest.GetUserByRolesAsync_ReturnsNull_WhenRepoReturnsNull" storage="c:\users\bhask\desktop\studyjet\studyjet.api.tests\bin\debug\net8.0\studyjet.api.tests.dll" id="2e0463dd-b0a7-93b5-aed4-e92283f288fa">
      <Execution id="7776cf09-9621-4b77-a126-1bb48ae7de2b" />
      <TestMethod codeBase="C:\Users\bhask\Desktop\StudyJet\StudyJet.API.Tests\bin\Debug\net8.0\StudyJet.API.Tests.dll" adapterTypeName="executor://xunit/VsTestRunner2/netcoreapp" className="StudyJet.API.Tests.ServiceTests.UserServiceTest" name="GetUserByRolesAsync_ReturnsNull_WhenRepoReturnsNull" />
    </UnitTest>
    <UnitTest name="StudyJet.API.Tests.ServiceTests.AuthServiceTest.ForgotPasswordAsync_ReturnsFalse_WhenUserDoesNotExist" storage="c:\users\bhask\desktop\studyjet\studyjet.api.tests\bin\debug\net8.0\studyjet.api.tests.dll" id="0dcb01c4-adfb-f2fd-713e-b999188cf5eb">
      <Execution id="aeb2a31d-ed62-4a34-955d-f3a6a24d7e1a" />
      <TestMethod codeBase="C:\Users\bhask\Desktop\StudyJet\StudyJet.API.Tests\bin\Debug\net8.0\StudyJet.API.Tests.dll" adapterTypeName="executor://xunit/VsTestRunner2/netcoreapp" className="StudyJet.API.Tests.ServiceTests.AuthServiceTest" name="ForgotPasswordAsync_ReturnsFalse_WhenUserDoesNotExist" />
    </UnitTest>
    <UnitTest name="StudyJet.API.Tests.ControllerTests.WishlistControllerTest.RemoveFromWishlist_ShouldReturnOk_WhenCourseRemovedSuccessfully" storage="c:\users\bhask\desktop\studyjet\studyjet.api.tests\bin\debug\net8.0\studyjet.api.tests.dll" id="ed7499a7-3968-3743-db72-b9d6de58e6cd">
      <Execution id="09f0fa09-cd1b-46fd-97ab-52dfd1fd9205" />
      <TestMethod codeBase="C:\Users\bhask\Desktop\StudyJet\StudyJet.API.Tests\bin\Debug\net8.0\StudyJet.API.Tests.dll" adapterTypeName="executor://xunit/VsTestRunner2/netcoreapp" className="StudyJet.API.Tests.ControllerTests.WishlistControllerTest" name="RemoveFromWishlist_ShouldReturnOk_WhenCourseRemovedSuccessfully" />
    </UnitTest>
    <UnitTest name="StudyJet.API.Tests.RepositoryTests.NotificationRepoTest.SelectByIdAsync_ReturnsNull_WhenNotificationNotFound" storage="c:\users\bhask\desktop\studyjet\studyjet.api.tests\bin\debug\net8.0\studyjet.api.tests.dll" id="e1ef9895-b27b-fad8-5500-333678333f2d">
      <Execution id="8e91e31c-94a6-4201-9c11-82f96a68692f" />
      <TestMethod codeBase="C:\Users\bhask\Desktop\StudyJet\StudyJet.API.Tests\bin\Debug\net8.0\StudyJet.API.Tests.dll" adapterTypeName="executor://xunit/VsTestRunner2/netcoreapp" className="StudyJet.API.Tests.RepositoryTests.NotificationRepoTest" name="SelectByIdAsync_ReturnsNull_WhenNotificationNotFound" />
    </UnitTest>
    <UnitTest name="StudyJet.API.Tests.ServiceTests.AuthServiceTest.Verify2FACodeAsync_ValidCode_ReturnsTrue" storage="c:\users\bhask\desktop\studyjet\studyjet.api.tests\bin\debug\net8.0\studyjet.api.tests.dll" id="b6d073d1-3f0a-66d1-5f09-58acf19eda37">
      <Execution id="2dcf48c7-c3c9-40a5-8677-ca0f9910c260" />
      <TestMethod codeBase="C:\Users\bhask\Desktop\StudyJet\StudyJet.API.Tests\bin\Debug\net8.0\StudyJet.API.Tests.dll" adapterTypeName="executor://xunit/VsTestRunner2/netcoreapp" className="StudyJet.API.Tests.ServiceTests.AuthServiceTest" name="Verify2FACodeAsync_ValidCode_ReturnsTrue" />
    </UnitTest>
    <UnitTest name="StudyJet.API.Tests.ControllerTests.CourseControllerTest.GetById_ShouldReturnOk_WhenCourseExists" storage="c:\users\bhask\desktop\studyjet\studyjet.api.tests\bin\debug\net8.0\studyjet.api.tests.dll" id="87b671fd-b5ba-66a0-3da0-8f9e608fd160">
      <Execution id="3063bba2-ba4a-478e-8543-402b655c6a9f" />
      <TestMethod codeBase="C:\Users\bhask\Desktop\StudyJet\StudyJet.API.Tests\bin\Debug\net8.0\StudyJet.API.Tests.dll" adapterTypeName="executor://xunit/VsTestRunner2/netcoreapp" className="StudyJet.API.Tests.ControllerTests.CourseControllerTest" name="GetById_ShouldReturnOk_WhenCourseExists" />
    </UnitTest>
    <UnitTest name="StudyJet.API.Tests.ServiceTests.AuthServiceTest.Generate2FAQrCodeUri_EmailWithSpecialCharacters_ReturnsCorrectUri" storage="c:\users\bhask\desktop\studyjet\studyjet.api.tests\bin\debug\net8.0\studyjet.api.tests.dll" id="34657ee4-3a8b-ab46-2d8a-7cdfc85b269c">
      <Execution id="654f5d2e-765b-43f8-89dc-2afbdcb7a3ab" />
      <TestMethod codeBase="C:\Users\bhask\Desktop\StudyJet\StudyJet.API.Tests\bin\Debug\net8.0\StudyJet.API.Tests.dll" adapterTypeName="executor://xunit/VsTestRunner2/netcoreapp" className="StudyJet.API.Tests.ServiceTests.AuthServiceTest" name="Generate2FAQrCodeUri_EmailWithSpecialCharacters_ReturnsCorrectUri" />
    </UnitTest>
    <UnitTest name="StudyJet.API.Tests.RepositoryTests.UserPurchaseCourseRepoTest.SelectPurchasedCourseIdsAsync_ReturnsCorrectPurchasedCourseIds" storage="c:\users\bhask\desktop\studyjet\studyjet.api.tests\bin\debug\net8.0\studyjet.api.tests.dll" id="0c4a3f4f-b47e-6441-273e-c4813cb22e9b">
      <Execution id="ece5cd3d-7229-494b-a524-814de88b1d3b" />
      <TestMethod codeBase="C:\Users\bhask\Desktop\StudyJet\StudyJet.API.Tests\bin\Debug\net8.0\StudyJet.API.Tests.dll" adapterTypeName="executor://xunit/VsTestRunner2/netcoreapp" className="StudyJet.API.Tests.RepositoryTests.UserPurchaseCourseRepoTest" name="SelectPurchasedCourseIdsAsync_ReturnsCorrectPurchasedCourseIds" />
    </UnitTest>
    <UnitTest name="StudyJet.API.Tests.RepositoryTests.WishlistRepoTest.InsertCourseToWishlistAsync_ReturnsTrue_WhenValidUserAndCourse" storage="c:\users\bhask\desktop\studyjet\studyjet.api.tests\bin\debug\net8.0\studyjet.api.tests.dll" id="a2a3e8a8-0778-1150-1cf6-d749287667b6">
      <Execution id="42890d09-a4bd-4907-b95a-9350cd4ee432" />
      <TestMethod codeBase="C:\Users\bhask\Desktop\StudyJet\StudyJet.API.Tests\bin\Debug\net8.0\StudyJet.API.Tests.dll" adapterTypeName="executor://xunit/VsTestRunner2/netcoreapp" className="StudyJet.API.Tests.RepositoryTests.WishlistRepoTest" name="InsertCourseToWishlistAsync_ReturnsTrue_WhenValidUserAndCourse" />
    </UnitTest>
    <UnitTest name="StudyJet.API.Tests.ServiceTests.CourseServiceTest.GetAllAsync_ReturnsEmptyList_WhenNoCoursesExist" storage="c:\users\bhask\desktop\studyjet\studyjet.api.tests\bin\debug\net8.0\studyjet.api.tests.dll" id="b9882e9a-e84f-9558-38a6-aa947057f709">
      <Execution id="6a3a3d61-80ad-4a1a-8f82-386dca3693de" />
      <TestMethod codeBase="C:\Users\bhask\Desktop\StudyJet\StudyJet.API.Tests\bin\Debug\net8.0\StudyJet.API.Tests.dll" adapterTypeName="executor://xunit/VsTestRunner2/netcoreapp" className="StudyJet.API.Tests.ServiceTests.CourseServiceTest" name="GetAllAsync_ReturnsEmptyList_WhenNoCoursesExist" />
    </UnitTest>
    <UnitTest name="StudyJet.API.Tests.ServiceTests.EmailServiceTest.SendConfirmationEmailAsync_ReturnsFailure_WhenUnexpectedExceptionOccurs" storage="c:\users\bhask\desktop\studyjet\studyjet.api.tests\bin\debug\net8.0\studyjet.api.tests.dll" id="d21ab1ad-007d-267d-2a39-e45df34d2997">
      <Execution id="d3aa417c-e80e-4f90-9e86-5f68fddba1f5" />
      <TestMethod codeBase="C:\Users\bhask\Desktop\StudyJet\StudyJet.API.Tests\bin\Debug\net8.0\StudyJet.API.Tests.dll" adapterTypeName="executor://xunit/VsTestRunner2/netcoreapp" className="StudyJet.API.Tests.ServiceTests.EmailServiceTest" name="SendConfirmationEmailAsync_ReturnsFailure_WhenUnexpectedExceptionOccurs" />
    </UnitTest>
    <UnitTest name="StudyJet.API.Tests.ControllerTests.CourseControllerTest.GetTotalCoursesForInstructor_ShouldReturnBadRequest_WhenInstructorIdIsMissing" storage="c:\users\bhask\desktop\studyjet\studyjet.api.tests\bin\debug\net8.0\studyjet.api.tests.dll" id="f7fa4fa0-18c7-164e-89c1-6b23bd7f331b">
      <Execution id="4c5dac59-2c64-4891-ad72-3375e9de5e6a" />
      <TestMethod codeBase="C:\Users\bhask\Desktop\StudyJet\StudyJet.API.Tests\bin\Debug\net8.0\StudyJet.API.Tests.dll" adapterTypeName="executor://xunit/VsTestRunner2/netcoreapp" className="StudyJet.API.Tests.ControllerTests.CourseControllerTest" name="GetTotalCoursesForInstructor_ShouldReturnBadRequest_WhenInstructorIdIsMissing" />
    </UnitTest>
    <UnitTest name="StudyJet.API.Tests.ControllerTests.CourseControllerTest.RejectCourse_ShouldReturnOk_WhenCourseIsRejectedSuccessfully" storage="c:\users\bhask\desktop\studyjet\studyjet.api.tests\bin\debug\net8.0\studyjet.api.tests.dll" id="bb0063a0-2275-dc0f-a5c7-c773fa34b04a">
      <Execution id="234d9655-7db2-4717-8760-a02f1b18075e" />
      <TestMethod codeBase="C:\Users\bhask\Desktop\StudyJet\StudyJet.API.Tests\bin\Debug\net8.0\StudyJet.API.Tests.dll" adapterTypeName="executor://xunit/VsTestRunner2/netcoreapp" className="StudyJet.API.Tests.ControllerTests.CourseControllerTest" name="RejectCourse_ShouldReturnOk_WhenCourseIsRejectedSuccessfully" />
    </UnitTest>
    <UnitTest name="StudyJet.API.Tests.ControllerTests.UserPurchaseCourseControllerTest.CreateCheckoutSession_ShouldReturnBadRequest_WhenNoCoursesProvided" storage="c:\users\bhask\desktop\studyjet\studyjet.api.tests\bin\debug\net8.0\studyjet.api.tests.dll" id="fbdd9e28-d18d-3a6e-a63c-85b33b67482d">
      <Execution id="dcd223c5-034d-4578-bb95-8159aa05e497" />
      <TestMethod codeBase="C:\Users\bhask\Desktop\StudyJet\StudyJet.API.Tests\bin\Debug\net8.0\StudyJet.API.Tests.dll" adapterTypeName="executor://xunit/VsTestRunner2/netcoreapp" className="StudyJet.API.Tests.ControllerTests.UserPurchaseCourseControllerTest" name="CreateCheckoutSession_ShouldReturnBadRequest_WhenNoCoursesProvided" />
    </UnitTest>
    <UnitTest name="StudyJet.API.Tests.ServiceTests.CartServiceTest.RemoveCourseFromCartAsync_WhenCalled_ReturnsExpectedResult" storage="c:\users\bhask\desktop\studyjet\studyjet.api.tests\bin\debug\net8.0\studyjet.api.tests.dll" id="03a69edb-9e94-a366-6539-f6a93c1df523">
      <Execution id="c5d91204-ba52-42a9-8426-9840fae03dfb" />
      <TestMethod codeBase="C:\Users\bhask\Desktop\StudyJet\StudyJet.API.Tests\bin\Debug\net8.0\StudyJet.API.Tests.dll" adapterTypeName="executor://xunit/VsTestRunner2/netcoreapp" className="StudyJet.API.Tests.ServiceTests.CartServiceTest" name="RemoveCourseFromCartAsync_WhenCalled_ReturnsExpectedResult" />
    </UnitTest>
    <UnitTest name="StudyJet.API.Tests.ServiceTests.AuthServiceTest.GenerateJwtTokenAsync_ReturnsValidJwtToken" storage="c:\users\bhask\desktop\studyjet\studyjet.api.tests\bin\debug\net8.0\studyjet.api.tests.dll" id="4d80f38b-00d6-0f4d-8172-b94efd69b24d">
      <Execution id="ffc2051f-5668-4f10-96c6-76c528d76b2a" />
      <TestMethod codeBase="C:\Users\bhask\Desktop\StudyJet\StudyJet.API.Tests\bin\Debug\net8.0\StudyJet.API.Tests.dll" adapterTypeName="executor://xunit/VsTestRunner2/netcoreapp" className="StudyJet.API.Tests.ServiceTests.AuthServiceTest" name="GenerateJwtTokenAsync_ReturnsValidJwtToken" />
    </UnitTest>
    <UnitTest name="StudyJet.API.Tests.ServiceTests.NotificationServiceTest.NotifyAdminForCourseAdditionOrUpdateAsync_ShouldCreateNotification_WhenValidInputs" storage="c:\users\bhask\desktop\studyjet\studyjet.api.tests\bin\debug\net8.0\studyjet.api.tests.dll" id="8b04039b-bb89-5627-438f-e8deb4804369">
      <Execution id="bd24173a-30e9-430d-80ad-0d447f5b002a" />
      <TestMethod codeBase="C:\Users\bhask\Desktop\StudyJet\StudyJet.API.Tests\bin\Debug\net8.0\StudyJet.API.Tests.dll" adapterTypeName="executor://xunit/VsTestRunner2/netcoreapp" className="StudyJet.API.Tests.ServiceTests.NotificationServiceTest" name="NotifyAdminForCourseAdditionOrUpdateAsync_ShouldCreateNotification_WhenValidInputs" />
    </UnitTest>
    <UnitTest name="StudyJet.API.Tests.ServiceTests.CourseServiceTest.RejectPendingUpdatesAsync_ThrowsInvalidOperationException_WhenNoPendingUpdateExists" storage="c:\users\bhask\desktop\studyjet\studyjet.api.tests\bin\debug\net8.0\studyjet.api.tests.dll" id="596da082-b4b9-b970-7def-13b0d4dac510">
      <Execution id="d5f8e150-1b10-49e2-9c56-961b2ebe821f" />
      <TestMethod codeBase="C:\Users\bhask\Desktop\StudyJet\StudyJet.API.Tests\bin\Debug\net8.0\StudyJet.API.Tests.dll" adapterTypeName="executor://xunit/VsTestRunner2/netcoreapp" className="StudyJet.API.Tests.ServiceTests.CourseServiceTest" name="RejectPendingUpdatesAsync_ThrowsInvalidOperationException_WhenNoPendingUpdateExists" />
    </UnitTest>
    <UnitTest name="StudyJet.API.Tests.ControllerTests.CategoryControllerTest.CategoryExists_ReturnsTrue_WhenCategoryExists" storage="c:\users\bhask\desktop\studyjet\studyjet.api.tests\bin\debug\net8.0\studyjet.api.tests.dll" id="87da987e-727f-9a5c-88f2-f5aec1155746">
      <Execution id="a88ffee7-0b9e-4fcb-93b0-aae63733f1aa" />
      <TestMethod codeBase="C:\Users\bhask\Desktop\StudyJet\StudyJet.API.Tests\bin\Debug\net8.0\StudyJet.API.Tests.dll" adapterTypeName="executor://xunit/VsTestRunner2/netcoreapp" className="StudyJet.API.Tests.ControllerTests.CategoryControllerTest" name="CategoryExists_ReturnsTrue_WhenCategoryExists" />
    </UnitTest>
    <UnitTest name="StudyJet.API.Tests.ServiceTests.UserServiceTest.ValidatePassword_PasswordsDoNotMatch_ReturnsFalse" storage="c:\users\bhask\desktop\studyjet\studyjet.api.tests\bin\debug\net8.0\studyjet.api.tests.dll" id="46800e3b-6fff-b3ae-a7c7-0cb376a66d9c">
      <Execution id="23201d66-a62f-4992-aa5f-312ba2959217" />
      <TestMethod codeBase="C:\Users\bhask\Desktop\StudyJet\StudyJet.API.Tests\bin\Debug\net8.0\StudyJet.API.Tests.dll" adapterTypeName="executor://xunit/VsTestRunner2/netcoreapp" className="StudyJet.API.Tests.ServiceTests.UserServiceTest" name="ValidatePassword_PasswordsDoNotMatch_ReturnsFalse" />
    </UnitTest>
    <UnitTest name="StudyJet.API.Tests.ControllerTests.AuthControllerTests.Login_ReturnsOk_WhenUserNeedsPasswordChange" storage="c:\users\bhask\desktop\studyjet\studyjet.api.tests\bin\debug\net8.0\studyjet.api.tests.dll" id="392a2c92-c763-2f15-c764-9bdd4c9c336c">
      <Execution id="555a16fe-eece-459d-afc1-a5744f56d2aa" />
      <TestMethod codeBase="C:\Users\bhask\Desktop\StudyJet\StudyJet.API.Tests\bin\Debug\net8.0\StudyJet.API.Tests.dll" adapterTypeName="executor://xunit/VsTestRunner2/netcoreapp" className="StudyJet.API.Tests.ControllerTests.AuthControllerTests" name="Login_ReturnsOk_WhenUserNeedsPasswordChange" />
    </UnitTest>
    <UnitTest name="StudyJet.API.Tests.ServiceTests.UserServiceTest.CountStudentAsync_ReturnsCorrectCount_WhenStudentsExist" storage="c:\users\bhask\desktop\studyjet\studyjet.api.tests\bin\debug\net8.0\studyjet.api.tests.dll" id="d6732e16-b27f-cd87-8fc0-ff6458bc6420">
      <Execution id="8a7e609c-d0ea-4d06-ab31-376032168014" />
      <TestMethod codeBase="C:\Users\bhask\Desktop\StudyJet\StudyJet.API.Tests\bin\Debug\net8.0\StudyJet.API.Tests.dll" adapterTypeName="executor://xunit/VsTestRunner2/netcoreapp" className="StudyJet.API.Tests.ServiceTests.UserServiceTest" name="CountStudentAsync_ReturnsCorrectCount_WhenStudentsExist" />
    </UnitTest>
    <UnitTest name="StudyJet.API.Tests.ControllerTests.CourseControllerTest.GetApprovedCourses_ShouldReturnOkWithEmptyList_WhenNoApprovedCourses" storage="c:\users\bhask\desktop\studyjet\studyjet.api.tests\bin\debug\net8.0\studyjet.api.tests.dll" id="645a7777-9d39-b5b4-c7ff-93ce2e588135">
      <Execution id="367c78c5-3433-46d7-80e1-b356d32e606c" />
      <TestMethod codeBase="C:\Users\bhask\Desktop\StudyJet\StudyJet.API.Tests\bin\Debug\net8.0\StudyJet.API.Tests.dll" adapterTypeName="executor://xunit/VsTestRunner2/netcoreapp" className="StudyJet.API.Tests.ControllerTests.CourseControllerTest" name="GetApprovedCourses_ShouldReturnOkWithEmptyList_WhenNoApprovedCourses" />
    </UnitTest>
    <UnitTest name="StudyJet.API.Tests.ServiceTests.FileStorageServiceTest.SaveProfilePictureAsync_ShouldReturnDefaultProfilePicture_WhenNoFileUploaded" storage="c:\users\bhask\desktop\studyjet\studyjet.api.tests\bin\debug\net8.0\studyjet.api.tests.dll" id="73c3e722-2418-4237-29b4-4bd6cb743542">
      <Execution id="b8fb1a2c-cdb0-44ea-993f-e820443c0834" />
      <TestMethod codeBase="C:\Users\bhask\Desktop\StudyJet\StudyJet.API.Tests\bin\Debug\net8.0\StudyJet.API.Tests.dll" adapterTypeName="executor://xunit/VsTestRunner2/netcoreapp" className="StudyJet.API.Tests.ServiceTests.FileStorageServiceTest" name="SaveProfilePictureAsync_ShouldReturnDefaultProfilePicture_WhenNoFileUploaded" />
    </UnitTest>
    <UnitTest name="StudyJet.API.Tests.ServiceTests.UserPurchaseCourseServiceTest.CreateCheckoutSession_ShouldReturnSessionUrl_WhenValidDataProvided" storage="c:\users\bhask\desktop\studyjet\studyjet.api.tests\bin\debug\net8.0\studyjet.api.tests.dll" id="0cb0eb74-989a-ec09-1cda-1b2048f97906">
      <Execution id="a2e6c992-6479-46b9-a9b6-eb44c283eb3b" />
      <TestMethod codeBase="C:\Users\bhask\Desktop\StudyJet\StudyJet.API.Tests\bin\Debug\net8.0\StudyJet.API.Tests.dll" adapterTypeName="executor://xunit/VsTestRunner2/netcoreapp" className="StudyJet.API.Tests.ServiceTests.UserPurchaseCourseServiceTest" name="CreateCheckoutSession_ShouldReturnSessionUrl_WhenValidDataProvided" />
    </UnitTest>
    <UnitTest name="StudyJet.API.Tests.RepositoryTests.CourseRepoTest.SelectByInstructorIdAsync_WithUnknownInstructorId_ReturnsEmptyList" storage="c:\users\bhask\desktop\studyjet\studyjet.api.tests\bin\debug\net8.0\studyjet.api.tests.dll" id="ec7bee06-6597-2a59-647f-0ab5636fbf09">
      <Execution id="48987410-6ac7-4f7f-b2bc-5586ed0ee08c" />
      <TestMethod codeBase="C:\Users\bhask\Desktop\StudyJet\StudyJet.API.Tests\bin\Debug\net8.0\StudyJet.API.Tests.dll" adapterTypeName="executor://xunit/VsTestRunner2/netcoreapp" className="StudyJet.API.Tests.RepositoryTests.CourseRepoTest" name="SelectByInstructorIdAsync_WithUnknownInstructorId_ReturnsEmptyList" />
    </UnitTest>
    <UnitTest name="StudyJet.API.Tests.ServiceTests.UserServiceTest.EnsureDefaultRoleExistsAsync_RoleDoesNotExist_CreatesRole" storage="c:\users\bhask\desktop\studyjet\studyjet.api.tests\bin\debug\net8.0\studyjet.api.tests.dll" id="458ff233-c8dc-7bda-e4a7-2f4f5baacf46">
      <Execution id="7e6ab9aa-4bc4-42d5-9fa6-2ef884312de8" />
      <TestMethod codeBase="C:\Users\bhask\Desktop\StudyJet\StudyJet.API.Tests\bin\Debug\net8.0\StudyJet.API.Tests.dll" adapterTypeName="executor://xunit/VsTestRunner2/netcoreapp" className="StudyJet.API.Tests.ServiceTests.UserServiceTest" name="EnsureDefaultRoleExistsAsync_RoleDoesNotExist_CreatesRole" />
    </UnitTest>
    <UnitTest name="StudyJet.API.Tests.RepositoryTests.NotificationRepoTest.SelectByUserIdAsync_ReturnsPagedResults_WhenPageSizeSpecified" storage="c:\users\bhask\desktop\studyjet\studyjet.api.tests\bin\debug\net8.0\studyjet.api.tests.dll" id="1c3a5dab-4f23-9a77-4ccc-08eb1fb56846">
      <Execution id="01afe785-443e-428f-9326-61560bdcf4f4" />
      <TestMethod codeBase="C:\Users\bhask\Desktop\StudyJet\StudyJet.API.Tests\bin\Debug\net8.0\StudyJet.API.Tests.dll" adapterTypeName="executor://xunit/VsTestRunner2/netcoreapp" className="StudyJet.API.Tests.RepositoryTests.NotificationRepoTest" name="SelectByUserIdAsync_ReturnsPagedResults_WhenPageSizeSpecified" />
    </UnitTest>
    <UnitTest name="StudyJet.API.Tests.RepositoryTests.CourseRepoTest.SelectPendingCourseUpdateAsync_WithPendingUpdateExists_ReturnsUpdate" storage="c:\users\bhask\desktop\studyjet\studyjet.api.tests\bin\debug\net8.0\studyjet.api.tests.dll" id="3a50b337-244a-56f9-722e-fc13ca0bec6a">
      <Execution id="516278f0-b2d3-4330-bcca-ff893e2831bf" />
      <TestMethod codeBase="C:\Users\bhask\Desktop\StudyJet\StudyJet.API.Tests\bin\Debug\net8.0\StudyJet.API.Tests.dll" adapterTypeName="executor://xunit/VsTestRunner2/netcoreapp" className="StudyJet.API.Tests.RepositoryTests.CourseRepoTest" name="SelectPendingCourseUpdateAsync_WithPendingUpdateExists_ReturnsUpdate" />
    </UnitTest>
    <UnitTest name="StudyJet.API.Tests.ControllerTests.NotificationControllerTest.MarkNotificationAsRead_ShouldReturnOk_WhenNotificationIsMarkedAsReadSuccessfully" storage="c:\users\bhask\desktop\studyjet\studyjet.api.tests\bin\debug\net8.0\studyjet.api.tests.dll" id="7b5adca5-1b16-0707-cc98-b3bf014ce63f">
      <Execution id="766f2ec1-f96a-4155-9c87-cf2e994ee9dd" />
      <TestMethod codeBase="C:\Users\bhask\Desktop\StudyJet\StudyJet.API.Tests\bin\Debug\net8.0\StudyJet.API.Tests.dll" adapterTypeName="executor://xunit/VsTestRunner2/netcoreapp" className="StudyJet.API.Tests.ControllerTests.NotificationControllerTest" name="MarkNotificationAsRead_ShouldReturnOk_WhenNotificationIsMarkedAsReadSuccessfully" />
    </UnitTest>
    <UnitTest name="StudyJet.API.Tests.RepositoryTests.CourseRepoTest.SelectPendingCoursesAsync_WhenPendingCoursesExist_ReturnsOnlyPendingCourses" storage="c:\users\bhask\desktop\studyjet\studyjet.api.tests\bin\debug\net8.0\studyjet.api.tests.dll" id="6ba6ef1e-da04-91cf-ed92-d8ceb3fce604">
      <Execution id="dcf3b54e-d815-4a98-ad0a-ad5187171ca8" />
      <TestMethod codeBase="C:\Users\bhask\Desktop\StudyJet\StudyJet.API.Tests\bin\Debug\net8.0\StudyJet.API.Tests.dll" adapterTypeName="executor://xunit/VsTestRunner2/netcoreapp" className="StudyJet.API.Tests.RepositoryTests.CourseRepoTest" name="SelectPendingCoursesAsync_WhenPendingCoursesExist_ReturnsOnlyPendingCourses" />
    </UnitTest>
    <UnitTest name="StudyJet.API.Tests.ControllerTests.CourseControllerTest.GetEnrolledStudents_ShouldReturnOk_WhenStudentsAreEnrolled" storage="c:\users\bhask\desktop\studyjet\studyjet.api.tests\bin\debug\net8.0\studyjet.api.tests.dll" id="f808095e-123c-4bd2-6523-237a31c2d188">
      <Execution id="6e5f46b5-6a08-476f-8a33-8193b929a8c3" />
      <TestMethod codeBase="C:\Users\bhask\Desktop\StudyJet\StudyJet.API.Tests\bin\Debug\net8.0\StudyJet.API.Tests.dll" adapterTypeName="executor://xunit/VsTestRunner2/netcoreapp" className="StudyJet.API.Tests.ControllerTests.CourseControllerTest" name="GetEnrolledStudents_ShouldReturnOk_WhenStudentsAreEnrolled" />
    </UnitTest>
    <UnitTest name="StudyJet.API.Tests.RepositoryTests.CourseRepoTest.SelectByIdAsync_ReturnsCourse_WhenExists" storage="c:\users\bhask\desktop\studyjet\studyjet.api.tests\bin\debug\net8.0\studyjet.api.tests.dll" id="bab863c9-83d9-34d9-a662-114692271529">
      <Execution id="c74d60ff-c8e9-4e11-b9c4-8f9dc20cfc5a" />
      <TestMethod codeBase="C:\Users\bhask\Desktop\StudyJet\StudyJet.API.Tests\bin\Debug\net8.0\StudyJet.API.Tests.dll" adapterTypeName="executor://xunit/VsTestRunner2/netcoreapp" className="StudyJet.API.Tests.RepositoryTests.CourseRepoTest" name="SelectByIdAsync_ReturnsCourse_WhenExists" />
    </UnitTest>
    <UnitTest name="StudyJet.API.Tests.ServiceTests.UserServiceTest.CountUserByRoleAsync_ReturnsCorrectCount_WhenUsersFound" storage="c:\users\bhask\desktop\studyjet\studyjet.api.tests\bin\debug\net8.0\studyjet.api.tests.dll" id="dac3487b-d381-6150-19bf-9b92ea367574">
      <Execution id="45bc484b-abe2-4258-846b-cc813163dde1" />
      <TestMethod codeBase="C:\Users\bhask\Desktop\StudyJet\StudyJet.API.Tests\bin\Debug\net8.0\StudyJet.API.Tests.dll" adapterTypeName="executor://xunit/VsTestRunner2/netcoreapp" className="StudyJet.API.Tests.ServiceTests.UserServiceTest" name="CountUserByRoleAsync_ReturnsCorrectCount_WhenUsersFound" />
    </UnitTest>
    <UnitTest name="StudyJet.API.Tests.RepositoryTests.CourseRepoTest.SelectByInstructorIdAsync_WithValidInstructorId_ReturnsCourses" storage="c:\users\bhask\desktop\studyjet\studyjet.api.tests\bin\debug\net8.0\studyjet.api.tests.dll" id="006ebe12-2d25-2d12-9667-66c2d05b84ba">
      <Execution id="b4526d65-b555-416c-b160-309580a1904e" />
      <TestMethod codeBase="C:\Users\bhask\Desktop\StudyJet\StudyJet.API.Tests\bin\Debug\net8.0\StudyJet.API.Tests.dll" adapterTypeName="executor://xunit/VsTestRunner2/netcoreapp" className="StudyJet.API.Tests.RepositoryTests.CourseRepoTest" name="SelectByInstructorIdAsync_WithValidInstructorId_ReturnsCourses" />
    </UnitTest>
    <UnitTest name="StudyJet.API.Tests.ServiceTests.AuthServiceTest.Disable2faAsync_ReturnsFalse_WhenUserDoesNotExist" storage="c:\users\bhask\desktop\studyjet\studyjet.api.tests\bin\debug\net8.0\studyjet.api.tests.dll" id="7f808aa3-1a3e-9a79-c0bd-086a5a2579d2">
      <Execution id="f230cff1-9b59-4999-8cda-80e70b086eb2" />
      <TestMethod codeBase="C:\Users\bhask\Desktop\StudyJet\StudyJet.API.Tests\bin\Debug\net8.0\StudyJet.API.Tests.dll" adapterTypeName="executor://xunit/VsTestRunner2/netcoreapp" className="StudyJet.API.Tests.ServiceTests.AuthServiceTest" name="Disable2faAsync_ReturnsFalse_WhenUserDoesNotExist" />
    </UnitTest>
    <UnitTest name="StudyJet.API.Tests.RepositoryTests.NotificationRepoTest.SelectByUserIdAsync_ShouldThrowArgumentException_WhenUserIdIsInvalid(invalidUserId: &quot;&quot;)" storage="c:\users\bhask\desktop\studyjet\studyjet.api.tests\bin\debug\net8.0\studyjet.api.tests.dll" id="64bd9bc7-9310-1e4d-effd-79a94bf1fdfd">
      <Execution id="4e96e3f0-1824-40d0-bab9-c42187183242" />
      <TestMethod codeBase="C:\Users\bhask\Desktop\StudyJet\StudyJet.API.Tests\bin\Debug\net8.0\StudyJet.API.Tests.dll" adapterTypeName="executor://xunit/VsTestRunner2/netcoreapp" className="StudyJet.API.Tests.RepositoryTests.NotificationRepoTest" name="SelectByUserIdAsync_ShouldThrowArgumentException_WhenUserIdIsInvalid" />
    </UnitTest>
    <UnitTest name="StudyJet.API.Tests.ServiceTests.UserServiceTest.CheckUsernameExistsAsync_UsernameDoesNotExist_ReturnsFalse" storage="c:\users\bhask\desktop\studyjet\studyjet.api.tests\bin\debug\net8.0\studyjet.api.tests.dll" id="79ccdc43-cb49-9855-6730-b7a2264f10bc">
      <Execution id="4a2d6dc1-efa4-4dc0-a5c9-2a94bb91cc3a" />
      <TestMethod codeBase="C:\Users\bhask\Desktop\StudyJet\StudyJet.API.Tests\bin\Debug\net8.0\StudyJet.API.Tests.dll" adapterTypeName="executor://xunit/VsTestRunner2/netcoreapp" className="StudyJet.API.Tests.ServiceTests.UserServiceTest" name="CheckUsernameExistsAsync_UsernameDoesNotExist_ReturnsFalse" />
    </UnitTest>
    <UnitTest name="StudyJet.API.Tests.RepositoryTests.UserRepoTest.UsernameExistsAsync_ReturnsFalse_WhenUsernameDoesNotExist" storage="c:\users\bhask\desktop\studyjet\studyjet.api.tests\bin\debug\net8.0\studyjet.api.tests.dll" id="c172998f-5e6e-5547-1178-b565ccb3bcb7">
      <Execution id="e7e56664-18e8-473d-8f36-01e64e972980" />
      <TestMethod codeBase="C:\Users\bhask\Desktop\StudyJet\StudyJet.API.Tests\bin\Debug\net8.0\StudyJet.API.Tests.dll" adapterTypeName="executor://xunit/VsTestRunner2/netcoreapp" className="StudyJet.API.Tests.RepositoryTests.UserRepoTest" name="UsernameExistsAsync_ReturnsFalse_WhenUsernameDoesNotExist" />
    </UnitTest>
    <UnitTest name="StudyJet.API.Tests.RepositoryTests.CourseRepoTest.ApprovePendingUpdatesAsync_WithValidPendingUpdate_ApprovesUpdateAndCourse" storage="c:\users\bhask\desktop\studyjet\studyjet.api.tests\bin\debug\net8.0\studyjet.api.tests.dll" id="cf1660dd-1fb1-7844-6801-7724f01b4e98">
      <Execution id="bdcdb50b-6e78-4a05-a20b-557ce459e02c" />
      <TestMethod codeBase="C:\Users\bhask\Desktop\StudyJet\StudyJet.API.Tests\bin\Debug\net8.0\StudyJet.API.Tests.dll" adapterTypeName="executor://xunit/VsTestRunner2/netcoreapp" className="StudyJet.API.Tests.RepositoryTests.CourseRepoTest" name="ApprovePendingUpdatesAsync_WithValidPendingUpdate_ApprovesUpdateAndCourse" />
    </UnitTest>
    <UnitTest name="StudyJet.API.Tests.ControllerTests.UserPurchaseCourseControllerTest.GetPurchasedCourse_ShouldReturnOkWithCourses_WhenCoursesExist" storage="c:\users\bhask\desktop\studyjet\studyjet.api.tests\bin\debug\net8.0\studyjet.api.tests.dll" id="a20f2ffc-0443-ebf8-281a-2fd2da114f93">
      <Execution id="74c5562b-c5d3-4787-ac78-943a9e6f3721" />
      <TestMethod codeBase="C:\Users\bhask\Desktop\StudyJet\StudyJet.API.Tests\bin\Debug\net8.0\StudyJet.API.Tests.dll" adapterTypeName="executor://xunit/VsTestRunner2/netcoreapp" className="StudyJet.API.Tests.ControllerTests.UserPurchaseCourseControllerTest" name="GetPurchasedCourse_ShouldReturnOkWithCourses_WhenCoursesExist" />
    </UnitTest>
    <UnitTest name="StudyJet.API.Tests.ControllerTests.NotificationControllerTest.MarkNotificationAsRead_ShouldReturnUnauthorized_WhenUserIsNotAuthenticated" storage="c:\users\bhask\desktop\studyjet\studyjet.api.tests\bin\debug\net8.0\studyjet.api.tests.dll" id="30e8ba7b-f65e-648f-5c4a-a11d6f38943c">
      <Execution id="6d2e3d3a-d140-4a0b-9dc3-8b0253c5b3da" />
      <TestMethod codeBase="C:\Users\bhask\Desktop\StudyJet\StudyJet.API.Tests\bin\Debug\net8.0\StudyJet.API.Tests.dll" adapterTypeName="executor://xunit/VsTestRunner2/netcoreapp" className="StudyJet.API.Tests.ControllerTests.NotificationControllerTest" name="MarkNotificationAsRead_ShouldReturnUnauthorized_WhenUserIsNotAuthenticated" />
    </UnitTest>
    <UnitTest name="StudyJet.API.Tests.ServiceTests.AuthServiceTest.ChangePasswordAsync_ReturnsFalse_WhenUserNotFound" storage="c:\users\bhask\desktop\studyjet\studyjet.api.tests\bin\debug\net8.0\studyjet.api.tests.dll" id="cdd2146e-8ab5-7596-64c8-88a844f2c712">
      <Execution id="37d269ba-42fe-4e0a-bb20-d1406704b391" />
      <TestMethod codeBase="C:\Users\bhask\Desktop\StudyJet\StudyJet.API.Tests\bin\Debug\net8.0\StudyJet.API.Tests.dll" adapterTypeName="executor://xunit/VsTestRunner2/netcoreapp" className="StudyJet.API.Tests.ServiceTests.AuthServiceTest" name="ChangePasswordAsync_ReturnsFalse_WhenUserNotFound" />
    </UnitTest>
    <UnitTest name="StudyJet.API.Tests.ServiceTests.UserServiceTest.GetUserRolesAsync_UserHasNoRoles_ReturnsEmptyList" storage="c:\users\bhask\desktop\studyjet\studyjet.api.tests\bin\debug\net8.0\studyjet.api.tests.dll" id="30b7fa7d-6f47-b42c-1715-c193d687c948">
      <Execution id="bacd4562-d49e-4057-96ac-c30826a0dcf5" />
      <TestMethod codeBase="C:\Users\bhask\Desktop\StudyJet\StudyJet.API.Tests\bin\Debug\net8.0\StudyJet.API.Tests.dll" adapterTypeName="executor://xunit/VsTestRunner2/netcoreapp" className="StudyJet.API.Tests.ServiceTests.UserServiceTest" name="GetUserRolesAsync_UserHasNoRoles_ReturnsEmptyList" />
    </UnitTest>
    <UnitTest name="StudyJet.API.Tests.RepositoryTests.CartRepoTest.IsCourseInCartAsync_Failure" storage="c:\users\bhask\desktop\studyjet\studyjet.api.tests\bin\debug\net8.0\studyjet.api.tests.dll" id="20b7a720-e17e-9929-58d8-c4c529ffa7db">
      <Execution id="98b9aba9-8193-4a9d-9339-00bf1ca40e84" />
      <TestMethod codeBase="C:\Users\bhask\Desktop\StudyJet\StudyJet.API.Tests\bin\Debug\net8.0\StudyJet.API.Tests.dll" adapterTypeName="executor://xunit/VsTestRunner2/netcoreapp" className="StudyJet.API.Tests.RepositoryTests.CartRepoTest" name="IsCourseInCartAsync_Failure" />
    </UnitTest>
    <UnitTest name="StudyJet.API.Tests.ControllerTests.AuthControllerTests.Check2FAStatus_ShouldReturnOk_When2FADisabled" storage="c:\users\bhask\desktop\studyjet\studyjet.api.tests\bin\debug\net8.0\studyjet.api.tests.dll" id="2fcc1a8b-c2a5-8d55-cb04-610daf17cb71">
      <Execution id="e02f8436-7eec-4b42-9dd3-c2c19f4743bc" />
      <TestMethod codeBase="C:\Users\bhask\Desktop\StudyJet\StudyJet.API.Tests\bin\Debug\net8.0\StudyJet.API.Tests.dll" adapterTypeName="executor://xunit/VsTestRunner2/netcoreapp" className="StudyJet.API.Tests.ControllerTests.AuthControllerTests" name="Check2FAStatus_ShouldReturnOk_When2FADisabled" />
    </UnitTest>
    <UnitTest name="StudyJet.API.Tests.ServiceTests.CourseServiceTest.AddAsync_SavesImage_WhenImageFileIsProvided" storage="c:\users\bhask\desktop\studyjet\studyjet.api.tests\bin\debug\net8.0\studyjet.api.tests.dll" id="f3ecd214-b3a6-6437-5c15-8fcf3a6edae7">
      <Execution id="02847ee7-bce5-4e2f-9a56-6b4cf22f8634" />
      <TestMethod codeBase="C:\Users\bhask\Desktop\StudyJet\StudyJet.API.Tests\bin\Debug\net8.0\StudyJet.API.Tests.dll" adapterTypeName="executor://xunit/VsTestRunner2/netcoreapp" className="StudyJet.API.Tests.ServiceTests.CourseServiceTest" name="AddAsync_SavesImage_WhenImageFileIsProvided" />
    </UnitTest>
    <UnitTest name="StudyJet.API.Tests.RepositoryTests.NotificationRepoTest.MarkAsReadAsync_InvalidNotificationId" storage="c:\users\bhask\desktop\studyjet\studyjet.api.tests\bin\debug\net8.0\studyjet.api.tests.dll" id="cef5f7ed-e370-5da6-bd23-e5b4031ff24d">
      <Execution id="37105cb9-da34-4dfa-8a2a-be1fcf46ee34" />
      <TestMethod codeBase="C:\Users\bhask\Desktop\StudyJet\StudyJet.API.Tests\bin\Debug\net8.0\StudyJet.API.Tests.dll" adapterTypeName="executor://xunit/VsTestRunner2/netcoreapp" className="StudyJet.API.Tests.RepositoryTests.NotificationRepoTest" name="MarkAsReadAsync_InvalidNotificationId" />
    </UnitTest>
    <UnitTest name="StudyJet.API.Tests.ControllerTests.AuthControllerTests.Initiate2FA_ShouldReturnFile_When2FAInitiationIsSuccessful" storage="c:\users\bhask\desktop\studyjet\studyjet.api.tests\bin\debug\net8.0\studyjet.api.tests.dll" id="486eeeb3-cddb-fe87-9275-950590cfa8ab">
      <Execution id="1dfbbd31-87ec-47fb-90a9-413f01c675f4" />
      <TestMethod codeBase="C:\Users\bhask\Desktop\StudyJet\StudyJet.API.Tests\bin\Debug\net8.0\StudyJet.API.Tests.dll" adapterTypeName="executor://xunit/VsTestRunner2/netcoreapp" className="StudyJet.API.Tests.ControllerTests.AuthControllerTests" name="Initiate2FA_ShouldReturnFile_When2FAInitiationIsSuccessful" />
    </UnitTest>
    <UnitTest name="StudyJet.API.Tests.ControllerTests.AuthControllerTests.Initiate2FA_ShouldReturnBadRequest_When2FAInitiationFails" storage="c:\users\bhask\desktop\studyjet\studyjet.api.tests\bin\debug\net8.0\studyjet.api.tests.dll" id="94c3010a-c7f3-5fb4-c8fb-7f0e84775d5e">
      <Execution id="64f5dc9a-23ed-4951-a4b1-bc40c412d57e" />
      <TestMethod codeBase="C:\Users\bhask\Desktop\StudyJet\StudyJet.API.Tests\bin\Debug\net8.0\StudyJet.API.Tests.dll" adapterTypeName="executor://xunit/VsTestRunner2/netcoreapp" className="StudyJet.API.Tests.ControllerTests.AuthControllerTests" name="Initiate2FA_ShouldReturnBadRequest_When2FAInitiationFails" />
    </UnitTest>
    <UnitTest name="StudyJet.API.Tests.ServiceTests.FileStorageServiceTest.SaveImageAsync_ShouldThrowArgumentException_WhenInvalidFileType" storage="c:\users\bhask\desktop\studyjet\studyjet.api.tests\bin\debug\net8.0\studyjet.api.tests.dll" id="037511dc-6f84-fc0c-25c5-84cb5d247143">
      <Execution id="87abac20-13bc-4276-8c70-8e5f5ec4fee6" />
      <TestMethod codeBase="C:\Users\bhask\Desktop\StudyJet\StudyJet.API.Tests\bin\Debug\net8.0\StudyJet.API.Tests.dll" adapterTypeName="executor://xunit/VsTestRunner2/netcoreapp" className="StudyJet.API.Tests.ServiceTests.FileStorageServiceTest" name="SaveImageAsync_ShouldThrowArgumentException_WhenInvalidFileType" />
    </UnitTest>
    <UnitTest name="StudyJet.API.Tests.ServiceTests.UserPurchaseCourseServiceTest.GetPurchasedCoursesAsync_ReturnsEmptyList_WhenNoCourses" storage="c:\users\bhask\desktop\studyjet\studyjet.api.tests\bin\debug\net8.0\studyjet.api.tests.dll" id="d2e8fd75-841f-b18e-77b6-5be0d3d530a6">
      <Execution id="0aa6c47f-f848-496e-8475-b5d595143796" />
      <TestMethod codeBase="C:\Users\bhask\Desktop\StudyJet\StudyJet.API.Tests\bin\Debug\net8.0\StudyJet.API.Tests.dll" adapterTypeName="executor://xunit/VsTestRunner2/netcoreapp" className="StudyJet.API.Tests.ServiceTests.UserPurchaseCourseServiceTest" name="GetPurchasedCoursesAsync_ReturnsEmptyList_WhenNoCourses" />
    </UnitTest>
    <UnitTest name="StudyJet.API.Tests.RepositoryTests.CourseRepoTest.InsertAsync_WithValidCourse_InsertsAndReturnsCourse" storage="c:\users\bhask\desktop\studyjet\studyjet.api.tests\bin\debug\net8.0\studyjet.api.tests.dll" id="015f5187-ea42-9937-2523-4f0f673830cd">
      <Execution id="33a9f474-18b3-4158-b51c-a5dbaffa50f0" />
      <TestMethod codeBase="C:\Users\bhask\Desktop\StudyJet\StudyJet.API.Tests\bin\Debug\net8.0\StudyJet.API.Tests.dll" adapterTypeName="executor://xunit/VsTestRunner2/netcoreapp" className="StudyJet.API.Tests.RepositoryTests.CourseRepoTest" name="InsertAsync_WithValidCourse_InsertsAndReturnsCourse" />
    </UnitTest>
    <UnitTest name="StudyJet.API.Tests.ControllerTests.CourseControllerTest.ApprovePendingUpdate_ShouldReturnOk_WhenUpdateIsApprovedSuccessfully" storage="c:\users\bhask\desktop\studyjet\studyjet.api.tests\bin\debug\net8.0\studyjet.api.tests.dll" id="8841d056-ab9d-82e3-ef58-0690f837500f">
      <Execution id="380ff162-284a-4527-99ad-c196a3d243ef" />
      <TestMethod codeBase="C:\Users\bhask\Desktop\StudyJet\StudyJet.API.Tests\bin\Debug\net8.0\StudyJet.API.Tests.dll" adapterTypeName="executor://xunit/VsTestRunner2/netcoreapp" className="StudyJet.API.Tests.ControllerTests.CourseControllerTest" name="ApprovePendingUpdate_ShouldReturnOk_WhenUpdateIsApprovedSuccessfully" />
    </UnitTest>
    <UnitTest name="StudyJet.API.Tests.ControllerTests.CourseControllerTest.GetCourseForUpdate_ShouldReturnBadRequest_WhenInstructorIsNotLoggedIn" storage="c:\users\bhask\desktop\studyjet\studyjet.api.tests\bin\debug\net8.0\studyjet.api.tests.dll" id="3c1cfadf-8a81-c8b1-3dd5-19d29a86b14a">
      <Execution id="75b5777c-7230-49da-9907-80deed96f9f5" />
      <TestMethod codeBase="C:\Users\bhask\Desktop\StudyJet\StudyJet.API.Tests\bin\Debug\net8.0\StudyJet.API.Tests.dll" adapterTypeName="executor://xunit/VsTestRunner2/netcoreapp" className="StudyJet.API.Tests.ControllerTests.CourseControllerTest" name="GetCourseForUpdate_ShouldReturnBadRequest_WhenInstructorIsNotLoggedIn" />
    </UnitTest>
    <UnitTest name="StudyJet.API.Tests.ServiceTests.UserPurchaseCourseServiceTest.GetPurchasedCoursesAsync_ReturnsCourses" storage="c:\users\bhask\desktop\studyjet\studyjet.api.tests\bin\debug\net8.0\studyjet.api.tests.dll" id="b5ef7883-077a-a7ae-3d78-2ec3e6795c7e">
      <Execution id="e9f14969-205f-437a-8eb4-ee9fafff24b8" />
      <TestMethod codeBase="C:\Users\bhask\Desktop\StudyJet\StudyJet.API.Tests\bin\Debug\net8.0\StudyJet.API.Tests.dll" adapterTypeName="executor://xunit/VsTestRunner2/netcoreapp" className="StudyJet.API.Tests.ServiceTests.UserPurchaseCourseServiceTest" name="GetPurchasedCoursesAsync_ReturnsCourses" />
    </UnitTest>
    <UnitTest name="StudyJet.API.Tests.RepositoryTests.CategoryRepoTest.InsertAsync_ShouldInsertCategorySuccessfully" storage="c:\users\bhask\desktop\studyjet\studyjet.api.tests\bin\debug\net8.0\studyjet.api.tests.dll" id="b271177b-8a47-42bf-55ac-73de53733d2e">
      <Execution id="e675c791-434e-4cf4-953c-87110616ca1e" />
      <TestMethod codeBase="C:\Users\bhask\Desktop\StudyJet\StudyJet.API.Tests\bin\Debug\net8.0\StudyJet.API.Tests.dll" adapterTypeName="executor://xunit/VsTestRunner2/netcoreapp" className="StudyJet.API.Tests.RepositoryTests.CategoryRepoTest" name="InsertAsync_ShouldInsertCategorySuccessfully" />
    </UnitTest>
    <UnitTest name="StudyJet.API.Tests.ServiceTests.CourseServiceTest.GetByIdAsync_ReturnsUpdatedCourse_WhenUpdateExists" storage="c:\users\bhask\desktop\studyjet\studyjet.api.tests\bin\debug\net8.0\studyjet.api.tests.dll" id="f71e3d66-56fa-bda9-ddc8-466c98b060e3">
      <Execution id="f658f2fd-2dcd-4705-b4fb-7e893e23c3d8" />
      <TestMethod codeBase="C:\Users\bhask\Desktop\StudyJet\StudyJet.API.Tests\bin\Debug\net8.0\StudyJet.API.Tests.dll" adapterTypeName="executor://xunit/VsTestRunner2/netcoreapp" className="StudyJet.API.Tests.ServiceTests.CourseServiceTest" name="GetByIdAsync_ReturnsUpdatedCourse_WhenUpdateExists" />
    </UnitTest>
    <UnitTest name="StudyJet.API.Tests.ControllerTests.AuthControllerTests.Check2FAStatus_ShouldReturnInternalServerError_WhenExceptionOccurs" storage="c:\users\bhask\desktop\studyjet\studyjet.api.tests\bin\debug\net8.0\studyjet.api.tests.dll" id="f602c089-c1bb-9a98-8435-5804f9e76c9b">
      <Execution id="11f34b1d-a83a-4803-b37d-691c80c8c908" />
      <TestMethod codeBase="C:\Users\bhask\Desktop\StudyJet\StudyJet.API.Tests\bin\Debug\net8.0\StudyJet.API.Tests.dll" adapterTypeName="executor://xunit/VsTestRunner2/netcoreapp" className="StudyJet.API.Tests.ControllerTests.AuthControllerTests" name="Check2FAStatus_ShouldReturnInternalServerError_WhenExceptionOccurs" />
    </UnitTest>
    <UnitTest name="StudyJet.API.Tests.ControllerTests.UserPurchaseCourseControllerTest.GetSuggestedCourses_ShouldReturnOkWithSuggestedCourses_WhenCoursesExist" storage="c:\users\bhask\desktop\studyjet\studyjet.api.tests\bin\debug\net8.0\studyjet.api.tests.dll" id="278243ea-6dce-a81f-0891-0bb9a03f8a52">
      <Execution id="747eb2c2-88da-406b-82c3-8dd61aa2d1d6" />
      <TestMethod codeBase="C:\Users\bhask\Desktop\StudyJet\StudyJet.API.Tests\bin\Debug\net8.0\StudyJet.API.Tests.dll" adapterTypeName="executor://xunit/VsTestRunner2/netcoreapp" className="StudyJet.API.Tests.ControllerTests.UserPurchaseCourseControllerTest" name="GetSuggestedCourses_ShouldReturnOkWithSuggestedCourses_WhenCoursesExist" />
    </UnitTest>
    <UnitTest name="StudyJet.API.Tests.ServiceTests.NotificationServiceTest.UpdateNotificationAsync_ShouldCallUpdateAsync_WhenNotificationIsValid" storage="c:\users\bhask\desktop\studyjet\studyjet.api.tests\bin\debug\net8.0\studyjet.api.tests.dll" id="f781c499-448a-1436-d7cc-c34617194290">
      <Execution id="4fdc37b8-a68d-466a-a166-243d9848428a" />
      <TestMethod codeBase="C:\Users\bhask\Desktop\StudyJet\StudyJet.API.Tests\bin\Debug\net8.0\StudyJet.API.Tests.dll" adapterTypeName="executor://xunit/VsTestRunner2/netcoreapp" className="StudyJet.API.Tests.ServiceTests.NotificationServiceTest" name="UpdateNotificationAsync_ShouldCallUpdateAsync_WhenNotificationIsValid" />
    </UnitTest>
    <UnitTest name="StudyJet.API.Tests.ControllerTests.AuthControllerTests.Login_ReturnsUnauthorized_WhenPasswordIsInvalid" storage="c:\users\bhask\desktop\studyjet\studyjet.api.tests\bin\debug\net8.0\studyjet.api.tests.dll" id="84c471e1-da2b-ed23-0b27-eb12b5e81402">
      <Execution id="fa705e9e-4c4d-49d8-bd76-a7a27c864650" />
      <TestMethod codeBase="C:\Users\bhask\Desktop\StudyJet\StudyJet.API.Tests\bin\Debug\net8.0\StudyJet.API.Tests.dll" adapterTypeName="executor://xunit/VsTestRunner2/netcoreapp" className="StudyJet.API.Tests.ControllerTests.AuthControllerTests" name="Login_ReturnsUnauthorized_WhenPasswordIsInvalid" />
    </UnitTest>
    <UnitTest name="StudyJet.API.Tests.ServiceTests.AuthServiceTest.ResetPasswordAsync_ReturnsFailure_WhenPasswordResetFails" storage="c:\users\bhask\desktop\studyjet\studyjet.api.tests\bin\debug\net8.0\studyjet.api.tests.dll" id="bbefd22f-b849-df02-3b18-88db26aa416e">
      <Execution id="d755da3f-699b-4ba4-993d-edca31860fbd" />
      <TestMethod codeBase="C:\Users\bhask\Desktop\StudyJet\StudyJet.API.Tests\bin\Debug\net8.0\StudyJet.API.Tests.dll" adapterTypeName="executor://xunit/VsTestRunner2/netcoreapp" className="StudyJet.API.Tests.ServiceTests.AuthServiceTest" name="ResetPasswordAsync_ReturnsFailure_WhenPasswordResetFails" />
    </UnitTest>
    <UnitTest name="StudyJet.API.Tests.ServiceTests.UserServiceTest.AssignUserRoleAsync_Success_ReturnsIdentityResultSuccess" storage="c:\users\bhask\desktop\studyjet\studyjet.api.tests\bin\debug\net8.0\studyjet.api.tests.dll" id="1deef5a5-b67a-ab6f-4c5a-e7dc611f2efc">
      <Execution id="b5e44b66-79b8-457e-946a-52cd2c232a60" />
      <TestMethod codeBase="C:\Users\bhask\Desktop\StudyJet\StudyJet.API.Tests\bin\Debug\net8.0\StudyJet.API.Tests.dll" adapterTypeName="executor://xunit/VsTestRunner2/netcoreapp" className="StudyJet.API.Tests.ServiceTests.UserServiceTest" name="AssignUserRoleAsync_Success_ReturnsIdentityResultSuccess" />
    </UnitTest>
    <UnitTest name="StudyJet.API.Tests.ServiceTests.AuthServiceTest.LoginUserAsync_PasswordChangeRequired_ReturnsPasswordChangeObject" storage="c:\users\bhask\desktop\studyjet\studyjet.api.tests\bin\debug\net8.0\studyjet.api.tests.dll" id="2ea53247-92a7-e6ca-cef5-1dd606a939dc">
      <Execution id="226cc5f8-db01-4d62-b349-b74d098d7c92" />
      <TestMethod codeBase="C:\Users\bhask\Desktop\StudyJet\StudyJet.API.Tests\bin\Debug\net8.0\StudyJet.API.Tests.dll" adapterTypeName="executor://xunit/VsTestRunner2/netcoreapp" className="StudyJet.API.Tests.ServiceTests.AuthServiceTest" name="LoginUserAsync_PasswordChangeRequired_ReturnsPasswordChangeObject" />
    </UnitTest>
    <UnitTest name="StudyJet.API.Tests.RepositoryTests.UserRepoTest.SelectUsersByRoleAsync_ReturnsUsers_WhenRoleExists" storage="c:\users\bhask\desktop\studyjet\studyjet.api.tests\bin\debug\net8.0\studyjet.api.tests.dll" id="0eed7676-aad9-92f8-1db8-6775577d7523">
      <Execution id="7d773f28-c4d8-4219-96e1-c887891136bd" />
      <TestMethod codeBase="C:\Users\bhask\Desktop\StudyJet\StudyJet.API.Tests\bin\Debug\net8.0\StudyJet.API.Tests.dll" adapterTypeName="executor://xunit/VsTestRunner2/netcoreapp" className="StudyJet.API.Tests.RepositoryTests.UserRepoTest" name="SelectUsersByRoleAsync_ReturnsUsers_WhenRoleExists" />
    </UnitTest>
    <UnitTest name="StudyJet.API.Tests.ControllerTests.AuthControllerTests.ResetPassword_ShouldReturnBadRequest_WhenPasswordResetFails" storage="c:\users\bhask\desktop\studyjet\studyjet.api.tests\bin\debug\net8.0\studyjet.api.tests.dll" id="3cde2198-077e-ca91-64ae-5341709aef6e">
      <Execution id="6f47a28d-ff3a-46c2-b175-9451436d592d" />
      <TestMethod codeBase="C:\Users\bhask\Desktop\StudyJet\StudyJet.API.Tests\bin\Debug\net8.0\StudyJet.API.Tests.dll" adapterTypeName="executor://xunit/VsTestRunner2/netcoreapp" className="StudyJet.API.Tests.ControllerTests.AuthControllerTests" name="ResetPassword_ShouldReturnBadRequest_WhenPasswordResetFails" />
    </UnitTest>
    <UnitTest name="StudyJet.API.Tests.ServiceTests.EmailServiceTest.SendConfirmationEmailAsync_ReturnsFailure_WhenInputIsInvalid(email: &quot;user@example.com&quot;, link: &quot;&quot;)" storage="c:\users\bhask\desktop\studyjet\studyjet.api.tests\bin\debug\net8.0\studyjet.api.tests.dll" id="6865a7d9-6559-c754-1461-8bb28b5f0016">
      <Execution id="a48b688f-2987-448e-ac41-ea135e227c71" />
      <TestMethod codeBase="C:\Users\bhask\Desktop\StudyJet\StudyJet.API.Tests\bin\Debug\net8.0\StudyJet.API.Tests.dll" adapterTypeName="executor://xunit/VsTestRunner2/netcoreapp" className="StudyJet.API.Tests.ServiceTests.EmailServiceTest" name="SendConfirmationEmailAsync_ReturnsFailure_WhenInputIsInvalid" />
    </UnitTest>
    <UnitTest name="StudyJet.API.Tests.RepositoryTests.UserRepoTest.SelectUsersByRoleAsync_ReturnsEmptyList_WhenNoUsersWithRole" storage="c:\users\bhask\desktop\studyjet\studyjet.api.tests\bin\debug\net8.0\studyjet.api.tests.dll" id="e7320a8b-a4ee-3995-41b9-eb0da1cb735d">
      <Execution id="76bf65d5-91ab-43fd-a042-39f137b25329" />
      <TestMethod codeBase="C:\Users\bhask\Desktop\StudyJet\StudyJet.API.Tests\bin\Debug\net8.0\StudyJet.API.Tests.dll" adapterTypeName="executor://xunit/VsTestRunner2/netcoreapp" className="StudyJet.API.Tests.RepositoryTests.UserRepoTest" name="SelectUsersByRoleAsync_ReturnsEmptyList_WhenNoUsersWithRole" />
    </UnitTest>
    <UnitTest name="StudyJet.API.Tests.RepositoryTests.WishlistRepoTest.DeleteCourseFromWishlistAsync_ReturnsFalse_WhenCourseNotInWishlist" storage="c:\users\bhask\desktop\studyjet\studyjet.api.tests\bin\debug\net8.0\studyjet.api.tests.dll" id="a40ff9a5-2f31-8458-14a3-f3e3fe9763e1">
      <Execution id="4628ff86-b3f6-40fd-b21d-cd29ccbc6b88" />
      <TestMethod codeBase="C:\Users\bhask\Desktop\StudyJet\StudyJet.API.Tests\bin\Debug\net8.0\StudyJet.API.Tests.dll" adapterTypeName="executor://xunit/VsTestRunner2/netcoreapp" className="StudyJet.API.Tests.RepositoryTests.WishlistRepoTest" name="DeleteCourseFromWishlistAsync_ReturnsFalse_WhenCourseNotInWishlist" />
    </UnitTest>
    <UnitTest name="StudyJet.API.Tests.ServiceTests.CourseServiceTest.GetByInstructorIdAsync_ReturnsCourseWithPendingUpdate_WhenUpdateHasNullFields" storage="c:\users\bhask\desktop\studyjet\studyjet.api.tests\bin\debug\net8.0\studyjet.api.tests.dll" id="2fd0cf46-4811-f628-c5c7-39f8e21e3a61">
      <Execution id="e89da38f-c67c-4fb9-a180-1e59b7a85818" />
      <TestMethod codeBase="C:\Users\bhask\Desktop\StudyJet\StudyJet.API.Tests\bin\Debug\net8.0\StudyJet.API.Tests.dll" adapterTypeName="executor://xunit/VsTestRunner2/netcoreapp" className="StudyJet.API.Tests.ServiceTests.CourseServiceTest" name="GetByInstructorIdAsync_ReturnsCourseWithPendingUpdate_WhenUpdateHasNullFields" />
    </UnitTest>
    <UnitTest name="StudyJet.API.Tests.RepositoryTests.NotificationRepoTest.MarkAsReadAsync_Success" storage="c:\users\bhask\desktop\studyjet\studyjet.api.tests\bin\debug\net8.0\studyjet.api.tests.dll" id="309bc9db-81f1-7052-f286-cb24d2ce6b13">
      <Execution id="c05492b4-b08b-4e95-88aa-5dcede832c69" />
      <TestMethod codeBase="C:\Users\bhask\Desktop\StudyJet\StudyJet.API.Tests\bin\Debug\net8.0\StudyJet.API.Tests.dll" adapterTypeName="executor://xunit/VsTestRunner2/netcoreapp" className="StudyJet.API.Tests.RepositoryTests.NotificationRepoTest" name="MarkAsReadAsync_Success" />
    </UnitTest>
    <UnitTest name="StudyJet.API.Tests.ControllerTests.NotificationControllerTest.GetNotifications_ShouldReturnNoContent_WhenNoNotificationsFound" storage="c:\users\bhask\desktop\studyjet\studyjet.api.tests\bin\debug\net8.0\studyjet.api.tests.dll" id="a822abf7-2bfd-58a8-16e3-be26a4f87e4c">
      <Execution id="a1fe973e-1c1e-469e-b68a-479fc2b32ba2" />
      <TestMethod codeBase="C:\Users\bhask\Desktop\StudyJet\StudyJet.API.Tests\bin\Debug\net8.0\StudyJet.API.Tests.dll" adapterTypeName="executor://xunit/VsTestRunner2/netcoreapp" className="StudyJet.API.Tests.ControllerTests.NotificationControllerTest" name="GetNotifications_ShouldReturnNoContent_WhenNoNotificationsFound" />
    </UnitTest>
    <UnitTest name="StudyJet.API.Tests.ControllerTests.AuthControllerTests.VerifyTwoFactorLogin_ShouldReturnUnauthorized_WhenInvalid2FACode" storage="c:\users\bhask\desktop\studyjet\studyjet.api.tests\bin\debug\net8.0\studyjet.api.tests.dll" id="2e8d07a6-0cea-f78e-5d56-67db990b38ff">
      <Execution id="d84c69a4-09f9-446b-8c48-2f4704022b7d" />
      <TestMethod codeBase="C:\Users\bhask\Desktop\StudyJet\StudyJet.API.Tests\bin\Debug\net8.0\StudyJet.API.Tests.dll" adapterTypeName="executor://xunit/VsTestRunner2/netcoreapp" className="StudyJet.API.Tests.ControllerTests.AuthControllerTests" name="VerifyTwoFactorLogin_ShouldReturnUnauthorized_WhenInvalid2FACode" />
    </UnitTest>
    <UnitTest name="StudyJet.API.Tests.RepositoryTests.CartRepoTest.SelectCartItemsAsync_Success" storage="c:\users\bhask\desktop\studyjet\studyjet.api.tests\bin\debug\net8.0\studyjet.api.tests.dll" id="da2f7f09-8850-15a1-0f32-d0c2aefcf52c">
      <Execution id="c9e87046-268a-4326-b2fa-962faf7770fd" />
      <TestMethod codeBase="C:\Users\bhask\Desktop\StudyJet\StudyJet.API.Tests\bin\Debug\net8.0\StudyJet.API.Tests.dll" adapterTypeName="executor://xunit/VsTestRunner2/netcoreapp" className="StudyJet.API.Tests.RepositoryTests.CartRepoTest" name="SelectCartItemsAsync_Success" />
    </UnitTest>
    <UnitTest name="StudyJet.API.Tests.ControllerTests.CartControllerTest.GetCartItems_UserNotAuthenticated_ReturnsUnauthorized" storage="c:\users\bhask\desktop\studyjet\studyjet.api.tests\bin\debug\net8.0\studyjet.api.tests.dll" id="fa118f36-619a-fd54-2d46-0cad75be7f82">
      <Execution id="f9a446d2-c06b-4d1e-9e7a-e9360e592a75" />
      <TestMethod codeBase="C:\Users\bhask\Desktop\StudyJet\StudyJet.API.Tests\bin\Debug\net8.0\StudyJet.API.Tests.dll" adapterTypeName="executor://xunit/VsTestRunner2/netcoreapp" className="StudyJet.API.Tests.ControllerTests.CartControllerTest" name="GetCartItems_UserNotAuthenticated_ReturnsUnauthorized" />
    </UnitTest>
    <UnitTest name="StudyJet.API.Tests.RepositoryTests.UserRepoTest.UsernameExistsAsync_ReturnsTrue_WhenUsernameExists" storage="c:\users\bhask\desktop\studyjet\studyjet.api.tests\bin\debug\net8.0\studyjet.api.tests.dll" id="7a53ad05-53e3-6cd7-4e69-82738707ec19">
      <Execution id="b6a186bc-af73-4ef7-b34d-b367f9d24477" />
      <TestMethod codeBase="C:\Users\bhask\Desktop\StudyJet\StudyJet.API.Tests\bin\Debug\net8.0\StudyJet.API.Tests.dll" adapterTypeName="executor://xunit/VsTestRunner2/netcoreapp" className="StudyJet.API.Tests.RepositoryTests.UserRepoTest" name="UsernameExistsAsync_ReturnsTrue_WhenUsernameExists" />
    </UnitTest>
    <UnitTest name="StudyJet.API.Tests.RepositoryTests.CourseRepoTest.SelectEnrolledStudentsByCourseIdAsync_WithValidCourseId_ReturnsEnrolledStudents" storage="c:\users\bhask\desktop\studyjet\studyjet.api.tests\bin\debug\net8.0\studyjet.api.tests.dll" id="414d8b37-463a-7a32-9899-e0c099e690c2">
      <Execution id="12ad7ba9-d3e2-4bbb-84bf-c5ba48f60606" />
      <TestMethod codeBase="C:\Users\bhask\Desktop\StudyJet\StudyJet.API.Tests\bin\Debug\net8.0\StudyJet.API.Tests.dll" adapterTypeName="executor://xunit/VsTestRunner2/netcoreapp" className="StudyJet.API.Tests.RepositoryTests.CourseRepoTest" name="SelectEnrolledStudentsByCourseIdAsync_WithValidCourseId_ReturnsEnrolledStudents" />
    </UnitTest>
    <UnitTest name="StudyJet.API.Tests.ControllerTests.UserControllerTest.CheckUsername_ShouldReturnOk_WithUsernameExistsTrue" storage="c:\users\bhask\desktop\studyjet\studyjet.api.tests\bin\debug\net8.0\studyjet.api.tests.dll" id="c4dbb571-45c3-5308-b235-90f77e63508c">
      <Execution id="150c4356-f4f5-4dc9-b751-34a17977b83e" />
      <TestMethod codeBase="C:\Users\bhask\Desktop\StudyJet\StudyJet.API.Tests\bin\Debug\net8.0\StudyJet.API.Tests.dll" adapterTypeName="executor://xunit/VsTestRunner2/netcoreapp" className="StudyJet.API.Tests.ControllerTests.UserControllerTest" name="CheckUsername_ShouldReturnOk_WithUsernameExistsTrue" />
    </UnitTest>
    <UnitTest name="StudyJet.API.Tests.ServiceTests.CourseServiceTest.ExistsAsync_ReturnsFalse_WhenCourseDoesNotExist" storage="c:\users\bhask\desktop\studyjet\studyjet.api.tests\bin\debug\net8.0\studyjet.api.tests.dll" id="15fadd33-0f83-c93f-26af-da0eea83e7c0">
      <Execution id="b9442070-d51c-48f2-9041-a929186561e6" />
      <TestMethod codeBase="C:\Users\bhask\Desktop\StudyJet\StudyJet.API.Tests\bin\Debug\net8.0\StudyJet.API.Tests.dll" adapterTypeName="executor://xunit/VsTestRunner2/netcoreapp" className="StudyJet.API.Tests.ServiceTests.CourseServiceTest" name="ExistsAsync_ReturnsFalse_WhenCourseDoesNotExist" />
    </UnitTest>
  </TestDefinitions>
  <TestEntries>
    <TestEntry testId="08b63b6a-b269-f035-9089-63c09d6ba363" executionId="5df16e29-4810-449c-928b-7638e12d822e" testListId="8c84fa94-04c1-424b-9868-57a2d4851a1d" />
    <TestEntry testId="9a732e6c-a9a4-411f-f581-1e37dbe98c9d" executionId="6bdfbe1e-1ccc-4a5d-aa6b-1c9114b94e82" testListId="8c84fa94-04c1-424b-9868-57a2d4851a1d" />
    <TestEntry testId="aa3e1bca-4b4e-df30-4e0c-eb2b3f35650d" executionId="e0d9b75b-c929-46fa-ad7c-48ed06bfaec7" testListId="8c84fa94-04c1-424b-9868-57a2d4851a1d" />
    <TestEntry testId="817d1c97-34cc-19ec-1202-abfdf9d74be3" executionId="f7f8e670-b8f7-446d-9905-4a97789075c9" testListId="8c84fa94-04c1-424b-9868-57a2d4851a1d" />
    <TestEntry testId="7a53ad05-53e3-6cd7-4e69-82738707ec19" executionId="b6a186bc-af73-4ef7-b34d-b367f9d24477" testListId="8c84fa94-04c1-424b-9868-57a2d4851a1d" />
    <TestEntry testId="b6d073d1-3f0a-66d1-5f09-58acf19eda37" executionId="2dcf48c7-c3c9-40a5-8677-ca0f9910c260" testListId="8c84fa94-04c1-424b-9868-57a2d4851a1d" />
    <TestEntry testId="85f8173d-e567-a7b6-7ec5-984bfe168c93" executionId="af69fa5e-27de-4de8-9763-714ef83a7203" testListId="8c84fa94-04c1-424b-9868-57a2d4851a1d" />
    <TestEntry testId="40e62659-7cf5-8b92-3e98-4128021d509a" executionId="8a373cdf-5ab6-41d5-8ddd-1ace117f276a" testListId="8c84fa94-04c1-424b-9868-57a2d4851a1d" />
    <TestEntry testId="fad155c6-f10c-386f-97d6-2c466de7c23c" executionId="99f547db-2406-4390-9490-33ef74951eb9" testListId="8c84fa94-04c1-424b-9868-57a2d4851a1d" />
    <TestEntry testId="8ed6db83-21cd-2e7c-0b9b-61e0ebd7140d" executionId="45e10012-feab-4f4f-8593-b97468056226" testListId="8c84fa94-04c1-424b-9868-57a2d4851a1d" />
    <TestEntry testId="2dc6eba9-eed8-7d8f-86bc-f6ade9eb6fe1" executionId="83c316ee-b209-4bb6-aabf-8fc0adcfac0b" testListId="8c84fa94-04c1-424b-9868-57a2d4851a1d" />
    <TestEntry testId="10d3f586-0863-9a84-848d-4ab224e0b9df" executionId="5f03aaae-2b52-40a0-a770-7ffefd2c47f5" testListId="8c84fa94-04c1-424b-9868-57a2d4851a1d" />
    <TestEntry testId="11c2de4d-20aa-4e77-b53b-72a1c8165a12" executionId="30d9eac7-32aa-49e0-a670-7653fdef6a7b" testListId="8c84fa94-04c1-424b-9868-57a2d4851a1d" />
    <TestEntry testId="22925fc5-125b-7a2d-4e4d-f06fcb41c624" executionId="8bfd297e-0487-485e-9159-7a15b64e61ba" testListId="8c84fa94-04c1-424b-9868-57a2d4851a1d" />
    <TestEntry testId="c9ac6b04-0202-9feb-9e97-278f01806034" executionId="9ea3c257-506f-47bf-8b82-b3b1c9d4a137" testListId="8c84fa94-04c1-424b-9868-57a2d4851a1d" />
    <TestEntry testId="24c51b4b-2c4e-f0d4-334e-4fe3e22f2e07" executionId="4c0abdcb-9cfc-40fe-b202-92639d479340" testListId="8c84fa94-04c1-424b-9868-57a2d4851a1d" />
    <TestEntry testId="4d7f6dee-61a4-3347-a5f7-9a3379549a66" executionId="1a893a7f-7bee-4ddc-8278-00afe2b0d4ae" testListId="8c84fa94-04c1-424b-9868-57a2d4851a1d" />
    <TestEntry testId="29a98b3c-bab7-8b31-6040-19f6b34064ba" executionId="97dc403a-b273-48f9-98eb-a7c4bf71c61a" testListId="8c84fa94-04c1-424b-9868-57a2d4851a1d" />
    <TestEntry testId="006ebe12-2d25-2d12-9667-66c2d05b84ba" executionId="b4526d65-b555-416c-b160-309580a1904e" testListId="8c84fa94-04c1-424b-9868-57a2d4851a1d" />
    <TestEntry testId="da2f7f09-8850-15a1-0f32-d0c2aefcf52c" executionId="c9e87046-268a-4326-b2fa-962faf7770fd" testListId="8c84fa94-04c1-424b-9868-57a2d4851a1d" />
    <TestEntry testId="cf1660dd-1fb1-7844-6801-7724f01b4e98" executionId="bdcdb50b-6e78-4a05-a20b-557ce459e02c" testListId="8c84fa94-04c1-424b-9868-57a2d4851a1d" />
    <TestEntry testId="4d80f38b-00d6-0f4d-8172-b94efd69b24d" executionId="ffc2051f-5668-4f10-96c6-76c528d76b2a" testListId="8c84fa94-04c1-424b-9868-57a2d4851a1d" />
    <TestEntry testId="8841d056-ab9d-82e3-ef58-0690f837500f" executionId="380ff162-284a-4527-99ad-c196a3d243ef" testListId="8c84fa94-04c1-424b-9868-57a2d4851a1d" />
    <TestEntry testId="8d82d987-86ff-3aa3-6c9f-7545154f39bc" executionId="ab62f78d-b430-4cce-836f-b388c6b30c86" testListId="8c84fa94-04c1-424b-9868-57a2d4851a1d" />
    <TestEntry testId="3cde2198-077e-ca91-64ae-5341709aef6e" executionId="6f47a28d-ff3a-46c2-b175-9451436d592d" testListId="8c84fa94-04c1-424b-9868-57a2d4851a1d" />
    <TestEntry testId="26243b88-5763-f0b7-110c-cadd29f55768" executionId="cdffb39e-e449-4d6d-aeac-1409a287d8f8" testListId="8c84fa94-04c1-424b-9868-57a2d4851a1d" />
    <TestEntry testId="8686fcda-b82f-4f90-3802-2825e0e0f898" executionId="a9ee6876-ba3e-417b-95ed-ee5d69d890b7" testListId="8c84fa94-04c1-424b-9868-57a2d4851a1d" />
    <TestEntry testId="a5418571-537e-d773-41af-a342cc8d1966" executionId="77240ef0-a83a-479c-b716-7f5a7438a640" testListId="8c84fa94-04c1-424b-9868-57a2d4851a1d" />
    <TestEntry testId="73c3e722-2418-4237-29b4-4bd6cb743542" executionId="b8fb1a2c-cdb0-44ea-993f-e820443c0834" testListId="8c84fa94-04c1-424b-9868-57a2d4851a1d" />
    <TestEntry testId="e357a813-ac10-6570-b297-676dbc6e88f8" executionId="8a980730-5ea6-456b-b586-3e8a9c739f60" testListId="8c84fa94-04c1-424b-9868-57a2d4851a1d" />
    <TestEntry testId="c5273e4e-1ac7-28dd-def2-0f6e28bef8d4" executionId="b1a13ba3-a549-4f5a-9cd5-44b4d945f316" testListId="8c84fa94-04c1-424b-9868-57a2d4851a1d" />
    <TestEntry testId="f3905a30-df7b-b36b-c7a4-41c6b678fca0" executionId="6df9c5c6-95d1-422f-82eb-fcad31a8ccff" testListId="8c84fa94-04c1-424b-9868-57a2d4851a1d" />
    <TestEntry testId="2084e446-fc0c-cde2-b26b-222885074932" executionId="86591cb9-1386-4ae2-ad05-0fe26767d4bd" testListId="8c84fa94-04c1-424b-9868-57a2d4851a1d" />
    <TestEntry testId="39ee311f-91df-f8ba-ecd7-5d9e30b55567" executionId="6577037c-5e3a-41af-9a76-27cc1bc6db29" testListId="8c84fa94-04c1-424b-9868-57a2d4851a1d" />
    <TestEntry testId="e4132d7b-5391-2df8-560a-77a923b20704" executionId="e390bdf2-f0a9-45c4-9cd1-0d9fbf01605e" testListId="8c84fa94-04c1-424b-9868-57a2d4851a1d" />
    <TestEntry testId="a19051bb-4d4c-9694-910b-84fddff9ba39" executionId="a3f17bbe-352b-4145-ad37-59c634b460af" testListId="8c84fa94-04c1-424b-9868-57a2d4851a1d" />
    <TestEntry testId="d766e4a5-f485-1dc7-fc0f-f91d6f19b234" executionId="25b1a64a-67de-4fad-b551-485137ef1903" testListId="8c84fa94-04c1-424b-9868-57a2d4851a1d" />
    <TestEntry testId="f3ecd214-b3a6-6437-5c15-8fcf3a6edae7" executionId="02847ee7-bce5-4e2f-9a56-6b4cf22f8634" testListId="8c84fa94-04c1-424b-9868-57a2d4851a1d" />
    <TestEntry testId="4b07bb4b-6b47-09f8-f13a-9425cdfdcfe1" executionId="7bbaeb27-0fcc-4c2c-aab2-5ec1687950f0" testListId="8c84fa94-04c1-424b-9868-57a2d4851a1d" />
    <TestEntry testId="78ba5ad9-2b4d-1a30-5fde-34494e322f27" executionId="9a3ff0bf-904d-4687-9511-b45210c16164" testListId="8c84fa94-04c1-424b-9868-57a2d4851a1d" />
    <TestEntry testId="a20f2ffc-0443-ebf8-281a-2fd2da114f93" executionId="74c5562b-c5d3-4787-ac78-943a9e6f3721" testListId="8c84fa94-04c1-424b-9868-57a2d4851a1d" />
    <TestEntry testId="037511dc-6f84-fc0c-25c5-84cb5d247143" executionId="87abac20-13bc-4276-8c70-8e5f5ec4fee6" testListId="8c84fa94-04c1-424b-9868-57a2d4851a1d" />
    <TestEntry testId="aec98bd5-178f-6157-6378-071cb0ba5a0b" executionId="1cebd4c2-bde8-4c2c-b837-d00173fc50ae" testListId="8c84fa94-04c1-424b-9868-57a2d4851a1d" />
    <TestEntry testId="37e453a4-c28b-5319-c87d-094ff8079edc" executionId="f8637030-2f43-48da-95b7-6a33bc385928" testListId="8c84fa94-04c1-424b-9868-57a2d4851a1d" />
    <TestEntry testId="6c2c7d5e-fb79-375c-9738-62361a016a9a" executionId="3352d25e-6c7b-48f7-a543-60c5b001d4f5" testListId="8c84fa94-04c1-424b-9868-57a2d4851a1d" />
    <TestEntry testId="0587d6b5-c8b7-e8cd-b0b2-d85c4eb95adb" executionId="2cf00ad4-6a36-46b8-a3d1-80be9867df19" testListId="8c84fa94-04c1-424b-9868-57a2d4851a1d" />
    <TestEntry testId="352195bd-0f1a-5fe2-4b84-7735e670122f" executionId="25ecb699-7610-4f9a-8ba0-db7450f0be51" testListId="8c84fa94-04c1-424b-9868-57a2d4851a1d" />
    <TestEntry testId="1cf9e394-5c39-ea65-7308-cf74797b3447" executionId="e9acc31f-9144-45cd-8b92-8b6054a44dcc" testListId="8c84fa94-04c1-424b-9868-57a2d4851a1d" />
    <TestEntry testId="ee06f83f-edeb-44c6-f3e2-01f66d482cee" executionId="c59fb0d4-f395-4705-b104-d8fb34378bf1" testListId="8c84fa94-04c1-424b-9868-57a2d4851a1d" />
    <TestEntry testId="9e029bb4-c79a-1d31-78bf-b3ef93113574" executionId="92a1588b-8316-4b7e-b667-31f26cd6215e" testListId="8c84fa94-04c1-424b-9868-57a2d4851a1d" />
    <TestEntry testId="8698395f-d51c-d5ec-eb2e-745b32950005" executionId="ee3ace9f-cdab-46d4-bb9a-a47122fea743" testListId="8c84fa94-04c1-424b-9868-57a2d4851a1d" />
    <TestEntry testId="230565f3-14ad-f21a-b4bb-8e26e8acbeaa" executionId="d26f6c2c-ddee-4fe4-b605-762b3d714167" testListId="8c84fa94-04c1-424b-9868-57a2d4851a1d" />
    <TestEntry testId="64bd9bc7-9310-1e4d-effd-79a94bf1fdfd" executionId="4e96e3f0-1824-40d0-bab9-c42187183242" testListId="8c84fa94-04c1-424b-9868-57a2d4851a1d" />
    <TestEntry testId="6ba6ef1e-da04-91cf-ed92-d8ceb3fce604" executionId="dcf3b54e-d815-4a98-ad0a-ad5187171ca8" testListId="8c84fa94-04c1-424b-9868-57a2d4851a1d" />
    <TestEntry testId="f4a276c0-c59e-21e6-b1f7-b5e310737831" executionId="9f6a9539-c3df-4937-a0ca-1478d7102151" testListId="8c84fa94-04c1-424b-9868-57a2d4851a1d" />
    <TestEntry testId="9a208262-bbef-c2a7-ec67-8f36eb7bac06" executionId="101b7821-7d9d-4530-9f7e-1078a8aeeb50" testListId="8c84fa94-04c1-424b-9868-57a2d4851a1d" />
    <TestEntry testId="1759184b-2998-5320-8cb6-c202082fc836" executionId="421a1b9b-3aa2-4ac7-86ce-4ee8eff948ea" testListId="8c84fa94-04c1-424b-9868-57a2d4851a1d" />
    <TestEntry testId="4bf81e9d-d5c6-5377-c3c3-69dc0a9c23bc" executionId="81676867-1bca-4511-8b55-c77639f3c0fc" testListId="8c84fa94-04c1-424b-9868-57a2d4851a1d" />
    <TestEntry testId="47c49f1b-c1aa-5338-e34c-f51ade6a7211" executionId="810d6dfa-e9a1-4415-92b0-dedd58bf445d" testListId="8c84fa94-04c1-424b-9868-57a2d4851a1d" />
    <TestEntry testId="dde78b97-7a32-0743-6672-9324e69bbf10" executionId="d479e247-13e9-4956-9d49-0c3d0abee931" testListId="8c84fa94-04c1-424b-9868-57a2d4851a1d" />
    <TestEntry testId="2fe16215-8724-4af9-4abe-b19c1f106c39" executionId="39537584-b13a-42e4-81ff-ba6957c98118" testListId="8c84fa94-04c1-424b-9868-57a2d4851a1d" />
    <TestEntry testId="065d0e2c-ebff-a26a-edb7-3d12f81bec08" executionId="46929c3e-da3b-4499-9c7e-2ff7968f058b" testListId="8c84fa94-04c1-424b-9868-57a2d4851a1d" />
    <TestEntry testId="b9882e9a-e84f-9558-38a6-aa947057f709" executionId="6a3a3d61-80ad-4a1a-8f82-386dca3693de" testListId="8c84fa94-04c1-424b-9868-57a2d4851a1d" />
    <TestEntry testId="f71e3d66-56fa-bda9-ddc8-466c98b060e3" executionId="f658f2fd-2dcd-4705-b4fb-7e893e23c3d8" testListId="8c84fa94-04c1-424b-9868-57a2d4851a1d" />
    <TestEntry testId="b3e640f4-fd3b-4b3f-fef5-5d361c675e6d" executionId="81bd6935-a14f-46e5-9b8f-331e305f8e71" testListId="8c84fa94-04c1-424b-9868-57a2d4851a1d" />
    <TestEntry testId="de13656f-5f16-52cb-da97-3ffc5fa93774" executionId="49213d5c-5f26-4ec5-83d6-a1346304fa21" testListId="8c84fa94-04c1-424b-9868-57a2d4851a1d" />
    <TestEntry testId="258e4244-8686-b06e-f707-26e52cd3d460" executionId="997692ed-7980-484f-8f32-745c4aade62b" testListId="8c84fa94-04c1-424b-9868-57a2d4851a1d" />
    <TestEntry testId="12110751-cec5-829a-8231-c1d0ad71aab4" executionId="74e4169f-53a7-446d-ad65-cbab911affa0" testListId="8c84fa94-04c1-424b-9868-57a2d4851a1d" />
    <TestEntry testId="96b63aca-f9eb-a171-f439-a4dbc33ce580" executionId="05e5aee2-7246-4623-83c5-0c9d36e9c93c" testListId="8c84fa94-04c1-424b-9868-57a2d4851a1d" />
    <TestEntry testId="9be9f8e0-74c9-35e7-9b5a-a7e08e98223e" executionId="92ffd874-0714-4c39-85cc-fb12779b3886" testListId="8c84fa94-04c1-424b-9868-57a2d4851a1d" />
    <TestEntry testId="bc8b2ba6-7560-66da-18de-6bf7310d2a19" executionId="e00960ae-fa2c-4daa-a65c-57c07cab5d3a" testListId="8c84fa94-04c1-424b-9868-57a2d4851a1d" />
    <TestEntry testId="446cbc81-927a-2b07-7683-15dc5deab96f" executionId="7df730ac-2342-4bbf-a119-8e28b0852257" testListId="8c84fa94-04c1-424b-9868-57a2d4851a1d" />
    <TestEntry testId="1eb9fc06-23e2-b42c-07f7-98108527f980" executionId="5a384130-d533-4d46-a7fd-8f156e8c0d32" testListId="8c84fa94-04c1-424b-9868-57a2d4851a1d" />
    <TestEntry testId="d3b487e5-9478-917b-7f98-f69aa1a02076" executionId="9a714dc5-6fda-48fa-8420-43eb3a1806a2" testListId="8c84fa94-04c1-424b-9868-57a2d4851a1d" />
    <TestEntry testId="d3dda3bf-5671-5cc1-9af1-ec633b69861e" executionId="96b65dbb-c429-423b-ab18-c813cf13240e" testListId="8c84fa94-04c1-424b-9868-57a2d4851a1d" />
    <TestEntry testId="82865ef5-223e-e172-081c-0d2e4554cac5" executionId="fc0fe4e9-8cd5-4573-88c3-90412a071930" testListId="8c84fa94-04c1-424b-9868-57a2d4851a1d" />
    <TestEntry testId="72f95707-286d-1651-07a7-6294cb1e50d2" executionId="226939af-42d5-48e9-bc54-21180354b8ec" testListId="8c84fa94-04c1-424b-9868-57a2d4851a1d" />
    <TestEntry testId="ba911d44-58f8-b81c-1f82-a0621d6354da" executionId="e4b4195d-915d-415e-a8de-1ca526497557" testListId="8c84fa94-04c1-424b-9868-57a2d4851a1d" />
    <TestEntry testId="ab0a7420-3b35-0e07-03f2-f3d9e4837503" executionId="1340eb23-1deb-462b-8ed8-cf80d3b63a02" testListId="8c84fa94-04c1-424b-9868-57a2d4851a1d" />
    <TestEntry testId="fc37987b-cfa8-dd10-eeeb-e0bf079ab3c5" executionId="e28f4311-9521-48ca-9a4a-2bcf746c6055" testListId="8c84fa94-04c1-424b-9868-57a2d4851a1d" />
    <TestEntry testId="0dcb01c4-adfb-f2fd-713e-b999188cf5eb" executionId="aeb2a31d-ed62-4a34-955d-f3a6a24d7e1a" testListId="8c84fa94-04c1-424b-9868-57a2d4851a1d" />
    <TestEntry testId="b5498d8b-977f-6b54-2e67-e71a9801fae1" executionId="280ae239-3041-4d5c-b691-b07a721bf583" testListId="8c84fa94-04c1-424b-9868-57a2d4851a1d" />
    <TestEntry testId="7b5adca5-1b16-0707-cc98-b3bf014ce63f" executionId="766f2ec1-f96a-4155-9c87-cf2e994ee9dd" testListId="8c84fa94-04c1-424b-9868-57a2d4851a1d" />
    <TestEntry testId="520cea6c-f5db-1385-93fa-5c415173d0f0" executionId="35fc5ef0-9885-4316-83b9-55d7b7f05c02" testListId="8c84fa94-04c1-424b-9868-57a2d4851a1d" />
    <TestEntry testId="a6b88e73-ac03-48e1-4c3c-2524f496de18" executionId="79c476e9-a185-45d5-8341-5227a9c3fb46" testListId="8c84fa94-04c1-424b-9868-57a2d4851a1d" />
    <TestEntry testId="278243ea-6dce-a81f-0891-0bb9a03f8a52" executionId="747eb2c2-88da-406b-82c3-8dd61aa2d1d6" testListId="8c84fa94-04c1-424b-9868-57a2d4851a1d" />
    <TestEntry testId="bffa3255-5e9a-0774-4fe8-a20e6519e0ca" executionId="720de0d6-9947-4226-9083-dfa10810d135" testListId="8c84fa94-04c1-424b-9868-57a2d4851a1d" />
    <TestEntry testId="30e8ba7b-f65e-648f-5c4a-a11d6f38943c" executionId="6d2e3d3a-d140-4a0b-9dc3-8b0253c5b3da" testListId="8c84fa94-04c1-424b-9868-57a2d4851a1d" />
    <TestEntry testId="751acf85-be50-97cc-4c26-6ba611e1dfe3" executionId="fe5acdeb-8fb5-4a7c-8ff9-a5c7b75ec5c2" testListId="8c84fa94-04c1-424b-9868-57a2d4851a1d" />
    <TestEntry testId="0a6da548-6b15-1307-3cfa-e16e5e9fe386" executionId="3a8a7f63-8ede-4c5b-8bf6-2c7f0c8611bc" testListId="8c84fa94-04c1-424b-9868-57a2d4851a1d" />
    <TestEntry testId="d1263ada-1330-3ab1-121a-1307509e8dbe" executionId="358752be-10b2-47fb-a243-1ed3d127494a" testListId="8c84fa94-04c1-424b-9868-57a2d4851a1d" />
    <TestEntry testId="ab06cc7d-d3d6-e64b-24ea-edefcf65a512" executionId="e57819c0-307f-4d05-b243-a681348cbd4b" testListId="8c84fa94-04c1-424b-9868-57a2d4851a1d" />
    <TestEntry testId="c4465975-30f6-b1a6-7660-7c450743394f" executionId="ca80db47-5cb8-4d59-aefb-3c86d2a7982e" testListId="8c84fa94-04c1-424b-9868-57a2d4851a1d" />
    <TestEntry testId="bda718a8-11c3-0223-8818-c26577e6bd3c" executionId="76508cfa-7f34-41df-a725-f621a49a30a3" testListId="8c84fa94-04c1-424b-9868-57a2d4851a1d" />
    <TestEntry testId="c8d67a1a-0bfb-23b6-47a6-117589e1e205" executionId="f99c4a41-57cd-4b92-a7c7-090ad2d81f14" testListId="8c84fa94-04c1-424b-9868-57a2d4851a1d" />
    <TestEntry testId="0351110a-2003-fbfb-72e1-9a197fc89eb8" executionId="68acbc1a-6aca-4868-9e18-0a95e7f13dae" testListId="8c84fa94-04c1-424b-9868-57a2d4851a1d" />
    <TestEntry testId="6c9445b0-d167-6baf-5c36-da12aa3a3446" executionId="f97b2331-8174-4363-af0c-2145c43d936a" testListId="8c84fa94-04c1-424b-9868-57a2d4851a1d" />
    <TestEntry testId="fce0fa63-c667-0584-bc3c-e609a5b13271" executionId="16b058a6-06f9-4c22-ba82-79a4b4467388" testListId="8c84fa94-04c1-424b-9868-57a2d4851a1d" />
    <TestEntry testId="230130f7-297c-e0f1-b879-99e4da61fa09" executionId="5b95f8e6-d282-4429-b74b-9a4a0907cd13" testListId="8c84fa94-04c1-424b-9868-57a2d4851a1d" />
    <TestEntry testId="15fadd33-0f83-c93f-26af-da0eea83e7c0" executionId="b9442070-d51c-48f2-9041-a929186561e6" testListId="8c84fa94-04c1-424b-9868-57a2d4851a1d" />
    <TestEntry testId="023e9876-b001-6fba-aa90-f5f0c64fd03b" executionId="6aed2ca0-7a95-4c5a-a9f7-e190d9c89280" testListId="8c84fa94-04c1-424b-9868-57a2d4851a1d" />
    <TestEntry testId="e3954466-ac55-f282-6c66-a95f1d617adc" executionId="2bf1a4be-bce8-41dc-adc9-775bb905f9fc" testListId="8c84fa94-04c1-424b-9868-57a2d4851a1d" />
    <TestEntry testId="30b7fa7d-6f47-b42c-1715-c193d687c948" executionId="bacd4562-d49e-4057-96ac-c30826a0dcf5" testListId="8c84fa94-04c1-424b-9868-57a2d4851a1d" />
    <TestEntry testId="a1f8f5b1-8367-a3ae-5feb-8d3b8583ab9f" executionId="72abe7b7-c05a-4ace-9178-622bc0c72b82" testListId="8c84fa94-04c1-424b-9868-57a2d4851a1d" />
    <TestEntry testId="15afc427-565c-ddd1-318c-2eeea5a1bba6" executionId="8106cd14-afba-4c4f-ba0a-8609e2aac05a" testListId="8c84fa94-04c1-424b-9868-57a2d4851a1d" />
    <TestEntry testId="5e9a3480-2ebd-e735-a466-7810ed1aef77" executionId="cff6fbc7-3aa0-4103-b194-384cfa3bcdd9" testListId="8c84fa94-04c1-424b-9868-57a2d4851a1d" />
    <TestEntry testId="0a4717ee-74d8-b47a-942e-85402ebb7c56" executionId="352e2cf7-169d-4eff-a56d-15a00da56409" testListId="8c84fa94-04c1-424b-9868-57a2d4851a1d" />
    <TestEntry testId="9180ce6b-77d3-22dd-c74d-ff78aa0e8f9e" executionId="c566e41b-72b7-4634-a6dc-20ff5093f2f1" testListId="8c84fa94-04c1-424b-9868-57a2d4851a1d" />
    <TestEntry testId="1e8ce3de-7334-3a9a-37d6-7ffab1030452" executionId="029ca751-99b1-41bf-923a-fa4762d06fd2" testListId="8c84fa94-04c1-424b-9868-57a2d4851a1d" />
    <TestEntry testId="9e45d5de-b6d7-885c-0c1a-786635c3ac2f" executionId="a8ab5d3e-a634-4d2e-887e-7ca784259d44" testListId="8c84fa94-04c1-424b-9868-57a2d4851a1d" />
    <TestEntry testId="2fb63336-32da-131f-62ce-aa6a957662b3" executionId="3b4de50e-00ba-4a53-a979-5cb598c47c83" testListId="8c84fa94-04c1-424b-9868-57a2d4851a1d" />
    <TestEntry testId="79f79b3b-0c7f-5341-bec3-147e8a8c8f9f" executionId="6f8c7b7a-2b04-45c6-8be3-c11a8bba0e12" testListId="8c84fa94-04c1-424b-9868-57a2d4851a1d" />
    <TestEntry testId="7f808aa3-1a3e-9a79-c0bd-086a5a2579d2" executionId="f230cff1-9b59-4999-8cda-80e70b086eb2" testListId="8c84fa94-04c1-424b-9868-57a2d4851a1d" />
    <TestEntry testId="04b32f80-74af-52cd-9ab5-3ff823b15218" executionId="31da1a03-38cd-4404-b48a-012508eba591" testListId="8c84fa94-04c1-424b-9868-57a2d4851a1d" />
    <TestEntry testId="2e0463dd-b0a7-93b5-aed4-e92283f288fa" executionId="7776cf09-9621-4b77-a126-1bb48ae7de2b" testListId="8c84fa94-04c1-424b-9868-57a2d4851a1d" />
    <TestEntry testId="281d1394-1bd5-084f-32d8-e3920aed3b26" executionId="ba94d8b1-8e30-4356-8975-d36362bea40c" testListId="8c84fa94-04c1-424b-9868-57a2d4851a1d" />
    <TestEntry testId="bb7f8eb5-9450-ab37-0f74-7123290f5cf5" executionId="d447557c-91bd-4fe5-861a-c824ea25a6be" testListId="8c84fa94-04c1-424b-9868-57a2d4851a1d" />
    <TestEntry testId="30a407cc-63a6-0ebd-f86d-9b2fc6be9479" executionId="9a837ec9-d910-4977-9e84-8b04d407b884" testListId="8c84fa94-04c1-424b-9868-57a2d4851a1d" />
    <TestEntry testId="072b6a97-f9b5-78c5-0985-e38a0dde712b" executionId="9f18c410-9b91-46fb-a703-f18844a2b49d" testListId="8c84fa94-04c1-424b-9868-57a2d4851a1d" />
    <TestEntry testId="7003e643-6399-c3da-ad64-984ffffa52db" executionId="942983c9-ee16-4c82-aa66-49a20f07100d" testListId="8c84fa94-04c1-424b-9868-57a2d4851a1d" />
    <TestEntry testId="b862715e-e6c1-ac5b-5ade-0430feee07d5" executionId="6d5ca895-9b23-4667-bef1-43ffc6edaf8e" testListId="8c84fa94-04c1-424b-9868-57a2d4851a1d" />
    <TestEntry testId="d6732e16-b27f-cd87-8fc0-ff6458bc6420" executionId="8a7e609c-d0ea-4d06-ab31-376032168014" testListId="8c84fa94-04c1-424b-9868-57a2d4851a1d" />
    <TestEntry testId="4d6d8f76-175f-98f7-1287-f19a3491106b" executionId="c21d6afb-5375-489a-a617-fea56b4affce" testListId="8c84fa94-04c1-424b-9868-57a2d4851a1d" />
    <TestEntry testId="8e2fd792-5f07-b6b3-2935-52aac04b7ca4" executionId="62e25812-902c-45b2-be51-8ace82fb9bc1" testListId="8c84fa94-04c1-424b-9868-57a2d4851a1d" />
    <TestEntry testId="48d6cf19-0e38-b25e-a0ea-cef3a4e4f8c8" executionId="c2b9fd38-65d9-4235-adca-756c32749c8a" testListId="8c84fa94-04c1-424b-9868-57a2d4851a1d" />
    <TestEntry testId="971903ac-7423-e640-def9-6b6fc606e378" executionId="ec3ea774-7e20-435d-8baa-cc961f3fdbfc" testListId="8c84fa94-04c1-424b-9868-57a2d4851a1d" />
    <TestEntry testId="2007156b-6be7-b348-5c65-0dee274af9a7" executionId="fdf7eeb1-4aec-4b16-8028-a602b61b097e" testListId="8c84fa94-04c1-424b-9868-57a2d4851a1d" />
    <TestEntry testId="64f4e058-dee0-89fa-cca3-8feb3393055f" executionId="59312215-0b40-44e1-8d2e-fb00c3efe76e" testListId="8c84fa94-04c1-424b-9868-57a2d4851a1d" />
    <TestEntry testId="2fd0cf46-4811-f628-c5c7-39f8e21e3a61" executionId="e89da38f-c67c-4fb9-a180-1e59b7a85818" testListId="8c84fa94-04c1-424b-9868-57a2d4851a1d" />
    <TestEntry testId="d0174b57-c799-1293-8b40-1ce39b2aabe9" executionId="fb0fa3cb-4593-4b9c-ab9b-aa86bb2930a7" testListId="8c84fa94-04c1-424b-9868-57a2d4851a1d" />
    <TestEntry testId="cdb3b28d-aafc-0ea8-3b3d-caff163541ca" executionId="a91bee84-c9ec-460a-9b45-d373a7661e04" testListId="8c84fa94-04c1-424b-9868-57a2d4851a1d" />
    <TestEntry testId="73b8caf1-b3b9-837c-2285-f7d77bdc82cf" executionId="bc15b2fb-e67b-4db3-a44c-177517dcd0e4" testListId="8c84fa94-04c1-424b-9868-57a2d4851a1d" />
    <TestEntry testId="8b892458-533a-8bb3-f0c1-8b554fa308b9" executionId="b4f06b6f-c379-4e1a-95b1-1e56538e55ac" testListId="8c84fa94-04c1-424b-9868-57a2d4851a1d" />
    <TestEntry testId="0c4a3f4f-b47e-6441-273e-c4813cb22e9b" executionId="ece5cd3d-7229-494b-a524-814de88b1d3b" testListId="8c84fa94-04c1-424b-9868-57a2d4851a1d" />
    <TestEntry testId="815d5a84-9c7d-fc91-705f-885e4e4c5065" executionId="ef6b5eb2-fc72-4297-a6bf-124eba494f6f" testListId="8c84fa94-04c1-424b-9868-57a2d4851a1d" />
    <TestEntry testId="05d5e07f-5407-18ba-1042-b1c88b9045e3" executionId="5b7b3665-b44b-4c35-b82b-5c5f5c988d21" testListId="8c84fa94-04c1-424b-9868-57a2d4851a1d" />
    <TestEntry testId="2ce8a734-6590-6f0f-d189-c86d39bb5e7d" executionId="0211a557-33d3-4180-bf75-bb16ec6e6ea3" testListId="8c84fa94-04c1-424b-9868-57a2d4851a1d" />
    <TestEntry testId="516d88f3-8ff2-f889-8f14-ea9bdead51f7" executionId="f5b5ca58-5396-479d-8513-0e880c0143cd" testListId="8c84fa94-04c1-424b-9868-57a2d4851a1d" />
    <TestEntry testId="87b671fd-b5ba-66a0-3da0-8f9e608fd160" executionId="3063bba2-ba4a-478e-8543-402b655c6a9f" testListId="8c84fa94-04c1-424b-9868-57a2d4851a1d" />
    <TestEntry testId="3fd9654e-91fd-0616-25b8-b818e61d42b4" executionId="b3335fe6-5359-4f46-aa98-cf32abb707b7" testListId="8c84fa94-04c1-424b-9868-57a2d4851a1d" />
    <TestEntry testId="6afebca4-7c68-b68f-60ea-257b1293b45b" executionId="f1f6249f-3105-4193-918c-f86e60ae50cb" testListId="8c84fa94-04c1-424b-9868-57a2d4851a1d" />
    <TestEntry testId="4836758b-8b7f-1de3-7d79-7255f5121ae3" executionId="fb03f403-484a-4e3c-99ca-43d3dfb67b6a" testListId="8c84fa94-04c1-424b-9868-57a2d4851a1d" />
    <TestEntry testId="eb7401cd-ed36-e604-08c3-1580f229793d" executionId="78473d59-8c29-4ec4-9dce-54740ee21899" testListId="8c84fa94-04c1-424b-9868-57a2d4851a1d" />
    <TestEntry testId="55d1c600-efe6-01e5-1e03-4f91d5c8206a" executionId="609309a3-d3f1-4312-9afc-e00f97dbbcb7" testListId="8c84fa94-04c1-424b-9868-57a2d4851a1d" />
    <TestEntry testId="ecefaebc-5d96-fe6d-9ebd-c54c9e3e9cd9" executionId="086e38a9-a8c7-4057-9d05-c693ff6a7ff0" testListId="8c84fa94-04c1-424b-9868-57a2d4851a1d" />
    <TestEntry testId="f781c499-448a-1436-d7cc-c34617194290" executionId="4fdc37b8-a68d-466a-a166-243d9848428a" testListId="8c84fa94-04c1-424b-9868-57a2d4851a1d" />
    <TestEntry testId="5970311a-f40e-9443-a2b0-0bfae0d69fa9" executionId="332c9921-f31f-42b8-9f58-87f7b1d61f54" testListId="8c84fa94-04c1-424b-9868-57a2d4851a1d" />
    <TestEntry testId="426aad65-d2b6-17bd-e911-b0191573fdc5" executionId="19795e6a-36ca-4363-91e3-171547657f63" testListId="8c84fa94-04c1-424b-9868-57a2d4851a1d" />
    <TestEntry testId="e29979d4-768e-3d85-09dc-ef03a8c586ed" executionId="e2776949-d9a3-48dc-913d-3bdf1d7d048b" testListId="8c84fa94-04c1-424b-9868-57a2d4851a1d" />
    <TestEntry testId="6e9365e5-7c27-69e2-f0a3-799849f18a8f" executionId="0f981b5f-9d06-4dfb-a0c8-f0dcd9890a92" testListId="8c84fa94-04c1-424b-9868-57a2d4851a1d" />
    <TestEntry testId="7f2d98de-2d90-386a-eb57-220db7e81fb5" executionId="3804e0fd-c934-4df7-976a-a2145e31b1a6" testListId="8c84fa94-04c1-424b-9868-57a2d4851a1d" />
    <TestEntry testId="7b28daca-da6a-d31c-eee1-19c97844786c" executionId="a14ec542-ed8d-4512-9b81-e3775e018331" testListId="8c84fa94-04c1-424b-9868-57a2d4851a1d" />
    <TestEntry testId="b4971d51-4161-8e2c-d3ce-d821bb382a36" executionId="1d0c93b1-75ba-467b-88dc-80f97143e327" testListId="8c84fa94-04c1-424b-9868-57a2d4851a1d" />
    <TestEntry testId="063f0479-5b0a-eefb-f015-b7b4d089863c" executionId="28883afc-6bb0-4345-a388-0d9f03cf26be" testListId="8c84fa94-04c1-424b-9868-57a2d4851a1d" />
    <TestEntry testId="2a697358-b084-c4d6-a2d5-ba820de8fb1d" executionId="2a4cedb9-9ea9-48bb-86e4-124fcb5bbc93" testListId="8c84fa94-04c1-424b-9868-57a2d4851a1d" />
    <TestEntry testId="a2a3e8a8-0778-1150-1cf6-d749287667b6" executionId="42890d09-a4bd-4907-b95a-9350cd4ee432" testListId="8c84fa94-04c1-424b-9868-57a2d4851a1d" />
    <TestEntry testId="05e4b5d7-6f38-903c-8741-1562dee46a31" executionId="07a6e853-2dff-4dcb-abee-328064304fad" testListId="8c84fa94-04c1-424b-9868-57a2d4851a1d" />
    <TestEntry testId="7bba4696-6425-48ac-79e6-35c7c5bcc1c5" executionId="87614e4b-7089-4d15-a02f-010241926732" testListId="8c84fa94-04c1-424b-9868-57a2d4851a1d" />
    <TestEntry testId="dd96b09f-2499-b240-37e1-9462f50b5d7f" executionId="54d52296-9b48-4e07-aa34-369b7d01e5d0" testListId="8c84fa94-04c1-424b-9868-57a2d4851a1d" />
    <TestEntry testId="6b4a6bd5-46ad-d0a7-623d-cc0e9c736c7a" executionId="56278fd2-61da-4471-9010-85cca6c857e8" testListId="8c84fa94-04c1-424b-9868-57a2d4851a1d" />
    <TestEntry testId="5c5a732c-9ff7-93f8-4573-21456b693aa5" executionId="f325eebf-39a4-4233-a9dc-8d8be9b18fb6" testListId="8c84fa94-04c1-424b-9868-57a2d4851a1d" />
    <TestEntry testId="309bc9db-81f1-7052-f286-cb24d2ce6b13" executionId="c05492b4-b08b-4e95-88aa-5dcede832c69" testListId="8c84fa94-04c1-424b-9868-57a2d4851a1d" />
    <TestEntry testId="9a269ae8-c60c-2190-cc0e-c4a1c311b4df" executionId="3c2ae546-72f9-45ff-b4b6-98b11a52664e" testListId="8c84fa94-04c1-424b-9868-57a2d4851a1d" />
    <TestEntry testId="1af981a5-c262-8424-6c4a-fbd900837d1c" executionId="d50e4f7e-6471-4dbb-a5f2-aec1681f432e" testListId="8c84fa94-04c1-424b-9868-57a2d4851a1d" />
    <TestEntry testId="d3b09c41-3892-e466-01fa-1e432e106e48" executionId="c6c89e3b-db31-4cd3-aa56-87c99a6bd533" testListId="8c84fa94-04c1-424b-9868-57a2d4851a1d" />
    <TestEntry testId="72d82c37-1655-c01b-97d8-8158c1b555da" executionId="28239add-cda0-4b26-b36b-0586a1bd7afb" testListId="8c84fa94-04c1-424b-9868-57a2d4851a1d" />
    <TestEntry testId="e6d6bf0a-d95f-0082-0025-d0f58a78886d" executionId="9c38b1fa-5604-4d44-addc-cc14e12c92b1" testListId="8c84fa94-04c1-424b-9868-57a2d4851a1d" />
    <TestEntry testId="49f00847-88f5-6276-34f5-d1b710e4699b" executionId="43e7d674-5364-4824-ab7c-b81e125c7651" testListId="8c84fa94-04c1-424b-9868-57a2d4851a1d" />
    <TestEntry testId="3d5152d5-d037-6edd-0d7a-c4679e7a181b" executionId="f3e5d71a-ab2c-41cd-8d3a-87154b67ee3d" testListId="8c84fa94-04c1-424b-9868-57a2d4851a1d" />
    <TestEntry testId="23515fb5-1e84-5024-7d5a-b5fbed1a9bb2" executionId="f6823a15-19f5-4b2a-8cd9-d3ed3f3a2bf5" testListId="8c84fa94-04c1-424b-9868-57a2d4851a1d" />
    <TestEntry testId="d60c6de5-a913-ebdc-a7ad-7ced9fc8c76d" executionId="5574671f-6adc-4db8-85c1-0fc325d864c2" testListId="8c84fa94-04c1-424b-9868-57a2d4851a1d" />
    <TestEntry testId="7b73f4a6-e5d5-f7df-ff1f-ff0a91530f5a" executionId="9ff72b32-856a-4b35-bb07-678c6500dd42" testListId="8c84fa94-04c1-424b-9868-57a2d4851a1d" />
    <TestEntry testId="d8bb1fc8-24c2-0bca-bbfa-aae9c86da534" executionId="c9383911-e927-43f4-92dd-8c8fb659a955" testListId="8c84fa94-04c1-424b-9868-57a2d4851a1d" />
    <TestEntry testId="84240f79-54bf-f751-1731-e9fd18356f1f" executionId="c26f7186-f3eb-4515-b1b1-4206a49ff197" testListId="8c84fa94-04c1-424b-9868-57a2d4851a1d" />
    <TestEntry testId="1882ad1d-b517-965c-50d0-173d4af9bc20" executionId="c04a201f-f69a-45b0-a6fe-89c75a23d1d5" testListId="8c84fa94-04c1-424b-9868-57a2d4851a1d" />
    <TestEntry testId="39bc4265-de65-ed4f-cb60-d78390a9b194" executionId="a481146c-29e4-4ca0-8c61-ef5719a28283" testListId="8c84fa94-04c1-424b-9868-57a2d4851a1d" />
    <TestEntry testId="b271177b-8a47-42bf-55ac-73de53733d2e" executionId="e675c791-434e-4cf4-953c-87110616ca1e" testListId="8c84fa94-04c1-424b-9868-57a2d4851a1d" />
    <TestEntry testId="52e93586-135e-0007-f081-0c91c6c0b97b" executionId="f8fe41b6-ca02-4c65-a943-899e652d7945" testListId="8c84fa94-04c1-424b-9868-57a2d4851a1d" />
    <TestEntry testId="fb478e0f-892b-e248-e0ab-4e9d1994c880" executionId="45077219-4246-49ad-aa68-f4fd6c8003d1" testListId="8c84fa94-04c1-424b-9868-57a2d4851a1d" />
    <TestEntry testId="fbcaffdb-b3c8-0f4e-dd72-95b2ae0caf60" executionId="815b683d-15c4-4ebc-b61f-155c15c587e4" testListId="8c84fa94-04c1-424b-9868-57a2d4851a1d" />
    <TestEntry testId="9be68876-ddc1-832a-7a2c-40f2528e8685" executionId="ff06230c-8fe6-4eea-b5be-cb6f41704dc7" testListId="8c84fa94-04c1-424b-9868-57a2d4851a1d" />
    <TestEntry testId="00252135-e90f-05da-4b00-ffe7a21ed026" executionId="ef102a08-71b9-44cc-95ee-9f69ef620df5" testListId="8c84fa94-04c1-424b-9868-57a2d4851a1d" />
    <TestEntry testId="d889a9e2-03a7-628c-8277-72416ba1d17a" executionId="8aef3356-2b7f-4b60-af19-e1da76493654" testListId="8c84fa94-04c1-424b-9868-57a2d4851a1d" />
    <TestEntry testId="9a003b43-9a0e-bc08-006b-c3617ce95e65" executionId="f890330f-59f3-4d72-9f86-73abf7626faf" testListId="8c84fa94-04c1-424b-9868-57a2d4851a1d" />
    <TestEntry testId="e8b6ce4f-85bb-5105-1110-341a0ba15f9f" executionId="de68f93d-3a2a-4b07-aaf7-1769285d931c" testListId="8c84fa94-04c1-424b-9868-57a2d4851a1d" />
    <TestEntry testId="776e1352-88cf-2af4-2831-59a9a8c72f3f" executionId="088d95a7-2a03-44d0-a259-bf30fa89e91f" testListId="8c84fa94-04c1-424b-9868-57a2d4851a1d" />
    <TestEntry testId="6e9768bd-3dff-b8bf-0a41-b259cf1f2fe2" executionId="a00d6efe-f0b2-48b6-abd6-4b6ac36e3c2a" testListId="8c84fa94-04c1-424b-9868-57a2d4851a1d" />
    <TestEntry testId="a7c1f78e-3c0c-78a5-5751-ff7ed81b7710" executionId="09385b9b-5b62-450c-8018-49d2bf570a38" testListId="8c84fa94-04c1-424b-9868-57a2d4851a1d" />
    <TestEntry testId="1faa6c6d-77c7-7165-e488-ede693f2a39f" executionId="f8106bac-2f45-437f-ab80-5ed37a9d3766" testListId="8c84fa94-04c1-424b-9868-57a2d4851a1d" />
    <TestEntry testId="94c3010a-c7f3-5fb4-c8fb-7f0e84775d5e" executionId="64f5dc9a-23ed-4951-a4b1-bc40c412d57e" testListId="8c84fa94-04c1-424b-9868-57a2d4851a1d" />
    <TestEntry testId="6328e0b7-11f3-a352-c800-45c803757bb9" executionId="b3eefdba-a1ee-4bc7-b65c-56fec7763679" testListId="8c84fa94-04c1-424b-9868-57a2d4851a1d" />
    <TestEntry testId="a1e006b8-4ea7-1cac-ac1a-becbf533413c" executionId="642cd5d4-26b4-46b3-96ed-644543a1c9e0" testListId="8c84fa94-04c1-424b-9868-57a2d4851a1d" />
    <TestEntry testId="2e688f83-ebef-1820-9e5f-849a23d1ecd3" executionId="c0e52063-2687-40b9-b9a9-046e3828a6c3" testListId="8c84fa94-04c1-424b-9868-57a2d4851a1d" />
    <TestEntry testId="d2518d90-24f6-7e67-00a5-7a05c168dee3" executionId="f9e6bd35-e089-40f8-9f30-24cf00e66a06" testListId="8c84fa94-04c1-424b-9868-57a2d4851a1d" />
    <TestEntry testId="d3e437bb-4829-4a25-ceff-0fd2c6056580" executionId="757a412d-576e-48fa-ab55-cb724bce59b3" testListId="8c84fa94-04c1-424b-9868-57a2d4851a1d" />
    <TestEntry testId="c00a8bae-440c-9c5b-2479-e39d49d9d588" executionId="1af69476-a417-45c4-b6d7-2fb372af3abe" testListId="8c84fa94-04c1-424b-9868-57a2d4851a1d" />
    <TestEntry testId="ed7499a7-3968-3743-db72-b9d6de58e6cd" executionId="09f0fa09-cd1b-46fd-97ab-52dfd1fd9205" testListId="8c84fa94-04c1-424b-9868-57a2d4851a1d" />
    <TestEntry testId="392a2c92-c763-2f15-c764-9bdd4c9c336c" executionId="555a16fe-eece-459d-afc1-a5744f56d2aa" testListId="8c84fa94-04c1-424b-9868-57a2d4851a1d" />
    <TestEntry testId="31eae4ca-38de-3826-789b-3976060d42dd" executionId="20448ca0-67fc-4b60-958e-c3332ded4eae" testListId="8c84fa94-04c1-424b-9868-57a2d4851a1d" />
    <TestEntry testId="414d8b37-463a-7a32-9899-e0c099e690c2" executionId="12ad7ba9-d3e2-4bbb-84bf-c5ba48f60606" testListId="8c84fa94-04c1-424b-9868-57a2d4851a1d" />
    <TestEntry testId="c3ac7dfb-2adb-68ca-6587-73bca9f62d8b" executionId="b9f1772d-5eea-48d6-a874-bfa164006913" testListId="8c84fa94-04c1-424b-9868-57a2d4851a1d" />
    <TestEntry testId="c97948a2-c28a-bd73-b6d6-2e91b0feaac4" executionId="073c4538-63cf-43ca-8206-ff3e55ddbb3a" testListId="8c84fa94-04c1-424b-9868-57a2d4851a1d" />
    <TestEntry testId="c172998f-5e6e-5547-1178-b565ccb3bcb7" executionId="e7e56664-18e8-473d-8f36-01e64e972980" testListId="8c84fa94-04c1-424b-9868-57a2d4851a1d" />
    <TestEntry testId="d5dd3c61-93ed-4b16-53d4-5841c448022c" executionId="277bf521-b96d-4f02-8aec-20e8fe7321b2" testListId="8c84fa94-04c1-424b-9868-57a2d4851a1d" />
    <TestEntry testId="645a7777-9d39-b5b4-c7ff-93ce2e588135" executionId="367c78c5-3433-46d7-80e1-b356d32e606c" testListId="8c84fa94-04c1-424b-9868-57a2d4851a1d" />
    <TestEntry testId="0cd44002-cb8c-3e36-c58e-fa96ae90518d" executionId="9c5eea99-1a6f-45d0-af80-a93cb083d1c0" testListId="8c84fa94-04c1-424b-9868-57a2d4851a1d" />
    <TestEntry testId="aed0339f-cf15-0db0-cd6c-7a1b6ceaa703" executionId="b436cdf2-8dd0-44d1-a483-0ca8a8cf637d" testListId="8c84fa94-04c1-424b-9868-57a2d4851a1d" />
    <TestEntry testId="aa9daa07-6580-043b-0583-e8ebbe71d8f0" executionId="c51e96d7-8150-4366-b822-2df26ff77b52" testListId="8c84fa94-04c1-424b-9868-57a2d4851a1d" />
    <TestEntry testId="50b66496-efff-99c3-084e-faacc3c9fe18" executionId="4b2320d8-21c4-4e24-ab47-207613f7c287" testListId="8c84fa94-04c1-424b-9868-57a2d4851a1d" />
    <TestEntry testId="3b052de9-e85a-308b-b176-cf11977094d4" executionId="fbcbf7dd-1274-4f20-b58c-896f08cc88c2" testListId="8c84fa94-04c1-424b-9868-57a2d4851a1d" />
    <TestEntry testId="ec7bee06-6597-2a59-647f-0ab5636fbf09" executionId="48987410-6ac7-4f7f-b2bc-5586ed0ee08c" testListId="8c84fa94-04c1-424b-9868-57a2d4851a1d" />
    <TestEntry testId="7737de8c-1f69-9081-7937-218f05027910" executionId="85fd52f6-0e57-40e7-b66d-44885eb883da" testListId="8c84fa94-04c1-424b-9868-57a2d4851a1d" />
    <TestEntry testId="d2d90214-0443-9de7-cdcf-3187221b6a8b" executionId="f71a16e3-f0d1-4e81-b898-a887e33319a9" testListId="8c84fa94-04c1-424b-9868-57a2d4851a1d" />
    <TestEntry testId="8d0fddf9-f921-a3e6-350c-f73f326782ec" executionId="156d6ebb-865e-48ee-aecc-588aa7fff8bb" testListId="8c84fa94-04c1-424b-9868-57a2d4851a1d" />
    <TestEntry testId="b946093b-a65c-fefb-8362-85583c09ea3a" executionId="40e0b61b-cae8-4cac-bc66-94b396bff2f3" testListId="8c84fa94-04c1-424b-9868-57a2d4851a1d" />
    <TestEntry testId="77544d7c-7bf1-2d31-004a-69feb71c072c" executionId="cd195fa7-2caa-4294-a0c3-a5aecda7a66d" testListId="8c84fa94-04c1-424b-9868-57a2d4851a1d" />
    <TestEntry testId="3c1cfadf-8a81-c8b1-3dd5-19d29a86b14a" executionId="75b5777c-7230-49da-9907-80deed96f9f5" testListId="8c84fa94-04c1-424b-9868-57a2d4851a1d" />
    <TestEntry testId="fa118f36-619a-fd54-2d46-0cad75be7f82" executionId="f9a446d2-c06b-4d1e-9e7a-e9360e592a75" testListId="8c84fa94-04c1-424b-9868-57a2d4851a1d" />
    <TestEntry testId="79ccdc43-cb49-9855-6730-b7a2264f10bc" executionId="4a2d6dc1-efa4-4dc0-a5c9-2a94bb91cc3a" testListId="8c84fa94-04c1-424b-9868-57a2d4851a1d" />
    <TestEntry testId="e4fd0a3b-ed0d-9275-c9dd-0cce32e5e3d0" executionId="6fbfe704-b9e7-4da3-b523-cacbc778fad8" testListId="8c84fa94-04c1-424b-9868-57a2d4851a1d" />
    <TestEntry testId="fdcfb0cf-6cbe-21f0-b114-ae70fea0a32d" executionId="fe6c6f14-1192-4d56-a77a-8107c89aed0a" testListId="8c84fa94-04c1-424b-9868-57a2d4851a1d" />
    <TestEntry testId="f5faf611-2edc-d98d-b0cd-5a896ed27412" executionId="ce791385-e901-4ac7-acc5-e9d7a7a7b5d4" testListId="8c84fa94-04c1-424b-9868-57a2d4851a1d" />
    <TestEntry testId="d98f7e08-65e3-49ac-4e71-06c263e89e63" executionId="909b9f9c-451a-42a7-9b68-792666984ab4" testListId="8c84fa94-04c1-424b-9868-57a2d4851a1d" />
    <TestEntry testId="2fcc1a8b-c2a5-8d55-cb04-610daf17cb71" executionId="e02f8436-7eec-4b42-9dd3-c2c19f4743bc" testListId="8c84fa94-04c1-424b-9868-57a2d4851a1d" />
    <TestEntry testId="4d3aef9a-b337-27ef-1ff3-22fb8aa9ef59" executionId="2cff5678-9f3a-41d7-a562-206d7ef039ea" testListId="8c84fa94-04c1-424b-9868-57a2d4851a1d" />
    <TestEntry testId="db2f73ea-e402-c039-fcb5-971541c5bb86" executionId="bc67a348-3d03-4485-bfd6-95a26e2aebe6" testListId="8c84fa94-04c1-424b-9868-57a2d4851a1d" />
    <TestEntry testId="18e5b927-3565-48db-2c90-b337807149e6" executionId="1870c601-48d0-471e-9036-be9cc40183c3" testListId="8c84fa94-04c1-424b-9868-57a2d4851a1d" />
    <TestEntry testId="bbe10179-7406-55fb-0e5b-83178ee0c727" executionId="16209b89-4c23-485f-a11d-785d349e91e1" testListId="8c84fa94-04c1-424b-9868-57a2d4851a1d" />
    <TestEntry testId="449cdbc4-8c96-72d9-db36-ca0ee70f2d16" executionId="ef61f650-2c85-4240-9ca3-707e2f095fbf" testListId="8c84fa94-04c1-424b-9868-57a2d4851a1d" />
    <TestEntry testId="5a736391-49dc-bc35-5d8a-0f7b066aa2ec" executionId="e9dd61cc-dea7-494b-b36c-5780abb2845b" testListId="8c84fa94-04c1-424b-9868-57a2d4851a1d" />
    <TestEntry testId="a7538247-2f24-1a3d-a492-b1f4b1803c1f" executionId="4c06f250-c74b-44f4-a8c9-60e3fbfe2a28" testListId="8c84fa94-04c1-424b-9868-57a2d4851a1d" />
    <TestEntry testId="c5cd8ed8-4748-92a4-ef59-81862a123923" executionId="34c304b6-17c9-493a-a52f-1e17d1ea31e7" testListId="8c84fa94-04c1-424b-9868-57a2d4851a1d" />
    <TestEntry testId="cf035b26-f9ea-e63b-94de-8116c3b1e8d3" executionId="6309f8a4-0108-4ec3-bcf6-d873b5915a2e" testListId="8c84fa94-04c1-424b-9868-57a2d4851a1d" />
    <TestEntry testId="d4a49540-f388-6087-fe19-5b7d16216a72" executionId="3b2960c9-d7bc-48cb-8d61-3a17759a999c" testListId="8c84fa94-04c1-424b-9868-57a2d4851a1d" />
    <TestEntry testId="d8628a50-1eb6-5711-552c-6c5d37dacb02" executionId="ac58d5fb-4089-41ec-a2d5-d5082c9cb842" testListId="8c84fa94-04c1-424b-9868-57a2d4851a1d" />
    <TestEntry testId="4a26c366-cdec-0021-c93b-6e2013b096aa" executionId="781d5073-fa4a-4ffd-b06e-a83184e2072d" testListId="8c84fa94-04c1-424b-9868-57a2d4851a1d" />
    <TestEntry testId="5c0e148f-866a-7cee-8a22-78a39fc1c300" executionId="d2e9c708-6075-470e-a777-d55dce9bdbb3" testListId="8c84fa94-04c1-424b-9868-57a2d4851a1d" />
    <TestEntry testId="4984aba4-2863-7349-de28-5053a8122937" executionId="8e5b4391-1d60-425d-a852-8a0977a6bb78" testListId="8c84fa94-04c1-424b-9868-57a2d4851a1d" />
    <TestEntry testId="65b988ab-d2f9-16f6-b17b-7334b26a59a3" executionId="ab4dfe29-fe7e-4e74-a211-50ee76f289f1" testListId="8c84fa94-04c1-424b-9868-57a2d4851a1d" />
    <TestEntry testId="0cda3cf7-e2a9-8495-a33f-f100c5912a7e" executionId="481205b3-242d-4409-982b-8449721ab606" testListId="8c84fa94-04c1-424b-9868-57a2d4851a1d" />
    <TestEntry testId="8500e031-7bd2-eb5a-8f4d-b4c7e84a79aa" executionId="a43ddf1b-e3a5-45ca-a411-a900e3631953" testListId="8c84fa94-04c1-424b-9868-57a2d4851a1d" />
    <TestEntry testId="e56af006-c0dc-fe24-11ff-5497f76bf1c8" executionId="3c822011-11c1-4f48-a1c4-0d11fceeaa03" testListId="8c84fa94-04c1-424b-9868-57a2d4851a1d" />
    <TestEntry testId="3f630587-2960-4cfb-d45c-e4f56e77a82c" executionId="b8c44579-97a3-4924-90db-af803ec2f059" testListId="8c84fa94-04c1-424b-9868-57a2d4851a1d" />
    <TestEntry testId="dec3b024-9fbf-448d-a2d0-4a8c00721a24" executionId="0fda767a-3f68-4f8f-ba0c-9c880c3b2e44" testListId="8c84fa94-04c1-424b-9868-57a2d4851a1d" />
    <TestEntry testId="cdd2146e-8ab5-7596-64c8-88a844f2c712" executionId="37d269ba-42fe-4e0a-bb20-d1406704b391" testListId="8c84fa94-04c1-424b-9868-57a2d4851a1d" />
    <TestEntry testId="5b234383-ec9d-c8eb-5d2d-69bd82f2cd2e" executionId="7993222c-25b7-4cbb-9fdf-0d1fe9e90927" testListId="8c84fa94-04c1-424b-9868-57a2d4851a1d" />
    <TestEntry testId="0eed7676-aad9-92f8-1db8-6775577d7523" executionId="7d773f28-c4d8-4219-96e1-c887891136bd" testListId="8c84fa94-04c1-424b-9868-57a2d4851a1d" />
    <TestEntry testId="fc2e3c92-6ace-1729-5aa8-d4f4c6826dd6" executionId="cbe1ebba-8ad5-4691-a535-ffe9a2d7485d" testListId="8c84fa94-04c1-424b-9868-57a2d4851a1d" />
    <TestEntry testId="bf5f1c0c-0811-39c1-8826-ca5a3cb97937" executionId="63f5b174-9fc2-4a61-8546-795b77aba4d4" testListId="8c84fa94-04c1-424b-9868-57a2d4851a1d" />
    <TestEntry testId="bb0063a0-2275-dc0f-a5c7-c773fa34b04a" executionId="234d9655-7db2-4717-8760-a02f1b18075e" testListId="8c84fa94-04c1-424b-9868-57a2d4851a1d" />
    <TestEntry testId="f503367b-6b09-19ec-3e4f-efc9b07630a6" executionId="4c9956c5-fa3e-4abc-89f1-176bab7f2d65" testListId="8c84fa94-04c1-424b-9868-57a2d4851a1d" />
    <TestEntry testId="fee158cc-0b96-4f70-91d7-8597234dd39a" executionId="a1f1e2ba-c733-49bf-a98f-3f12aaeae4ee" testListId="8c84fa94-04c1-424b-9868-57a2d4851a1d" />
    <TestEntry testId="a822abf7-2bfd-58a8-16e3-be26a4f87e4c" executionId="a1fe973e-1c1e-469e-b68a-479fc2b32ba2" testListId="8c84fa94-04c1-424b-9868-57a2d4851a1d" />
    <TestEntry testId="4f146125-779e-04ef-8802-3532d953dd08" executionId="ec014706-1715-4a53-94f2-f00a06711bf3" testListId="8c84fa94-04c1-424b-9868-57a2d4851a1d" />
    <TestEntry testId="c6612e0e-e3a4-5811-c578-9e65fc5db96a" executionId="1d7ceb7f-5cc7-4e70-8fd0-3744b5459137" testListId="8c84fa94-04c1-424b-9868-57a2d4851a1d" />
    <TestEntry testId="c6442d0b-85ec-cba2-3524-c28bd0f75732" executionId="c31012a4-f7b5-475f-ae64-de9f8ee280d8" testListId="8c84fa94-04c1-424b-9868-57a2d4851a1d" />
    <TestEntry testId="d7775649-5b8a-468f-188a-4d8d2bd9602e" executionId="d7eb7749-1315-4483-b31e-51f832a2cd13" testListId="8c84fa94-04c1-424b-9868-57a2d4851a1d" />
    <TestEntry testId="87104e30-4670-162f-dc31-580043011163" executionId="2000b069-c7c4-4eaa-9c89-d19f906ad097" testListId="8c84fa94-04c1-424b-9868-57a2d4851a1d" />
    <TestEntry testId="851d9af6-c0eb-4ecc-fd0f-eafe2e1d187d" executionId="ef86f937-77ca-453b-9410-136d3ecfc1f0" testListId="8c84fa94-04c1-424b-9868-57a2d4851a1d" />
    <TestEntry testId="d04e18c5-208a-c02f-3f68-eb3389d7a52a" executionId="eab40fbc-6c03-4972-bd66-a1d41ba3a833" testListId="8c84fa94-04c1-424b-9868-57a2d4851a1d" />
    <TestEntry testId="e75f9b1d-f88b-b357-72f4-1bfa5fc211c7" executionId="5e4b4b7f-d4ae-4609-b088-d43b1761f416" testListId="8c84fa94-04c1-424b-9868-57a2d4851a1d" />
    <TestEntry testId="76980d06-4849-c2b4-edd7-cbe7a5afad18" executionId="15354354-5815-46fa-a0dd-4b9e0652fff1" testListId="8c84fa94-04c1-424b-9868-57a2d4851a1d" />
    <TestEntry testId="1079428f-041b-776b-9aca-ce290321e979" executionId="4be46efb-8493-492b-a4af-0118e78b6130" testListId="8c84fa94-04c1-424b-9868-57a2d4851a1d" />
    <TestEntry testId="a122e1b9-e968-55ff-66f4-79b775b0ede0" executionId="e122dd76-bbfc-4747-80d9-00acf10bf3b9" testListId="8c84fa94-04c1-424b-9868-57a2d4851a1d" />
    <TestEntry testId="2ea53247-92a7-e6ca-cef5-1dd606a939dc" executionId="226cc5f8-db01-4d62-b349-b74d098d7c92" testListId="8c84fa94-04c1-424b-9868-57a2d4851a1d" />
    <TestEntry testId="58b46aad-97fb-08ea-340f-9bc22c8889b5" executionId="5a2efecf-c4f2-4bc5-9147-888880269ca9" testListId="8c84fa94-04c1-424b-9868-57a2d4851a1d" />
    <TestEntry testId="12d44fd1-df0b-a3cf-7ecf-e6d4bd638a80" executionId="9b92808f-3693-40b5-a202-e8cc3fe14a37" testListId="8c84fa94-04c1-424b-9868-57a2d4851a1d" />
    <TestEntry testId="fb0bee82-09ca-8773-471f-f04f4493e245" executionId="2b90ef09-8f68-446e-bc9d-8f217674daae" testListId="8c84fa94-04c1-424b-9868-57a2d4851a1d" />
    <TestEntry testId="81362093-a83d-df5d-a833-bd4e13c177dc" executionId="d796ac31-62d5-47d3-a539-689e025edf8f" testListId="8c84fa94-04c1-424b-9868-57a2d4851a1d" />
    <TestEntry testId="28f2d463-9d24-3f6e-dbb3-81b6ff8e5f5c" executionId="42eb5292-d7ec-4582-b051-996aaed1b0e4" testListId="8c84fa94-04c1-424b-9868-57a2d4851a1d" />
    <TestEntry testId="46800e3b-6fff-b3ae-a7c7-0cb376a66d9c" executionId="23201d66-a62f-4992-aa5f-312ba2959217" testListId="8c84fa94-04c1-424b-9868-57a2d4851a1d" />
    <TestEntry testId="cef5f7ed-e370-5da6-bd23-e5b4031ff24d" executionId="37105cb9-da34-4dfa-8a2a-be1fcf46ee34" testListId="8c84fa94-04c1-424b-9868-57a2d4851a1d" />
    <TestEntry testId="36543f9a-b7db-2bd7-d1ee-42737050beaa" executionId="09fcf821-5a62-4546-80b3-c1209e67967e" testListId="8c84fa94-04c1-424b-9868-57a2d4851a1d" />
    <TestEntry testId="b8eddd1c-a36f-e61f-1394-8feaedd8e90a" executionId="a3908ec3-3346-4702-86fe-ddd1f772a0b5" testListId="8c84fa94-04c1-424b-9868-57a2d4851a1d" />
    <TestEntry testId="efd6a7c7-4fe7-21be-c31f-55a96ad30260" executionId="d18d5c10-41ff-449d-aaac-e849d3799ec6" testListId="8c84fa94-04c1-424b-9868-57a2d4851a1d" />
    <TestEntry testId="1d2b33a3-604b-9bdc-4833-515cb6f970fe" executionId="ba30c849-1c5a-4572-8119-be6111120b0b" testListId="8c84fa94-04c1-424b-9868-57a2d4851a1d" />
    <TestEntry testId="720e1514-1e40-794d-7812-0a4ddbcbaff6" executionId="a81dda9a-8ac5-416c-936a-195e4cc1e93d" testListId="8c84fa94-04c1-424b-9868-57a2d4851a1d" />
    <TestEntry testId="b7ceca62-4cff-7b27-8772-dc0907a494a7" executionId="f15ce4d2-5a92-4985-90f0-7c272206cc0c" testListId="8c84fa94-04c1-424b-9868-57a2d4851a1d" />
    <TestEntry testId="96b76209-ff17-9ee7-21a4-963d1dc9ce10" executionId="75d9d27a-64f6-4e64-bf43-ea55d8a06f54" testListId="8c84fa94-04c1-424b-9868-57a2d4851a1d" />
    <TestEntry testId="cbb5fc80-dc11-81e7-a9df-69b035bfbfe3" executionId="3fa6eafc-274e-4274-a806-f5cb45061e63" testListId="8c84fa94-04c1-424b-9868-57a2d4851a1d" />
    <TestEntry testId="bbefd22f-b849-df02-3b18-88db26aa416e" executionId="d755da3f-699b-4ba4-993d-edca31860fbd" testListId="8c84fa94-04c1-424b-9868-57a2d4851a1d" />
    <TestEntry testId="0cb0eb74-989a-ec09-1cda-1b2048f97906" executionId="a2e6c992-6479-46b9-a9b6-eb44c283eb3b" testListId="8c84fa94-04c1-424b-9868-57a2d4851a1d" />
    <TestEntry testId="458ff233-c8dc-7bda-e4a7-2f4f5baacf46" executionId="7e6ab9aa-4bc4-42d5-9fa6-2ef884312de8" testListId="8c84fa94-04c1-424b-9868-57a2d4851a1d" />
    <TestEntry testId="e1ef9895-b27b-fad8-5500-333678333f2d" executionId="8e91e31c-94a6-4201-9c11-82f96a68692f" testListId="8c84fa94-04c1-424b-9868-57a2d4851a1d" />
    <TestEntry testId="716c040a-b9ea-d8de-5427-0d2dc20a558f" executionId="e5a986ba-aa9d-49ac-97df-ab94f1ad7f33" testListId="8c84fa94-04c1-424b-9868-57a2d4851a1d" />
    <TestEntry testId="3da7d8fe-ecfe-98d1-3dad-94c854357c70" executionId="a1366eb5-be0a-4b2e-8c6a-465bbc5fdb0c" testListId="8c84fa94-04c1-424b-9868-57a2d4851a1d" />
    <TestEntry testId="e7320a8b-a4ee-3995-41b9-eb0da1cb735d" executionId="76bf65d5-91ab-43fd-a042-39f137b25329" testListId="8c84fa94-04c1-424b-9868-57a2d4851a1d" />
    <TestEntry testId="a9cea389-eccc-b906-c938-fa2e78bb3586" executionId="53693ace-c137-43d6-a516-23b786749a1c" testListId="8c84fa94-04c1-424b-9868-57a2d4851a1d" />
    <TestEntry testId="27c3bd67-d53d-0ad4-d4d8-0c317f2a80be" executionId="5c3390ec-7c67-4bfa-8096-6125cc4c6d7f" testListId="8c84fa94-04c1-424b-9868-57a2d4851a1d" />
    <TestEntry testId="5e51d84d-a178-1a41-f97f-a49a49538476" executionId="816efd42-5f91-412c-98da-04296c29ca61" testListId="8c84fa94-04c1-424b-9868-57a2d4851a1d" />
    <TestEntry testId="7fe96e11-6d3c-8e3d-5a2b-ee85098cd0e0" executionId="8f04e8fa-26e8-460a-b4d7-841961451298" testListId="8c84fa94-04c1-424b-9868-57a2d4851a1d" />
    <TestEntry testId="2dde1d18-a3c6-6f35-5102-adef91fa2476" executionId="33b6b1f2-f086-41a4-834e-e9a17bb49ea0" testListId="8c84fa94-04c1-424b-9868-57a2d4851a1d" />
    <TestEntry testId="c7144d7d-f9af-ba6f-5ee2-79ade54546d3" executionId="87aedecf-035e-4f25-bd7b-3d5761714797" testListId="8c84fa94-04c1-424b-9868-57a2d4851a1d" />
    <TestEntry testId="99568696-9869-e364-b2b6-7958fbf65ddf" executionId="6631d518-c520-44bb-b022-90963bdba2e0" testListId="8c84fa94-04c1-424b-9868-57a2d4851a1d" />
    <TestEntry testId="84c471e1-da2b-ed23-0b27-eb12b5e81402" executionId="fa705e9e-4c4d-49d8-bd76-a7a27c864650" testListId="8c84fa94-04c1-424b-9868-57a2d4851a1d" />
    <TestEntry testId="6e940373-3747-e978-d729-18ec0b6b00fd" executionId="d8cab369-6dee-4a37-8ed9-ade3ead23cc8" testListId="8c84fa94-04c1-424b-9868-57a2d4851a1d" />
    <TestEntry testId="829521f1-c80f-d35f-1275-be83127f8e7f" executionId="11a34f7b-5100-4813-a04a-645f6713cf34" testListId="8c84fa94-04c1-424b-9868-57a2d4851a1d" />
    <TestEntry testId="f7fa4fa0-18c7-164e-89c1-6b23bd7f331b" executionId="4c5dac59-2c64-4891-ad72-3375e9de5e6a" testListId="8c84fa94-04c1-424b-9868-57a2d4851a1d" />
    <TestEntry testId="2dbc2cd7-4d03-4059-6bb3-429ac35ca97d" executionId="9333f54c-8d66-42c8-af7e-61ddb5cfc712" testListId="8c84fa94-04c1-424b-9868-57a2d4851a1d" />
    <TestEntry testId="3a50b337-244a-56f9-722e-fc13ca0bec6a" executionId="516278f0-b2d3-4330-bcca-ff893e2831bf" testListId="8c84fa94-04c1-424b-9868-57a2d4851a1d" />
    <TestEntry testId="2e8d07a6-0cea-f78e-5d56-67db990b38ff" executionId="d84c69a4-09f9-446b-8c48-2f4704022b7d" testListId="8c84fa94-04c1-424b-9868-57a2d4851a1d" />
    <TestEntry testId="1deef5a5-b67a-ab6f-4c5a-e7dc611f2efc" executionId="b5e44b66-79b8-457e-946a-52cd2c232a60" testListId="8c84fa94-04c1-424b-9868-57a2d4851a1d" />
    <TestEntry testId="0d4ae29e-fc99-27e1-f381-9444ca8ac9a7" executionId="b66e137e-5a67-4471-95b8-2708c5b0c5a4" testListId="8c84fa94-04c1-424b-9868-57a2d4851a1d" />
    <TestEntry testId="514034c1-9180-007f-c828-030ece337836" executionId="0215761f-0ad1-409c-9873-99aa34b65b56" testListId="8c84fa94-04c1-424b-9868-57a2d4851a1d" />
    <TestEntry testId="da8b7a48-3310-9646-d625-5fc59e464c7f" executionId="a23e8563-34ee-4a69-8f9e-0033e0f57175" testListId="8c84fa94-04c1-424b-9868-57a2d4851a1d" />
    <TestEntry testId="8966220f-f610-c09a-3cb3-813490901740" executionId="5a4afb81-d956-43aa-90c9-52b7652d496f" testListId="8c84fa94-04c1-424b-9868-57a2d4851a1d" />
    <TestEntry testId="5e6541c2-250c-0e22-d1eb-215ead3a5561" executionId="338c87dd-9e4d-4c0a-a2e4-74e74b8399e2" testListId="8c84fa94-04c1-424b-9868-57a2d4851a1d" />
    <TestEntry testId="6cc5b1f6-36aa-d32a-e44d-49239addac6e" executionId="b30d18c9-040c-45a3-b046-bd3638bceea4" testListId="8c84fa94-04c1-424b-9868-57a2d4851a1d" />
    <TestEntry testId="2865fcc5-503b-a0c7-87e3-f89aa795ba12" executionId="92387f10-a32d-4e17-af1b-58bae91cbd80" testListId="8c84fa94-04c1-424b-9868-57a2d4851a1d" />
    <TestEntry testId="bab863c9-83d9-34d9-a662-114692271529" executionId="c74d60ff-c8e9-4e11-b9c4-8f9dc20cfc5a" testListId="8c84fa94-04c1-424b-9868-57a2d4851a1d" />
    <TestEntry testId="aa9ed586-bfd7-f654-3a7d-55e9db065925" executionId="9a3ea5d9-2061-442a-8ad9-4b4eb1f926d1" testListId="8c84fa94-04c1-424b-9868-57a2d4851a1d" />
    <TestEntry testId="f23aee53-5d4d-fb5f-0177-0579bf3da97c" executionId="6f18d748-d645-4d59-9522-8dcc26b6e305" testListId="8c84fa94-04c1-424b-9868-57a2d4851a1d" />
    <TestEntry testId="ac3a4c17-98ae-e81e-c821-42d65c27f1b2" executionId="9c0c731c-45bf-486c-a995-f4fd480593f7" testListId="8c84fa94-04c1-424b-9868-57a2d4851a1d" />
    <TestEntry testId="200b28c1-e178-261b-cb73-d8722fdfa8c2" executionId="3f396b12-f319-470d-af8c-9d56f9ec57be" testListId="8c84fa94-04c1-424b-9868-57a2d4851a1d" />
    <TestEntry testId="e4ff76fc-a330-75a4-b68c-2973a8ab42ac" executionId="a1a72af6-1f4c-4af7-98c7-2598cb887149" testListId="8c84fa94-04c1-424b-9868-57a2d4851a1d" />
    <TestEntry testId="430b4922-efa3-5dde-cdce-3d3dbb505df6" executionId="a45c54f8-9026-4887-a43a-8f56bb97d7aa" testListId="8c84fa94-04c1-424b-9868-57a2d4851a1d" />
    <TestEntry testId="fe4cb2fa-b33f-1a3a-7203-1aaf9c8578e6" executionId="c2a1c7d2-6fea-4e05-a077-7b1a37f06f79" testListId="8c84fa94-04c1-424b-9868-57a2d4851a1d" />
    <TestEntry testId="c4dbb571-45c3-5308-b235-90f77e63508c" executionId="150c4356-f4f5-4dc9-b751-34a17977b83e" testListId="8c84fa94-04c1-424b-9868-57a2d4851a1d" />
    <TestEntry testId="8825a973-7776-bc44-5544-8ae65ca4efe1" executionId="f3503259-d577-4dcf-8d2e-db57fe693824" testListId="8c84fa94-04c1-424b-9868-57a2d4851a1d" />
    <TestEntry testId="669de3d9-b9c6-6572-5a90-3512e0cc8072" executionId="518dca96-8a7a-4ff6-816d-fb979a0cd1ba" testListId="8c84fa94-04c1-424b-9868-57a2d4851a1d" />
    <TestEntry testId="f099fbd3-cadb-8ca7-bfa5-28a6068292c9" executionId="bd827d03-d9f0-4464-9260-2b1c33774977" testListId="8c84fa94-04c1-424b-9868-57a2d4851a1d" />
    <TestEntry testId="f885c55d-8e7d-f2a5-99fe-94fef4831655" executionId="eef8f263-992f-45bd-8a57-a7a20dd6befb" testListId="8c84fa94-04c1-424b-9868-57a2d4851a1d" />
    <TestEntry testId="aaaf219e-f528-609c-3e7b-ae8bdae93bf7" executionId="2b768c51-90a5-46b3-8d92-e5c081fd966e" testListId="8c84fa94-04c1-424b-9868-57a2d4851a1d" />
    <TestEntry testId="6c34085f-88c0-8a6b-8f57-024b88ac3b3e" executionId="8b459158-098b-4924-82d7-f9ab7f5c92fe" testListId="8c84fa94-04c1-424b-9868-57a2d4851a1d" />
    <TestEntry testId="c544190e-5d1c-816c-b334-344172002680" executionId="53cd37f6-a94a-45a7-9855-4dd52a75b6b4" testListId="8c84fa94-04c1-424b-9868-57a2d4851a1d" />
    <TestEntry testId="0c4ee749-a8bd-6552-f244-adf1ea1fa26e" executionId="dd37a929-efbe-468d-a359-e1b60742c2c6" testListId="8c84fa94-04c1-424b-9868-57a2d4851a1d" />
    <TestEntry testId="61f1ec6e-550c-5fb9-7072-675a621a4169" executionId="d5c63990-482b-43da-af97-2a9626ff609f" testListId="8c84fa94-04c1-424b-9868-57a2d4851a1d" />
    <TestEntry testId="f12b7750-289f-85fb-dfb4-62d75e27ce0d" executionId="09efccbf-7408-4b34-99c4-cb502560caaf" testListId="8c84fa94-04c1-424b-9868-57a2d4851a1d" />
    <TestEntry testId="d21ab1ad-007d-267d-2a39-e45df34d2997" executionId="d3aa417c-e80e-4f90-9e86-5f68fddba1f5" testListId="8c84fa94-04c1-424b-9868-57a2d4851a1d" />
    <TestEntry testId="eea1d943-69dd-6336-221d-1e301c2b756f" executionId="3c45c82f-0de9-4ee8-9499-fd2bf5d6f14e" testListId="8c84fa94-04c1-424b-9868-57a2d4851a1d" />
    <TestEntry testId="f53e6a38-f2f8-c86e-c930-43a1752d87ee" executionId="5e91322a-0934-44cf-bb17-17429d1ac247" testListId="8c84fa94-04c1-424b-9868-57a2d4851a1d" />
    <TestEntry testId="2a06e29e-4f08-ab8d-a2c7-71b1d4f43808" executionId="eff91ecd-e45b-4bef-b6e8-14f1c252b1f6" testListId="8c84fa94-04c1-424b-9868-57a2d4851a1d" />
    <TestEntry testId="cc704c1e-d7c7-7f64-8392-d274a4f80e51" executionId="5300e973-40ba-4e29-9c50-b14ff49e6e9f" testListId="8c84fa94-04c1-424b-9868-57a2d4851a1d" />
    <TestEntry testId="542478ea-31d0-6f47-765f-fc3827b8a4c7" executionId="66695b68-d222-4cc7-bf6c-1d6e09346199" testListId="8c84fa94-04c1-424b-9868-57a2d4851a1d" />
    <TestEntry testId="29004455-da0c-a9e9-2aad-680c38422f19" executionId="00c6fcd4-783c-4fc7-9c7d-64efc0bd269d" testListId="8c84fa94-04c1-424b-9868-57a2d4851a1d" />
    <TestEntry testId="6e513a5e-c463-1be5-2bed-c4d3d542e951" executionId="c4906c4b-cda8-4768-8648-fcf7ec5c134a" testListId="8c84fa94-04c1-424b-9868-57a2d4851a1d" />
    <TestEntry testId="d87e746a-e128-524e-c383-834aac5b26fb" executionId="d5a13e98-9373-41b9-808e-43c386a959df" testListId="8c84fa94-04c1-424b-9868-57a2d4851a1d" />
    <TestEntry testId="f29988ac-9988-7861-6435-4efee7509ba3" executionId="d6ce39e4-3475-41e2-bf30-7836ed827c12" testListId="8c84fa94-04c1-424b-9868-57a2d4851a1d" />
    <TestEntry testId="34657ee4-3a8b-ab46-2d8a-7cdfc85b269c" executionId="654f5d2e-765b-43f8-89dc-2afbdcb7a3ab" testListId="8c84fa94-04c1-424b-9868-57a2d4851a1d" />
    <TestEntry testId="1654516e-4b7b-53e2-aebe-3d696461b251" executionId="88e013de-e152-41e5-9330-41f4cdd3638e" testListId="8c84fa94-04c1-424b-9868-57a2d4851a1d" />
    <TestEntry testId="217de2f4-2257-40fd-c677-e3d8dd150b06" executionId="dcb4ba64-00ad-4ab4-8106-6959998cc521" testListId="8c84fa94-04c1-424b-9868-57a2d4851a1d" />
    <TestEntry testId="90a4cf45-266a-5b4e-c31a-fcfc79a050cf" executionId="6521093c-0475-4f0b-b274-31715aa43701" testListId="8c84fa94-04c1-424b-9868-57a2d4851a1d" />
    <TestEntry testId="1925bbd1-e628-d569-a00f-8d8654e6bd15" executionId="4f22d370-d10b-4232-9ca0-a9888eff49f3" testListId="8c84fa94-04c1-424b-9868-57a2d4851a1d" />
    <TestEntry testId="fbdd9e28-d18d-3a6e-a63c-85b33b67482d" executionId="dcd223c5-034d-4578-bb95-8159aa05e497" testListId="8c84fa94-04c1-424b-9868-57a2d4851a1d" />
    <TestEntry testId="66500c30-1acd-a54f-d4dd-6dc048e47df2" executionId="32086822-773c-45c6-b138-229a66d402e3" testListId="8c84fa94-04c1-424b-9868-57a2d4851a1d" />
    <TestEntry testId="db9f57e3-e383-635c-aa80-756cd5f10152" executionId="edb8bb6f-56b1-46c0-941d-22f5afd0e951" testListId="8c84fa94-04c1-424b-9868-57a2d4851a1d" />
    <TestEntry testId="1a35fe7a-bd20-3e5a-5982-9eaef72db6d9" executionId="f8f409b3-2121-4fb7-bc29-5513d0ae68f9" testListId="8c84fa94-04c1-424b-9868-57a2d4851a1d" />
    <TestEntry testId="cfbc59d0-7d37-8e89-026f-d711cb89ee0e" executionId="660030cf-86f3-450f-afe5-a470be44f3a9" testListId="8c84fa94-04c1-424b-9868-57a2d4851a1d" />
    <TestEntry testId="a916340f-44e0-88f7-422a-884b4d9b4adb" executionId="e6a699e7-0281-4988-8ce0-1aec33dbd7c1" testListId="8c84fa94-04c1-424b-9868-57a2d4851a1d" />
    <TestEntry testId="b6b97568-eb2e-3f27-0ad3-d271bf5188de" executionId="9ac14bb9-cf70-4ade-bf0f-8d35677dd8c9" testListId="8c84fa94-04c1-424b-9868-57a2d4851a1d" />
    <TestEntry testId="3abe8e0c-b342-7616-e102-6b75e6bf1628" executionId="1e17f3e2-66fd-4119-9fca-3cc78547eb67" testListId="8c84fa94-04c1-424b-9868-57a2d4851a1d" />
    <TestEntry testId="60ec8fbf-18d7-0354-34da-cbf43e741666" executionId="9ef6780f-4b3b-491d-a596-d93640f71299" testListId="8c84fa94-04c1-424b-9868-57a2d4851a1d" />
    <TestEntry testId="ba26d002-e2c7-3672-d244-43c4aa6f3f4d" executionId="6ae31460-533b-48e8-a2e7-7d600d0bbbb2" testListId="8c84fa94-04c1-424b-9868-57a2d4851a1d" />
    <TestEntry testId="8a41e963-0fcb-ac6b-51f8-9dd3233f2958" executionId="e97cb3f8-f1d5-4e61-b60f-164f360a285a" testListId="8c84fa94-04c1-424b-9868-57a2d4851a1d" />
    <TestEntry testId="dbf9e601-1bbe-d042-a564-ff568b0330e0" executionId="e98fb200-aedd-433b-b6e6-49a563bc4cd6" testListId="8c84fa94-04c1-424b-9868-57a2d4851a1d" />
    <TestEntry testId="a8205c24-5dab-aa54-ccb6-90a13414be22" executionId="a9a37e12-30d5-4a04-a1a4-8e3a6100a1da" testListId="8c84fa94-04c1-424b-9868-57a2d4851a1d" />
    <TestEntry testId="b5ef7883-077a-a7ae-3d78-2ec3e6795c7e" executionId="e9f14969-205f-437a-8eb4-ee9fafff24b8" testListId="8c84fa94-04c1-424b-9868-57a2d4851a1d" />
    <TestEntry testId="05bedbbe-9715-4dd4-e9a6-bb171d9f7899" executionId="b80b216e-d90b-4800-855c-58257c76fabb" testListId="8c84fa94-04c1-424b-9868-57a2d4851a1d" />
    <TestEntry testId="87da987e-727f-9a5c-88f2-f5aec1155746" executionId="a88ffee7-0b9e-4fcb-93b0-aae63733f1aa" testListId="8c84fa94-04c1-424b-9868-57a2d4851a1d" />
    <TestEntry testId="a81cee90-9225-7b08-16c3-d566bcb8578a" executionId="90176aa9-ddb3-48a1-9a43-dafc1a0959e4" testListId="8c84fa94-04c1-424b-9868-57a2d4851a1d" />
    <TestEntry testId="486eeeb3-cddb-fe87-9275-950590cfa8ab" executionId="1dfbbd31-87ec-47fb-90a9-413f01c675f4" testListId="8c84fa94-04c1-424b-9868-57a2d4851a1d" />
    <TestEntry testId="22ade453-581f-7752-0861-063047b89962" executionId="fe53003a-be7e-4808-9522-76ecb953653d" testListId="8c84fa94-04c1-424b-9868-57a2d4851a1d" />
    <TestEntry testId="ed4e7905-a9e4-ac98-64af-fccd07cf2f7f" executionId="417dce8a-6c40-4089-b40e-3f7a58eba2de" testListId="8c84fa94-04c1-424b-9868-57a2d4851a1d" />
    <TestEntry testId="20b7a720-e17e-9929-58d8-c4c529ffa7db" executionId="98b9aba9-8193-4a9d-9339-00bf1ca40e84" testListId="8c84fa94-04c1-424b-9868-57a2d4851a1d" />
    <TestEntry testId="596da082-b4b9-b970-7def-13b0d4dac510" executionId="d5f8e150-1b10-49e2-9c56-961b2ebe821f" testListId="8c84fa94-04c1-424b-9868-57a2d4851a1d" />
    <TestEntry testId="f808095e-123c-4bd2-6523-237a31c2d188" executionId="6e5f46b5-6a08-476f-8a33-8193b929a8c3" testListId="8c84fa94-04c1-424b-9868-57a2d4851a1d" />
    <TestEntry testId="e4744be2-2ab3-5ed2-8ba4-2de162fb8e8f" executionId="0675ed7b-d62c-4e7d-ba3e-a17f3e37990c" testListId="8c84fa94-04c1-424b-9868-57a2d4851a1d" />
    <TestEntry testId="3e933234-ad8b-f31d-38cc-1d4845cce8df" executionId="9f40c022-74e1-4b3f-a1f6-d20bf27adf41" testListId="8c84fa94-04c1-424b-9868-57a2d4851a1d" />
    <TestEntry testId="d2e8fd75-841f-b18e-77b6-5be0d3d530a6" executionId="0aa6c47f-f848-496e-8475-b5d595143796" testListId="8c84fa94-04c1-424b-9868-57a2d4851a1d" />
    <TestEntry testId="7aa75c68-e3d8-a00a-1438-1687278c65e9" executionId="7d2a48b6-573c-462c-9f99-bec7cb199e24" testListId="8c84fa94-04c1-424b-9868-57a2d4851a1d" />
    <TestEntry testId="9f63aeec-1e85-ece2-24bf-2b70ac3b4632" executionId="e84f7635-75e9-4728-980f-51fb22cdff97" testListId="8c84fa94-04c1-424b-9868-57a2d4851a1d" />
    <TestEntry testId="8b04039b-bb89-5627-438f-e8deb4804369" executionId="bd24173a-30e9-430d-80ad-0d447f5b002a" testListId="8c84fa94-04c1-424b-9868-57a2d4851a1d" />
    <TestEntry testId="da71100d-5341-e7ea-348c-01683433b40e" executionId="d8d704a1-8bec-4177-b219-44768da9e17b" testListId="8c84fa94-04c1-424b-9868-57a2d4851a1d" />
    <TestEntry testId="802797a7-9f42-332e-6c4e-e658daf0f6b5" executionId="1c459b11-32d9-48a3-a9f6-3a64c1e809c0" testListId="8c84fa94-04c1-424b-9868-57a2d4851a1d" />
    <TestEntry testId="fc86c617-e53c-9d12-6669-79cb101a8cc8" executionId="9a4d75ce-1052-4b12-abc9-1b26e35918b4" testListId="8c84fa94-04c1-424b-9868-57a2d4851a1d" />
    <TestEntry testId="32ef234b-4157-3e8e-035c-7cc1206562ea" executionId="b43dac12-366e-438d-b513-befce9ef6c95" testListId="8c84fa94-04c1-424b-9868-57a2d4851a1d" />
    <TestEntry testId="de273a74-9d59-9bfe-13a2-26dc8d6a86b8" executionId="fe8ef77e-a86f-4426-aef4-13248443fa1a" testListId="8c84fa94-04c1-424b-9868-57a2d4851a1d" />
    <TestEntry testId="d57e9866-04ac-a383-2e34-7f4f59f87c43" executionId="0fd2713a-b9c9-416d-9046-1b3d44a6fac9" testListId="8c84fa94-04c1-424b-9868-57a2d4851a1d" />
    <TestEntry testId="0d3c9e41-8fee-2664-398f-364458d77c65" executionId="8f007c0b-4ee6-4cd2-94f5-17f8863d6ee0" testListId="8c84fa94-04c1-424b-9868-57a2d4851a1d" />
    <TestEntry testId="b66499a9-2476-2776-c0e1-04fcca7ff636" executionId="6f03d825-381b-4988-a8e8-882764420031" testListId="8c84fa94-04c1-424b-9868-57a2d4851a1d" />
    <TestEntry testId="e4c4294c-15a6-7d16-53e3-7ce2d6ebac15" executionId="3cf44405-9c5d-4483-aabe-7c7655e81f84" testListId="8c84fa94-04c1-424b-9868-57a2d4851a1d" />
    <TestEntry testId="ff47728d-4353-1ee9-a66e-b39166811572" executionId="ba5f2889-37b6-4e99-93ac-997379bcdfc2" testListId="8c84fa94-04c1-424b-9868-57a2d4851a1d" />
    <TestEntry testId="449a6cc3-f7b5-1084-055b-e025f3fdddb8" executionId="37d57bed-cee7-49e1-b3f0-8e3b2f9cd308" testListId="8c84fa94-04c1-424b-9868-57a2d4851a1d" />
    <TestEntry testId="48f02a8a-4721-7c18-c851-cf1e84e7313c" executionId="7cc6538a-eec3-4207-b6af-0c1f889827c1" testListId="8c84fa94-04c1-424b-9868-57a2d4851a1d" />
    <TestEntry testId="b3a4d3f3-70d2-e865-f57b-299ee2742098" executionId="15f28e4d-30de-400a-b2e8-a08ed15d1d7c" testListId="8c84fa94-04c1-424b-9868-57a2d4851a1d" />
    <TestEntry testId="43a5e444-2563-44e6-ad7b-dec7c336318a" executionId="c581222c-f15e-48b4-8165-d2cab2c7b074" testListId="8c84fa94-04c1-424b-9868-57a2d4851a1d" />
    <TestEntry testId="88a00776-c466-5215-35f0-ab61725a78da" executionId="0a187d33-1564-4b91-ad0e-b9520c6a3141" testListId="8c84fa94-04c1-424b-9868-57a2d4851a1d" />
    <TestEntry testId="5a2d1d49-e8cf-0108-0ac6-7956d6d97c7e" executionId="cba2e862-d1a1-4770-88a0-4adda5f138d7" testListId="8c84fa94-04c1-424b-9868-57a2d4851a1d" />
    <TestEntry testId="e9ea43a2-921e-9004-4d56-97c108057362" executionId="d1c1b14d-a3a0-4d02-8c76-e48093908e88" testListId="8c84fa94-04c1-424b-9868-57a2d4851a1d" />
    <TestEntry testId="de7a1910-4abe-c60b-f170-2d3b12ceb879" executionId="e2578303-a351-4b98-95a1-bbef29a0d2cd" testListId="8c84fa94-04c1-424b-9868-57a2d4851a1d" />
    <TestEntry testId="13106235-8398-b9d9-7ec2-48fc45a5fda8" executionId="abb7501f-bc4d-4ba8-978c-132a8f23895f" testListId="8c84fa94-04c1-424b-9868-57a2d4851a1d" />
    <TestEntry testId="8a5c7590-0eb2-4f6e-ec80-f8fb496895db" executionId="d137acf1-c39f-44bc-be7b-77022842cefe" testListId="8c84fa94-04c1-424b-9868-57a2d4851a1d" />
    <TestEntry testId="e4c9cf14-12ab-7f9f-8cf5-aaa445e46125" executionId="33faac05-543b-4dc1-8ec4-bc809c2abc46" testListId="8c84fa94-04c1-424b-9868-57a2d4851a1d" />
    <TestEntry testId="ea0eb7a3-aa96-5313-7b12-6a1ed929a83a" executionId="2bda2eee-1629-45e6-b6eb-7222849cc213" testListId="8c84fa94-04c1-424b-9868-57a2d4851a1d" />
    <TestEntry testId="bc8e7a7f-b5fe-5321-9387-41e970d05ffb" executionId="c33ec46b-5f2c-4aaa-982c-7cbd1648c181" testListId="8c84fa94-04c1-424b-9868-57a2d4851a1d" />
    <TestEntry testId="4425c0e6-fb99-d5f1-ff76-00d6580360fd" executionId="885a7597-8e04-482b-b1f7-8fca8da41adb" testListId="8c84fa94-04c1-424b-9868-57a2d4851a1d" />
    <TestEntry testId="dac3487b-d381-6150-19bf-9b92ea367574" executionId="45bc484b-abe2-4258-846b-cc813163dde1" testListId="8c84fa94-04c1-424b-9868-57a2d4851a1d" />
    <TestEntry testId="a40ff9a5-2f31-8458-14a3-f3e3fe9763e1" executionId="4628ff86-b3f6-40fd-b21d-cd29ccbc6b88" testListId="8c84fa94-04c1-424b-9868-57a2d4851a1d" />
    <TestEntry testId="b5b844b0-49e2-4a9e-3c36-9ff27d047a2a" executionId="ce2fc3c9-01e9-4459-8f25-f7be6ae62b5c" testListId="8c84fa94-04c1-424b-9868-57a2d4851a1d" />
    <TestEntry testId="5917cd42-9469-4ff3-cf2d-488fe41ec3f9" executionId="a01b3c3a-3330-4e6d-a509-e11476b435c4" testListId="8c84fa94-04c1-424b-9868-57a2d4851a1d" />
    <TestEntry testId="2731e003-37b3-7a3a-09f6-f54a6b0c9e53" executionId="6b035785-805b-430d-a66b-bb551f278111" testListId="8c84fa94-04c1-424b-9868-57a2d4851a1d" />
    <TestEntry testId="015f5187-ea42-9937-2523-4f0f673830cd" executionId="33a9f474-18b3-4158-b51c-a5dbaffa50f0" testListId="8c84fa94-04c1-424b-9868-57a2d4851a1d" />
    <TestEntry testId="09b36d79-9cfa-4218-6751-afb2e11da2fb" executionId="26d1d390-c67f-4c0b-a009-1d20776c3ca0" testListId="8c84fa94-04c1-424b-9868-57a2d4851a1d" />
    <TestEntry testId="a4b71c45-3d91-c279-bf05-beefafda0f09" executionId="3268bb68-914f-4a9a-9235-2679990be432" testListId="8c84fa94-04c1-424b-9868-57a2d4851a1d" />
    <TestEntry testId="3a1dcb71-5d6c-cae9-6b39-68615c884598" executionId="046235b6-0bdc-4b2b-b3ab-cf912c81104e" testListId="8c84fa94-04c1-424b-9868-57a2d4851a1d" />
    <TestEntry testId="0f5239fe-0e0c-b409-85d1-ea60347bf178" executionId="e50661c0-2270-4ed8-a2ec-4aae2b019d96" testListId="8c84fa94-04c1-424b-9868-57a2d4851a1d" />
    <TestEntry testId="1c3a5dab-4f23-9a77-4ccc-08eb1fb56846" executionId="01afe785-443e-428f-9326-61560bdcf4f4" testListId="8c84fa94-04c1-424b-9868-57a2d4851a1d" />
    <TestEntry testId="d09ad02c-b956-2906-ebb6-36ba3b7fcf51" executionId="91149074-5594-4e70-a62f-4a656271ad1b" testListId="8c84fa94-04c1-424b-9868-57a2d4851a1d" />
    <TestEntry testId="ebd68788-384c-436d-f5ca-aeb0723120ca" executionId="ac6ea5ab-b840-4f63-b5ec-38e311cc2ccb" testListId="8c84fa94-04c1-424b-9868-57a2d4851a1d" />
    <TestEntry testId="2aa00e9a-fafe-8afa-2311-87da51a09bf9" executionId="df949f9b-9e20-48c2-8e40-af3e20a14550" testListId="8c84fa94-04c1-424b-9868-57a2d4851a1d" />
    <TestEntry testId="d74ed8d9-fb78-853e-8c91-d977f724d433" executionId="506552fb-926b-4f1e-8a7c-d5edebd06329" testListId="8c84fa94-04c1-424b-9868-57a2d4851a1d" />
    <TestEntry testId="56edc7be-c74e-8951-37fb-bdcccb4cb8a9" executionId="3eccdcbd-c1aa-4c1a-b6d5-ab1e7a65d016" testListId="8c84fa94-04c1-424b-9868-57a2d4851a1d" />
    <TestEntry testId="7c7caab9-d99c-af01-f28d-fa02637c4be5" executionId="a948e7f7-4bbb-4cf0-8367-546ac514d090" testListId="8c84fa94-04c1-424b-9868-57a2d4851a1d" />
    <TestEntry testId="d003e7e6-921b-1169-f9a9-700084bb895d" executionId="45ff3811-37fd-4faf-9994-676f31aa0b89" testListId="8c84fa94-04c1-424b-9868-57a2d4851a1d" />
    <TestEntry testId="c03ebf93-dcee-4f07-2cff-1d23554ba366" executionId="6597e022-e7a6-4deb-a2d3-cf8375893120" testListId="8c84fa94-04c1-424b-9868-57a2d4851a1d" />
    <TestEntry testId="f602c089-c1bb-9a98-8435-5804f9e76c9b" executionId="11f34b1d-a83a-4803-b37d-691c80c8c908" testListId="8c84fa94-04c1-424b-9868-57a2d4851a1d" />
    <TestEntry testId="ca634cf5-b7e8-fd4c-c359-d15b5a4cf5c3" executionId="4d4e516e-a606-487a-ac7f-e06a695c335a" testListId="8c84fa94-04c1-424b-9868-57a2d4851a1d" />
    <TestEntry testId="03a69edb-9e94-a366-6539-f6a93c1df523" executionId="c5d91204-ba52-42a9-8426-9840fae03dfb" testListId="8c84fa94-04c1-424b-9868-57a2d4851a1d" />
    <TestEntry testId="e4361ece-0f34-723b-8e1f-d7a7c38f72d4" executionId="6bd8e70e-2882-4cde-b3de-ecd7ece94439" testListId="8c84fa94-04c1-424b-9868-57a2d4851a1d" />
    <TestEntry testId="5060cf81-5e7f-d4e6-5474-403bf18668d2" executionId="6062c9cd-6f39-4c59-868e-d680da3ead4f" testListId="8c84fa94-04c1-424b-9868-57a2d4851a1d" />
    <TestEntry testId="6865a7d9-6559-c754-1461-8bb28b5f0016" executionId="a48b688f-2987-448e-ac41-ea135e227c71" testListId="8c84fa94-04c1-424b-9868-57a2d4851a1d" />
    <TestEntry testId="1cc0a9ce-333e-6bd2-d571-9fed8bb72c84" executionId="14eb9fb4-813a-4a86-bd15-b13a8cdf3874" testListId="8c84fa94-04c1-424b-9868-57a2d4851a1d" />
    <TestEntry testId="62e494f7-31ca-2498-ee63-184c5194d3d8" executionId="ff17cc1a-6cdd-4fac-b8e3-b312c2cae19a" testListId="8c84fa94-04c1-424b-9868-57a2d4851a1d" />
    <TestEntry testId="6131c4bf-38b9-6207-a266-59a3fe8a6cb2" executionId="c8f6e244-e320-4215-a0b0-8741db9e1921" testListId="8c84fa94-04c1-424b-9868-57a2d4851a1d" />
    <TestEntry testId="8313d0a0-3f5a-71b9-40e3-58fd96581209" executionId="d04de717-53ce-4d35-80fd-6e323aa34c6f" testListId="8c84fa94-04c1-424b-9868-57a2d4851a1d" />
    <TestEntry testId="526864aa-5f22-42e1-c696-302296443599" executionId="bc403c13-67e4-4c77-9ae2-ca069204f68c" testListId="8c84fa94-04c1-424b-9868-57a2d4851a1d" />
    <TestEntry testId="31dc1315-0c88-b773-6b76-aa852536afcd" executionId="8dd2cbae-56bb-4861-91ac-6b291ccd6935" testListId="8c84fa94-04c1-424b-9868-57a2d4851a1d" />
    <TestEntry testId="4b28da60-51ac-f024-ffe9-398c9e20e6a0" executionId="2f91d0ab-90ac-40cc-9dcf-f6d6b08d50cf" testListId="8c84fa94-04c1-424b-9868-57a2d4851a1d" />
    <TestEntry testId="1bc5ffc6-9388-e4be-bce9-f32ddb600f3f" executionId="26ada8ca-c26f-4229-923e-b5c9493538df" testListId="8c84fa94-04c1-424b-9868-57a2d4851a1d" />
    <TestEntry testId="1b509521-f549-94cb-9b76-1cda3c1f268c" executionId="050a80a5-59fa-4e99-8948-eeb9d0b46ce6" testListId="8c84fa94-04c1-424b-9868-57a2d4851a1d" />
    <TestEntry testId="40e3caa8-1e02-05d4-6036-8357ce10b618" executionId="73cbb8da-1020-4c86-8a0c-554108fb7a0a" testListId="8c84fa94-04c1-424b-9868-57a2d4851a1d" />
  </TestEntries>
  <TestLists>
    <TestList name="Results Not in a List" id="8c84fa94-04c1-424b-9868-57a2d4851a1d" />
    <TestList name="All Loaded Results" id="19431567-8539-422a-85d7-44ee4e166bda" />
  </TestLists>
  <ResultSummary outcome="Completed">
    <Counters total="431" executed="429" passed="429" failed="0" error="0" timeout="0" aborted="0" inconclusive="0" passedButRunAborted="0" notRunnable="0" notExecuted="0" disconnected="0" warning="0" completed="0" inProgress="0" pending="0" />
    <Output>
      <StdOut>[xUnit.net 00:00:00.00] xUnit.net VSTest Adapter v2.5.3.1+6b60a9e56a (64-bit .NET 8.0.6)&#xD;
[xUnit.net 00:00:00.13]   Discovering: StudyJet.API.Tests&#xD;
[xUnit.net 00:00:00.19]   Discovered:  StudyJet.API.Tests&#xD;
[xUnit.net 00:00:00.19]   Starting:    StudyJet.API.Tests&#xD;
[xUnit.net 00:00:00.38]       Skipping test for CreateCheckoutSession due to Stripe external dependency.&#xD;
Test 'StudyJet.API.Tests.ServiceTests.UserPurchaseCourseServiceTest.CreateCheckoutSession_ShouldReturnSessionUrl_WhenValidDataProvided' was skipped in the test run.&#xD;
[xUnit.net 00:00:00.42]       Skipping due to difficulty in mocking static methods&#xD;
Test 'StudyJet.API.Tests.ControllerTests.UserPurchaseCourseControllerTest.StripeWebhook_ShouldReturnOk_WhenCheckoutSessionCompletedWithValidMetadata' was skipped in the test run.&#xD;
[xUnit.net 00:00:01.28]   Finished:    StudyJet.API.Tests&#xD;
</StdOut>
    </Output>
    <RunInfos>
      <RunInfo computerName="BHASBENZ" outcome="Warning" timestamp="2025-05-10T15:46:17.5492830+02:00">
        <Text>[xUnit.net 00:00:00.38]     StudyJet.API.Tests.ServiceTests.UserPurchaseCourseServiceTest.CreateCheckoutSession_ShouldReturnSessionUrl_WhenValidDataProvided [SKIP]</Text>
      </RunInfo>
      <RunInfo computerName="BHASBENZ" outcome="Warning" timestamp="2025-05-10T15:46:17.5892710+02:00">
        <Text>[xUnit.net 00:00:00.42]     StudyJet.API.Tests.ControllerTests.UserPurchaseCourseControllerTest.StripeWebhook_ShouldReturnOk_WhenCheckoutSessionCompletedWithValidMetadata [SKIP]</Text>
      </RunInfo>
    </RunInfos>
  </ResultSummary>
</TestRun>